TN:
SF:src/data.ts
FNF:0
FNH:0
DA:3,1
LF:1
LH:1
BRF:0
BRH:0
end_of_record
TN:
SF:src/sampleLogin.ts
FNF:0
FNH:0
DA:1,0
LF:1
LH:0
BRF:0
BRH:0
end_of_record
TN:
SF:src/sampleNotifications.ts
FNF:0
FNH:0
DA:3,1
DA:4,1
DA:5,1
DA:7,1
DA:8,1
DA:9,1
DA:11,1
DA:12,1
DA:13,1
DA:15,1
LF:10
LH:10
BRF:0
BRH:0
end_of_record
TN:
SF:src/sampleUsers.ts
FNF:0
FNH:0
DA:1,0
LF:1
LH:0
BRF:0
BRH:0
end_of_record
TN:
SF:src/server.ts
FN:41,(anonymous_1)
FN:47,(anonymous_2)
FNF:2
FNH:2
FNDA:1,(anonymous_1)
FNDA:1,(anonymous_2)
DA:1,1
DA:2,1
DA:3,1
DA:4,1
DA:6,1
DA:7,1
DA:8,1
DA:9,1
DA:10,1
DA:13,1
DA:14,1
DA:15,1
DA:17,1
DA:19,1
DA:21,1
DA:23,1
DA:28,1
DA:30,1
DA:31,1
DA:32,1
DA:33,1
DA:34,1
DA:37,1
DA:38,1
DA:39,1
DA:41,1
DA:42,1
DA:45,1
DA:47,1
DA:48,1
DA:51,1
LF:31
LH:31
BRF:0
BRH:0
end_of_record
TN:
SF:src/configs/cloudinary.ts
FN:12,(anonymous_1)
FNF:1
FNH:0
FNDA:0,(anonymous_1)
DA:1,1
DA:2,1
DA:4,1
DA:6,1
DA:12,1
LF:5
LH:5
BRF:0
BRH:0
end_of_record
TN:
SF:src/configs/notificationsDB.config.ts
FN:5,(anonymous_13)
FN:14,(anonymous_16)
FN:18,(anonymous_17)
FNF:3
FNH:0
FNDA:0,(anonymous_13)
FNDA:0,(anonymous_16)
FNDA:0,(anonymous_17)
DA:1,0
DA:5,0
DA:6,0
DA:7,0
DA:12,0
DA:14,0
DA:18,0
DA:23,0
LF:8
LH:0
BRDA:23,0,0,0
BRDA:6,1,0,0
BRDA:6,1,1,0
BRF:3
BRH:0
end_of_record
TN:
SF:src/configs/testTicketDB.config.ts
FN:5,(anonymous_13)
FN:14,(anonymous_16)
FN:18,(anonymous_17)
FNF:3
FNH:0
FNDA:0,(anonymous_13)
FNDA:0,(anonymous_16)
FNDA:0,(anonymous_17)
DA:1,0
DA:5,0
DA:6,0
DA:7,0
DA:12,0
DA:14,0
DA:18,0
DA:23,0
LF:8
LH:0
BRDA:23,0,0,0
BRDA:6,1,0,0
BRDA:6,1,1,0
BRF:3
BRH:0
end_of_record
TN:
SF:src/configs/ticketDB.config.ts
FN:5,(anonymous_13)
FN:14,(anonymous_16)
FN:18,(anonymous_17)
FNF:3
FNH:1
FNDA:2,(anonymous_13)
FNDA:0,(anonymous_16)
FNDA:0,(anonymous_17)
DA:1,1
DA:5,2
DA:6,1
DA:7,2
DA:12,1
DA:14,1
DA:18,1
DA:23,1
LF:8
LH:8
BRDA:23,0,0,1
BRDA:6,1,0,0
BRDA:6,1,1,1
BRF:3
BRH:2
end_of_record
TN:
SF:src/configs/userDB.config.ts
FN:10,(anonymous_13)
FN:20,(anonymous_16)
FN:24,(anonymous_17)
FNF:3
FNH:1
FNDA:6,(anonymous_13)
FNDA:0,(anonymous_16)
FNDA:0,(anonymous_17)
DA:1,1
DA:5,1
DA:10,4
DA:11,5
DA:12,2
DA:17,1
DA:18,1
DA:20,1
DA:24,1
DA:29,3
LF:10
LH:10
BRDA:29,0,0,3
BRDA:11,1,0,2
BRDA:11,1,1,1
BRF:3
BRH:3
end_of_record
TN:
SF:src/models/notifications.model.ts
FNF:0
FNH:0
DA:1,1
DA:16,1
DA:40,1
DA:41,1
LF:4
LH:4
BRF:0
BRH:0
end_of_record
TN:
SF:src/models/testNotifications.model.ts
FNF:0
FNH:0
DA:1,1
DA:16,1
DA:40,1
DA:41,1
LF:4
LH:4
BRF:0
BRH:0
end_of_record
TN:
SF:src/models/testTicket.model.ts
FNF:0
FNH:0
DA:1,1
DA:30,1
DA:43,1
DA:66,1
DA:67,1
LF:5
LH:5
BRF:0
BRH:0
end_of_record
TN:
SF:src/models/testUser.model.ts
FNF:0
FNH:0
DA:1,1
DA:5,1
DA:20,1
DA:44,1
DA:45,1
LF:5
LH:5
BRF:0
BRH:0
end_of_record
TN:
SF:src/models/ticket.model.ts
FNF:0
FNH:0
DA:1,1
DA:33,1
DA:40,1
DA:54,1
DA:78,1
DA:79,1
LF:6
LH:6
BRF:0
BRH:0
end_of_record
TN:
SF:src/models/user.model.ts
FNF:0
FNH:0
DA:1,1
DA:4,1
DA:19,1
DA:62,1
DA:63,1
LF:5
LH:5
BRF:0
BRH:0
end_of_record
TN:
SF:src/test_routers/testNotifications.router.ts
FN:9,(anonymous_14)
FN:9,(anonymous_15)
FN:17,(anonymous_17)
FN:18,(anonymous_18)
FN:24,(anonymous_19)
FN:24,(anonymous_20)
FN:31,(anonymous_22)
FN:31,(anonymous_23)
FN:38,(anonymous_25)
FN:38,(anonymous_26)
FN:70,(anonymous_28)
FN:70,(anonymous_29)
FN:92,(anonymous_31)
FN:92,(anonymous_32)
FNF:14
FNH:11
FNDA:1,(anonymous_14)
FNDA:1,(anonymous_15)
FNDA:1,(anonymous_17)
FNDA:0,(anonymous_18)
FNDA:2,(anonymous_19)
FNDA:2,(anonymous_20)
FNDA:0,(anonymous_22)
FNDA:0,(anonymous_23)
FNDA:1,(anonymous_25)
FNDA:1,(anonymous_26)
FNDA:1,(anonymous_28)
FNDA:1,(anonymous_29)
FNDA:1,(anonymous_31)
FNDA:1,(anonymous_32)
DA:1,1
DA:2,1
DA:3,1
DA:4,1
DA:6,1
DA:8,1
DA:9,1
DA:10,1
DA:11,1
DA:12,0
DA:13,0
DA:16,1
DA:17,1
DA:18,0
DA:23,1
DA:24,2
DA:25,2
DA:26,2
DA:30,1
DA:31,0
DA:32,0
DA:33,0
DA:37,1
DA:38,1
DA:42,1
DA:44,1
DA:57,2
DA:60,1
DA:64,0
DA:69,1
DA:70,1
DA:71,1
DA:74,1
DA:80,1
DA:81,1
DA:83,0
DA:86,0
DA:91,1
DA:92,1
DA:93,1
DA:96,1
DA:102,1
DA:103,1
DA:105,0
DA:108,0
DA:113,1
LF:46
LH:35
BRDA:10,0,0,1
BRDA:11,1,0,0
BRDA:11,1,1,1
BRDA:25,2,0,2
BRDA:32,3,0,0
BRDA:80,4,0,1
BRDA:80,4,1,0
BRDA:102,5,0,1
BRDA:102,5,1,0
BRF:9
BRH:5
end_of_record
TN:
SF:src/test_routers/testTicket.router.ts
FN:15,(anonymous_14)
FN:15,(anonymous_15)
FN:30,(anonymous_17)
FN:30,(anonymous_18)
FN:38,(anonymous_20)
FN:39,(anonymous_21)
FN:45,(anonymous_22)
FN:45,(anonymous_23)
FN:52,(anonymous_25)
FN:52,(anonymous_26)
FN:59,(anonymous_28)
FN:59,(anonymous_29)
FN:70,(anonymous_31)
FN:70,(anonymous_32)
FN:105,(anonymous_34)
FN:105,(anonymous_35)
FNF:16
FNH:13
FNDA:1,(anonymous_14)
FNDA:1,(anonymous_15)
FNDA:2,(anonymous_17)
FNDA:2,(anonymous_18)
FNDA:1,(anonymous_20)
FNDA:0,(anonymous_21)
FNDA:0,(anonymous_22)
FNDA:0,(anonymous_23)
FNDA:1,(anonymous_25)
FNDA:1,(anonymous_26)
FNDA:3,(anonymous_28)
FNDA:3,(anonymous_29)
FNDA:3,(anonymous_31)
FNDA:3,(anonymous_32)
FNDA:2,(anonymous_34)
FNDA:2,(anonymous_35)
DA:1,1
DA:2,1
DA:3,1
DA:4,1
DA:7,1
DA:8,1
DA:10,1
DA:12,1
DA:13,1
DA:15,1
DA:17,1
DA:18,1
DA:19,1
DA:22,0
DA:23,0
DA:25,0
DA:29,1
DA:30,2
DA:31,2
DA:32,2
DA:33,1
DA:34,1
DA:37,1
DA:38,1
DA:39,0
DA:44,1
DA:45,0
DA:46,0
DA:47,0
DA:51,1
DA:52,1
DA:53,1
DA:54,1
DA:58,1
DA:59,3
DA:60,3
DA:61,3
DA:62,2
DA:64,1
DA:69,1
DA:70,3
DA:71,3
DA:72,3
DA:73,3
DA:74,3
DA:75,3
DA:77,3
DA:87,3
DA:93,3
DA:94,2
DA:96,1
DA:99,0
DA:104,1
DA:105,2
DA:107,2
DA:108,2
DA:112,2
DA:118,2
DA:119,1
DA:121,1
DA:124,0
DA:129,1
LF:62
LH:53
BRDA:17,0,0,1
BRDA:17,0,1,0
BRDA:31,1,0,2
BRDA:32,2,0,1
BRDA:32,2,1,1
BRDA:46,3,0,0
BRDA:53,4,0,1
BRDA:60,5,0,3
BRDA:61,6,0,2
BRDA:61,6,1,1
BRDA:93,7,0,2
BRDA:93,7,1,1
BRDA:118,8,0,1
BRDA:118,8,1,1
BRF:14
BRH:12
end_of_record
TN:
SF:src/test_routers/testUser.router.ts
FN:14,(anonymous_14)
FN:14,(anonymous_15)
FN:21,(anonymous_17)
FN:21,(anonymous_18)
FN:67,(anonymous_20)
FN:67,(anonymous_21)
FN:91,(anonymous_23)
FN:91,(anonymous_24)
FN:219,(anonymous_26)
FN:241,(anonymous_27)
FN:241,(anonymous_28)
FN:272,(anonymous_30)
FN:272,(anonymous_31)
FN:315,(anonymous_33)
FN:315,(anonymous_34)
FNF:15
FNH:11
FNDA:2,(anonymous_14)
FNDA:2,(anonymous_15)
FNDA:1,(anonymous_17)
FNDA:1,(anonymous_18)
FNDA:2,(anonymous_20)
FNDA:2,(anonymous_21)
FNDA:1,(anonymous_23)
FNDA:1,(anonymous_24)
FNDA:1,(anonymous_26)
FNDA:0,(anonymous_27)
FNDA:0,(anonymous_28)
FNDA:0,(anonymous_30)
FNDA:0,(anonymous_31)
FNDA:1,(anonymous_33)
FNDA:1,(anonymous_34)
DA:1,1
DA:2,1
DA:3,1
DA:5,1
DA:6,1
DA:7,1
DA:8,1
DA:11,1
DA:13,1
DA:14,2
DA:15,2
DA:16,2
DA:20,1
DA:21,1
DA:23,1
DA:24,1
DA:25,0
DA:26,0
DA:29,1
DA:30,1
DA:32,1
DA:43,1
DA:44,1
DA:46,1
DA:56,1
DA:58,0
DA:59,0
DA:66,1
DA:67,2
DA:68,4
DA:69,2
DA:90,1
DA:91,1
DA:96,1
DA:98,1
DA:100,0
DA:101,0
DA:105,1
DA:108,1
DA:121,2
DA:125,1
DA:133,1
DA:219,1
DA:220,1
DA:228,1
DA:231,0
DA:240,1
DA:241,0
DA:245,0
DA:247,0
DA:251,0
DA:253,0
DA:254,0
DA:256,0
DA:271,1
DA:272,0
DA:276,0
DA:279,0
DA:282,0
DA:284,0
DA:285,0
DA:288,0
DA:289,0
DA:291,0
DA:292,0
DA:293,0
DA:296,0
DA:297,0
DA:298,0
DA:305,0
DA:307,0
DA:308,0
DA:315,1
DA:317,1
DA:319,1
DA:320,1
DA:321,1
DA:324,0
DA:326,0
DA:327,0
DA:331,1
LF:81
LH:47
BRDA:15,0,0,2
BRDA:24,1,0,0
BRDA:24,1,1,1
BRDA:68,2,0,2
BRDA:98,3,0,0
BRDA:98,3,1,1
BRDA:111,4,0,1
BRDA:111,4,1,0
BRDA:220,5,0,1
BRDA:220,5,1,0
BRDA:251,6,0,0
BRDA:251,6,1,0
BRDA:282,7,0,0
BRDA:282,7,1,0
BRDA:320,8,0,1
BRDA:320,8,1,0
BRF:16
BRH:7
end_of_record
