TN:
SF:src\server.ts
FN:76,(anonymous_1)
FN:82,(anonymous_2)
FN:88,(anonymous_3)
FN:94,(anonymous_4)
FN:100,(anonymous_5)
FN:112,(anonymous_6)
FN:119,(anonymous_7)
FNF:7
FNH:2
FNDA:0,(anonymous_1)
FNDA:0,(anonymous_2)
FNDA:0,(anonymous_3)
FNDA:0,(anonymous_4)
FNDA:0,(anonymous_5)
FNDA:2,(anonymous_6)
FNDA:2,(anonymous_7)
DA:1,2
DA:2,2
DA:3,2
DA:5,2
DA:8,2
DA:12,2
DA:13,2
DA:14,2
DA:15,2
DA:16,2
DA:18,2
DA:20,2
DA:22,2
DA:24,2
DA:29,2
DA:75,2
DA:77,0
DA:81,2
DA:83,0
DA:87,2
DA:89,0
DA:93,2
DA:95,0
DA:99,2
DA:101,0
DA:106,2
DA:107,2
DA:108,2
DA:109,2
DA:110,2
DA:112,2
DA:113,2
DA:117,2
DA:119,2
DA:120,2
DA:123,2
LF:36
LH:31
BRF:0
BRH:0
end_of_record
TN:
SF:src\test_routers\testClient.model.ts
FNF:0
FNH:0
DA:1,2
DA:3,2
DA:28,2
DA:39,2
DA:62,2
DA:63,2
LF:6
LH:6
BRF:0
BRH:0
end_of_record
TN:
SF:src\test_routers\testClient.router.ts
FN:13,(anonymous_14)
FN:13,(anonymous_15)
FN:20,(anonymous_17)
FN:20,(anonymous_18)
FN:28,(anonymous_20)
FN:29,(anonymous_21)
FN:36,(anonymous_22)
FN:36,(anonymous_23)
FN:52,(anonymous_25)
FN:52,(anonymous_26)
FN:67,(anonymous_28)
FN:67,(anonymous_29)
FN:71,(anonymous_31)
FN:72,(anonymous_32)
FN:85,(anonymous_33)
FN:85,(anonymous_34)
FN:116,(anonymous_36)
FN:116,(anonymous_37)
FN:124,(anonymous_39)
FN:126,(anonymous_40)
FN:143,(anonymous_41)
FN:143,(anonymous_42)
FN:151,(anonymous_44)
FN:156,(anonymous_45)
FN:174,(anonymous_46)
FN:174,(anonymous_47)
FN:182,(anonymous_49)
FN:203,(anonymous_50)
FN:203,(anonymous_51)
FN:217,(anonymous_53)
FN:235,(anonymous_54)
FN:235,(anonymous_55)
FN:249,(anonymous_57)
FN:249,(anonymous_58)
FNF:34
FNH:33
FNDA:1,(anonymous_14)
FNDA:1,(anonymous_15)
FNDA:3,(anonymous_17)
FNDA:3,(anonymous_18)
FNDA:1,(anonymous_20)
FNDA:0,(anonymous_21)
FNDA:2,(anonymous_22)
FNDA:2,(anonymous_23)
FNDA:2,(anonymous_25)
FNDA:2,(anonymous_26)
FNDA:2,(anonymous_28)
FNDA:2,(anonymous_29)
FNDA:4,(anonymous_31)
FNDA:5,(anonymous_32)
FNDA:2,(anonymous_33)
FNDA:2,(anonymous_34)
FNDA:2,(anonymous_36)
FNDA:2,(anonymous_37)
FNDA:4,(anonymous_39)
FNDA:2,(anonymous_40)
FNDA:4,(anonymous_41)
FNDA:4,(anonymous_42)
FNDA:3,(anonymous_44)
FNDA:2,(anonymous_45)
FNDA:3,(anonymous_46)
FNDA:3,(anonymous_47)
FNDA:2,(anonymous_49)
FNDA:2,(anonymous_50)
FNDA:2,(anonymous_51)
FNDA:3,(anonymous_53)
FNDA:3,(anonymous_54)
FNDA:3,(anonymous_55)
FNDA:2,(anonymous_57)
FNDA:2,(anonymous_58)
DA:1,2
DA:2,2
DA:3,2
DA:5,2
DA:6,2
DA:7,2
DA:8,2
DA:10,2
DA:12,2
DA:13,1
DA:14,1
DA:15,1
DA:19,2
DA:20,3
DA:21,3
DA:22,3
DA:23,2
DA:24,2
DA:27,1
DA:28,1
DA:29,0
DA:35,2
DA:36,2
DA:37,2
DA:39,2
DA:41,2
DA:42,1
DA:45,2
DA:46,1
DA:51,2
DA:52,2
DA:53,2
DA:56,2
DA:58,2
DA:60,0
DA:66,2
DA:67,2
DA:68,2
DA:69,2
DA:71,2
DA:72,5
DA:75,2
DA:76,1
DA:78,1
DA:84,2
DA:85,2
DA:86,2
DA:88,2
DA:90,2
DA:106,2
DA:107,1
DA:109,1
DA:115,2
DA:116,2
DA:117,2
DA:118,2
DA:120,2
DA:122,2
DA:124,2
DA:125,4
DA:126,1
DA:127,2
DA:128,1
DA:129,1
DA:130,1
DA:136,2
DA:137,1
DA:142,2
DA:143,4
DA:144,4
DA:145,4
DA:146,4
DA:148,4
DA:150,6
DA:151,2
DA:152,3
DA:155,3
DA:156,1
DA:157,2
DA:160,2
DA:162,1
DA:164,1
DA:167,2
DA:173,2
DA:174,3
DA:175,3
DA:176,3
DA:177,3
DA:179,3
DA:181,4
DA:182,2
DA:183,2
DA:186,3
DA:187,1
DA:188,2
DA:190,1
DA:192,1
DA:196,1
DA:202,2
DA:203,2
DA:204,2
DA:206,2
DA:214,2
DA:216,2
DA:217,3
DA:218,2
DA:219,1
DA:220,1
DA:223,1
DA:225,1
DA:226,2
DA:228,1
DA:234,2
DA:235,3
DA:236,3
DA:238,3
DA:240,3
DA:241,2
DA:243,1
DA:248,2
DA:249,2
DA:251,2
DA:252,3
DA:253,1
DA:257,1
DA:258,1
DA:260,1
DA:269,1
DA:281,2
DA:284,1
DA:292,1
DA:375,1
DA:377,1
DA:383,2
LF:134
LH:132
BRDA:14,0,0,1
BRDA:21,1,0,3
BRDA:22,2,0,2
BRDA:22,2,1,1
BRDA:41,3,0,1
BRDA:41,3,1,1
BRDA:45,4,0,1
BRDA:45,4,1,1
BRDA:75,5,0,1
BRDA:75,5,1,1
BRDA:88,6,0,0
BRDA:88,6,1,2
BRDA:88,7,0,2
BRDA:88,7,1,2
BRDA:106,8,0,1
BRDA:106,8,1,1
BRDA:125,9,0,1
BRDA:125,9,1,3
BRDA:127,10,0,1
BRDA:127,10,1,1
BRDA:136,11,0,1
BRDA:136,11,1,1
BRDA:150,12,0,2
BRDA:150,12,1,2
BRDA:155,13,0,1
BRDA:155,13,1,1
BRDA:156,14,0,0
BRDA:156,14,1,1
BRDA:156,15,0,1
BRDA:156,15,1,1
BRDA:181,16,0,1
BRDA:181,16,1,2
BRDA:186,17,0,1
BRDA:186,17,1,1
BRDA:187,18,0,0
BRDA:187,18,1,1
BRDA:187,19,0,1
BRDA:187,19,1,1
BRDA:216,20,0,0
BRDA:216,20,1,2
BRDA:218,21,0,1
BRDA:218,21,1,1
BRDA:240,22,0,2
BRDA:240,22,1,1
BRDA:251,23,0,2
BRDA:252,24,0,1
BRDA:252,24,1,1
BRF:47
BRH:43
end_of_record
TN:
SF:src\test_routers\testGroup.model.ts
FNF:0
FNH:0
DA:1,2
DA:11,2
DA:20,2
DA:21,2
LF:4
LH:4
BRF:0
BRH:0
end_of_record
TN:
SF:src\test_routers\testGroup.router.ts
FN:13,(anonymous_14)
FN:13,(anonymous_15)
FN:28,(anonymous_17)
FN:28,(anonymous_18)
FN:35,(anonymous_20)
FN:35,(anonymous_21)
FN:39,(anonymous_23)
FN:40,(anonymous_24)
FN:46,(anonymous_25)
FN:46,(anonymous_26)
FN:71,(anonymous_28)
FN:71,(anonymous_29)
FN:93,(anonymous_31)
FN:93,(anonymous_32)
FN:111,(anonymous_34)
FN:111,(anonymous_35)
FN:166,(anonymous_37)
FN:166,(anonymous_38)
FN:192,(anonymous_40)
FN:192,(anonymous_41)
FN:209,(anonymous_43)
FN:209,(anonymous_44)
FNF:22
FNH:19
FNDA:0,(anonymous_14)
FNDA:0,(anonymous_15)
FNDA:2,(anonymous_17)
FNDA:2,(anonymous_18)
FNDA:1,(anonymous_20)
FNDA:1,(anonymous_21)
FNDA:1,(anonymous_23)
FNDA:0,(anonymous_24)
FNDA:2,(anonymous_25)
FNDA:2,(anonymous_26)
FNDA:3,(anonymous_28)
FNDA:3,(anonymous_29)
FNDA:2,(anonymous_31)
FNDA:2,(anonymous_32)
FNDA:2,(anonymous_34)
FNDA:2,(anonymous_35)
FNDA:2,(anonymous_37)
FNDA:2,(anonymous_38)
FNDA:2,(anonymous_40)
FNDA:2,(anonymous_41)
FNDA:1,(anonymous_43)
FNDA:1,(anonymous_44)
DA:1,2
DA:2,2
DA:3,2
DA:4,2
DA:5,2
DA:6,2
DA:8,2
DA:10,2
DA:11,2
DA:13,2
DA:15,0
DA:16,0
DA:17,0
DA:19,0
DA:20,0
DA:22,0
DA:27,2
DA:28,2
DA:29,2
DA:30,2
DA:34,2
DA:35,1
DA:36,1
DA:38,1
DA:39,1
DA:40,0
DA:45,2
DA:46,2
DA:48,2
DA:49,2
DA:50,2
DA:51,2
DA:54,2
DA:63,2
DA:64,1
DA:67,1
DA:71,3
DA:72,3
DA:73,3
DA:75,3
DA:76,3
DA:77,1
DA:78,1
DA:81,2
DA:83,3
DA:84,1
DA:85,2
DA:86,1
DA:88,1
DA:93,2
DA:94,2
DA:96,2
DA:97,2
DA:98,1
DA:99,1
DA:102,1
DA:103,1
DA:104,1
DA:106,0
DA:111,2
DA:112,2
DA:114,2
DA:115,2
DA:116,1
DA:117,1
DA:120,2
DA:121,1
DA:166,2
DA:168,2
DA:169,2
DA:170,2
DA:171,1
DA:172,1
DA:174,1
DA:178,0
DA:192,2
DA:194,2
DA:195,2
DA:197,2
DA:198,1
DA:200,1
DA:204,0
DA:208,2
DA:209,1
DA:210,1
DA:211,1
DA:218,2
LF:87
LH:77
BRDA:15,0,0,0
BRDA:15,0,1,0
BRDA:29,1,0,2
BRDA:36,2,0,1
BRDA:48,3,0,2
BRDA:50,4,0,2
BRDA:50,4,1,0
BRDA:76,5,0,1
BRDA:76,5,1,2
BRDA:83,6,0,1
BRDA:83,6,1,1
BRDA:97,7,0,1
BRDA:97,7,1,1
BRDA:103,8,0,1
BRDA:103,8,1,0
BRDA:115,9,0,1
BRDA:115,9,1,1
BRDA:170,10,0,1
BRDA:170,10,1,1
BRDA:197,11,0,1
BRDA:197,11,1,1
BRDA:210,12,0,1
BRF:22
BRH:18
end_of_record
TN:
SF:src\test_routers\testNotifications.model.ts
FNF:0
FNH:0
DA:1,2
DA:16,2
DA:40,2
DA:41,2
LF:4
LH:4
BRF:0
BRH:0
end_of_record
TN:
SF:src\test_routers\testNotifications.router.ts
FN:9,(anonymous_14)
FN:9,(anonymous_15)
FN:17,(anonymous_17)
FN:18,(anonymous_18)
FN:24,(anonymous_19)
FN:24,(anonymous_20)
FN:31,(anonymous_22)
FN:31,(anonymous_23)
FN:38,(anonymous_25)
FN:38,(anonymous_26)
FN:49,(anonymous_28)
FN:49,(anonymous_29)
FN:81,(anonymous_31)
FN:81,(anonymous_32)
FN:101,(anonymous_34)
FN:101,(anonymous_35)
FNF:16
FNH:15
FNDA:2,(anonymous_14)
FNDA:2,(anonymous_15)
FNDA:1,(anonymous_17)
FNDA:0,(anonymous_18)
FNDA:2,(anonymous_19)
FNDA:2,(anonymous_20)
FNDA:1,(anonymous_22)
FNDA:1,(anonymous_23)
FNDA:2,(anonymous_25)
FNDA:2,(anonymous_26)
FNDA:1,(anonymous_28)
FNDA:1,(anonymous_29)
FNDA:2,(anonymous_31)
FNDA:2,(anonymous_32)
FNDA:2,(anonymous_34)
FNDA:2,(anonymous_35)
DA:1,2
DA:2,2
DA:3,2
DA:4,2
DA:6,2
DA:8,2
DA:9,2
DA:10,2
DA:11,2
DA:12,1
DA:13,1
DA:16,1
DA:17,1
DA:18,0
DA:23,2
DA:24,2
DA:25,2
DA:26,2
DA:30,2
DA:31,1
DA:32,2
DA:33,1
DA:37,2
DA:38,2
DA:39,2
DA:40,2
DA:41,1
DA:43,1
DA:48,2
DA:49,1
DA:53,1
DA:55,1
DA:68,2
DA:71,1
DA:75,0
DA:80,2
DA:81,2
DA:82,2
DA:83,2
DA:85,2
DA:92,2
DA:93,1
DA:95,1
DA:100,2
DA:101,2
DA:102,2
DA:104,2
DA:110,2
DA:111,1
DA:113,1
DA:118,2
LF:51
LH:49
BRDA:10,0,0,2
BRDA:11,1,0,1
BRDA:11,1,1,1
BRDA:25,2,0,2
BRDA:32,3,0,1
BRDA:39,4,0,2
BRDA:40,5,0,1
BRDA:40,5,1,1
BRDA:92,6,0,1
BRDA:92,6,1,1
BRDA:110,7,0,1
BRDA:110,7,1,1
BRF:12
BRH:12
end_of_record
TN:
SF:src\test_routers\testTicket.model.ts
FNF:0
FNH:0
DA:1,2
DA:37,2
DA:44,2
DA:58,2
DA:87,2
DA:88,2
LF:6
LH:6
BRF:0
BRH:0
end_of_record
TN:
SF:src\test_routers\testTicket.router.ts
FN:21,(anonymous_14)
FN:21,(anonymous_15)
FN:37,(anonymous_17)
FN:37,(anonymous_18)
FN:45,(anonymous_20)
FN:46,(anonymous_21)
FN:52,(anonymous_22)
FN:52,(anonymous_23)
FN:59,(anonymous_25)
FN:59,(anonymous_26)
FN:71,(anonymous_28)
FN:71,(anonymous_29)
FN:78,(anonymous_31)
FN:92,(anonymous_32)
FN:92,(anonymous_33)
FN:108,(anonymous_35)
FN:108,(anonymous_36)
FN:126,(anonymous_38)
FN:126,(anonymous_39)
FN:136,(anonymous_41)
FN:136,(anonymous_42)
FN:165,(anonymous_44)
FN:165,(anonymous_45)
FN:184,(anonymous_47)
FN:184,(anonymous_48)
FN:219,(anonymous_50)
FN:219,(anonymous_51)
FN:246,(anonymous_53)
FN:246,(anonymous_54)
FN:271,(anonymous_56)
FN:271,(anonymous_57)
FNF:31
FNH:30
FNDA:1,(anonymous_14)
FNDA:1,(anonymous_15)
FNDA:2,(anonymous_17)
FNDA:2,(anonymous_18)
FNDA:1,(anonymous_20)
FNDA:0,(anonymous_21)
FNDA:1,(anonymous_22)
FNDA:1,(anonymous_23)
FNDA:2,(anonymous_25)
FNDA:2,(anonymous_26)
FNDA:1,(anonymous_28)
FNDA:1,(anonymous_29)
FNDA:1,(anonymous_31)
FNDA:2,(anonymous_32)
FNDA:2,(anonymous_33)
FNDA:2,(anonymous_35)
FNDA:2,(anonymous_36)
FNDA:1,(anonymous_38)
FNDA:1,(anonymous_39)
FNDA:1,(anonymous_41)
FNDA:1,(anonymous_42)
FNDA:3,(anonymous_44)
FNDA:3,(anonymous_45)
FNDA:3,(anonymous_47)
FNDA:3,(anonymous_48)
FNDA:2,(anonymous_50)
FNDA:2,(anonymous_51)
FNDA:3,(anonymous_53)
FNDA:3,(anonymous_54)
FNDA:2,(anonymous_56)
FNDA:2,(anonymous_57)
DA:1,2
DA:2,2
DA:4,2
DA:6,2
DA:11,2
DA:12,2
DA:16,2
DA:18,2
DA:19,2
DA:21,2
DA:23,1
DA:24,1
DA:25,1
DA:28,0
DA:29,0
DA:31,0
DA:36,2
DA:37,2
DA:38,2
DA:39,2
DA:40,1
DA:41,1
DA:44,1
DA:45,1
DA:46,0
DA:51,2
DA:52,1
DA:53,1
DA:54,1
DA:58,2
DA:59,2
DA:60,2
DA:62,2
DA:63,1
DA:65,1
DA:70,2
DA:71,1
DA:72,1
DA:73,1
DA:75,1
DA:77,1
DA:78,1
DA:79,1
DA:80,1
DA:83,1
DA:86,0
DA:91,2
DA:92,2
DA:94,2
DA:95,2
DA:96,1
DA:99,1
DA:102,0
DA:107,2
DA:108,2
DA:109,2
DA:112,2
DA:114,2
DA:115,1
DA:117,1
DA:120,0
DA:125,2
DA:126,1
DA:127,2
DA:128,1
DA:136,2
DA:138,1
DA:140,1
DA:156,2
DA:157,1
DA:160,0
DA:164,2
DA:165,3
DA:174,3
DA:175,3
DA:176,2
DA:178,1
DA:183,2
DA:184,3
DA:185,3
DA:186,3
DA:187,3
DA:188,3
DA:189,3
DA:190,3
DA:191,3
DA:201,3
DA:207,3
DA:208,2
DA:210,1
DA:213,0
DA:218,2
DA:219,2
DA:221,2
DA:222,2
DA:224,2
DA:230,3
DA:231,2
DA:233,0
DA:234,0
DA:236,1
DA:238,1
DA:241,0
DA:246,3
DA:248,3
DA:249,3
DA:250,3
DA:252,4
DA:253,3
DA:254,1
DA:255,2
DA:256,1
DA:258,1
DA:262,1
DA:265,0
DA:271,2
DA:272,2
DA:273,2
DA:276,2
DA:278,3
DA:279,1
DA:281,2
DA:282,1
DA:285,1
DA:289,0
DA:295,2
LF:126
LH:112
BRDA:23,0,0,1
BRDA:23,0,1,0
BRDA:38,1,0,2
BRDA:39,2,0,1
BRDA:39,2,1,1
BRDA:53,3,0,1
BRDA:60,4,0,2
BRDA:62,5,0,1
BRDA:62,5,1,1
BRDA:77,6,0,1
BRDA:77,6,1,0
BRDA:79,7,0,1
BRDA:79,7,1,0
BRDA:79,8,0,1
BRDA:79,8,1,1
BRDA:95,9,0,1
BRDA:95,9,1,1
BRDA:114,10,0,1
BRDA:114,10,1,1
BRDA:127,11,0,1
BRDA:174,12,0,3
BRDA:175,13,0,2
BRDA:175,13,1,1
BRDA:207,14,0,2
BRDA:207,14,1,1
BRDA:230,15,0,1
BRDA:230,15,1,1
BRDA:231,16,0,1
BRDA:231,16,1,0
BRDA:231,17,0,1
BRDA:231,17,1,0
BRDA:252,18,0,1
BRDA:252,18,1,2
BRDA:253,19,0,1
BRDA:253,19,1,1
BRDA:278,20,0,1
BRDA:278,20,1,1
BRF:37
BRH:32
end_of_record
TN:
SF:src\test_routers\testUser.model.ts
FNF:0
FNH:0
DA:1,2
DA:5,2
DA:26,2
DA:53,2
DA:54,2
LF:5
LH:5
BRF:0
BRH:0
end_of_record
TN:
SF:src\test_routers\testUser.router.ts
FN:17,(anonymous_14)
FN:17,(anonymous_15)
FN:24,(anonymous_17)
FN:24,(anonymous_18)
FN:84,(anonymous_20)
FN:84,(anonymous_21)
FN:136,(anonymous_23)
FN:136,(anonymous_24)
FN:160,(anonymous_26)
FN:160,(anonymous_27)
FN:306,(anonymous_29)
FN:325,(anonymous_30)
FN:325,(anonymous_31)
FN:356,(anonymous_33)
FN:356,(anonymous_34)
FN:401,(anonymous_36)
FN:401,(anonymous_37)
FN:418,(anonymous_39)
FN:418,(anonymous_40)
FN:450,(anonymous_42)
FN:450,(anonymous_43)
FN:479,(anonymous_45)
FN:479,(anonymous_46)
FN:509,(anonymous_48)
FN:509,(anonymous_49)
FN:539,(anonymous_51)
FN:539,(anonymous_52)
FN:569,(anonymous_54)
FN:569,(anonymous_55)
FN:590,(anonymous_57)
FN:590,(anonymous_58)
FN:601,(anonymous_60)
FN:601,(anonymous_61)
FN:615,(anonymous_63)
FN:615,(anonymous_64)
FN:637,(anonymous_66)
FN:637,(anonymous_67)
FN:647,(anonymous_69)
FN:647,(anonymous_70)
FN:667,(anonymous_72)
FN:667,(anonymous_73)
FN:682,(anonymous_75)
FN:682,(anonymous_76)
FN:697,(anonymous_78)
FN:697,(anonymous_79)
FN:712,(anonymous_81)
FN:712,(anonymous_82)
FN:727,(anonymous_84)
FN:727,(anonymous_85)
FN:742,(anonymous_87)
FN:742,(anonymous_88)
FN:758,(anonymous_90)
FN:758,(anonymous_91)
FN:775,(anonymous_93)
FN:775,(anonymous_94)
FN:778,(anonymous_96)
FN:790,(anonymous_97)
FN:790,(anonymous_98)
FN:805,(anonymous_100)
FN:805,(anonymous_101)
FN:817,(anonymous_103)
FN:817,(anonymous_104)
FN:848,(anonymous_106)
FN:848,(anonymous_107)
FNF:64
FNH:33
FNDA:1,(anonymous_14)
FNDA:1,(anonymous_15)
FNDA:2,(anonymous_17)
FNDA:2,(anonymous_18)
FNDA:1,(anonymous_20)
FNDA:1,(anonymous_21)
FNDA:1,(anonymous_23)
FNDA:1,(anonymous_24)
FNDA:3,(anonymous_26)
FNDA:3,(anonymous_27)
FNDA:1,(anonymous_29)
FNDA:1,(anonymous_30)
FNDA:1,(anonymous_31)
FNDA:2,(anonymous_33)
FNDA:2,(anonymous_34)
FNDA:2,(anonymous_36)
FNDA:2,(anonymous_37)
FNDA:2,(anonymous_39)
FNDA:2,(anonymous_40)
FNDA:2,(anonymous_42)
FNDA:2,(anonymous_43)
FNDA:2,(anonymous_45)
FNDA:2,(anonymous_46)
FNDA:2,(anonymous_48)
FNDA:2,(anonymous_49)
FNDA:2,(anonymous_51)
FNDA:2,(anonymous_52)
FNDA:2,(anonymous_54)
FNDA:2,(anonymous_55)
FNDA:2,(anonymous_57)
FNDA:2,(anonymous_58)
FNDA:0,(anonymous_60)
FNDA:0,(anonymous_61)
FNDA:0,(anonymous_63)
FNDA:0,(anonymous_64)
FNDA:0,(anonymous_66)
FNDA:0,(anonymous_67)
FNDA:0,(anonymous_69)
FNDA:0,(anonymous_70)
FNDA:0,(anonymous_72)
FNDA:0,(anonymous_73)
FNDA:0,(anonymous_75)
FNDA:0,(anonymous_76)
FNDA:0,(anonymous_78)
FNDA:0,(anonymous_79)
FNDA:0,(anonymous_81)
FNDA:0,(anonymous_82)
FNDA:0,(anonymous_84)
FNDA:0,(anonymous_85)
FNDA:0,(anonymous_87)
FNDA:0,(anonymous_88)
FNDA:0,(anonymous_90)
FNDA:0,(anonymous_91)
FNDA:0,(anonymous_93)
FNDA:0,(anonymous_94)
FNDA:0,(anonymous_96)
FNDA:2,(anonymous_97)
FNDA:2,(anonymous_98)
FNDA:0,(anonymous_100)
FNDA:0,(anonymous_101)
FNDA:0,(anonymous_103)
FNDA:0,(anonymous_104)
FNDA:0,(anonymous_106)
FNDA:0,(anonymous_107)
DA:1,2
DA:2,2
DA:3,2
DA:4,2
DA:5,2
DA:6,2
DA:7,2
DA:8,2
DA:9,2
DA:10,2
DA:12,2
DA:14,2
DA:16,2
DA:17,1
DA:18,1
DA:19,1
DA:23,2
DA:24,2
DA:26,2
DA:28,3
DA:29,1
DA:31,1
DA:33,1
DA:34,1
DA:35,1
DA:38,0
DA:40,0
DA:41,0
DA:45,0
DA:46,0
DA:66,0
DA:71,0
DA:74,1
DA:78,0
DA:83,2
DA:84,1
DA:86,1
DA:87,1
DA:88,0
DA:89,0
DA:92,1
DA:93,1
DA:95,1
DA:115,1
DA:116,1
DA:118,1
DA:127,1
DA:129,0
DA:130,0
DA:135,2
DA:136,1
DA:137,2
DA:138,1
DA:159,2
DA:160,3
DA:165,3
DA:167,3
DA:169,2
DA:170,2
DA:173,1
DA:175,1
DA:176,1
DA:179,1
DA:180,0
DA:183,1
DA:184,0
DA:188,1
DA:190,1
DA:192,1
DA:210,2
DA:214,1
DA:222,1
DA:306,1
DA:307,1
DA:315,1
DA:318,0
DA:324,2
DA:325,1
DA:329,1
DA:331,1
DA:335,1
DA:337,1
DA:338,1
DA:340,0
DA:355,2
DA:356,2
DA:360,2
DA:363,2
DA:366,2
DA:368,1
DA:369,1
DA:372,1
DA:373,1
DA:375,1
DA:376,1
DA:377,1
DA:380,2
DA:381,1
DA:382,1
DA:389,1
DA:392,0
DA:401,2
DA:403,2
DA:405,2
DA:406,2
DA:407,1
DA:410,1
DA:413,0
DA:417,2
DA:418,2
DA:420,2
DA:424,2
DA:436,2
DA:437,1
DA:439,1
DA:444,0
DA:449,2
DA:450,2
DA:452,2
DA:455,2
DA:465,2
DA:466,1
DA:468,1
DA:473,0
DA:478,2
DA:479,2
DA:481,2
DA:484,2
DA:494,2
DA:495,1
DA:497,1
DA:502,0
DA:508,2
DA:509,2
DA:511,2
DA:514,2
DA:524,2
DA:525,1
DA:527,1
DA:532,0
DA:538,2
DA:539,2
DA:541,2
DA:544,2
DA:554,2
DA:555,1
DA:557,1
DA:562,0
DA:568,2
DA:569,2
DA:578,2
DA:579,2
DA:580,1
DA:582,1
DA:589,2
DA:590,2
DA:591,2
DA:592,2
DA:593,1
DA:595,1
DA:600,2
DA:601,0
DA:602,0
DA:603,0
DA:604,0
DA:605,0
DA:606,0
DA:607,0
DA:609,0
DA:614,2
DA:615,0
DA:616,0
DA:617,0
DA:618,0
DA:621,0
DA:626,0
DA:629,0
DA:630,0
DA:636,2
DA:637,0
DA:638,0
DA:639,0
DA:640,0
DA:642,0
DA:646,2
DA:647,0
DA:648,0
DA:649,0
DA:650,0
DA:651,0
DA:652,0
DA:653,0
DA:654,0
DA:656,0
DA:659,0
DA:664,2
DA:665,2
DA:667,2
DA:669,0
DA:670,0
DA:671,0
DA:673,0
DA:674,0
DA:675,0
DA:676,0
DA:678,0
DA:682,2
DA:684,0
DA:685,0
DA:687,0
DA:688,0
DA:690,0
DA:693,0
DA:697,2
DA:699,0
DA:700,0
DA:702,0
DA:703,0
DA:705,0
DA:708,0
DA:712,2
DA:714,0
DA:715,0
DA:717,0
DA:718,0
DA:720,0
DA:723,0
DA:727,2
DA:729,0
DA:730,0
DA:732,0
DA:733,0
DA:735,0
DA:738,0
DA:742,2
DA:744,0
DA:745,0
DA:747,0
DA:748,0
DA:750,0
DA:753,0
DA:757,2
DA:758,0
DA:760,0
DA:761,0
DA:762,0
DA:763,0
DA:764,0
DA:766,0
DA:769,0
DA:770,0
DA:775,2
DA:776,0
DA:777,0
DA:778,0
DA:786,0
DA:787,0
DA:790,2
DA:791,2
DA:792,2
DA:794,2
DA:795,1
DA:796,1
DA:799,1
DA:804,2
DA:805,0
DA:806,0
DA:807,0
DA:808,0
DA:810,0
DA:816,2
DA:817,0
DA:819,0
DA:820,0
DA:821,0
DA:823,0
DA:824,0
DA:825,0
DA:834,0
DA:835,0
DA:837,0
DA:841,0
DA:847,2
DA:848,0
DA:850,0
DA:852,0
DA:853,0
DA:863,0
DA:864,0
DA:866,0
DA:871,0
DA:877,2
LF:292
LH:162
BRDA:18,0,0,1
BRDA:28,1,0,1
BRDA:28,1,1,1
BRDA:33,2,0,1
BRDA:33,2,1,0
BRDA:40,3,0,0
BRDA:40,3,1,0
BRDA:87,4,0,0
BRDA:87,4,1,1
BRDA:137,5,0,1
BRDA:167,6,0,2
BRDA:167,6,1,1
BRDA:175,7,0,1
BRDA:175,7,1,0
BRDA:179,8,0,0
BRDA:179,8,1,1
BRDA:183,9,0,0
BRDA:183,9,1,1
BRDA:196,10,0,1
BRDA:196,10,1,1
BRDA:307,11,0,1
BRDA:307,11,1,0
BRDA:335,12,0,1
BRDA:335,12,1,0
BRDA:366,13,0,1
BRDA:366,13,1,1
BRDA:406,14,0,1
BRDA:406,14,1,1
BRDA:436,15,0,1
BRDA:436,15,1,1
BRDA:465,16,0,1
BRDA:465,16,1,1
BRDA:494,17,0,1
BRDA:494,17,1,1
BRDA:524,18,0,1
BRDA:524,18,1,1
BRDA:554,19,0,1
BRDA:554,19,1,1
BRDA:578,20,0,2
BRDA:579,21,0,1
BRDA:579,21,1,1
BRDA:591,22,0,2
BRDA:592,23,0,1
BRDA:592,23,1,1
BRDA:604,24,0,0
BRDA:604,24,1,0
BRDA:638,25,0,0
BRDA:639,26,0,0
BRDA:639,26,1,0
BRDA:648,27,0,0
BRDA:649,28,0,0
BRDA:649,28,1,0
BRDA:651,29,0,0
BRDA:651,29,1,0
BRDA:669,30,0,0
BRDA:669,30,1,0
BRDA:687,31,0,0
BRDA:687,31,1,0
BRDA:702,32,0,0
BRDA:702,32,1,0
BRDA:717,33,0,0
BRDA:717,33,1,0
BRDA:732,34,0,0
BRDA:732,34,1,0
BRDA:747,35,0,0
BRDA:747,35,1,0
BRDA:761,36,0,0
BRDA:761,36,1,0
BRDA:794,37,0,1
BRDA:794,37,1,1
BRDA:806,38,0,0
BRDA:807,39,0,0
BRDA:807,39,1,0
BRDA:819,40,0,0
BRDA:819,40,1,0
BRDA:834,41,0,0
BRDA:834,41,1,0
BRDA:863,42,0,0
BRDA:863,42,1,0
BRF:79
BRH:37
end_of_record
