{"D:\\Lenovo Legion\\Documents\\University\\Capstone\\ABC-Service-Request-System\\backend\\src\\sampleGroups.ts":{"path":"D:\\Lenovo Legion\\Documents\\University\\Capstone\\ABC-Service-Request-System\\backend\\src\\sampleGroups.ts","statementMap":{"0":{"start":{"line":2,"column":0},"end":{"line":2,"column":62}},"1":{"start":{"line":3,"column":0},"end":{"line":3,"column":31}},"2":{"start":{"line":4,"column":19},"end":{"line":4,"column":60}},"3":{"start":{"line":5,"column":12},"end":{"line":15,"column":2}},"4":{"start":{"line":16,"column":12},"end":{"line":26,"column":2}},"5":{"start":{"line":27,"column":12},"end":{"line":37,"column":2}},"6":{"start":{"line":38,"column":0},"end":{"line":57,"column":2}}},"fnMap":{},"branchMap":{},"s":{"0":0,"1":0,"2":0,"3":0,"4":0,"5":0,"6":0},"f":{},"b":{},"inputSourceMap":{"version":3,"file":"D:/Lenovo Legion/Documents/University/Capstone/ABC-Service-Request-System/backend/src/sampleGroups.ts","sources":["D:/Lenovo Legion/Documents/University/Capstone/ABC-Service-Request-System/backend/src/sampleGroups.ts"],"names":[],"mappings":";;;AAAA,6DAA2D;AAG3D,IAAM,KAAK,GAAG,IAAI,sBAAS,CAAC;IACxB,EAAE,EAAE,GAAG;IACP,IAAI,EAAE,MAAM;IACZ,OAAO,EAAE,KAAK;IACd,YAAY,EAAE,WAAW;IACzB,YAAY,EAAE,sBAAsB;IACpC,aAAa,EAAE,IAAI;IACnB,QAAQ,EAAE,UAAU;IACpB,KAAK,EAAE,CAAC,SAAS,CAAC;IAClB,MAAM,EAAE,CAAC,QAAQ,EAAE,QAAQ,CAAC;CAC7B,CAAC,CAAC;AAEH,IAAM,KAAK,GAAG,IAAI,sBAAS,CAAC;IAC1B,EAAE,EAAE,GAAG;IACP,IAAI,EAAE,MAAM;IACZ,OAAO,EAAE,OAAO;IAChB,YAAY,EAAE,WAAW;IACzB,YAAY,EAAE,wBAAwB;IACtC,aAAa,EAAE,IAAI;IACnB,QAAQ,EAAE,UAAU;IACpB,KAAK,EAAE,CAAC,YAAY,CAAC;IACrB,MAAM,EAAE,CAAC,QAAQ,CAAC;CACnB,CAAC,CAAC;AAEH,IAAM,KAAK,GAAG,IAAI,sBAAS,CAAC;IAC1B,EAAE,EAAE,GAAG;IACP,IAAI,EAAE,OAAO;IACb,OAAO,EAAE,SAAS;IAClB,YAAY,EAAE,WAAW;IACzB,YAAY,EAAE,2BAA2B;IACzC,aAAa,EAAE,IAAI;IACnB,QAAQ,EAAE,UAAU;IACpB,KAAK,EAAE,CAAC,WAAW,CAAC;IACpB,MAAM,EAAE,CAAC,QAAQ,CAAC;CACnB,CAAC,CAAC;AAEQ,QAAA,aAAa,GAAU;IAChC;QACI,EAAE,EAAE,GAAG;QACP,SAAS,EAAE,UAAU;QACrB,eAAe,EAAE,EAAE;QACnB,MAAM,EAAE,CAAC,KAAK,EAAE,KAAK,CAAC;KACzB;IACD;QACI,EAAE,EAAE,GAAG;QACP,SAAS,EAAE,SAAS;QACpB,eAAe,EAAE,EAAE;QACnB,MAAM,EAAE,CAAC,KAAK,EAAE,KAAK,CAAC;KACzB;IACD;QACI,EAAE,EAAE,GAAG;QACP,SAAS,EAAE,aAAa;QACxB,eAAe,EAAE,EAAE;QACnB,MAAM,EAAE,CAAC,KAAK,EAAE,KAAK,CAAC;KACzB;CACJ,CAAA","sourcesContent":["import { UserModel } from \"../users/src/models/user.model\";\r\nimport { sample_users } from \"./sampleUsers\";\r\n\r\nconst user1 = new UserModel({ \r\n    id: \"1\",\r\n    name: \"John\",\r\n    surname: \"Doe\",\r\n    profilePhoto: \"user1.jpg\",\r\n    emailAddress: \"john.doe@example.com\",\r\n    emailVerified: true,\r\n    password: \"password\",\r\n    roles: [\"Manager\"],\r\n    groups: [\"group1\", \"group2\"],\r\n  });\r\n  \r\n  const user2 = new UserModel({\r\n    id: \"2\",\r\n    name: \"Jane\",\r\n    surname: \"Smith\",\r\n    profilePhoto: \"user2.jpg\",\r\n    emailAddress: \"jane.smith@example.com\",\r\n    emailVerified: true,\r\n    password: \"password\",\r\n    roles: [\"Functional\"],\r\n    groups: [\"group1\"],\r\n  });\r\n  \r\n  const user3 = new UserModel({\r\n    id: \"3\",\r\n    name: \"Alice\",\r\n    surname: \"Johnson\",\r\n    profilePhoto: \"user3.jpg\",\r\n    emailAddress: \"alice.johnson@example.com\",\r\n    emailVerified: true,\r\n    password: \"password\",\r\n    roles: [\"Technical\"],\r\n    groups: [\"group2\"],\r\n  });\r\n\r\nexport const sample_groups: any[] = [\r\n    {\r\n        id: '1',\r\n        groupName: 'Frontend',\r\n        backgroundPhoto: '',\r\n        people: [user1, user2],\r\n    },\r\n    {\r\n        id: '2',\r\n        groupName: 'Backend',\r\n        backgroundPhoto: '',\r\n        people: [user2, user3],\r\n    },\r\n    {\r\n        id: '3',\r\n        groupName: 'Integration',\r\n        backgroundPhoto: '',\r\n        people: [user1, user3],\r\n    }\r\n]"]},"all":true},"D:\\Lenovo Legion\\Documents\\University\\Capstone\\ABC-Service-Request-System\\backend\\src\\sampleNotifications.ts":{"path":"D:\\Lenovo Legion\\Documents\\University\\Capstone\\ABC-Service-Request-System\\backend\\src\\sampleNotifications.ts","statementMap":{"0":{"start":{"line":2,"column":0},"end":{"line":2,"column":62}},"1":{"start":{"line":3,"column":0},"end":{"line":3,"column":38}},"2":{"start":{"line":4,"column":20},"end":{"line":4,"column":30}},"3":{"start":{"line":5,"column":19},"end":{"line":5,"column":42}},"4":{"start":{"line":6,"column":0},"end":{"line":6,"column":50}},"5":{"start":{"line":7,"column":20},"end":{"line":7,"column":30}},"6":{"start":{"line":8,"column":20},"end":{"line":8,"column":43}},"7":{"start":{"line":9,"column":0},"end":{"line":9,"column":51}},"8":{"start":{"line":10,"column":21},"end":{"line":10,"column":31}},"9":{"start":{"line":11,"column":21},"end":{"line":11,"column":45}},"10":{"start":{"line":12,"column":0},"end":{"line":12,"column":55}},"11":{"start":{"line":13,"column":0},"end":{"line":50,"column":2}}},"fnMap":{},"branchMap":{},"s":{"0":0,"1":0,"2":0,"3":0,"4":0,"5":0,"6":0,"7":0,"8":0,"9":0,"10":0,"11":0},"f":{},"b":{},"inputSourceMap":{"version":3,"file":"D:/Lenovo Legion/Documents/University/Capstone/ABC-Service-Request-System/backend/src/sampleNotifications.ts","sources":["D:/Lenovo Legion/Documents/University/Capstone/ABC-Service-Request-System/backend/src/sampleNotifications.ts"],"names":[],"mappings":";;;AAEA,IAAM,aAAa,GAAG,IAAI,IAAI,EAAE,CAAC;AACjC,IAAM,YAAY,GAAG,IAAI,IAAI,CAAC,aAAa,CAAC,CAAC;AAC7C,YAAY,CAAC,OAAO,CAAC,aAAa,CAAC,OAAO,EAAE,GAAG,CAAC,CAAC,CAAC;AAElD,IAAM,aAAa,GAAG,IAAI,IAAI,EAAE,CAAC;AACjC,IAAM,aAAa,GAAG,IAAI,IAAI,CAAC,aAAa,CAAC,CAAC;AAC9C,aAAa,CAAC,OAAO,CAAC,aAAa,CAAC,OAAO,EAAE,GAAG,CAAC,CAAC,CAAC;AAEnD,IAAM,cAAc,GAAG,IAAI,IAAI,EAAE,CAAC;AAClC,IAAM,cAAc,GAAG,IAAI,IAAI,CAAC,cAAc,CAAC,CAAC;AAChD,cAAc,CAAC,QAAQ,CAAC,cAAc,CAAC,QAAQ,EAAE,GAAG,CAAC,CAAC,CAAC;AAE1C,QAAA,oBAAoB,GAAoB;IACjD;QACI,EAAE,EAAE,GAAG;QACP,gBAAgB,EAAE,iCAAiC;QACnD,mBAAmB,EAAE,sBAAsB;QAC3C,YAAY,EAAE,mBAAmB;QACjC,aAAa,EAAE,oBAAoB;QACnC,aAAa,EAAE,yBAAyB;QACxC,YAAY,EAAE,MAAM;QACpB,gBAAgB,EAAE,YAAY;QAC9B,IAAI,EAAE,GAAG;QACT,UAAU,EAAE,QAAQ;KACvB;IACD;QACI,EAAE,EAAE,GAAG;QACP,gBAAgB,EAAE,iCAAiC;QACnD,mBAAmB,EAAE,2BAA2B;QAChD,YAAY,EAAE,kBAAkB;QAChC,aAAa,EAAE,mBAAmB;QAClC,aAAa,EAAE,iBAAiB;QAChC,YAAY,EAAE,SAAS;QACvB,gBAAgB,EAAE,aAAa;QAC/B,IAAI,EAAE,GAAG;QACT,UAAU,EAAE,QAAQ;KACvB;IACD;QACI,EAAE,EAAE,GAAG;QACP,gBAAgB,EAAE,iCAAiC;QACnD,mBAAmB,EAAE,sBAAsB;QAC3C,YAAY,EAAE,kBAAkB;QAChC,aAAa,EAAE,oBAAoB;QACnC,aAAa,EAAE,wBAAwB;QACvC,YAAY,EAAE,MAAM;QACpB,gBAAgB,EAAE,cAAc;QAChC,IAAI,EAAE,GAAG;QACT,UAAU,EAAE,MAAM;KACrB;CACJ,CAAC","sourcesContent":["import { notifications } from \"../notifications/src/models/notifications.model\"\r\n\r\nconst yesterdayDate = new Date();\r\nconst oneDayBefore = new Date(yesterdayDate);\r\noneDayBefore.setDate(yesterdayDate.getDate() - 1);\r\n\r\nconst lastweeksDate = new Date();\r\nconst oneWeekBefore = new Date(lastweeksDate);\r\noneWeekBefore.setDate(lastweeksDate.getDate() - 7);\r\n\r\nconst lastmonthsDate = new Date();\r\nconst oneMonthBefore = new Date(lastmonthsDate);\r\noneMonthBefore.setMonth(lastmonthsDate.getMonth() - 1);\r\n\r\nexport const sample_notifications: notifications[] = [\r\n    {   \r\n        id: \"1\",\r\n        profilePhotoLink: \"https://i.imgur.com/zYxDCQT.jpg\",\r\n        notificationMessage: \" has closed an issue\",\r\n        creatorEmail: \"jesse@example.com\",\r\n        assignedEmail: \"jaimen@example.com\",\r\n        ticketSummary: \"Update UI and bug fixes\",\r\n        ticketStatus: \"Done\",\r\n        notificationTime: oneDayBefore,\r\n        link: \"1\",\r\n        readStatus: \"Unread\",\r\n    },\r\n    {\r\n        id: \"2\",\r\n        profilePhotoLink: \"https://i.imgur.com/zYxDCQT.jpg\",\r\n        notificationMessage: \" assigned an issue to you\",\r\n        creatorEmail: \"john@example.com\",\r\n        assignedEmail: \"ashir@example.com\",\r\n        ticketSummary: \"testing tickets\",\r\n        ticketStatus: \"Pending\",\r\n        notificationTime: oneWeekBefore,\r\n        link: \"2\",\r\n        readStatus: \"Unread\",\r\n    },\r\n    {\r\n        id: \"3\",\r\n        profilePhotoLink: \"https://i.imgur.com/zYxDCQT.jpg\",\r\n        notificationMessage: \" has closed an issue\",\r\n        creatorEmail: \"mark@example.com\",\r\n        assignedEmail: \"priyul@example.com\",\r\n        ticketSummary: \"Epiuse frontend ticket\",\r\n        ticketStatus: \"Done\",\r\n        notificationTime: oneMonthBefore,\r\n        link: \"3\",\r\n        readStatus: \"Read\",\r\n    }\r\n];"]},"all":true},"D:\\Lenovo Legion\\Documents\\University\\Capstone\\ABC-Service-Request-System\\backend\\src\\sampleUsers.ts":{"path":"D:\\Lenovo Legion\\Documents\\University\\Capstone\\ABC-Service-Request-System\\backend\\src\\sampleUsers.ts","statementMap":{"0":{"start":{"line":2,"column":0},"end":{"line":2,"column":62}},"1":{"start":{"line":3,"column":0},"end":{"line":3,"column":30}},"2":{"start":{"line":4,"column":0},"end":{"line":15,"column":2}}},"fnMap":{},"branchMap":{},"s":{"0":0,"1":0,"2":0},"f":{},"b":{},"inputSourceMap":{"version":3,"file":"D:/Lenovo Legion/Documents/University/Capstone/ABC-Service-Request-System/backend/src/sampleUsers.ts","sources":["D:/Lenovo Legion/Documents/University/Capstone/ABC-Service-Request-System/backend/src/sampleUsers.ts"],"names":[],"mappings":";;;AAAa,QAAA,YAAY,GAAU;IACjC;QACE,IAAI,EAAE,OAAO;QACb,OAAO,EAAE,OAAO;QAChB,YAAY,EAAE,gCAAgC;QAC9C,YAAY,EAAE,iBAAiB;QAC/B,QAAQ,EAAE,8DAA8D;QACxE,KAAK,EAAE,CAAC,OAAO,CAAC;QAChB,MAAM,EAAE,CAAC,GAAG,EAAE,GAAG,CAAC;KACnB;IACD,2BAA2B;CAC5B,CAAC","sourcesContent":["export const sample_users: any[] = [\r\n  {\r\n    name: 'Admin',\r\n    surname: 'admin',\r\n    profilePhoto: 'http://example.com/img/bob.jpg',\r\n    emailAddress: 'admin@admin.com',\r\n    password: '$2a$10$h//6x2WnHtx9pibRwqKRluhlI.A.uHTAAjpsCQX23DRWtcichXHhy',\r\n    roles: ['Admin'],\r\n    groups: ['1', '2']\r\n  },\r\n  // Add more users as needed\r\n];\r\n"]},"all":true},"D:\\Lenovo Legion\\Documents\\University\\Capstone\\ABC-Service-Request-System\\backend\\src\\server.ts":{"path":"D:\\Lenovo Legion\\Documents\\University\\Capstone\\ABC-Service-Request-System\\backend\\src\\server.ts","statementMap":{"0":{"start":{"line":2,"column":22},"end":{"line":4,"column":1}},"1":{"start":{"line":3,"column":4},"end":{"line":3,"column":62}},"2":{"start":{"line":5,"column":0},"end":{"line":5,"column":62}},"3":{"start":{"line":6,"column":0},"end":{"line":6,"column":42}},"4":{"start":{"line":7,"column":16},"end":{"line":7,"column":51}},"5":{"start":{"line":8,"column":13},"end":{"line":8,"column":45}},"6":{"start":{"line":9,"column":15},"end":{"line":9,"column":49}},"7":{"start":{"line":11,"column":12},"end":{"line":11,"column":41}},"8":{"start":{"line":12,"column":0},"end":{"line":12,"column":26}},"9":{"start":{"line":15,"column":26},"end":{"line":15,"column":86}},"10":{"start":{"line":16,"column":24},"end":{"line":16,"column":82}},"11":{"start":{"line":17,"column":33},"end":{"line":17,"column":100}},"12":{"start":{"line":18,"column":25},"end":{"line":18,"column":84}},"13":{"start":{"line":19,"column":28},"end":{"line":19,"column":68}},"14":{"start":{"line":20,"column":0},"end":{"line":20,"column":42}},"15":{"start":{"line":21,"column":10},"end":{"line":21,"column":34}},"16":{"start":{"line":22,"column":0},"end":{"line":22,"column":22}},"17":{"start":{"line":23,"column":0},"end":{"line":26,"column":4}},"18":{"start":{"line":27,"column":0},"end":{"line":27,"column":34}},"19":{"start":{"line":64,"column":0},"end":{"line":68,"column":4}},"20":{"start":{"line":66,"column":8},"end":{"line":66,"column":45}},"21":{"start":{"line":69,"column":0},"end":{"line":73,"column":4}},"22":{"start":{"line":71,"column":8},"end":{"line":71,"column":43}},"23":{"start":{"line":74,"column":0},"end":{"line":78,"column":4}},"24":{"start":{"line":76,"column":8},"end":{"line":76,"column":44}},"25":{"start":{"line":79,"column":0},"end":{"line":83,"column":4}},"26":{"start":{"line":81,"column":8},"end":{"line":81,"column":52}},"27":{"start":{"line":84,"column":0},"end":{"line":88,"column":4}},"28":{"start":{"line":86,"column":8},"end":{"line":86,"column":45}},"29":{"start":{"line":90,"column":0},"end":{"line":90,"column":57}},"30":{"start":{"line":91,"column":0},"end":{"line":91,"column":53}},"31":{"start":{"line":92,"column":0},"end":{"line":92,"column":71}},"32":{"start":{"line":93,"column":0},"end":{"line":93,"column":55}},"33":{"start":{"line":94,"column":0},"end":{"line":96,"column":3}},"34":{"start":{"line":95,"column":4},"end":{"line":95,"column":64}},"35":{"start":{"line":97,"column":11},"end":{"line":97,"column":15}},"36":{"start":{"line":98,"column":13},"end":{"line":100,"column":2}},"37":{"start":{"line":99,"column":4},"end":{"line":99,"column":68}},"38":{"start":{"line":101,"column":0},"end":{"line":101,"column":24}}},"fnMap":{"0":{"name":"(anonymous_0)","decl":{"start":{"line":2,"column":56},"end":{"line":2,"column":57}},"loc":{"start":{"line":2,"column":71},"end":{"line":4,"column":1}},"line":2},"1":{"name":"(anonymous_1)","decl":{"start":{"line":65,"column":26},"end":{"line":65,"column":27}},"loc":{"start":{"line":65,"column":41},"end":{"line":67,"column":5}},"line":65},"2":{"name":"(anonymous_2)","decl":{"start":{"line":70,"column":26},"end":{"line":70,"column":27}},"loc":{"start":{"line":70,"column":41},"end":{"line":72,"column":5}},"line":70},"3":{"name":"(anonymous_3)","decl":{"start":{"line":75,"column":26},"end":{"line":75,"column":27}},"loc":{"start":{"line":75,"column":41},"end":{"line":77,"column":5}},"line":75},"4":{"name":"(anonymous_4)","decl":{"start":{"line":80,"column":26},"end":{"line":80,"column":27}},"loc":{"start":{"line":80,"column":41},"end":{"line":82,"column":5}},"line":80},"5":{"name":"(anonymous_5)","decl":{"start":{"line":85,"column":26},"end":{"line":85,"column":27}},"loc":{"start":{"line":85,"column":41},"end":{"line":87,"column":5}},"line":85},"6":{"name":"(anonymous_6)","decl":{"start":{"line":94,"column":24},"end":{"line":94,"column":25}},"loc":{"start":{"line":94,"column":44},"end":{"line":96,"column":1}},"line":94},"7":{"name":"(anonymous_7)","decl":{"start":{"line":98,"column":30},"end":{"line":98,"column":31}},"loc":{"start":{"line":98,"column":42},"end":{"line":100,"column":1}},"line":98}},"branchMap":{"0":{"loc":{"start":{"line":2,"column":22},"end":{"line":4,"column":1}},"type":"binary-expr","locations":[{"start":{"line":2,"column":23},"end":{"line":2,"column":27}},{"start":{"line":2,"column":31},"end":{"line":2,"column":51}},{"start":{"line":2,"column":56},"end":{"line":4,"column":1}}],"line":2},"1":{"loc":{"start":{"line":3,"column":11},"end":{"line":3,"column":61}},"type":"cond-expr","locations":[{"start":{"line":3,"column":37},"end":{"line":3,"column":40}},{"start":{"line":3,"column":43},"end":{"line":3,"column":61}}],"line":3},"2":{"loc":{"start":{"line":3,"column":12},"end":{"line":3,"column":33}},"type":"binary-expr","locations":[{"start":{"line":3,"column":12},"end":{"line":3,"column":15}},{"start":{"line":3,"column":19},"end":{"line":3,"column":33}}],"line":3}},"s":{"0":0,"1":0,"2":0,"3":0,"4":0,"5":0,"6":0,"7":0,"8":0,"9":0,"10":0,"11":0,"12":0,"13":0,"14":0,"15":0,"16":0,"17":0,"18":0,"19":0,"20":0,"21":0,"22":0,"23":0,"24":0,"25":0,"26":0,"27":0,"28":0,"29":0,"30":0,"31":0,"32":0,"33":0,"34":0,"35":0,"36":0,"37":0,"38":0},"f":{"0":0,"1":0,"2":0,"3":0,"4":0,"5":0,"6":0,"7":0},"b":{"0":[0,0,0],"1":[0,0],"2":[0,0]},"inputSourceMap":{"version":3,"file":"D:/Lenovo Legion/Documents/University/Capstone/ABC-Service-Request-System/backend/src/server.ts","sources":["D:/Lenovo Legion/Documents/University/Capstone/ABC-Service-Request-System/backend/src/server.ts"],"names":[],"mappings":";;;;;;AAAA,oDAA8B;AAC9B,8CAAwB;AACxB,kDAA4B;AAC5B,iEAAiE;AACjE,0CAA6C;AAG7C,gBAAM,CAAC,MAAM,EAAE,CAAC;AAChB,MAAM;AAEN,cAAc;AACd,uFAAgE;AAChE,mFAA4D;AAC5D,qGAA8E;AAC9E,qFAA6D;AAE7D,qEAA6D;AAE7D,IAAA,kCAAY,GAAE,CAAC;AAEf,IAAM,GAAG,GAAG,IAAA,iBAAO,GAAE,CAAC;AAoGP,sBAAO;AAlGtB,GAAG,CAAC,GAAG,CAAC,IAAA,cAAI,EAAC;AACT,qBAAqB;AACrB,oCAAoC;CACvC,CAAC,CAAC,CAAC;AAEJ,GAAG,CAAC,GAAG,CAAC,iBAAO,CAAC,IAAI,EAAE,CAAC,CAAC;AAGxB,kDAAkD;AAClD,sCAAsC;AACtC,+CAA+C;AAC/C,2EAA2E;AAC3E,OAAO;AACP,wBAAwB;AACxB,OAAO;AAEP,gDAAgD;AAChD,sCAAsC;AACtC,mBAAmB;AACnB,mCAAmC;AACnC,OAAO;AACP,wBAAwB;AACxB,OAAO;AAEP,iDAAiD;AACjD,sCAAsC;AACtC,mBAAmB;AACnB,qCAAqC;AACrC,OAAO;AACP,wBAAwB;AACxB,OAAO;AAEP,yDAAyD;AACzD,sCAAsC;AACtC,mBAAmB;AACnB,qDAAqD;AACrD,OAAO;AACP,wBAAwB;AACxB,OAAO;AAEP,kDAAkD;AAClD,sCAAsC;AACtC,+CAA+C;AAC/C,4EAA4E;AAC5E,8EAA8E;AAC9E,OAAO;AACP,wBAAwB;AACxB,OAAO;AAIP,GAAG,CAAC,GAAG,CAAC,aAAa,EAAE,KAAK,CAAC,uBAAuB,EAAE;IACpD,oBAAoB,EAAE,UAAC,GAAG;QACxB,OAAO,qBAAc,GAAG,CAAC,GAAG,CAAE,CAAC;IACjC,CAAC;CACF,CAAC,CAAC,CAAC;AAEJ,GAAG,CAAC,GAAG,CAAC,WAAW,EAAE,KAAK,CAAC,uBAAuB,EAAE;IAClD,oBAAoB,EAAE,UAAC,GAAG;QACxB,OAAO,mBAAY,GAAG,CAAC,GAAG,CAAE,CAAC;IAC/B,CAAC;CACF,CAAC,CAAC,CAAC;AAEJ,GAAG,CAAC,GAAG,CAAC,YAAY,EAAE,KAAK,CAAC,uBAAuB,EAAE;IACnD,oBAAoB,EAAE,UAAC,GAAG;QACxB,OAAO,oBAAa,GAAG,CAAC,GAAG,CAAE,CAAC;IAChC,CAAC;CACF,CAAC,CAAC,CAAC;AAEJ,GAAG,CAAC,GAAG,CAAC,oBAAoB,EAAE,KAAK,CAAC,uBAAuB,EAAE;IAC3D,oBAAoB,EAAE,UAAC,GAAG;QACxB,OAAO,4BAAqB,GAAG,CAAC,GAAG,CAAE,CAAC;IACxC,CAAC;CACF,CAAC,CAAC,CAAC;AAEJ,GAAG,CAAC,GAAG,CAAC,aAAa,EAAE,KAAK,CAAC,uBAAuB,EAAE;IACpD,oBAAoB,EAAE,UAAC,GAAG;QACxB,OAAO,qBAAc,GAAG,CAAC,GAAG,CAAE,CAAC,CAAC,yCAAyC;IAC3E,CAAC;CACF,CAAC,CAAC,CAAC;AAEJ,cAAc;AACd,GAAG,CAAC,GAAG,CAAC,kBAAkB,EAAE,2BAAgB,CAAC,CAAC;AAC9C,GAAG,CAAC,GAAG,CAAC,gBAAgB,EAAE,yBAAc,CAAC,CAAC;AAC1C,GAAG,CAAC,GAAG,CAAC,yBAAyB,EAAE,kCAAuB,CAAC,CAAC;AAC5D,GAAG,CAAC,GAAG,CAAC,iBAAiB,EAAE,0BAAe,CAAC,CAAC;AAE5C,GAAG,CAAC,GAAG,CAAC,cAAc,EAAE,UAAC,GAAQ,EAAE,GAAQ;IACvC,GAAG,CAAC,MAAM,CAAC,GAAG,CAAC,CAAC,IAAI,CAAC,EAAE,OAAO,EAAE,wBAAwB,EAAE,CAAC,CAAC;AAChE,CAAC,CAAC,CAAC;AAGH,IAAM,IAAI,GAAG,IAAI,CAAC;AAElB,IAAI,MAAM,GAAG,GAAG,CAAC,MAAM,CAAC,IAAI,EAAE;IAC5B,OAAO,CAAC,GAAG,CAAC,6CAAsC,IAAI,CAAE,CAAC,CAAC;AAC5D,CAAC,CAAC,CAAC;AAEqB,wBAAM","sourcesContent":["import express from \"express\";\r\nimport cors from \"cors\";\r\nimport dotenv from \"dotenv\";\r\n// import { createProxyMiddleware } from 'http-proxy-middleware';\r\nimport proxy = require(\"express-http-proxy\");\r\nimport { jwtVerify } from \"../../backend/jwtVerify/jwtVerify\";\r\n\r\ndotenv.config();\r\n//test\r\n\r\n//test routers\r\nimport testTicketRouter from './test_routers/testTicket.router';\r\nimport testUserRouter from './test_routers/testUser.router';\r\nimport testNotificationsRouter from './test_routers/testNotifications.router';\r\nimport testGroupRouter from './test_routers/testGroup.router'\r\n\r\nimport { dbConnection } from \"./configs/testTicketDB.config\";\r\n\r\ndbConnection();\r\n\r\nconst app = express();\r\n\r\napp.use(cors({\r\n    // credentials: true,\r\n    // origin: [\"http://localhost:4200\"]\r\n}));\r\n\r\napp.use(express.json());\r\n\r\n\r\n// app.use('/api/ticket', createProxyMiddleware({ \r\n//   target: 'http://localhost:3001', \r\n//   onError: function onError(err, req, res) {\r\n//     console.error('Something went wrong with the proxy middleware', err)\r\n//   },\r\n//   changeOrigin: true,\r\n// }));\r\n\r\n// app.use('/api/user', createProxyMiddleware({ \r\n//   target: 'http://localhost:3002', \r\n//   pathRewrite: {\r\n//       '^/api/user': '/api/user',\r\n//   },\r\n//   changeOrigin: true,\r\n// }));\r\n\r\n// app.use('/api/group', createProxyMiddleware({ \r\n//   target: 'http://localhost:3003', \r\n//   pathRewrite: {\r\n//       '^/api/group': '/api/group',\r\n//   },\r\n//   changeOrigin: true,\r\n// }));\r\n\r\n// app.use('/api/notifications', createProxyMiddleware({ \r\n//   target: 'http://localhost:3004', \r\n//   pathRewrite: {\r\n//       '^/api/notifications': '/api/notifications',\r\n//   },\r\n//   changeOrigin: true,\r\n// }));\r\n\r\n// app.use('/api/client', createProxyMiddleware({ \r\n//   target: 'http://localhost:3005', \r\n//   onError: function onError(err, req, res) {\r\n//     console.error('Something went wrong with the proxy middleware', err);\r\n//     res.status(500).send('Something went wrong with the proxy middleware');\r\n//   },\r\n//   changeOrigin: true,\r\n// }));\r\n\r\n\r\n\r\napp.use(\"/api/ticket\", proxy(\"http://localhost:3001\", {\r\n  proxyReqPathResolver: (req) => {\r\n    return `/api/ticket${req.url}`;\r\n  },\r\n}));\r\n\r\napp.use(\"/api/user\", proxy(\"http://localhost:3002\", {\r\n  proxyReqPathResolver: (req) => {\r\n    return `/api/user${req.url}`;\r\n  },\r\n}));\r\n\r\napp.use(\"/api/group\", proxy(\"http://localhost:3003\", {\r\n  proxyReqPathResolver: (req) => {\r\n    return `/api/group${req.url}`;\r\n  },\r\n}));\r\n\r\napp.use(\"/api/notifications\", proxy(\"http://localhost:3004\", {\r\n  proxyReqPathResolver: (req) => {\r\n    return `/api/notifications${req.url}`;\r\n  },\r\n}));\r\n\r\napp.use(\"/api/client\", proxy(\"http://localhost:3005\", {\r\n  proxyReqPathResolver: (req) => {\r\n    return `/api/client${req.url}`; // Prefix the request path with /api/user\r\n  },\r\n}));\r\n\r\n//test routers\r\napp.use('/api/test_ticket', testTicketRouter);\r\napp.use('/api/test_user', testUserRouter);\r\napp.use('/api/test_notifications', testNotificationsRouter);\r\napp.use('/api/test_group', testGroupRouter);\r\n\r\napp.get('/api/welcome', (req: any, res :any) => {\r\n    res.status(200).send({ message: 'Welcome to the server!' });\r\n});\r\n\r\n\r\nconst port = 3000;\r\n\r\nlet server = app.listen(port, () => {\r\n  console.log(`Server running on http://localhost:${port}`);\r\n});\r\n\r\nexport {app as default, server};\r\n"]},"all":true},"D:\\Lenovo Legion\\Documents\\University\\Capstone\\ABC-Service-Request-System\\backend\\src\\test_routers\\testGroup.model.ts":{"path":"D:\\Lenovo Legion\\Documents\\University\\Capstone\\ABC-Service-Request-System\\backend\\src\\test_routers\\testGroup.model.ts","statementMap":{"0":{"start":{"line":2,"column":0},"end":{"line":2,"column":62}},"1":{"start":{"line":3,"column":0},"end":{"line":3,"column":54}},"2":{"start":{"line":4,"column":17},"end":{"line":4,"column":36}},"3":{"start":{"line":5,"column":0},"end":{"line":10,"column":3}},"4":{"start":{"line":11,"column":14},"end":{"line":11,"column":49}},"5":{"start":{"line":12,"column":0},"end":{"line":12,"column":69}}},"fnMap":{},"branchMap":{},"s":{"0":0,"1":0,"2":0,"3":0,"4":0,"5":0},"f":{},"b":{},"inputSourceMap":{"version":3,"file":"D:/Lenovo Legion/Documents/University/Capstone/ABC-Service-Request-System/backend/src/test_routers/testGroup.model.ts","sources":["D:/Lenovo Legion/Documents/University/Capstone/ABC-Service-Request-System/backend/src/test_routers/testGroup.model.ts"],"names":[],"mappings":";;;AAAA,qCAA6C;AAUhC,QAAA,WAAW,GAAG,IAAI,iBAAM,CACjC;IACI,EAAE,EAAE,EAAC,IAAI,EAAE,MAAM,EAAE,QAAQ,EAAE,IAAI,EAAC;IAClC,SAAS,EAAE,EAAC,IAAI,EAAE,MAAM,EAAE,QAAQ,EAAE,IAAI,EAAC;IACzC,eAAe,EAAE,EAAC,IAAI,EAAE,MAAM,EAAE,QAAQ,EAAE,KAAK,EAAC;IAChD,MAAM,EAAE,CAAC,EAAC,IAAI,EAAE,iBAAM,CAAC,KAAK,CAAC,QAAQ,EAAE,GAAG,EAAE,MAAM,EAAC,CAAC;CACvD,CACJ,CAAA;AAED,IAAM,OAAO,GAAG,qBAAU,CAAC,KAAK,CAAC,MAAM,CAAC,CAAC;AAC5B,QAAA,cAAc,GAAG,OAAO,CAAC,KAAK,CAAC,OAAO,EAAE,mBAAW,CAAC,CAAC","sourcesContent":["import { Schema, connection } from \"mongoose\"\r\n\r\nexport interface group {\r\n    id: string\r\n    groupName: string\r\n    backgroundPhoto: string\r\n    people?: string[]\r\n\r\n}\r\n\r\nexport const groupSchema = new Schema<group>(\r\n    {\r\n        id: {type: String, required: true},\r\n        groupName: {type: String, required: true},\r\n        backgroundPhoto: {type: String, required: false},\r\n        people: [{type: Schema.Types.ObjectId, ref: 'user'}],\r\n    }\r\n)\r\n\r\nconst groupDB = connection.useDb(\"test\");\r\nexport const testGroupModel = groupDB.model(\"group\", groupSchema);"]},"all":true},"D:\\Lenovo Legion\\Documents\\University\\Capstone\\ABC-Service-Request-System\\backend\\src\\test_routers\\testGroup.router.ts":{"path":"D:\\Lenovo Legion\\Documents\\University\\Capstone\\ABC-Service-Request-System\\backend\\src\\test_routers\\testGroup.router.ts","statementMap":{"0":{"start":{"line":2,"column":16},"end":{"line":10,"column":1}},"1":{"start":{"line":3,"column":28},"end":{"line":3,"column":110}},"2":{"start":{"line":3,"column":91},"end":{"line":3,"column":106}},"3":{"start":{"line":4,"column":4},"end":{"line":9,"column":7}},"4":{"start":{"line":5,"column":36},"end":{"line":5,"column":97}},"5":{"start":{"line":5,"column":42},"end":{"line":5,"column":70}},"6":{"start":{"line":5,"column":85},"end":{"line":5,"column":95}},"7":{"start":{"line":6,"column":35},"end":{"line":6,"column":100}},"8":{"start":{"line":6,"column":41},"end":{"line":6,"column":73}},"9":{"start":{"line":6,"column":88},"end":{"line":6,"column":98}},"10":{"start":{"line":7,"column":32},"end":{"line":7,"column":116}},"11":{"start":{"line":8,"column":8},"end":{"line":8,"column":78}},"12":{"start":{"line":11,"column":18},"end":{"line":37,"column":1}},"13":{"start":{"line":12,"column":12},"end":{"line":12,"column":104}},"14":{"start":{"line":12,"column":43},"end":{"line":12,"column":68}},"15":{"start":{"line":12,"column":57},"end":{"line":12,"column":68}},"16":{"start":{"line":12,"column":69},"end":{"line":12,"column":81}},"17":{"start":{"line":13,"column":4},"end":{"line":13,"column":157}},"18":{"start":{"line":13,"column":138},"end":{"line":13,"column":150}},"19":{"start":{"line":14,"column":23},"end":{"line":14,"column":68}},"20":{"start":{"line":14,"column":45},"end":{"line":14,"column":65}},"21":{"start":{"line":16,"column":8},"end":{"line":16,"column":70}},"22":{"start":{"line":16,"column":15},"end":{"line":16,"column":70}},"23":{"start":{"line":17,"column":8},"end":{"line":34,"column":66}},"24":{"start":{"line":17,"column":50},"end":{"line":34,"column":66}},"25":{"start":{"line":18,"column":12},"end":{"line":18,"column":169}},"26":{"start":{"line":18,"column":160},"end":{"line":18,"column":169}},"27":{"start":{"line":19,"column":12},"end":{"line":19,"column":52}},"28":{"start":{"line":19,"column":26},"end":{"line":19,"column":52}},"29":{"start":{"line":20,"column":12},"end":{"line":32,"column":13}},"30":{"start":{"line":21,"column":32},"end":{"line":21,"column":39}},"31":{"start":{"line":21,"column":40},"end":{"line":21,"column":46}},"32":{"start":{"line":22,"column":24},"end":{"line":22,"column":34}},"33":{"start":{"line":22,"column":35},"end":{"line":22,"column":72}},"34":{"start":{"line":23,"column":24},"end":{"line":23,"column":34}},"35":{"start":{"line":23,"column":35},"end":{"line":23,"column":45}},"36":{"start":{"line":23,"column":46},"end":{"line":23,"column":55}},"37":{"start":{"line":23,"column":56},"end":{"line":23,"column":65}},"38":{"start":{"line":24,"column":24},"end":{"line":24,"column":41}},"39":{"start":{"line":24,"column":42},"end":{"line":24,"column":55}},"40":{"start":{"line":24,"column":56},"end":{"line":24,"column":65}},"41":{"start":{"line":26,"column":20},"end":{"line":26,"column":128}},"42":{"start":{"line":26,"column":110},"end":{"line":26,"column":116}},"43":{"start":{"line":26,"column":117},"end":{"line":26,"column":126}},"44":{"start":{"line":27,"column":20},"end":{"line":27,"column":106}},"45":{"start":{"line":27,"column":81},"end":{"line":27,"column":97}},"46":{"start":{"line":27,"column":98},"end":{"line":27,"column":104}},"47":{"start":{"line":28,"column":20},"end":{"line":28,"column":89}},"48":{"start":{"line":28,"column":57},"end":{"line":28,"column":72}},"49":{"start":{"line":28,"column":73},"end":{"line":28,"column":80}},"50":{"start":{"line":28,"column":81},"end":{"line":28,"column":87}},"51":{"start":{"line":29,"column":20},"end":{"line":29,"column":87}},"52":{"start":{"line":29,"column":47},"end":{"line":29,"column":62}},"53":{"start":{"line":29,"column":63},"end":{"line":29,"column":78}},"54":{"start":{"line":29,"column":79},"end":{"line":29,"column":85}},"55":{"start":{"line":30,"column":20},"end":{"line":30,"column":42}},"56":{"start":{"line":30,"column":30},"end":{"line":30,"column":42}},"57":{"start":{"line":31,"column":20},"end":{"line":31,"column":33}},"58":{"start":{"line":31,"column":34},"end":{"line":31,"column":43}},"59":{"start":{"line":33,"column":12},"end":{"line":33,"column":39}},"60":{"start":{"line":34,"column":22},"end":{"line":34,"column":34}},"61":{"start":{"line":34,"column":35},"end":{"line":34,"column":41}},"62":{"start":{"line":34,"column":54},"end":{"line":34,"column":64}},"63":{"start":{"line":35,"column":8},"end":{"line":35,"column":35}},"64":{"start":{"line":35,"column":23},"end":{"line":35,"column":35}},"65":{"start":{"line":35,"column":36},"end":{"line":35,"column":89}},"66":{"start":{"line":38,"column":22},"end":{"line":40,"column":1}},"67":{"start":{"line":39,"column":4},"end":{"line":39,"column":62}},"68":{"start":{"line":41,"column":0},"end":{"line":41,"column":62}},"69":{"start":{"line":42,"column":16},"end":{"line":42,"column":34}},"70":{"start":{"line":43,"column":30},"end":{"line":43,"column":79}},"71":{"start":{"line":44,"column":21},"end":{"line":44,"column":47}},"72":{"start":{"line":45,"column":15},"end":{"line":45,"column":49}},"73":{"start":{"line":46,"column":19},"end":{"line":46,"column":51}},"74":{"start":{"line":47,"column":24},"end":{"line":47,"column":52}},"75":{"start":{"line":48,"column":19},"end":{"line":48,"column":63}},"76":{"start":{"line":49,"column":23},"end":{"line":49,"column":50}},"77":{"start":{"line":50,"column":13},"end":{"line":50,"column":36}},"78":{"start":{"line":51,"column":14},"end":{"line":51,"column":46}},"79":{"start":{"line":52,"column":13},"end":{"line":52,"column":56}},"80":{"start":{"line":53,"column":0},"end":{"line":76,"column":7}},"81":{"start":{"line":53,"column":68},"end":{"line":76,"column":3}},"82":{"start":{"line":55,"column":4},"end":{"line":75,"column":7}},"83":{"start":{"line":56,"column":8},"end":{"line":74,"column":9}},"84":{"start":{"line":58,"column":16},"end":{"line":58,"column":42}},"85":{"start":{"line":59,"column":16},"end":{"line":62,"column":17}},"86":{"start":{"line":60,"column":20},"end":{"line":60,"column":74}},"87":{"start":{"line":61,"column":20},"end":{"line":61,"column":42}},"88":{"start":{"line":63,"column":16},"end":{"line":63,"column":48}},"89":{"start":{"line":64,"column":16},"end":{"line":64,"column":93}},"90":{"start":{"line":66,"column":16},"end":{"line":66,"column":35}},"91":{"start":{"line":67,"column":16},"end":{"line":67,"column":65}},"92":{"start":{"line":68,"column":16},"end":{"line":68,"column":40}},"93":{"start":{"line":70,"column":16},"end":{"line":70,"column":36}},"94":{"start":{"line":71,"column":16},"end":{"line":71,"column":71}},"95":{"start":{"line":72,"column":16},"end":{"line":72,"column":40}},"96":{"start":{"line":73,"column":20},"end":{"line":73,"column":42}},"97":{"start":{"line":77,"column":0},"end":{"line":88,"column":8}},"98":{"start":{"line":77,"column":75},"end":{"line":88,"column":3}},"99":{"start":{"line":79,"column":4},"end":{"line":87,"column":7}},"100":{"start":{"line":80,"column":8},"end":{"line":86,"column":9}},"101":{"start":{"line":81,"column":20},"end":{"line":81,"column":82}},"102":{"start":{"line":83,"column":16},"end":{"line":83,"column":35}},"103":{"start":{"line":84,"column":16},"end":{"line":84,"column":45}},"104":{"start":{"line":85,"column":16},"end":{"line":85,"column":38}},"105":{"start":{"line":89,"column":0},"end":{"line":106,"column":8}},"106":{"start":{"line":89,"column":79},"end":{"line":106,"column":3}},"107":{"start":{"line":91,"column":4},"end":{"line":105,"column":7}},"108":{"start":{"line":92,"column":8},"end":{"line":104,"column":9}},"109":{"start":{"line":93,"column":20},"end":{"line":93,"column":92}},"110":{"start":{"line":95,"column":16},"end":{"line":95,"column":40}},"111":{"start":{"line":96,"column":16},"end":{"line":99,"column":17}},"112":{"start":{"line":97,"column":20},"end":{"line":97,"column":65}},"113":{"start":{"line":98,"column":20},"end":{"line":98,"column":42}},"114":{"start":{"line":100,"column":16},"end":{"line":102,"column":95}},"115":{"start":{"line":101,"column":44},"end":{"line":101,"column":71}},"116":{"start":{"line":102,"column":44},"end":{"line":102,"column":91}},"117":{"start":{"line":103,"column":16},"end":{"line":103,"column":38}},"118":{"start":{"line":107,"column":0},"end":{"line":157,"column":8}},"119":{"start":{"line":107,"column":79},"end":{"line":157,"column":3}},"120":{"start":{"line":109,"column":4},"end":{"line":156,"column":7}},"121":{"start":{"line":110,"column":8},"end":{"line":155,"column":9}},"122":{"start":{"line":111,"column":20},"end":{"line":111,"column":92}},"123":{"start":{"line":113,"column":16},"end":{"line":113,"column":39}},"124":{"start":{"line":114,"column":16},"end":{"line":114,"column":45}},"125":{"start":{"line":115,"column":16},"end":{"line":120,"column":19}},"126":{"start":{"line":121,"column":16},"end":{"line":121,"column":29}},"127":{"start":{"line":123,"column":16},"end":{"line":123,"column":43}},"128":{"start":{"line":124,"column":16},"end":{"line":124,"column":85}},"129":{"start":{"line":126,"column":16},"end":{"line":126,"column":41}},"130":{"start":{"line":127,"column":16},"end":{"line":127,"column":44}},"131":{"start":{"line":128,"column":16},"end":{"line":128,"column":52}},"132":{"start":{"line":128,"column":28},"end":{"line":128,"column":52}},"133":{"start":{"line":129,"column":16},"end":{"line":129,"column":40}},"134":{"start":{"line":130,"column":16},"end":{"line":130,"column":29}},"135":{"start":{"line":132,"column":16},"end":{"line":132,"column":68}},"136":{"start":{"line":132,"column":44},"end":{"line":132,"column":68}},"137":{"start":{"line":133,"column":16},"end":{"line":133,"column":35}},"138":{"start":{"line":134,"column":16},"end":{"line":134,"column":76}},"139":{"start":{"line":136,"column":16},"end":{"line":136,"column":39}},"140":{"start":{"line":137,"column":16},"end":{"line":137,"column":57}},"141":{"start":{"line":137,"column":33},"end":{"line":137,"column":57}},"142":{"start":{"line":138,"column":16},"end":{"line":138,"column":56}},"143":{"start":{"line":139,"column":16},"end":{"line":139,"column":56}},"144":{"start":{"line":141,"column":16},"end":{"line":141,"column":26}},"145":{"start":{"line":142,"column":16},"end":{"line":142,"column":29}},"146":{"start":{"line":144,"column":16},"end":{"line":144,"column":21}},"147":{"start":{"line":145,"column":16},"end":{"line":145,"column":40}},"148":{"start":{"line":147,"column":16},"end":{"line":147,"column":51}},"149":{"start":{"line":148,"column":16},"end":{"line":148,"column":41}},"150":{"start":{"line":150,"column":16},"end":{"line":150,"column":36}},"151":{"start":{"line":151,"column":16},"end":{"line":151,"column":37}},"152":{"start":{"line":152,"column":16},"end":{"line":152,"column":80}},"153":{"start":{"line":153,"column":16},"end":{"line":153,"column":41}},"154":{"start":{"line":154,"column":21},"end":{"line":154,"column":43}},"155":{"start":{"line":158,"column":0},"end":{"line":182,"column":8}},"156":{"start":{"line":158,"column":89},"end":{"line":182,"column":3}},"157":{"start":{"line":160,"column":4},"end":{"line":181,"column":7}},"158":{"start":{"line":161,"column":8},"end":{"line":180,"column":9}},"159":{"start":{"line":163,"column":16},"end":{"line":163,"column":45}},"160":{"start":{"line":164,"column":16},"end":{"line":164,"column":96}},"161":{"start":{"line":166,"column":16},"end":{"line":166,"column":34}},"162":{"start":{"line":168,"column":16},"end":{"line":171,"column":17}},"163":{"start":{"line":169,"column":20},"end":{"line":169,"column":73}},"164":{"start":{"line":170,"column":20},"end":{"line":170,"column":42}},"165":{"start":{"line":172,"column":16},"end":{"line":172,"column":39}},"166":{"start":{"line":173,"column":16},"end":{"line":173,"column":93}},"167":{"start":{"line":175,"column":16},"end":{"line":175,"column":34}},"168":{"start":{"line":176,"column":16},"end":{"line":176,"column":167}},"169":{"start":{"line":176,"column":56},"end":{"line":176,"column":163}},"170":{"start":{"line":178,"column":16},"end":{"line":178,"column":48}},"171":{"start":{"line":179,"column":16},"end":{"line":179,"column":38}},"172":{"start":{"line":183,"column":0},"end":{"line":207,"column":8}},"173":{"start":{"line":183,"column":96},"end":{"line":207,"column":3}},"174":{"start":{"line":185,"column":4},"end":{"line":206,"column":7}},"175":{"start":{"line":186,"column":8},"end":{"line":205,"column":9}},"176":{"start":{"line":188,"column":16},"end":{"line":188,"column":45}},"177":{"start":{"line":189,"column":16},"end":{"line":189,"column":43}},"178":{"start":{"line":190,"column":16},"end":{"line":190,"column":96}},"179":{"start":{"line":192,"column":16},"end":{"line":192,"column":34}},"180":{"start":{"line":194,"column":16},"end":{"line":197,"column":17}},"181":{"start":{"line":195,"column":20},"end":{"line":195,"column":73}},"182":{"start":{"line":196,"column":20},"end":{"line":196,"column":42}},"183":{"start":{"line":198,"column":16},"end":{"line":198,"column":92}},"184":{"start":{"line":200,"column":16},"end":{"line":200,"column":34}},"185":{"start":{"line":201,"column":16},"end":{"line":201,"column":164}},"186":{"start":{"line":201,"column":56},"end":{"line":201,"column":160}},"187":{"start":{"line":203,"column":16},"end":{"line":203,"column":48}},"188":{"start":{"line":204,"column":16},"end":{"line":204,"column":38}},"189":{"start":{"line":208,"column":0},"end":{"line":244,"column":8}},"190":{"start":{"line":208,"column":102},"end":{"line":244,"column":3}},"191":{"start":{"line":210,"column":4},"end":{"line":243,"column":7}},"192":{"start":{"line":211,"column":8},"end":{"line":242,"column":9}},"193":{"start":{"line":213,"column":16},"end":{"line":213,"column":45}},"194":{"start":{"line":214,"column":16},"end":{"line":214,"column":69}},"195":{"start":{"line":215,"column":16},"end":{"line":215,"column":64}},"196":{"start":{"line":216,"column":16},"end":{"line":216,"column":96}},"197":{"start":{"line":218,"column":16},"end":{"line":218,"column":34}},"198":{"start":{"line":219,"column":16},"end":{"line":222,"column":17}},"199":{"start":{"line":220,"column":20},"end":{"line":220,"column":73}},"200":{"start":{"line":221,"column":20},"end":{"line":221,"column":42}},"201":{"start":{"line":223,"column":16},"end":{"line":223,"column":106}},"202":{"start":{"line":225,"column":16},"end":{"line":225,"column":41}},"203":{"start":{"line":226,"column":16},"end":{"line":229,"column":17}},"204":{"start":{"line":227,"column":20},"end":{"line":227,"column":72}},"205":{"start":{"line":228,"column":20},"end":{"line":228,"column":42}},"206":{"start":{"line":230,"column":16},"end":{"line":230,"column":78}},"207":{"start":{"line":231,"column":16},"end":{"line":231,"column":65}},"208":{"start":{"line":231,"column":41},"end":{"line":231,"column":65}},"209":{"start":{"line":232,"column":16},"end":{"line":232,"column":50}},"210":{"start":{"line":233,"column":16},"end":{"line":233,"column":51}},"211":{"start":{"line":235,"column":16},"end":{"line":235,"column":26}},"212":{"start":{"line":236,"column":16},"end":{"line":236,"column":79}},"213":{"start":{"line":237,"column":16},"end":{"line":237,"column":40}},"214":{"start":{"line":239,"column":16},"end":{"line":239,"column":81}},"215":{"start":{"line":240,"column":16},"end":{"line":240,"column":29}},"216":{"start":{"line":241,"column":20},"end":{"line":241,"column":42}},"217":{"start":{"line":245,"column":0},"end":{"line":269,"column":8}},"218":{"start":{"line":245,"column":88},"end":{"line":269,"column":3}},"219":{"start":{"line":247,"column":4},"end":{"line":268,"column":7}},"220":{"start":{"line":248,"column":8},"end":{"line":267,"column":9}},"221":{"start":{"line":250,"column":16},"end":{"line":250,"column":45}},"222":{"start":{"line":251,"column":16},"end":{"line":251,"column":96}},"223":{"start":{"line":253,"column":16},"end":{"line":253,"column":34}},"224":{"start":{"line":254,"column":16},"end":{"line":257,"column":17}},"225":{"start":{"line":255,"column":20},"end":{"line":255,"column":73}},"226":{"start":{"line":256,"column":20},"end":{"line":256,"column":42}},"227":{"start":{"line":258,"column":16},"end":{"line":258,"column":44}},"228":{"start":{"line":259,"column":16},"end":{"line":265,"column":17}},"229":{"start":{"line":260,"column":20},"end":{"line":260,"column":43}},"230":{"start":{"line":261,"column":20},"end":{"line":261,"column":67}},"231":{"start":{"line":264,"column":20},"end":{"line":264,"column":78}},"232":{"start":{"line":266,"column":16},"end":{"line":266,"column":38}},"233":{"start":{"line":270,"column":0},"end":{"line":291,"column":8}},"234":{"start":{"line":270,"column":93},"end":{"line":291,"column":3}},"235":{"start":{"line":272,"column":4},"end":{"line":290,"column":7}},"236":{"start":{"line":273,"column":8},"end":{"line":289,"column":9}},"237":{"start":{"line":275,"column":16},"end":{"line":275,"column":45}},"238":{"start":{"line":276,"column":16},"end":{"line":276,"column":96}},"239":{"start":{"line":278,"column":16},"end":{"line":278,"column":34}},"240":{"start":{"line":279,"column":16},"end":{"line":282,"column":17}},"241":{"start":{"line":280,"column":20},"end":{"line":280,"column":73}},"242":{"start":{"line":281,"column":20},"end":{"line":281,"column":42}},"243":{"start":{"line":283,"column":16},"end":{"line":283,"column":98}},"244":{"start":{"line":285,"column":16},"end":{"line":285,"column":26}},"245":{"start":{"line":287,"column":16},"end":{"line":287,"column":80}},"246":{"start":{"line":288,"column":16},"end":{"line":288,"column":38}},"247":{"start":{"line":292,"column":0},"end":{"line":321,"column":8}},"248":{"start":{"line":292,"column":85},"end":{"line":321,"column":3}},"249":{"start":{"line":294,"column":4},"end":{"line":320,"column":7}},"250":{"start":{"line":295,"column":8},"end":{"line":319,"column":9}},"251":{"start":{"line":297,"column":16},"end":{"line":297,"column":42}},"252":{"start":{"line":298,"column":16},"end":{"line":298,"column":68}},"253":{"start":{"line":299,"column":16},"end":{"line":303,"column":39}},"254":{"start":{"line":305,"column":16},"end":{"line":305,"column":37}},"255":{"start":{"line":306,"column":16},"end":{"line":306,"column":38}},"256":{"start":{"line":307,"column":16},"end":{"line":312,"column":17}},"257":{"start":{"line":308,"column":20},"end":{"line":308,"column":78}},"258":{"start":{"line":311,"column":20},"end":{"line":311,"column":73}},"259":{"start":{"line":313,"column":16},"end":{"line":313,"column":40}},"260":{"start":{"line":315,"column":16},"end":{"line":315,"column":36}},"261":{"start":{"line":316,"column":16},"end":{"line":316,"column":73}},"262":{"start":{"line":317,"column":16},"end":{"line":317,"column":40}},"263":{"start":{"line":318,"column":20},"end":{"line":318,"column":42}},"264":{"start":{"line":322,"column":0},"end":{"line":348,"column":8}},"265":{"start":{"line":322,"column":83},"end":{"line":348,"column":3}},"266":{"start":{"line":324,"column":4},"end":{"line":347,"column":7}},"267":{"start":{"line":325,"column":8},"end":{"line":346,"column":9}},"268":{"start":{"line":327,"column":16},"end":{"line":327,"column":42}},"269":{"start":{"line":328,"column":16},"end":{"line":328,"column":45}},"270":{"start":{"line":329,"column":16},"end":{"line":329,"column":96}},"271":{"start":{"line":331,"column":16},"end":{"line":331,"column":34}},"272":{"start":{"line":332,"column":16},"end":{"line":339,"column":17}},"273":{"start":{"line":333,"column":20},"end":{"line":333,"column":73}},"274":{"start":{"line":334,"column":20},"end":{"line":334,"column":42}},"275":{"start":{"line":338,"column":20},"end":{"line":338,"column":48}},"276":{"start":{"line":340,"column":16},"end":{"line":340,"column":40}},"277":{"start":{"line":342,"column":16},"end":{"line":342,"column":36}},"278":{"start":{"line":343,"column":16},"end":{"line":343,"column":73}},"279":{"start":{"line":344,"column":16},"end":{"line":344,"column":40}},"280":{"start":{"line":345,"column":20},"end":{"line":345,"column":42}},"281":{"start":{"line":349,"column":0},"end":{"line":349,"column":25}}},"fnMap":{"0":{"name":"(anonymous_0)","decl":{"start":{"line":2,"column":44},"end":{"line":2,"column":45}},"loc":{"start":{"line":2,"column":89},"end":{"line":10,"column":1}},"line":2},"1":{"name":"adopt","decl":{"start":{"line":3,"column":13},"end":{"line":3,"column":18}},"loc":{"start":{"line":3,"column":26},"end":{"line":3,"column":112}},"line":3},"2":{"name":"(anonymous_2)","decl":{"start":{"line":3,"column":70},"end":{"line":3,"column":71}},"loc":{"start":{"line":3,"column":89},"end":{"line":3,"column":108}},"line":3},"3":{"name":"(anonymous_3)","decl":{"start":{"line":4,"column":36},"end":{"line":4,"column":37}},"loc":{"start":{"line":4,"column":63},"end":{"line":9,"column":5}},"line":4},"4":{"name":"fulfilled","decl":{"start":{"line":5,"column":17},"end":{"line":5,"column":26}},"loc":{"start":{"line":5,"column":34},"end":{"line":5,"column":99}},"line":5},"5":{"name":"rejected","decl":{"start":{"line":6,"column":17},"end":{"line":6,"column":25}},"loc":{"start":{"line":6,"column":33},"end":{"line":6,"column":102}},"line":6},"6":{"name":"step","decl":{"start":{"line":7,"column":17},"end":{"line":7,"column":21}},"loc":{"start":{"line":7,"column":30},"end":{"line":7,"column":118}},"line":7},"7":{"name":"(anonymous_7)","decl":{"start":{"line":11,"column":48},"end":{"line":11,"column":49}},"loc":{"start":{"line":11,"column":73},"end":{"line":37,"column":1}},"line":11},"8":{"name":"(anonymous_8)","decl":{"start":{"line":12,"column":30},"end":{"line":12,"column":31}},"loc":{"start":{"line":12,"column":41},"end":{"line":12,"column":83}},"line":12},"9":{"name":"(anonymous_9)","decl":{"start":{"line":13,"column":125},"end":{"line":13,"column":126}},"loc":{"start":{"line":13,"column":136},"end":{"line":13,"column":152}},"line":13},"10":{"name":"verb","decl":{"start":{"line":14,"column":13},"end":{"line":14,"column":17}},"loc":{"start":{"line":14,"column":21},"end":{"line":14,"column":70}},"line":14},"11":{"name":"(anonymous_11)","decl":{"start":{"line":14,"column":30},"end":{"line":14,"column":31}},"loc":{"start":{"line":14,"column":43},"end":{"line":14,"column":67}},"line":14},"12":{"name":"step","decl":{"start":{"line":15,"column":13},"end":{"line":15,"column":17}},"loc":{"start":{"line":15,"column":22},"end":{"line":36,"column":5}},"line":15},"13":{"name":"(anonymous_13)","decl":{"start":{"line":38,"column":56},"end":{"line":38,"column":57}},"loc":{"start":{"line":38,"column":71},"end":{"line":40,"column":1}},"line":38},"14":{"name":"(anonymous_14)","decl":{"start":{"line":53,"column":46},"end":{"line":53,"column":47}},"loc":{"start":{"line":53,"column":66},"end":{"line":76,"column":5}},"line":53},"15":{"name":"(anonymous_15)","decl":{"start":{"line":53,"column":109},"end":{"line":53,"column":110}},"loc":{"start":{"line":53,"column":121},"end":{"line":76,"column":1}},"line":53},"16":{"name":"(anonymous_16)","decl":{"start":{"line":55,"column":29},"end":{"line":55,"column":30}},"loc":{"start":{"line":55,"column":43},"end":{"line":75,"column":5}},"line":55},"17":{"name":"(anonymous_17)","decl":{"start":{"line":77,"column":53},"end":{"line":77,"column":54}},"loc":{"start":{"line":77,"column":73},"end":{"line":88,"column":5}},"line":77},"18":{"name":"(anonymous_18)","decl":{"start":{"line":77,"column":116},"end":{"line":77,"column":117}},"loc":{"start":{"line":77,"column":128},"end":{"line":88,"column":1}},"line":77},"19":{"name":"(anonymous_19)","decl":{"start":{"line":79,"column":29},"end":{"line":79,"column":30}},"loc":{"start":{"line":79,"column":43},"end":{"line":87,"column":5}},"line":79},"20":{"name":"(anonymous_20)","decl":{"start":{"line":89,"column":57},"end":{"line":89,"column":58}},"loc":{"start":{"line":89,"column":77},"end":{"line":106,"column":5}},"line":89},"21":{"name":"(anonymous_21)","decl":{"start":{"line":89,"column":120},"end":{"line":89,"column":121}},"loc":{"start":{"line":89,"column":132},"end":{"line":106,"column":1}},"line":89},"22":{"name":"(anonymous_22)","decl":{"start":{"line":91,"column":29},"end":{"line":91,"column":30}},"loc":{"start":{"line":91,"column":43},"end":{"line":105,"column":5}},"line":91},"23":{"name":"(anonymous_23)","decl":{"start":{"line":101,"column":26},"end":{"line":101,"column":27}},"loc":{"start":{"line":101,"column":42},"end":{"line":101,"column":73}},"line":101},"24":{"name":"(anonymous_24)","decl":{"start":{"line":102,"column":27},"end":{"line":102,"column":28}},"loc":{"start":{"line":102,"column":42},"end":{"line":102,"column":93}},"line":102},"25":{"name":"(anonymous_25)","decl":{"start":{"line":107,"column":57},"end":{"line":107,"column":58}},"loc":{"start":{"line":107,"column":77},"end":{"line":157,"column":5}},"line":107},"26":{"name":"(anonymous_26)","decl":{"start":{"line":107,"column":120},"end":{"line":107,"column":121}},"loc":{"start":{"line":107,"column":132},"end":{"line":157,"column":1}},"line":107},"27":{"name":"(anonymous_27)","decl":{"start":{"line":109,"column":29},"end":{"line":109,"column":30}},"loc":{"start":{"line":109,"column":43},"end":{"line":156,"column":5}},"line":109},"28":{"name":"(anonymous_28)","decl":{"start":{"line":158,"column":67},"end":{"line":158,"column":68}},"loc":{"start":{"line":158,"column":87},"end":{"line":182,"column":5}},"line":158},"29":{"name":"(anonymous_29)","decl":{"start":{"line":158,"column":130},"end":{"line":158,"column":131}},"loc":{"start":{"line":158,"column":142},"end":{"line":182,"column":1}},"line":158},"30":{"name":"(anonymous_30)","decl":{"start":{"line":160,"column":29},"end":{"line":160,"column":30}},"loc":{"start":{"line":160,"column":43},"end":{"line":181,"column":5}},"line":160},"31":{"name":"(anonymous_31)","decl":{"start":{"line":176,"column":38},"end":{"line":176,"column":39}},"loc":{"start":{"line":176,"column":54},"end":{"line":176,"column":165}},"line":176},"32":{"name":"(anonymous_32)","decl":{"start":{"line":183,"column":74},"end":{"line":183,"column":75}},"loc":{"start":{"line":183,"column":94},"end":{"line":207,"column":5}},"line":183},"33":{"name":"(anonymous_33)","decl":{"start":{"line":183,"column":137},"end":{"line":183,"column":138}},"loc":{"start":{"line":183,"column":149},"end":{"line":207,"column":1}},"line":183},"34":{"name":"(anonymous_34)","decl":{"start":{"line":185,"column":29},"end":{"line":185,"column":30}},"loc":{"start":{"line":185,"column":43},"end":{"line":206,"column":5}},"line":185},"35":{"name":"(anonymous_35)","decl":{"start":{"line":201,"column":38},"end":{"line":201,"column":39}},"loc":{"start":{"line":201,"column":54},"end":{"line":201,"column":162}},"line":201},"36":{"name":"(anonymous_36)","decl":{"start":{"line":208,"column":80},"end":{"line":208,"column":81}},"loc":{"start":{"line":208,"column":100},"end":{"line":244,"column":5}},"line":208},"37":{"name":"(anonymous_37)","decl":{"start":{"line":208,"column":143},"end":{"line":208,"column":144}},"loc":{"start":{"line":208,"column":155},"end":{"line":244,"column":1}},"line":208},"38":{"name":"(anonymous_38)","decl":{"start":{"line":210,"column":29},"end":{"line":210,"column":30}},"loc":{"start":{"line":210,"column":43},"end":{"line":243,"column":5}},"line":210},"39":{"name":"(anonymous_39)","decl":{"start":{"line":245,"column":66},"end":{"line":245,"column":67}},"loc":{"start":{"line":245,"column":86},"end":{"line":269,"column":5}},"line":245},"40":{"name":"(anonymous_40)","decl":{"start":{"line":245,"column":129},"end":{"line":245,"column":130}},"loc":{"start":{"line":245,"column":141},"end":{"line":269,"column":1}},"line":245},"41":{"name":"(anonymous_41)","decl":{"start":{"line":247,"column":29},"end":{"line":247,"column":30}},"loc":{"start":{"line":247,"column":43},"end":{"line":268,"column":5}},"line":247},"42":{"name":"(anonymous_42)","decl":{"start":{"line":270,"column":71},"end":{"line":270,"column":72}},"loc":{"start":{"line":270,"column":91},"end":{"line":291,"column":5}},"line":270},"43":{"name":"(anonymous_43)","decl":{"start":{"line":270,"column":134},"end":{"line":270,"column":135}},"loc":{"start":{"line":270,"column":146},"end":{"line":291,"column":1}},"line":270},"44":{"name":"(anonymous_44)","decl":{"start":{"line":272,"column":29},"end":{"line":272,"column":30}},"loc":{"start":{"line":272,"column":43},"end":{"line":290,"column":5}},"line":272},"45":{"name":"(anonymous_45)","decl":{"start":{"line":292,"column":63},"end":{"line":292,"column":64}},"loc":{"start":{"line":292,"column":83},"end":{"line":321,"column":5}},"line":292},"46":{"name":"(anonymous_46)","decl":{"start":{"line":292,"column":126},"end":{"line":292,"column":127}},"loc":{"start":{"line":292,"column":138},"end":{"line":321,"column":1}},"line":292},"47":{"name":"(anonymous_47)","decl":{"start":{"line":294,"column":29},"end":{"line":294,"column":30}},"loc":{"start":{"line":294,"column":43},"end":{"line":320,"column":5}},"line":294},"48":{"name":"(anonymous_48)","decl":{"start":{"line":322,"column":61},"end":{"line":322,"column":62}},"loc":{"start":{"line":322,"column":81},"end":{"line":348,"column":5}},"line":322},"49":{"name":"(anonymous_49)","decl":{"start":{"line":322,"column":124},"end":{"line":322,"column":125}},"loc":{"start":{"line":322,"column":136},"end":{"line":348,"column":1}},"line":322},"50":{"name":"(anonymous_50)","decl":{"start":{"line":324,"column":29},"end":{"line":324,"column":30}},"loc":{"start":{"line":324,"column":43},"end":{"line":347,"column":5}},"line":324}},"branchMap":{"0":{"loc":{"start":{"line":2,"column":16},"end":{"line":10,"column":1}},"type":"binary-expr","locations":[{"start":{"line":2,"column":17},"end":{"line":2,"column":21}},{"start":{"line":2,"column":25},"end":{"line":2,"column":39}},{"start":{"line":2,"column":44},"end":{"line":10,"column":1}}],"line":2},"1":{"loc":{"start":{"line":3,"column":35},"end":{"line":3,"column":109}},"type":"cond-expr","locations":[{"start":{"line":3,"column":56},"end":{"line":3,"column":61}},{"start":{"line":3,"column":64},"end":{"line":3,"column":109}}],"line":3},"2":{"loc":{"start":{"line":4,"column":16},"end":{"line":4,"column":34}},"type":"binary-expr","locations":[{"start":{"line":4,"column":16},"end":{"line":4,"column":17}},{"start":{"line":4,"column":22},"end":{"line":4,"column":33}}],"line":4},"3":{"loc":{"start":{"line":7,"column":32},"end":{"line":7,"column":115}},"type":"cond-expr","locations":[{"start":{"line":7,"column":46},"end":{"line":7,"column":67}},{"start":{"line":7,"column":70},"end":{"line":7,"column":115}}],"line":7},"4":{"loc":{"start":{"line":8,"column":51},"end":{"line":8,"column":67}},"type":"binary-expr","locations":[{"start":{"line":8,"column":51},"end":{"line":8,"column":61}},{"start":{"line":8,"column":65},"end":{"line":8,"column":67}}],"line":8},"5":{"loc":{"start":{"line":11,"column":18},"end":{"line":37,"column":1}},"type":"binary-expr","locations":[{"start":{"line":11,"column":19},"end":{"line":11,"column":23}},{"start":{"line":11,"column":27},"end":{"line":11,"column":43}},{"start":{"line":11,"column":48},"end":{"line":37,"column":1}}],"line":11},"6":{"loc":{"start":{"line":12,"column":43},"end":{"line":12,"column":68}},"type":"if","locations":[{"start":{"line":12,"column":43},"end":{"line":12,"column":68}},{"start":{"line":12,"column":43},"end":{"line":12,"column":68}}],"line":12},"7":{"loc":{"start":{"line":13,"column":71},"end":{"line":13,"column":153}},"type":"binary-expr","locations":[{"start":{"line":13,"column":71},"end":{"line":13,"column":99}},{"start":{"line":13,"column":104},"end":{"line":13,"column":152}}],"line":13},"8":{"loc":{"start":{"line":16,"column":8},"end":{"line":16,"column":70}},"type":"if","locations":[{"start":{"line":16,"column":8},"end":{"line":16,"column":70}},{"start":{"line":16,"column":8},"end":{"line":16,"column":70}}],"line":16},"9":{"loc":{"start":{"line":17,"column":15},"end":{"line":17,"column":45}},"type":"binary-expr","locations":[{"start":{"line":17,"column":15},"end":{"line":17,"column":16}},{"start":{"line":17,"column":21},"end":{"line":17,"column":44}}],"line":17},"10":{"loc":{"start":{"line":17,"column":28},"end":{"line":17,"column":44}},"type":"binary-expr","locations":[{"start":{"line":17,"column":28},"end":{"line":17,"column":33}},{"start":{"line":17,"column":38},"end":{"line":17,"column":43}}],"line":17},"11":{"loc":{"start":{"line":18,"column":12},"end":{"line":18,"column":169}},"type":"if","locations":[{"start":{"line":18,"column":12},"end":{"line":18,"column":169}},{"start":{"line":18,"column":12},"end":{"line":18,"column":169}}],"line":18},"12":{"loc":{"start":{"line":18,"column":23},"end":{"line":18,"column":158}},"type":"binary-expr","locations":[{"start":{"line":18,"column":23},"end":{"line":18,"column":24}},{"start":{"line":18,"column":29},"end":{"line":18,"column":125}},{"start":{"line":18,"column":130},"end":{"line":18,"column":158}}],"line":18},"13":{"loc":{"start":{"line":18,"column":33},"end":{"line":18,"column":125}},"type":"cond-expr","locations":[{"start":{"line":18,"column":45},"end":{"line":18,"column":56}},{"start":{"line":18,"column":59},"end":{"line":18,"column":125}}],"line":18},"14":{"loc":{"start":{"line":18,"column":59},"end":{"line":18,"column":125}},"type":"cond-expr","locations":[{"start":{"line":18,"column":67},"end":{"line":18,"column":116}},{"start":{"line":18,"column":119},"end":{"line":18,"column":125}}],"line":18},"15":{"loc":{"start":{"line":18,"column":67},"end":{"line":18,"column":116}},"type":"binary-expr","locations":[{"start":{"line":18,"column":67},"end":{"line":18,"column":77}},{"start":{"line":18,"column":82},"end":{"line":18,"column":115}}],"line":18},"16":{"loc":{"start":{"line":18,"column":82},"end":{"line":18,"column":112}},"type":"binary-expr","locations":[{"start":{"line":18,"column":83},"end":{"line":18,"column":98}},{"start":{"line":18,"column":103},"end":{"line":18,"column":112}}],"line":18},"17":{"loc":{"start":{"line":19,"column":12},"end":{"line":19,"column":52}},"type":"if","locations":[{"start":{"line":19,"column":12},"end":{"line":19,"column":52}},{"start":{"line":19,"column":12},"end":{"line":19,"column":52}}],"line":19},"18":{"loc":{"start":{"line":20,"column":12},"end":{"line":32,"column":13}},"type":"switch","locations":[{"start":{"line":21,"column":16},"end":{"line":21,"column":23}},{"start":{"line":21,"column":24},"end":{"line":21,"column":46}},{"start":{"line":22,"column":16},"end":{"line":22,"column":72}},{"start":{"line":23,"column":16},"end":{"line":23,"column":65}},{"start":{"line":24,"column":16},"end":{"line":24,"column":65}},{"start":{"line":25,"column":16},"end":{"line":31,"column":43}}],"line":20},"19":{"loc":{"start":{"line":26,"column":20},"end":{"line":26,"column":128}},"type":"if","locations":[{"start":{"line":26,"column":20},"end":{"line":26,"column":128}},{"start":{"line":26,"column":20},"end":{"line":26,"column":128}}],"line":26},"20":{"loc":{"start":{"line":26,"column":24},"end":{"line":26,"column":106}},"type":"binary-expr","locations":[{"start":{"line":26,"column":24},"end":{"line":26,"column":74}},{"start":{"line":26,"column":79},"end":{"line":26,"column":90}},{"start":{"line":26,"column":94},"end":{"line":26,"column":105}}],"line":26},"21":{"loc":{"start":{"line":26,"column":42},"end":{"line":26,"column":73}},"type":"binary-expr","locations":[{"start":{"line":26,"column":42},"end":{"line":26,"column":54}},{"start":{"line":26,"column":58},"end":{"line":26,"column":73}}],"line":26},"22":{"loc":{"start":{"line":27,"column":20},"end":{"line":27,"column":106}},"type":"if","locations":[{"start":{"line":27,"column":20},"end":{"line":27,"column":106}},{"start":{"line":27,"column":20},"end":{"line":27,"column":106}}],"line":27},"23":{"loc":{"start":{"line":27,"column":24},"end":{"line":27,"column":77}},"type":"binary-expr","locations":[{"start":{"line":27,"column":24},"end":{"line":27,"column":35}},{"start":{"line":27,"column":40},"end":{"line":27,"column":42}},{"start":{"line":27,"column":47},"end":{"line":27,"column":59}},{"start":{"line":27,"column":63},"end":{"line":27,"column":75}}],"line":27},"24":{"loc":{"start":{"line":28,"column":20},"end":{"line":28,"column":89}},"type":"if","locations":[{"start":{"line":28,"column":20},"end":{"line":28,"column":89}},{"start":{"line":28,"column":20},"end":{"line":28,"column":89}}],"line":28},"25":{"loc":{"start":{"line":28,"column":24},"end":{"line":28,"column":53}},"type":"binary-expr","locations":[{"start":{"line":28,"column":24},"end":{"line":28,"column":35}},{"start":{"line":28,"column":39},"end":{"line":28,"column":53}}],"line":28},"26":{"loc":{"start":{"line":29,"column":20},"end":{"line":29,"column":87}},"type":"if","locations":[{"start":{"line":29,"column":20},"end":{"line":29,"column":87}},{"start":{"line":29,"column":20},"end":{"line":29,"column":87}}],"line":29},"27":{"loc":{"start":{"line":29,"column":24},"end":{"line":29,"column":43}},"type":"binary-expr","locations":[{"start":{"line":29,"column":24},"end":{"line":29,"column":25}},{"start":{"line":29,"column":29},"end":{"line":29,"column":43}}],"line":29},"28":{"loc":{"start":{"line":30,"column":20},"end":{"line":30,"column":42}},"type":"if","locations":[{"start":{"line":30,"column":20},"end":{"line":30,"column":42}},{"start":{"line":30,"column":20},"end":{"line":30,"column":42}}],"line":30},"29":{"loc":{"start":{"line":35,"column":8},"end":{"line":35,"column":35}},"type":"if","locations":[{"start":{"line":35,"column":8},"end":{"line":35,"column":35}},{"start":{"line":35,"column":8},"end":{"line":35,"column":35}}],"line":35},"30":{"loc":{"start":{"line":35,"column":52},"end":{"line":35,"column":74}},"type":"cond-expr","locations":[{"start":{"line":35,"column":60},"end":{"line":35,"column":65}},{"start":{"line":35,"column":68},"end":{"line":35,"column":74}}],"line":35},"31":{"loc":{"start":{"line":38,"column":22},"end":{"line":40,"column":1}},"type":"binary-expr","locations":[{"start":{"line":38,"column":23},"end":{"line":38,"column":27}},{"start":{"line":38,"column":31},"end":{"line":38,"column":51}},{"start":{"line":38,"column":56},"end":{"line":40,"column":1}}],"line":38},"32":{"loc":{"start":{"line":39,"column":11},"end":{"line":39,"column":61}},"type":"cond-expr","locations":[{"start":{"line":39,"column":37},"end":{"line":39,"column":40}},{"start":{"line":39,"column":43},"end":{"line":39,"column":61}}],"line":39},"33":{"loc":{"start":{"line":39,"column":12},"end":{"line":39,"column":33}},"type":"binary-expr","locations":[{"start":{"line":39,"column":12},"end":{"line":39,"column":15}},{"start":{"line":39,"column":19},"end":{"line":39,"column":33}}],"line":39},"34":{"loc":{"start":{"line":56,"column":8},"end":{"line":74,"column":9}},"type":"switch","locations":[{"start":{"line":57,"column":12},"end":{"line":64,"column":93}},{"start":{"line":65,"column":12},"end":{"line":68,"column":40}},{"start":{"line":69,"column":12},"end":{"line":72,"column":40}},{"start":{"line":73,"column":12},"end":{"line":73,"column":42}}],"line":56},"35":{"loc":{"start":{"line":59,"column":16},"end":{"line":62,"column":17}},"type":"if","locations":[{"start":{"line":59,"column":16},"end":{"line":62,"column":17}},{"start":{"line":59,"column":16},"end":{"line":62,"column":17}}],"line":59},"36":{"loc":{"start":{"line":80,"column":8},"end":{"line":86,"column":9}},"type":"switch","locations":[{"start":{"line":81,"column":12},"end":{"line":81,"column":82}},{"start":{"line":82,"column":12},"end":{"line":85,"column":38}}],"line":80},"37":{"loc":{"start":{"line":92,"column":8},"end":{"line":104,"column":9}},"type":"switch","locations":[{"start":{"line":93,"column":12},"end":{"line":93,"column":92}},{"start":{"line":94,"column":12},"end":{"line":103,"column":38}}],"line":92},"38":{"loc":{"start":{"line":96,"column":16},"end":{"line":99,"column":17}},"type":"if","locations":[{"start":{"line":96,"column":16},"end":{"line":99,"column":17}},{"start":{"line":96,"column":16},"end":{"line":99,"column":17}}],"line":96},"39":{"loc":{"start":{"line":110,"column":8},"end":{"line":155,"column":9}},"type":"switch","locations":[{"start":{"line":111,"column":12},"end":{"line":111,"column":92}},{"start":{"line":112,"column":12},"end":{"line":121,"column":29}},{"start":{"line":122,"column":12},"end":{"line":124,"column":85}},{"start":{"line":125,"column":12},"end":{"line":130,"column":29}},{"start":{"line":131,"column":12},"end":{"line":134,"column":76}},{"start":{"line":135,"column":12},"end":{"line":139,"column":56}},{"start":{"line":140,"column":12},"end":{"line":142,"column":29}},{"start":{"line":143,"column":12},"end":{"line":145,"column":40}},{"start":{"line":146,"column":12},"end":{"line":148,"column":41}},{"start":{"line":149,"column":12},"end":{"line":153,"column":41}},{"start":{"line":154,"column":12},"end":{"line":154,"column":43}}],"line":110},"40":{"loc":{"start":{"line":128,"column":16},"end":{"line":128,"column":52}},"type":"if","locations":[{"start":{"line":128,"column":16},"end":{"line":128,"column":52}},{"start":{"line":128,"column":16},"end":{"line":128,"column":52}}],"line":128},"41":{"loc":{"start":{"line":132,"column":16},"end":{"line":132,"column":68}},"type":"if","locations":[{"start":{"line":132,"column":16},"end":{"line":132,"column":68}},{"start":{"line":132,"column":16},"end":{"line":132,"column":68}}],"line":132},"42":{"loc":{"start":{"line":137,"column":16},"end":{"line":137,"column":57}},"type":"if","locations":[{"start":{"line":137,"column":16},"end":{"line":137,"column":57}},{"start":{"line":137,"column":16},"end":{"line":137,"column":57}}],"line":137},"43":{"loc":{"start":{"line":161,"column":8},"end":{"line":180,"column":9}},"type":"switch","locations":[{"start":{"line":162,"column":12},"end":{"line":164,"column":96}},{"start":{"line":165,"column":12},"end":{"line":173,"column":93}},{"start":{"line":174,"column":12},"end":{"line":179,"column":38}}],"line":161},"44":{"loc":{"start":{"line":168,"column":16},"end":{"line":171,"column":17}},"type":"if","locations":[{"start":{"line":168,"column":16},"end":{"line":171,"column":17}},{"start":{"line":168,"column":16},"end":{"line":171,"column":17}}],"line":168},"45":{"loc":{"start":{"line":186,"column":8},"end":{"line":205,"column":9}},"type":"switch","locations":[{"start":{"line":187,"column":12},"end":{"line":190,"column":96}},{"start":{"line":191,"column":12},"end":{"line":198,"column":92}},{"start":{"line":199,"column":12},"end":{"line":204,"column":38}}],"line":186},"46":{"loc":{"start":{"line":194,"column":16},"end":{"line":197,"column":17}},"type":"if","locations":[{"start":{"line":194,"column":16},"end":{"line":197,"column":17}},{"start":{"line":194,"column":16},"end":{"line":197,"column":17}}],"line":194},"47":{"loc":{"start":{"line":211,"column":8},"end":{"line":242,"column":9}},"type":"switch","locations":[{"start":{"line":212,"column":12},"end":{"line":216,"column":96}},{"start":{"line":217,"column":12},"end":{"line":223,"column":106}},{"start":{"line":224,"column":12},"end":{"line":233,"column":51}},{"start":{"line":234,"column":12},"end":{"line":237,"column":40}},{"start":{"line":238,"column":12},"end":{"line":240,"column":29}},{"start":{"line":241,"column":12},"end":{"line":241,"column":42}}],"line":211},"48":{"loc":{"start":{"line":219,"column":16},"end":{"line":222,"column":17}},"type":"if","locations":[{"start":{"line":219,"column":16},"end":{"line":222,"column":17}},{"start":{"line":219,"column":16},"end":{"line":222,"column":17}}],"line":219},"49":{"loc":{"start":{"line":226,"column":16},"end":{"line":229,"column":17}},"type":"if","locations":[{"start":{"line":226,"column":16},"end":{"line":229,"column":17}},{"start":{"line":226,"column":16},"end":{"line":229,"column":17}}],"line":226},"50":{"loc":{"start":{"line":231,"column":16},"end":{"line":231,"column":65}},"type":"if","locations":[{"start":{"line":231,"column":16},"end":{"line":231,"column":65}},{"start":{"line":231,"column":16},"end":{"line":231,"column":65}}],"line":231},"51":{"loc":{"start":{"line":248,"column":8},"end":{"line":267,"column":9}},"type":"switch","locations":[{"start":{"line":249,"column":12},"end":{"line":251,"column":96}},{"start":{"line":252,"column":12},"end":{"line":266,"column":38}}],"line":248},"52":{"loc":{"start":{"line":254,"column":16},"end":{"line":257,"column":17}},"type":"if","locations":[{"start":{"line":254,"column":16},"end":{"line":257,"column":17}},{"start":{"line":254,"column":16},"end":{"line":257,"column":17}}],"line":254},"53":{"loc":{"start":{"line":259,"column":16},"end":{"line":265,"column":17}},"type":"if","locations":[{"start":{"line":259,"column":16},"end":{"line":265,"column":17}},{"start":{"line":259,"column":16},"end":{"line":265,"column":17}}],"line":259},"54":{"loc":{"start":{"line":273,"column":8},"end":{"line":289,"column":9}},"type":"switch","locations":[{"start":{"line":274,"column":12},"end":{"line":276,"column":96}},{"start":{"line":277,"column":12},"end":{"line":283,"column":98}},{"start":{"line":284,"column":12},"end":{"line":288,"column":38}}],"line":273},"55":{"loc":{"start":{"line":279,"column":16},"end":{"line":282,"column":17}},"type":"if","locations":[{"start":{"line":279,"column":16},"end":{"line":282,"column":17}},{"start":{"line":279,"column":16},"end":{"line":282,"column":17}}],"line":279},"56":{"loc":{"start":{"line":295,"column":8},"end":{"line":319,"column":9}},"type":"switch","locations":[{"start":{"line":296,"column":12},"end":{"line":303,"column":39}},{"start":{"line":304,"column":12},"end":{"line":313,"column":40}},{"start":{"line":314,"column":12},"end":{"line":317,"column":40}},{"start":{"line":318,"column":12},"end":{"line":318,"column":42}}],"line":295},"57":{"loc":{"start":{"line":307,"column":16},"end":{"line":312,"column":17}},"type":"if","locations":[{"start":{"line":307,"column":16},"end":{"line":312,"column":17}},{"start":{"line":307,"column":16},"end":{"line":312,"column":17}}],"line":307},"58":{"loc":{"start":{"line":325,"column":8},"end":{"line":346,"column":9}},"type":"switch","locations":[{"start":{"line":326,"column":12},"end":{"line":329,"column":96}},{"start":{"line":330,"column":12},"end":{"line":340,"column":40}},{"start":{"line":341,"column":12},"end":{"line":344,"column":40}},{"start":{"line":345,"column":12},"end":{"line":345,"column":42}}],"line":325},"59":{"loc":{"start":{"line":332,"column":16},"end":{"line":339,"column":17}},"type":"if","locations":[{"start":{"line":332,"column":16},"end":{"line":339,"column":17}},{"start":{"line":332,"column":16},"end":{"line":339,"column":17}}],"line":332}},"s":{"0":0,"1":0,"2":0,"3":0,"4":0,"5":0,"6":0,"7":0,"8":0,"9":0,"10":0,"11":0,"12":0,"13":0,"14":0,"15":0,"16":0,"17":0,"18":0,"19":0,"20":0,"21":0,"22":0,"23":0,"24":0,"25":0,"26":0,"27":0,"28":0,"29":0,"30":0,"31":0,"32":0,"33":0,"34":0,"35":0,"36":0,"37":0,"38":0,"39":0,"40":0,"41":0,"42":0,"43":0,"44":0,"45":0,"46":0,"47":0,"48":0,"49":0,"50":0,"51":0,"52":0,"53":0,"54":0,"55":0,"56":0,"57":0,"58":0,"59":0,"60":0,"61":0,"62":0,"63":0,"64":0,"65":0,"66":0,"67":0,"68":0,"69":0,"70":0,"71":0,"72":0,"73":0,"74":0,"75":0,"76":0,"77":0,"78":0,"79":0,"80":0,"81":0,"82":0,"83":0,"84":0,"85":0,"86":0,"87":0,"88":0,"89":0,"90":0,"91":0,"92":0,"93":0,"94":0,"95":0,"96":0,"97":0,"98":0,"99":0,"100":0,"101":0,"102":0,"103":0,"104":0,"105":0,"106":0,"107":0,"108":0,"109":0,"110":0,"111":0,"112":0,"113":0,"114":0,"115":0,"116":0,"117":0,"118":0,"119":0,"120":0,"121":0,"122":0,"123":0,"124":0,"125":0,"126":0,"127":0,"128":0,"129":0,"130":0,"131":0,"132":0,"133":0,"134":0,"135":0,"136":0,"137":0,"138":0,"139":0,"140":0,"141":0,"142":0,"143":0,"144":0,"145":0,"146":0,"147":0,"148":0,"149":0,"150":0,"151":0,"152":0,"153":0,"154":0,"155":0,"156":0,"157":0,"158":0,"159":0,"160":0,"161":0,"162":0,"163":0,"164":0,"165":0,"166":0,"167":0,"168":0,"169":0,"170":0,"171":0,"172":0,"173":0,"174":0,"175":0,"176":0,"177":0,"178":0,"179":0,"180":0,"181":0,"182":0,"183":0,"184":0,"185":0,"186":0,"187":0,"188":0,"189":0,"190":0,"191":0,"192":0,"193":0,"194":0,"195":0,"196":0,"197":0,"198":0,"199":0,"200":0,"201":0,"202":0,"203":0,"204":0,"205":0,"206":0,"207":0,"208":0,"209":0,"210":0,"211":0,"212":0,"213":0,"214":0,"215":0,"216":0,"217":0,"218":0,"219":0,"220":0,"221":0,"222":0,"223":0,"224":0,"225":0,"226":0,"227":0,"228":0,"229":0,"230":0,"231":0,"232":0,"233":0,"234":0,"235":0,"236":0,"237":0,"238":0,"239":0,"240":0,"241":0,"242":0,"243":0,"244":0,"245":0,"246":0,"247":0,"248":0,"249":0,"250":0,"251":0,"252":0,"253":0,"254":0,"255":0,"256":0,"257":0,"258":0,"259":0,"260":0,"261":0,"262":0,"263":0,"264":0,"265":0,"266":0,"267":0,"268":0,"269":0,"270":0,"271":0,"272":0,"273":0,"274":0,"275":0,"276":0,"277":0,"278":0,"279":0,"280":0,"281":0},"f":{"0":0,"1":0,"2":0,"3":0,"4":0,"5":0,"6":0,"7":0,"8":0,"9":0,"10":0,"11":0,"12":0,"13":0,"14":0,"15":0,"16":0,"17":0,"18":0,"19":0,"20":0,"21":0,"22":0,"23":0,"24":0,"25":0,"26":0,"27":0,"28":0,"29":0,"30":0,"31":0,"32":0,"33":0,"34":0,"35":0,"36":0,"37":0,"38":0,"39":0,"40":0,"41":0,"42":0,"43":0,"44":0,"45":0,"46":0,"47":0,"48":0,"49":0,"50":0},"b":{"0":[0,0,0],"1":[0,0],"2":[0,0],"3":[0,0],"4":[0,0],"5":[0,0,0],"6":[0,0],"7":[0,0],"8":[0,0],"9":[0,0],"10":[0,0],"11":[0,0],"12":[0,0,0],"13":[0,0],"14":[0,0],"15":[0,0],"16":[0,0],"17":[0,0],"18":[0,0,0,0,0,0],"19":[0,0],"20":[0,0,0],"21":[0,0],"22":[0,0],"23":[0,0,0,0],"24":[0,0],"25":[0,0],"26":[0,0],"27":[0,0],"28":[0,0],"29":[0,0],"30":[0,0],"31":[0,0,0],"32":[0,0],"33":[0,0],"34":[0,0,0,0],"35":[0,0],"36":[0,0],"37":[0,0],"38":[0,0],"39":[0,0,0,0,0,0,0,0,0,0,0],"40":[0,0],"41":[0,0],"42":[0,0],"43":[0,0,0],"44":[0,0],"45":[0,0,0],"46":[0,0],"47":[0,0,0,0,0,0],"48":[0,0],"49":[0,0],"50":[0,0],"51":[0,0],"52":[0,0],"53":[0,0],"54":[0,0,0],"55":[0,0],"56":[0,0,0,0],"57":[0,0],"58":[0,0,0,0],"59":[0,0]},"inputSourceMap":{"version":3,"file":"D:/Lenovo Legion/Documents/University/Capstone/ABC-Service-Request-System/backend/src/test_routers/testGroup.router.ts","sources":["D:/Lenovo Legion/Documents/University/Capstone/ABC-Service-Request-System/backend/src/test_routers/testGroup.router.ts"],"names":[],"mappings":";;;;;;;;;;;;;;;;;;;;;;;;;;;;;;;;;;;;;;;;;AAAA,mCAAiC;AACjC,gFAAwD;AACxD,gDAAgD;AAEhD,kDAA4B;AAC5B,oDAAmD;AACnD,qDAAmD;AACnD,gEAAoE;AACpE,mDAAiD;AAEjD,IAAM,MAAM,GAAG,IAAA,gBAAM,GAAE,CAAC;AAExB,IAAM,OAAO,GAAG,gBAAM,CAAC,WAAW,CAAC,EAAE,CAAC,CAAC;AACvC,IAAM,MAAM,GAAG,IAAA,gBAAM,EAAC,EAAE,OAAO,SAAA,EAAE,CAAC,CAAC;AAEnC,MAAM,CAAC,IAAI,CAAC,SAAS,EAAE,MAAM,CAAC,MAAM,CAAC,MAAM,CAAC,EAAE,UAAO,GAAG,EAAE,GAAG;;;;;;gBAEvD,IAAI,CAAC,GAAG,CAAC,IAAI,EAAE;oBACb,GAAG,CAAC,MAAM,CAAC,GAAG,CAAC,CAAC,IAAI,CAAC,EAAE,OAAO,EAAE,kBAAkB,EAAE,CAAC,CAAC;oBACtD,sBAAO;iBACR;gBACD,OAAO,CAAC,GAAG,CAAC,kBAAkB,CAAC,CAAC;gBACjB,qBAAM,uBAAU,CAAC,QAAQ,CAAC,MAAM,CAAC,GAAG,CAAC,IAAI,CAAC,IAAI,CAAC,EAAA;;gBAAxD,MAAM,GAAG,SAA+C;gBAC9D,GAAG,CAAC,MAAM,CAAC,GAAG,CAAC,CAAC,IAAI,CAAC,EAAE,GAAG,EAAE,MAAM,CAAC,UAAU,EAAE,CAAC,CAAC;;;;gBAEjD,GAAG,CAAC,MAAM,CAAC,GAAG,CAAC,CAAC,IAAI,CAAC,EAAE,OAAO,EAAE,mBAAmB,EAAE,CAAC,CAAC;;;;;KAE5D,CAAC,CAAC;AAGH,MAAM,CAAC,GAAG,CAAC,GAAG,EAAE,IAAA,+BAAmB,EAC/B,UAAO,GAAG,EAAE,GAAG;;;;oBACI,qBAAM,gCAAc,CAAC,IAAI,EAAE,EAAA;;gBAApC,MAAM,GAAG,SAA2B;gBAC1C,GAAG,CAAC,MAAM,CAAC,GAAG,CAAC,CAAC,IAAI,CAAC,MAAM,CAAC,CAAC;;;;KAChC,CACJ,CAAC,CAAC;AAEH,MAAM,CAAC,GAAG,CAAC,OAAO,EAAE,IAAA,+BAAmB,EACnC,UAAO,GAAG,EAAE,GAAG;;;;oBACS,qBAAM,gCAAc,CAAC,cAAc,EAAE,EAAA;;gBAAnD,WAAW,GAAG,SAAqC;gBACzD,IAAG,WAAW,GAAG,CAAC,EAAC;oBACf,GAAG,CAAC,MAAM,CAAC,GAAG,CAAC,CAAC,IAAI,CAAC,sBAAsB,CAAC,CAAC;oBAC7C,sBAAO;iBACV;gBAED,gCAAc,CAAC,MAAM,CAAC,4BAAa,CAAC;qBAC/B,IAAI,CAAC,UAAA,IAAI,IAAK,GAAG,CAAC,MAAM,CAAC,GAAG,CAAC,CAAC,IAAI,CAAC,IAAI,CAAC,CAAA,CAAA,CAAC,CAAC;qBAC1C,KAAK,CAAC,UAAA,GAAG,IAAK,GAAG,CAAC,MAAM,CAAC,GAAG,CAAC,CAAC,IAAI,CAAC,EAAC,OAAO,EAAE,GAAG,CAAC,OAAO,EAAC,CAAC,CAAC,CAAC,CAAC,CAAC,CAAC;;;;KAEvE,CACJ,CAAC,CAAC;AAEH,MAAM,CAAC,IAAI,CAAC,MAAM,EAAE,IAAA,+BAAmB,EACnC,UAAO,GAAG,EAAE,GAAG;;;;oBAGM,qBAAM,gCAAc,CAAC,cAAc,EAAE,EAAA;;gBAAlD,UAAU,GAAG,SAAqC;gBACxD,OAAO,CAAC,GAAG,CAAC,GAAG,CAAC,IAAI,CAAC,MAAM,CAAC,CAAC;gBACvB,KAAK,GAAG,IAAI,gCAAc,CAAC;oBAC/B,EAAE,EAAE,MAAM,CAAC,UAAU,GAAC,CAAC,CAAC;oBACxB,eAAe,EAAE,GAAG,CAAC,IAAI,CAAC,eAAe;oBACzC,SAAS,EAAE,GAAG,CAAC,IAAI,CAAC,SAAS;oBAC7B,MAAM,EAAE,GAAG,CAAC,IAAI,CAAC,MAAM;iBAExB,CAAC,CAAC;;;;gBAKoB,qBAAM,gCAAc,CAAC,MAAM,CAAC,KAAK,CAAC,EAAA;;gBAAjD,YAAY,GAAG,SAAkC;gBACjD,KAAK,GAAG,YAAY,CAAC,MAAM,CAAC;qBAE9B,KAAK,EAAL,wBAAK;sBACe,EAAL,eAAK;;;qBAAL,CAAA,mBAAK,CAAA;gBAAb,IAAI;gBACQ,qBAAM,sBAAS,CAAC,QAAQ,CAAC,IAAI,CAAC,EAAA;;gBAA3C,UAAU,GAAG,SAA8B;qBAE7C,UAAU,EAAV,wBAAU;gBACZ,UAAU,CAAC,MAAM,CAAC,IAAI,CAAC,YAAY,CAAC,EAAE,CAAC,CAAC;gBACxC,qBAAM,UAAU,CAAC,IAAI,EAAE,EAAA;;gBAAvB,SAAuB,CAAC;;;gBALX,IAAK,CAAA;;;gBAUxB,GAAG,CAAC,MAAM,CAAC,GAAG,CAAC,CAAC,IAAI,CAAC,YAAY,CAAC,CAAC;;;;gBAGnC,OAAO,CAAC,GAAG,CAAC,OAAK,CAAC,CAAC;gBACnB,GAAG,CAAC,MAAM,CAAC,GAAG,CAAC,CAAC,IAAI,CAAC,yCAAyC,CAAC,CAAC;;;;;KAErE,CAEF,CAAC,CAAC;AAED,MAAM,CAAC,GAAG,CAAC,iBAAiB,EAAE,IAAA,+BAAmB,EAAC,UAAO,GAAG,EAAE,GAAG;;;;;gBACzD,OAAO,GAAG,GAAG,CAAC,MAAM,CAAC,OAAO,CAAC;gBACrB,qBAAM,gCAAc,CAAC,OAAO,CAAC,EAAE,EAAE,EAAE,OAAO,EAAE,CAAC,EAAA;;gBAArD,KAAK,GAAG,SAA6C;gBAC3D,6BAA6B;gBAC7B,IAAI,CAAC,KAAK,EAAE;oBACV,GAAG,CAAC,MAAM,CAAC,GAAG,CAAC,CAAC,IAAI,CAAC,EAAE,OAAO,EAAE,iBAAiB,EAAE,CAAC,CAAC;oBACrD,sBAAO;iBACR;gBAEK,OAAO,GAAG,KAAK,CAAC,MAAM,CAAC;gBACf,qBAAM,sBAAS,CAAC,IAAI,CAAC,EAAE,GAAG,EAAE,EAAE,GAAG,EAAE,OAAO,EAAE,EAAE,CAAC,EAAA;;gBAAvD,KAAK,GAAG,SAA+C;gBACvD,SAAS,GAAG,KAAK,CAAC,GAAG,CAAC,UAAA,IAAI,IAAI,OAAA,CAAC,EAAE,IAAI,EAAE,IAAI,CAAC,IAAI,EAAE,OAAO,EAAE,IAAI,CAAC,OAAO,EAAE,YAAY,EAAE,IAAI,CAAC,YAAY,EAAE,KAAK,EAAC,IAAI,CAAC,KAAK,CAAC,CAAC,CAAC,EAAE,CAAC,EAAlG,CAAkG,CAAC,CAAC;gBACxI,0BAA0B;gBAC1B,GAAG,CAAC,MAAM,CAAC,GAAG,CAAC,CAAC,IAAI,CAAC,SAAS,CAAC,CAAC;;;;KAEjC,CAAC,CAAC,CAAC;AAEJ,MAAM,CAAC,GAAG,CAAC,wBAAwB,EAAE,IAAA,+BAAmB,EAAC,UAAO,GAAG,EAAE,GAAG;;;;;gBAChE,OAAO,GAAG,GAAG,CAAC,MAAM,CAAC,OAAO,CAAC;gBAC7B,MAAM,GAAG,GAAG,CAAC,MAAM,CAAC,MAAM,CAAC;gBAEnB,qBAAM,gCAAc,CAAC,OAAO,CAAC,EAAE,EAAE,EAAE,OAAO,EAAE,CAAC,EAAA;;gBAArD,KAAK,GAAG,SAA6C;gBAE3D,8BAA8B;gBAC9B,IAAI,CAAC,KAAK,EAAE;oBACV,GAAG,CAAC,MAAM,CAAC,GAAG,CAAC,CAAC,IAAI,CAAC,EAAE,OAAO,EAAE,iBAAiB,EAAE,CAAC,CAAC;oBACrD,sBAAO;iBACR;gBAEa,qBAAM,sBAAS,CAAC,IAAI,CAAC,EAAE,GAAG,EAAE,EAAE,GAAG,EAAE,MAAM,EAAE,EAAE,CAAC,EAAA;;gBAAtD,KAAK,GAAG,SAA8C;gBAKtD,SAAS,GAAG,KAAK,CAAC,GAAG,CAAC,UAAA,IAAI,IAAI,OAAA,CAAC,EAAE,IAAI,EAAE,IAAI,CAAC,IAAI,EAAE,OAAO,EAAE,IAAI,CAAC,OAAO,EAAE,YAAY,EAAE,IAAI,CAAC,YAAY,EAAE,KAAK,EAAC,IAAI,CAAC,KAAK,EAAE,CAAC,EAA/F,CAA+F,CAAC,CAAC;gBACrI,0BAA0B;gBAC1B,GAAG,CAAC,MAAM,CAAC,GAAG,CAAC,CAAC,IAAI,CAAC,SAAS,CAAC,CAAC;;;;KAEjC,CAAC,CAAC,CAAC;AAGN,MAAM,CAAC,MAAM,CAAC,2BAA2B,EAAE,IAAA,+BAAmB,EAAC,UAAO,GAAG,EAAE,GAAG;;;;;gBACpE,OAAO,GAAG,GAAG,CAAC,MAAM,CAAC,OAAO,CAAC;gBAC7B,SAAS,GAAG,kBAAkB,CAAC,GAAG,CAAC,MAAM,CAAC,SAAS,CAAC,CAAC;gBAC3D,OAAO,CAAC,GAAG,CAAC,sBAAsB,GAAG,SAAS,CAAC,CAAC;gBAElC,qBAAM,gCAAc,CAAC,OAAO,CAAC,EAAE,EAAE,EAAE,OAAO,EAAE,CAAC,EAAA;;gBAArD,KAAK,GAAG,SAA6C;gBAC3D,IAAI,CAAC,KAAK,EAAE;oBACV,GAAG,CAAC,MAAM,CAAC,GAAG,CAAC,CAAC,IAAI,CAAC,EAAE,OAAO,EAAE,iBAAiB,EAAE,CAAC,CAAC;oBACrD,sBAAO;iBACR;gBAEoB,qBAAM,8BAAa,CAAC,OAAO,CAAC,EAAE,YAAY,EAAE,SAAS,EAAE,CAAC,EAAA;;gBAAvE,YAAY,GAAG,SAAwD;gBAC7E,IAAI,CAAC,YAAY,EAAE;oBACjB,GAAG,CAAC,MAAM,CAAC,GAAG,CAAC,CAAC,IAAI,CAAC,EAAE,OAAO,EAAE,gBAAgB,EAAE,CAAC,CAAC;oBACpD,sBAAO;iBACR;gBAEK,SAAS,GAAG,KAAK,CAAC,MAAO,CAAC,OAAO,CAAC,YAAY,CAAC,GAAG,CAAC,QAAQ,EAAE,CAAC,CAAC;qBAGjE,CAAA,SAAS,KAAK,CAAC,CAAC,CAAA,EAAhB,wBAAgB;gBAClB,KAAK,CAAC,MAAO,CAAC,MAAM,CAAC,SAAS,EAAE,CAAC,CAAC,CAAC;gBACnC,qBAAM,KAAK,CAAC,IAAI,EAAE,EAAA;;gBAAlB,SAAkB,CAAC;gBACnB,GAAG,CAAC,MAAM,CAAC,GAAG,CAAC,CAAC,IAAI,CAAC,EAAE,OAAO,EAAE,2BAA2B,EAAE,CAAC,CAAC;;;gBAE/D,GAAG,CAAC,MAAM,CAAC,GAAG,CAAC,CAAC,IAAI,CAAC,EAAE,OAAO,EAAE,6BAA6B,EAAE,CAAC,CAAC;;;;;KAEpE,CAAC,CAAC,CAAC;AAEJ,MAAM,CAAC,GAAG,CAAC,gBAAgB,EAAE,IAAA,+BAAmB,EAAC,UAAM,GAAG,EAAC,GAAG;;;;;gBACtD,OAAO,GAAG,GAAG,CAAC,MAAM,CAAC,OAAO,CAAC;gBAErB,qBAAM,gCAAc,CAAC,OAAO,CAAC,EAAC,EAAE,EAAE,OAAO,EAAC,CAAC,EAAA;;gBAAnD,KAAK,GAAG,SAA2C;gBACzD,IAAI,CAAC,KAAK,EAAE;oBACV,GAAG,CAAC,MAAM,CAAC,GAAG,CAAC,CAAC,IAAI,CAAC,EAAC,OAAO,EAAC,iBAAiB,EAAC,CAAC,CAAC;oBAClD,sBAAO;iBACR;gBAEK,SAAS,GAAG,KAAK,CAAC,SAAS,CAAC;gBAClC,IAAI,SAAS,EAAE;oBACb,OAAO,CAAC,GAAG,CAAC,SAAS,CAAC,CAAC;oBACvB,GAAG,CAAC,MAAM,CAAC,GAAG,CAAC,CAAC,IAAI,CAAC,EAAC,SAAS,EAAE,SAAS,EAAC,CAAC,CAAC;iBAC9C;qBAAM;oBACL,GAAG,CAAC,MAAM,CAAC,GAAG,CAAC,CAAC,IAAI,CAAC,EAAE,OAAO,EAAE,sBAAsB,EAAE,CAAC,CAAC;iBAC3D,CA
[...]
":0,"162":0,"163":0,"164":0,"165":0,"166":0,"167":0,"168":0,"169":0,"170":0,"171":0,"172":0,"173":0,"174":0,"175":0,"176":0,"177":0,"178":0,"179":0,"180":0,"181":0,"182":0,"183":0,"184":0,"185":0,"186":0,"187":0,"188":0,"189":0,"190":0,"191":0,"192":0,"193":0,"194":0,"195":0,"196":0,"197":0,"198":0,"199":0,"200":0,"201":0,"202":0,"203":0,"204":0,"205":0},"f":{"0":0,"1":0,"2":0,"3":0,"4":0,"5":0,"6":0,"7":0,"8":0,"9":0,"10":0,"11":0,"12":0,"13":0,"14":0,"15":0,"16":0,"17":0,"18":0,"19":0,"20":0,"21":0,"22":0,"23":0,"24":0,"25":0,"26":0,"27":0,"28":0,"29":0,"30":0,"31":0,"32":0,"33":0,"34":0,"35":0},"b":{"0":[0,0,0],"1":[0,0],"2":[0,0],"3":[0,0],"4":[0,0],"5":[0,0,0],"6":[0,0],"7":[0,0],"8":[0,0],"9":[0,0],"10":[0,0],"11":[0,0],"12":[0,0,0],"13":[0,0],"14":[0,0],"15":[0,0],"16":[0,0],"17":[0,0],"18":[0,0,0,0,0,0],"19":[0,0],"20":[0,0,0],"21":[0,0],"22":[0,0],"23":[0,0,0,0],"24":[0,0],"25":[0,0],"26":[0,0],"27":[0,0],"28":[0,0],"29":[0,0],"30":[0,0],"31":[0,0,0],"32":[0,0],"33":[0,0],"34":[0,0],"35":[0,0,0,0,0,0,0],"36":[0,0],"37":[0,0],"38":[0,0,0,0,0],"39":[0,0],"40":[0,0],"41":[0,0],"42":[0,0,0,0],"43":[0,0],"44":[0,0,0,0,0,0,0],"45":[0,0],"46":[0,0,0,0],"47":[0,0]},"inputSourceMap":{"version":3,"file":"D:/Lenovo Legion/Documents/University/Capstone/ABC-Service-Request-System/backend/src/test_routers/testUser.router.ts","sources":["D:/Lenovo Legion/Documents/University/Capstone/ABC-Service-Request-System/backend/src/test_routers/testUser.router.ts"],"names":[],"mappings":";;;;;;;;;;;;;;;;;;;;;;;;;;;;;;;;;;;;;;;;;AAAA,mCAAiC;AACjC,gFAAwD;AACxD,mDAAiD;AAEjD,kDAA4B;AAC5B,0DAAoC;AACpC,sDAA8B;AAC9B,8DAA+B;AAG/B,IAAM,MAAM,GAAG,IAAA,gBAAM,GAAE,CAAC;AAExB,MAAM,CAAC,GAAG,CAAC,GAAG,EAAE,IAAA,+BAAmB,EAC/B,UAAO,GAAG,EAAE,GAAG;;;;oBACG,qBAAM,8BAAa,CAAC,IAAI,EAAE,EAAA;;gBAAlC,KAAK,GAAG,SAA0B;gBACxC,GAAG,CAAC,IAAI,CAAC,KAAK,CAAC,CAAC;;;;KACnB,CACJ,CAAC,CAAC;AAEH,MAAM,CAAC,GAAG,CAAC,OAAO,EAAE,IAAA,+BAAmB,EACnC,UAAO,GAAG,EAAE,GAAG;;;;;;gBAEY,qBAAM,8BAAa,CAAC,cAAc,EAAE,EAAA;;gBAAjD,UAAU,GAAG,SAAoC;gBACvD,IAAG,UAAU,GAAG,CAAC,EAAC;oBACd,GAAG,CAAC,IAAI,CAAC,sBAAsB,CAAC,CAAC;oBACjC,sBAAO;iBACV;gBAEY,qBAAM,kBAAM,CAAC,OAAO,CAAC,EAAE,CAAC,EAAA;;gBAA/B,IAAI,GAAG,SAAwB;gBACd,qBAAM,kBAAM,CAAC,IAAI,CAAC,UAAU,EAAE,IAAI,CAAC,EAAA;;gBAApD,cAAc,GAAG,SAAmC;gBAEpD,SAAS,GAAG;oBACd,IAAI,EAAE,OAAO;oBACb,OAAO,EAAE,OAAO;oBAChB,YAAY,EAAE,gCAAgC;oBAC9C,YAAY,EAAE,iBAAiB;oBAC/B,aAAa,EAAE,IAAI;oBACnB,QAAQ,EAAE,cAAc;oBACxB,KAAK,EAAE,CAAC,OAAO,CAAC;oBAChB,MAAM,EAAE,CAAC,QAAQ,EAAE,QAAQ,CAAC;iBAC/B,CAAC;gBAEc,qBAAM,8BAAa,CAAC,MAAM,CAAC,SAAS,CAAC,EAAA;;gBAA/C,OAAO,GAAG,SAAqC;gBAC/C,SAAS,GAAG,YAAY,CAAC;gBAEzB,KAAK,GAAG,sBAAG,CAAC,IAAI,CAClB,EAAE,GAAG,EAAE,OAAO,CAAC,GAAG,EAAE,IAAI,EAAE,OAAO,EAAE,EAEnC,SAAS,EACT,EAAE,SAAS,EAAE,IAAI,EAAE,CACtB,CAAC;gBAEF,gCAAgC;gBAEhC,oCAAoC;gBACpC,GAAG,CAAC,MAAM,CAAC,GAAG,CAAC,CAAC,IAAI,CAAC,EAAE,OAAO,EAAE,eAAe,EAAE,KAAK,OAAA,EAAE,CAAC,CAAC;;;;gBAE1D,OAAO,CAAC,KAAK,CAAC,OAAK,CAAC,CAAC;gBACrB,GAAG,CAAC,MAAM,CAAC,GAAG,CAAC,CAAC,IAAI,CAAC,EAAE,OAAO,EAAE,wBAAwB,EAAE,CAAC,CAAC;;;;;KAEnE,CACJ,CAAC,CAAC;AAIH,MAAM,CAAC,GAAG,CAAC,SAAS,EAAE,IAAA,+BAAmB,EACrC,UAAO,GAAG,EAAE,GAAG;;;oBACX,qBAAM,8BAAa,CAAC,UAAU,CAAC,EAAE,CAAC,EAAA;;gBAAlC,SAAkC,CAAC;gBACnC,GAAG,CAAC,MAAM,CAAC,GAAG,CAAC,CAAC,IAAI,CAAC,EAAE,OAAO,EAAE,gBAAgB,EAAE,CAAC,CAAC;;;;KACvD,CACJ,CAAC,CAAC;AAGH,kBAAkB;AAElB,sCAAsC;AACtC,uDAAuD;AACvD,4BAA4B;AAC5B,aAAa;AACb,2CAA2C;AAC3C,gGAAgG;AAChG,uBAAuB;AACvB,8BAA8B;AAC9B,UAAU;AAEV,SAAS;AACT,KAAK;AAEL,mBAAmB;AACnB,MAAM,CAAC,IAAI,CAAC,cAAc,EAAE,IAAA,+BAAmB,EAC3C,UAAO,GAAG,EAAE,GAAG;;;;;;gBAKc,qBAAM,8BAAa,CAAC,OAAO,CAAC,EAAE,YAAY,EAAE,GAAG,CAAC,IAAI,CAAC,YAAY,EAAE,CAAC,EAAA;;gBAAnF,YAAY,GAAG,SAAoE;gBAEzF,IAAI,YAAY,EAAE;oBACd,sDAAsD;oBACtD,GAAG,CAAC,MAAM,CAAC,GAAG,CAAC,CAAC,IAAI,CAAC,sCAAsC,CAAC,CAAC;oBAC7D,sBAAO;iBACV;gBAGK,WAAW,GAAG,gBAAM,CAAC,WAAW,CAAC,EAAE,CAAC,CAAC,QAAQ,CAAC,KAAK,CAAC,CAAC;gBAGrD,OAAO,GAAG,IAAI,8BAAa,CAAC;oBAC9B,IAAI,EAAE,GAAG,CAAC,IAAI,CAAC,IAAI;oBACnB,OAAO,EAAE,GAAG,CAAC,IAAI,CAAC,OAAO;oBACzB,YAAY,EAAE,GAAG,CAAC,IAAI,CAAC,YAAY,IAAI,oCAAoC;oBAC3E,YAAY,EAAE,GAAG,CAAC,IAAI,CAAC,YAAY;oBACnC,WAAW,aAAA;oBACX,MAAM,EAAE,SAAS;oBACjB,KAAK,EAAE,GAAG,CAAC,IAAI,CAAC,KAAK;oBACrB,MAAM,EAAE,GAAG,CAAC,IAAI,CAAC,MAAM;oBACvB,QAAQ,EAAE,OAAO;iBACpB,CAAC,CAAC;gBAEH,8BAA8B;gBAC9B,qBAAM,OAAO,CAAC,IAAI,EAAE,EAAA;;gBADpB,8BAA8B;gBAC9B,SAAoB,CAAC;gBAIf,WAAW,GAAG,oBAAU,CAAC,eAAe,CAAC;oBAC3C,OAAO,EAAE,OAAO;oBAChB,IAAI,EAAE;wBACF,IAAI,EAAE,iCAAiC;wBACvC,IAAI,EAAE,kBAAkB;qBAC3B;iBACJ,CAAC,CAAC;gBAEG,WAAW,GAAG;oBAChB,IAAI,EAAE,OAAO,CAAC,GAAG,CAAC,KAAK;oBACvB,EAAE,EAAE,OAAO,CAAC,YAAY;oBACxB,OAAO,EAAE,yBAAyB;oBAClC,IAAI,EAAE,60FA+DkC,OAAO,CAAC,IAAI,sOAEyB,WAAW,kKAIvF;oBACD,WAAW,EAAE;wBACT;4BACI,QAAQ,EAAE,eAAe;4BACzB,IAAI,EAAE,sBAAsB;4BAC5B,GAAG,EAAE,MAAM;yBACd;qBACJ;iBACJ,CAAC;gBAKF,WAAW,CAAC,QAAQ,CAAC,WAAW,EAAE,UAAS,KAAK,EAAE,IAAI;oBAClD,IAAI,KAAK,EAAE;wBACP,sBAAsB;qBACzB;yBAAM;wBACH,+CAA+C;qBAClD;gBACL,CAAC,CAAC,CAAC;gBAEH,4CAA4C;gBAC5C,GAAG,CAAC,MAAM,CAAC,GAAG,CAAC,CAAC,IAAI,CAAC,EAAE,OAAO,EAAE,2BAA2B,EAAE,WAAW,aAAA,EAAE,CAAC,CAAC;;;;gBAE5E,gDAAgD;gBAChD,GAAG,CAAC,MAAM,CAAC,GAAG,CAAC,CAAC,IAAI,CAAC,yCAAyC,CAAC,CAAC;;;;;KAEvE,CAAC,CACL,CAAC;AAGF,gCAAgC;AAEhC,qGAAqG;AACrG,MAAM,CAAC,GAAG,CAAC,mBAAmB,EAAE,IAAA,+BAAmB,EAC/C,UAAO,GAAG,EAAE,GAAG;;;;;;gBAID,WAAW,GAAG,GAAG,CAAC,KAAK,CAAC,KAAK,CAAC;gBAEvB,qBAAM,8BAAa,CAAC,OAAO,CAAC,EAAE,WAAW,aAAA,EAAE,CAAC,EAAA;;gBAAnD,IAAI,GAAG,SAA4C;gBAEzD,+BAA+B;gBAE/B,IAAI,CAAC,IAAI,EAAE;oBACP,gCAAgC;oBAChC,GAAG,CAAC,MAAM,CAAC,GAAG,CAAC,CAAC,IAAI,CAAC,gBAAgB,CAAC,CAAC;oBACvC,sBAAO;iBACV;qBAAI;oBACD,GAAG,CAAC,QAAQ,CAAC,iDAA0C,WAAW,CAAE,CAAC,CAAC;oBACtE,sFAAsF;iBACzF;;;;;;;;KAQR,CACJ,CAAC,CAAC;AAGH,8CAA8C;AAC9C,MAAM,CAAC,IAAI,CAAC,mBAAmB,EAAE,IAAA,+BAAmB,EAChD,UAAO,GAAG,EAAE,GAAG;;;;;;gBAIL,KAA4B,GAAG,CAAC,IAAI,EAAlC,WAAW,iBAAA,EAAE,QAAQ,cAAA,CAAc;gBAG9B,qBAAM,8BAAa,CAAC,OAAO,CAAC,EAAE,WAAW,aAAA,EAAE,CAAC,EAAA;;gBAAnD,IAAI,GAAG,SAA4C;gBACzD,iCAAiC;gBAEjC,IAAI,CAAC,IAAI,EAAE;oBACX,kCAAkC;oBAChC,GAAG,CAAC,MAAM,CAAC,GAAG,CAAC,CAAC,IAAI,CAAC,gBAAgB,CAAC,CAAC;oBACvC,sBAAO;iBACR;gBAEY,qBAAM,kBAAM,CAAC,OAAO,CAAC,EAAE,CAAC,EAAA;;gBAA/B,IAAI,GAAG,SAAwB;gBACd,qBAAM,kBAAM,CAAC,IAAI,CAAC,QAAQ,EAAE,IAAI,CAAC,EAAA;;gBAAlD,cAAc,GAAG,SAAiC;gBAExD,IAAI,CAAC,QAAQ,GAAG,cAAc,CAAC;gBAC/B,IAAI,CAAC,aAAa,GAAG,IAAI,CAAC,CAAC,kDAAkD;gBAC7E,IAAI,CAAC,WAAW,GAAG,SAAS,CAAC;gBAE7B,8BAA8B;gBAC9B,qBAAM,IAAI,CAAC,IAAI,EAAE,EAAA;;gBADjB,8BAA8B;gBAC9B,SAAiB,CAAC;gBACZ,SAAS,GAAG,YAAY,CAAC;gBACzB,KAAK,GAAG,sBAAG,CAAC,IAAI,CAClB,EAAE,GAAG,EAAE,IAAI,CAAC,GAAG,EAAE,IAAI,EAAE,IAAI,CAAC,KAAK,EAAE,EACnC,SAAS,EACT,EAAE,SAAS,EAAE,IAAI,EAAE,CACtB,CAAC;gBAEF,iDAAiD;gBACjD,GAAG,CAAC,MAAM,CAAC,GAAG,CAAC,CAAC,IAAI,CAAC,EAAE,OAAO,EAAE,gCAAgC,EAAE,CAAC,CAAC;;;;gBAEpE,OAAO,CAAC,KAAK,CAAC,2BAA2B,EAAE,OAAK,CAAC,CAAC;gBAClD,GAAG,CAAC,MAAM,CAAC,GAAG,CAAC,CAAC,IAAI,CAAC,8CAA8C,CAAC,CAAC;;;;;KAGxE,CAAC,CACH,CAAC;AAGF,MAAM,CAAC,IAAI,CAAC,oBAAoB,EAAE,UAAO,GAAG,EAAE,GAAG;;;;;;gBAErC,KAAK,GAAK,GAAG,CAAC,IAAI,MAAb,CAAc;gBAEd,qBAAM,8BAAa,CAAC,OAAO,CAAC,EAAE,WAAW,EAAE,KAAK,EAAE,CAAC,EAAA;;gBAA1D,IAAI,GAAG,SAAmD;gBAChE,IAAI,CAAC,IAAI,EAAE;oBACT,sBAAO,GAAG,CAAC,MAAM,CAAC,GAAG,CAAC,CAAC,IAAI,CAAC,EAAE,KAAK,EAAE,gBAAgB,EAAE,CAAC,EAAC;iBAC1D;gBAED,GAAG,CAAC,MAAM,CAAC,GAAG,CAAC,CAAC,IAAI,CAAC,EAAE,KAAK,EAAE,IAAI,CAAC,YAAY,EAAE,CAAC,CAAC;;;;gBAEnD,OAAO,CAAC,KAAK,CAAC,iCAAiC,EAAE,OAAK,CAAC,CAAC;gBACxD,GAAG,CAAC,MAAM,CAAC,GAAG,CAAC,CAAC,IAAI,CAAC,EAAE,KAAK,EAAE,kDAAkD,EAAE,CAAC,CAAC;;;;;KAEvF,CAAC,CAAC;AAEL,kBAAe,MAAM,CAAC","sourcesContent":["import { Router } from \"express\";\r\nimport expressAsyncHandler from \"express-async-handler\";\r\nimport { TestUserModel } from \"./testUser.model\";\r\n\r\nimport crypto from \"crypto\";\r\nimport nodemailer from \"nodemailer\";\r\nimport bcrypt from 'bcryptjs';\r\nimport jwt from 'jsonwebtoken';\r\n\r\n\r\nconst router = Router();\r\n\r\nrouter.get('/', expressAsyncHandler(\r\n    async (req, res) => {\r\n        const users = await TestUserModel.find();\r\n        res.send(users);\r\n    }\r\n));\r\n\r\nrouter.get('/seed', expressAsyncHandler(\r\n    async (req, res) => {\r\n        try {\r\n            const usersCount = await TestUserModel.countDocuments();\r\n            if(usersCount > 0){\r\n                res.send(\"Seed is already done\");\r\n                return;\r\n            }\r\n\r\n            const salt = await bcrypt.genSalt(10);\r\n            const hashedPassword = await bcrypt.hash(\"admin123\", salt);\r\n\r\n            const adminUser = {\r\n                name: \"Admin\",\r\n                surname: \"admin\",\r\n                profilePhoto: \"http://example.com/img/bob.jpg\",\r\n                emailAddress: \"admin@admin.com\",\r\n                emailVerified: true,\r\n                password: hashedPassword,\r\n                roles: [\"Admin\"],\r\n                groups: [\"group1\", \"group2\"]\r\n            };\r\n\r\n            const newUser = await TestUserModel.create(adminUser);\r\n            const secretKey = \"Jetpad2023\";\r\n            // Generate JWT token here, make sure it is the same as the one generated in \"activate_account\"\r\n            const token = jwt.sign(\r\n                { _id: newUser._id, role: 'Admin' },\r\n                \r\n                secretKey,\r\n                { expiresIn: '1d' }\r\n            );\r\n\r\n            // console.log(\"Token:\", token);\r\n\r\n            // Send the token back to the client\r\n            res.status(200).json({ message: \"Seed is done!\", token });\r\n        } catch (error) {\r\n            console.error(error);\r\n            res.status(500).json({ message: 'Error seeding database' });\r\n        }\r\n    }\r\n));\r\n\r\n\r\n\r\nrouter.get('/delete', expressAsyncHandler(\r\n    async (req, res) => {\r\n        await TestUserModel.deleteMany({});\r\n        res.status(200).send({ message: 'Delete is done' });\r\n    }\r\n));\r\n\r\n\r\n//JAIMENS ROUTES//\r\n\r\n//RESET PASSWORD TO ACTIVATE ACCOUNT//\r\n// router.get('/activate_account', expressAsyncHandler(\r\n//     async (req, res) => {\r\n//       try{\r\n//           const token = req.query.token;\r\n//           res.status(200).send({ message: 'User created successfully', inviteToken: token });\r\n//       }catch(error){\r\n//         console.log(error);\r\n//       }\r\n      \r\n//     })\r\n// );\r\n\r\n//CREATING A USER//\r\nrouter.post(\"/create_user\", expressAsyncHandler(\r\n    async (req, res) => {\r\n        try {\r\n            // console.log(\"User creation request received:\", req.body);\r\n\r\n            // check if a user with the provided email already exists\r\n            const existingUser = await TestUserModel.findOne({ emailAddress: req.body.emailAddress });\r\n\r\n            if (existingUser) {\r\n                // console.log(\"User with this email already exists\");\r\n                res.status(409).send(\"User with this email already exists.\");\r\n                return;\r\n            }\r\n\r\n            // generate invite token\r\n            const inviteToken = crypto.randomBytes(32).toString(\"hex\");\r\n\r\n            // create new user with pending status\r\n            const newUser = new TestUserModel({\r\n                name: req.body.name,\r\n                surname: req.body.surname,\r\n                profilePhoto: req.body.profilePhoto || \"http://example.com/img/default.jpg\",\r\n                emailAddress: req.body.emailAddress,\r\n                inviteToken,\r\n                status: \"pending\",\r\n                roles: req.body.roles,\r\n                groups: req.body.groups,\r\n                password: \"Admin\"\r\n            });\r\n\r\n            // console.log(\"before save\");\r\n            await newUser.save();\r\n            // console.log(\"after save\");\r\n\r\n            // Send the invitation email here, inside the same function where newUser and inviteToken are available\r\n            const transporter = nodemailer.createTransport({\r\n                service: \"gmail\",\r\n                auth: {\r\n                    user: \"hyperiontech.capstone@gmail.com\",\r\n                    pass: \"zycjmbveivhamcgt\"\r\n                }\r\n            });\r\n\r\n            const mailOptions = {\r\n                from: process.env.EMAIL,\r\n                to: newUser.emailAddress,\r\n                subject: \"Invitation to join Luna\",\r\n                html: `\r\n                    <html>\r\n                    <head>\r\n                        <style>\r\n                            body {\r\n                                font-family: Arial, sans-serif;\r\n                                margin: 0;\r\n                                padding: 0;\r\n                            }\r\n                            .email-container {\r\n                                max-width: 600px;\r\n                                margin: auto;\r\n                                background-color: rgba(33, 33, 33, 1);\r\n                                padding: 20px;\r\n                            }\r\n                            .header {\r\n                                background-color: #04538E;\r\n                                color: #fff;\r\n                                padding: 20px;\r\n                                text-align: center;\r\n                            }\r\n                            .header h1 {\r\n                                margin: 0;\r\n                            }\r\n                            .logo {\r\n                                display: block;\r\n                                margin: 0 auto 20px;\r\n                                width: 100px;\r\n                                height: auto;\r\n                            }\r\n                            .greeting {\r\n                                font-size: 24px;\r\n                                color: #fff;\r\n                                text-align: center;\r\n                            }\r\n                            .message {\r\n                                font-size: 18px;\r\n                                color: rgba(122 , 122 , 122 , 1);\r\n                                text-align: center;\r\n                                margin: 20px 0;\r\n                            }\r\n                            .activation-link {\r\n                                display: block;\r\n                                width: 200px;\r\n                                margin: 20px auto;\r\n                                padding: 10px;\r\n                                background-color: rgba(18, 18, 18, 1);\r\n                                color: #fff;\r\n                                text-align: center;\r\n                                text-decoration: none;\r\n                                border-radius: 4px;\r\n                            }\r\n                            a {\r\n                                color: #fff;\r\n                            }\r\n                        </style>\r\n                    </head>\r\n                    <body>\r\n                        <div class=\"email-container\">\r\n                            <div class=\"header\">\r\n                                <img src=\"cid:logo\" alt=\"Luna Logo\" class=\"logo\">\r\n                                <h1>Welcome to Luna</h1>\r\n                            </div>\r\n                            <p class=\"greeting\">Hello ${newUser.name},</p>\r\n                            <p class=\"message\">To complete your signup process, please click the button below.</p>\r\n                            <a href=\"http://localhost:3000/api/user/activate_account?token=${inviteToken}\" class=\"activation-link\">Activate Account</a>\r\n                        </div>\r\n                    </body>\r\n                    </html>\r\n                `,\r\n                attachments: [\r\n                    {\r\n                        filename: 'luna-logo.png',\r\n                        path: 'assets/luna-logo.png',\r\n                        cid: 'logo'\r\n                    }\r\n                ]\r\n            };\r\n            \r\n            \r\n            \r\n\r\n            transporter.sendMail(mailOptions, function(error, info) {\r\n                if (error) {\r\n                    // console.log(error);\r\n                } else {\r\n                    // console.log(\"Email sent: \" + info.response);\r\n                }\r\n            });\r\n\r\n            // console.log(\"User created successfully\");\r\n            res.status(201).send({ message: 'User created successfully', inviteToken });\r\n        } catch (error) {\r\n            // console.error(\"User creation error:\", error);\r\n            res.status(500).send(\"An error occurred during user creation.\");\r\n        }\r\n    })\r\n);\r\n\r\n\r\n//const token = req.query.token;\r\n\r\n///create a router.get to display the component that is suppose to get the new password from the user\r\nrouter.get('/activate_account', expressAsyncHandler(\r\n    async (req, res) => {\r\n        try{\r\n            // console.log('Account activation request received:', req.query.token);\r\n  \r\n            const inviteToken = req.query.token;\r\n    \r\n            const user = await TestUserModel.findOne({ inviteToken });\r\n            \r\n            // console.log(\"When in here\");\r\n\r\n            if (!user) {\r\n                // console.log('Invalid token');\r\n                res.status(409).send('Invalid token.');\r\n                return;\r\n            }else{\r\n                res.redirect(`http://localhost:4200/activate_account/${inviteToken}`);\r\n                // res.status(200).send({ message: 'Token Authenticated', inviteToken: inviteToken });\r\n            }\r\n            \r\n\r\n            \r\n        }catch(error){\r\n            // console.log(error);\r\n        }\r\n\r\n    }\r\n));\r\n\r\n\r\n//ACTIVATE THE ACCOUNT WITH THE NEW PASSWORD//\r\nrouter.post('/activate_account', expressAsyncHandler(\r\n    async (req, res) => {\r\n      try {\r\n        // console.log('Account activation request received:', req.body);\r\n  \r\n        const { inviteToken, password } = req.body;\r\n  \r\n        // console.log('before find one');\r\n        const user = await TestUserModel.findOne({ inviteToken });\r\n        // console.log('after find one');\r\n  \r\n        if (!user) {\r\n        //   console.log('Invalid token');\r\n          res.status(409).send('Invalid token.');\r\n          return;\r\n        }\r\n  \r\n        const salt = await bcrypt.genSalt(10);\r\n        const hashedPassword = await bcrypt.hash(password, salt);\r\n  \r\n        user.password = hashedPassword;\r\n        user.emailVerified = true; // Assuming the activation also verifies the email\r\n        user.inviteToken = undefined;\r\n  \r\n        // console.log('before save');\r\n        await user.save();\r\n        const secretKey = \"Jetpad2023\";\r\n        const token = jwt.sign(\r\n            { _id: user._id, role: user.roles },\r\n            secretKey,\r\n            { expiresIn: '1d' }\r\n        );\r\n  \r\n        // console.log('Account activated successfully');\r\n        res.status(201).send({ message: 'Account activated successfully' });\r\n      } catch (error) {\r\n        console.error('Account activation error:', error);\r\n        res.status(500).send('An error occurred during account activation.');\r\n      }\r\n    //   console.log(req.body);\r\n    })\r\n  );\r\n\r\n\r\n  router.post('/get_user_by_token', async (req, res) => {\r\n    try {\r\n      const { token } = req.body;\r\n  \r\n      const user = await TestUserModel.findOne({ inviteToken: token });\r\n      if (!user) {\r\n        return res.status(404).json({ error: 'User not found' });\r\n      }\r\n  \r\n      res.status(200).json({ email: user.emailAddress });\r\n    } catch (error) {\r\n      console.error('Error retrieving user by token:', error);\r\n      res.status(500).json({ error: 'An error occurred while retrieving user by token' });\r\n    }\r\n  });\r\n\r\nexport default router;"]},"all":true}}