{"/Users/priyul/Desktop/Luna/ABC-Service-Request-System/backend/src/server.ts":{"path":"/Users/priyul/Desktop/Luna/ABC-Service-Request-System/backend/src/server.ts","statementMap":{"0":{"start":{"line":2,"column":22},"end":{"line":4,"column":1}},"1":{"start":{"line":3,"column":4},"end":{"line":3,"column":62}},"2":{"start":{"line":5,"column":0},"end":{"line":5,"column":62}},"3":{"start":{"line":6,"column":0},"end":{"line":6,"column":42}},"4":{"start":{"line":7,"column":16},"end":{"line":7,"column":51}},"5":{"start":{"line":8,"column":13},"end":{"line":8,"column":45}},"6":{"start":{"line":9,"column":15},"end":{"line":9,"column":49}},"7":{"start":{"line":10,"column":0},"end":{"line":10,"column":26}},"8":{"start":{"line":12,"column":22},"end":{"line":12,"column":73}},"9":{"start":{"line":13,"column":20},"end":{"line":13,"column":69}},"10":{"start":{"line":14,"column":21},"end":{"line":14,"column":71}},"11":{"start":{"line":15,"column":22},"end":{"line":15,"column":73}},"12":{"start":{"line":16,"column":29},"end":{"line":16,"column":87}},"13":{"start":{"line":17,"column":21},"end":{"line":17,"column":71}},"14":{"start":{"line":19,"column":26},"end":{"line":19,"column":86}},"15":{"start":{"line":20,"column":24},"end":{"line":20,"column":82}},"16":{"start":{"line":21,"column":33},"end":{"line":21,"column":100}},"17":{"start":{"line":22,"column":25},"end":{"line":22,"column":84}},"18":{"start":{"line":23,"column":24},"end":{"line":23,"column":60}},"19":{"start":{"line":24,"column":0},"end":{"line":24,"column":38}},"20":{"start":{"line":25,"column":10},"end":{"line":25,"column":34}},"21":{"start":{"line":26,"column":0},"end":{"line":26,"column":22}},"22":{"start":{"line":27,"column":0},"end":{"line":30,"column":4}},"23":{"start":{"line":31,"column":0},"end":{"line":31,"column":34}},"24":{"start":{"line":32,"column":0},"end":{"line":32,"column":48}},"25":{"start":{"line":33,"column":0},"end":{"line":33,"column":44}},"26":{"start":{"line":34,"column":0},"end":{"line":34,"column":46}},"27":{"start":{"line":35,"column":0},"end":{"line":35,"column":48}},"28":{"start":{"line":36,"column":0},"end":{"line":36,"column":62}},"29":{"start":{"line":37,"column":0},"end":{"line":37,"column":46}},"30":{"start":{"line":39,"column":0},"end":{"line":39,"column":57}},"31":{"start":{"line":40,"column":0},"end":{"line":40,"column":53}},"32":{"start":{"line":41,"column":0},"end":{"line":41,"column":71}},"33":{"start":{"line":42,"column":0},"end":{"line":42,"column":55}},"34":{"start":{"line":43,"column":0},"end":{"line":45,"column":3}},"35":{"start":{"line":44,"column":4},"end":{"line":44,"column":64}},"36":{"start":{"line":46,"column":11},"end":{"line":46,"column":15}},"37":{"start":{"line":47,"column":13},"end":{"line":49,"column":2}},"38":{"start":{"line":48,"column":4},"end":{"line":48,"column":68}},"39":{"start":{"line":50,"column":0},"end":{"line":50,"column":24}}},"fnMap":{"0":{"name":"(anonymous_0)","decl":{"start":{"line":2,"column":56},"end":{"line":2,"column":57}},"loc":{"start":{"line":2,"column":71},"end":{"line":4,"column":1}},"line":2},"1":{"name":"(anonymous_1)","decl":{"start":{"line":43,"column":24},"end":{"line":43,"column":25}},"loc":{"start":{"line":43,"column":44},"end":{"line":45,"column":1}},"line":43},"2":{"name":"(anonymous_2)","decl":{"start":{"line":47,"column":30},"end":{"line":47,"column":31}},"loc":{"start":{"line":47,"column":42},"end":{"line":49,"column":1}},"line":47}},"branchMap":{"0":{"loc":{"start":{"line":2,"column":22},"end":{"line":4,"column":1}},"type":"binary-expr","locations":[{"start":{"line":2,"column":23},"end":{"line":2,"column":27}},{"start":{"line":2,"column":31},"end":{"line":2,"column":51}},{"start":{"line":2,"column":56},"end":{"line":4,"column":1}}],"line":2},"1":{"loc":{"start":{"line":3,"column":11},"end":{"line":3,"column":61}},"type":"cond-expr","locations":[{"start":{"line":3,"column":37},"end":{"line":3,"column":40}},{"start":{"line":3,"column":43},"end":{"line":3,"column":61}}],"line":3},"2":{"loc":{"start":{"line":3,"column":12},"end":{"line":3,"column":33}},"type":"binary-expr","locations":[{"start":{"line":3,"column":12},"end":{"line":3,"column":15}},{"start":{"line":3,"column":19},"end":{"line":3,"column":33}}],"line":3}},"s":{"0":1,"1":13,"2":1,"3":1,"4":1,"5":1,"6":1,"7":1,"8":1,"9":1,"10":1,"11":1,"12":1,"13":1,"14":1,"15":1,"16":1,"17":1,"18":1,"19":1,"20":1,"21":1,"22":1,"23":1,"24":1,"25":1,"26":1,"27":1,"28":1,"29":1,"30":1,"31":1,"32":1,"33":1,"34":1,"35":2,"36":1,"37":1,"38":1,"39":1},"f":{"0":13,"1":2,"2":1},"b":{"0":[1,1,1],"1":[10,3],"2":[13,13]},"inputSourceMap":{"version":3,"file":"/Users/priyul/Desktop/Luna/ABC-Service-Request-System/backend/src/server.ts","sources":["/Users/priyul/Desktop/Luna/ABC-Service-Request-System/backend/src/server.ts"],"names":[],"mappings":";;;;;;AAAA,oDAA8B;AAC9B,8CAAwB;AACxB,kDAA4B;AAC5B,gBAAM,CAAC,MAAM,EAAE,CAAC;AAChB,MAAM;AACN,0EAAmD;AACnD,sEAA+C;AAC/C,wEAAiD;AACjD,0EAAmD;AACnD,wFAAiE;AACjE,wEAAgD;AAEhD,cAAc;AACd,uFAAgE;AAChE,mFAA4D;AAC5D,qGAA8E;AAC9E,qFAA6D;AAE7D,6DAAyD;AAGzD,IAAA,8BAAY,GAAE,CAAC;AAEf,IAAM,GAAG,GAAG,IAAA,iBAAO,GAAE,CAAC;AAgCP,sBAAO;AA9BtB,GAAG,CAAC,GAAG,CAAC,IAAA,cAAI,EAAC;IACT,WAAW,EAAE,IAAI;IACjB,MAAM,EAAE,CAAC,uBAAuB,CAAC;CACpC,CAAC,CAAC,CAAC;AAEJ,GAAG,CAAC,GAAG,CAAC,iBAAO,CAAC,IAAI,EAAE,CAAC,CAAC;AAExB,GAAG,CAAC,GAAG,CAAC,aAAa,EAAE,uBAAY,CAAC,CAAC;AACrC,GAAG,CAAC,GAAG,CAAC,WAAW,EAAE,qBAAU,CAAC,CAAC;AACjC,GAAG,CAAC,GAAG,CAAC,YAAY,EAAE,sBAAW,CAAC,CAAC;AACnC,GAAG,CAAC,GAAG,CAAC,aAAa,EAAE,uBAAY,CAAC,CAAC;AACrC,GAAG,CAAC,GAAG,CAAC,oBAAoB,EAAE,8BAAmB,CAAC,CAAC;AACnD,GAAG,CAAC,GAAG,CAAC,YAAY,EAAE,sBAAW,CAAC,CAAC;AAEnC,cAAc;AACd,GAAG,CAAC,GAAG,CAAC,kBAAkB,EAAE,2BAAgB,CAAC,CAAC;AAC9C,GAAG,CAAC,GAAG,CAAC,gBAAgB,EAAE,yBAAc,CAAC,CAAC;AAC1C,GAAG,CAAC,GAAG,CAAC,yBAAyB,EAAE,kCAAuB,CAAC,CAAC;AAC5D,GAAG,CAAC,GAAG,CAAC,iBAAiB,EAAE,0BAAe,CAAC,CAAC;AAE5C,GAAG,CAAC,GAAG,CAAC,cAAc,EAAE,UAAC,GAAQ,EAAE,GAAQ;IACvC,GAAG,CAAC,MAAM,CAAC,GAAG,CAAC,CAAC,IAAI,CAAC,EAAE,OAAO,EAAE,wBAAwB,EAAE,CAAC,CAAC;AAChE,CAAC,CAAC,CAAC;AAEH,IAAM,IAAI,GAAG,IAAI,CAAC;AAElB,IAAI,MAAM,GAAG,GAAG,CAAC,MAAM,CAAC,IAAI,EAAE;IAC5B,OAAO,CAAC,GAAG,CAAC,6CAAsC,IAAI,CAAE,CAAC,CAAC;AAC5D,CAAC,CAAC,CAAC;AAEqB,wBAAM","sourcesContent":["import express from \"express\";\nimport cors from \"cors\";\nimport dotenv from \"dotenv\";\ndotenv.config();\n//test\nimport ticketRouter from './routers/ticket.router';\nimport userRouter from './routers/user.router';\nimport loginRouter from './routers/login.router';\nimport signupRouter from './routers/signup.router'; \nimport notificationsRouter from './routers/notifications.router';\nimport groupRouter from './routers/group.router'\n\n//test routers\nimport testTicketRouter from './test_routers/testTicket.router';\nimport testUserRouter from './test_routers/testUser.router';\nimport testNotificationsRouter from './test_routers/testNotifications.router';\nimport testGroupRouter from './test_routers/testGroup.router'\n\nimport { dbConnection } from \"./configs/ticketDB.config\";\nimport { testGroupModel } from \"./models/testGroup.model\";\n\ndbConnection();\n\nconst app = express();\n\napp.use(cors({\n    credentials: true,\n    origin: [\"http://localhost:4200\"]\n}));\n\napp.use(express.json());\n\napp.use('/api/ticket', ticketRouter);\napp.use('/api/user', userRouter);\napp.use('/api/login', loginRouter);\napp.use('/api/signup', signupRouter); \napp.use('/api/notifications', notificationsRouter);\napp.use('/api/group', groupRouter);\n\n//test routers\napp.use('/api/test_ticket', testTicketRouter);\napp.use('/api/test_user', testUserRouter);\napp.use('/api/test_notifications', testNotificationsRouter);\napp.use('/api/test_group', testGroupRouter);\n\napp.get('/api/welcome', (req: any, res :any) => {\n    res.status(200).send({ message: 'Welcome to the server!' });\n});\n\nconst port = 3000;\n\nlet server = app.listen(port, () => {\n  console.log(`Server running on http://localhost:${port}`);\n});\n\nexport {app as default, server};\n"]},"_coverageSchema":"1a1c01bbd47fc00a2c39e90264f33305004495a9","hash":"b6eab4fdd7247211aee42918ba3844e635b0878c","contentHash":"b01925af7ca4ee931c557508c334721cca1b6233b8fe094c952effec248fff08"},"/Users/priyul/Desktop/Luna/ABC-Service-Request-System/backend/src/models/ticket.model.ts":{"path":"/Users/priyul/Desktop/Luna/ABC-Service-Request-System/backend/src/models/ticket.model.ts","statementMap":{"0":{"start":{"line":2,"column":0},"end":{"line":2,"column":62}},"1":{"start":{"line":3,"column":0},"end":{"line":3,"column":52}},"2":{"start":{"line":4,"column":17},"end":{"line":4,"column":36}},"3":{"start":{"line":5,"column":23},"end":{"line":8,"column":2}},"4":{"start":{"line":9,"column":20},"end":{"line":18,"column":2}},"5":{"start":{"line":19,"column":0},"end":{"line":39,"column":3}},"6":{"start":{"line":40,"column":15},"end":{"line":40,"column":54}},"7":{"start":{"line":41,"column":0},"end":{"line":41,"column":69}}},"fnMap":{},"branchMap":{},"s":{"0":1,"1":1,"2":1,"3":1,"4":1,"5":1,"6":1,"7":1},"f":{},"b":{},"inputSourceMap":{"version":3,"file":"/Users/priyul/Desktop/Luna/ABC-Service-Request-System/backend/src/models/ticket.model.ts","sources":["/Users/priyul/Desktop/Luna/ABC-Service-Request-System/backend/src/models/ticket.model.ts"],"names":[],"mappings":";;;AAAA,qCAA6C;AAgC7C,IAAM,gBAAgB,GAAG,IAAI,iBAAM,CAC/B;IACI,IAAI,EAAE,EAAC,IAAI,EAAE,MAAM,EAAC;IACpB,GAAG,EAAE,EAAC,IAAI,EAAC,MAAM,EAAC;CACrB,CACJ,CAAA;AAED,IAAM,aAAa,GAAG,IAAI,iBAAM,CAC5B;IACE,MAAM,EAAE,EAAE,IAAI,EAAE,MAAM,EAAE,QAAQ,EAAE,IAAI,EAAE;IACxC,WAAW,EAAE,EAAE,IAAI,EAAE,MAAM,EAAE,QAAQ,EAAE,IAAI,EAAC;IAC5C,OAAO,EAAE,EAAE,IAAI,EAAE,MAAM,EAAE,QAAQ,EAAE,IAAI,EAAE;IACzC,SAAS,EAAE,EAAE,IAAI,EAAE,IAAI,EAAE,QAAQ,EAAE,IAAI,EAAE;IACzC,IAAI,EAAE,EAAE,IAAI,EAAE,MAAM,EAAE,QAAQ,EAAE,IAAI,EAAE;IACtC,UAAU,EAAE,EAAE,IAAI,EAAE,gBAAgB,EAAE;CACvC,EACD;IACE,GAAG,EAAE,KAAK;CACX,CACJ,CAAC;AAEW,QAAA,YAAY,GAAG,IAAI,iBAAM,CAClC;IACI,EAAE,EAAE,EAAC,IAAI,EAAE,MAAM,EAAE,QAAQ,EAAE,IAAI,EAAC;IAClC,OAAO,EAAE,EAAC,IAAI,EAAE,MAAM,EAAE,QAAQ,EAAE,IAAI,EAAC;IACvC,QAAQ,EAAE,EAAC,IAAI,EAAE,MAAM,EAAE,QAAQ,EAAE,IAAI,EAAC;IACxC,QAAQ,EAAE,EAAC,IAAI,EAAE,MAAM,EAAE,QAAQ,EAAE,IAAI,EAAC;IACxC,KAAK,EAAE,EAAC,IAAI,EAAE,MAAM,EAAE,QAAQ,EAAE,IAAI,EAAC;IACrC,QAAQ,EAAE,EAAC,IAAI,EAAE,MAAM,EAAE,QAAQ,EAAE,IAAI,EAAC;IACxC,SAAS,EAAE,EAAC,IAAI,EAAE,MAAM,EAAE,QAAQ,EAAE,IAAI,EAAC;IACzC,OAAO,EAAE,EAAC,IAAI,EAAE,MAAM,EAAE,QAAQ,EAAE,IAAI,EAAC;IACvC,MAAM,EAAE,EAAC,IAAI,EAAE,MAAM,EAAE,QAAQ,EAAE,IAAI,EAAC;IACtC,QAAQ,EAAE,EAAC,IAAI,EAAE,CAAC,aAAa,CAAC,EAAC;IACjC,WAAW,EAAE,EAAC,IAAI,EAAE,MAAM,EAAE,QAAQ,EAAE,IAAI,EAAC;CAC9C,EAAC;IACE,MAAM,EAAE;QACJ,QAAQ,EAAE,IAAI;KACjB;IACD,QAAQ,EAAE;QACN,QAAQ,EAAE,IAAI;KACjB;IACD,UAAU,EAAE,IAAI;CACnB,CACJ,CAAC;AAEF,IAAM,QAAQ,GAAG,qBAAU,CAAC,KAAK,CAAC,UAAU,CAAC,CAAC;AACjC,QAAA,WAAW,GAAG,QAAQ,CAAC,KAAK,CAAC,QAAQ,EAAE,oBAAY,CAAC,CAAC","sourcesContent":["import { Schema, connection } from \"mongoose\"\n\n// const ticketDb = dbConnection(); <- this breaks it\n\nexport interface comment {\n    author: string;\n    authorPhoto: string;\n    content: string;\n    createdAt: Date;\n    type: string;\n    attachment?: attachment,\n}\n\nexport interface attachment {\n    name: string,\n    url: string\n}\n\nexport interface ticket{\n    id: string,\n    summary: string,\n    assignee: string,\n    assigned: string,\n    group: string,\n    priority: \"High\" | \"Medium\" | \"Low\",\n    startDate: string,\n    endDate: string,\n    status: \"Done\" | \"Pending\" | \"Active\",\n    comments?: comment [],\n    description: string,\n}\n\nconst attachmentSchema = new Schema<attachment>(\n    {\n        name: {type: String},\n        url: {type:String},\n    }\n)\n\nconst commentSchema = new Schema<comment>(\n    {\n      author: { type: String, required: true },\n      authorPhoto: { type: String, required: true},\n      content: { type: String, required: true },\n      createdAt: { type: Date, required: true },\n      type: { type: String, required: true },\n      attachment: { type: attachmentSchema },\n    },\n    {\n      _id: false,\n    }\n);\n\nexport const ticketSchema = new Schema<ticket>(\n    {\n        id: {type: String, required: true},\n        summary: {type: String, required: true},\n        assignee: {type: String, required: true},\n        assigned: {type: String, required: true},\n        group: {type: String, required: true},\n        priority: {type: String, required: true},\n        startDate: {type: String, required: true},\n        endDate: {type: String, required: true},\n        status: {type: String, required: true},\n        comments: {type: [commentSchema]},\n        description: {type: String, required: true},\n    },{\n        toJSON: {\n            virtuals: true\n        },\n        toObject: {\n            virtuals: true\n        },\n        timestamps: true\n    }\n);\n\nconst ticketDb = connection.useDb(\"TicketDB\");\nexport const TicketModel = ticketDb.model(\"ticket\", ticketSchema);"]},"_coverageSchema":"1a1c01bbd47fc00a2c39e90264f33305004495a9","hash":"bb92531e134e2b7ae2fecbd4c7f467a97c273c05","contentHash":"ffa671b7068e1509e737caf03d1a7dff97a41e43365fb5ceabdccc48295356c9"},"/Users/priyul/Desktop/Luna/ABC-Service-Request-System/backend/src/data.ts":{"path":"/Users/priyul/Desktop/Luna/ABC-Service-Request-System/backend/src/data.ts","statementMap":{"0":{"start":{"line":2,"column":0},"end":{"line":2,"column":62}},"1":{"start":{"line":3,"column":0},"end":{"line":3,"column":32}},"2":{"start":{"line":4,"column":0},"end":{"line":75,"column":2}}},"fnMap":{},"branchMap":{},"s":{"0":1,"1":1,"2":1},"f":{},"b":{},"inputSourceMap":{"version":3,"file":"/Users/priyul/Desktop/Luna/ABC-Service-Request-System/backend/src/data.ts","sources":["/Users/priyul/Desktop/Luna/ABC-Service-Request-System/backend/src/data.ts"],"names":[],"mappings":";;;AAGa,QAAA,cAAc,GAAa;IACtC;QACI,EAAE,EAAE,GAAG;QACP,OAAO,EAAE,yBAAyB;QAClC,QAAQ,EAAE,OAAO;QACjB,QAAQ,EAAE,QAAQ;QAClB,KAAK,EAAE,GAAG;QACV,QAAQ,EAAE,MAAM;QAChB,SAAS,EAAE,YAAY;QACvB,OAAO,EAAE,YAAY;QACrB,MAAM,EAAE,MAAM;QACd,QAAQ,EAAE,EAET;QACD,WAAW,EAAE,2HAA2H;KAC3I;IACD;QACI,EAAE,EAAE,GAAG;QACP,OAAO,EAAE,iBAAiB;QAC1B,QAAQ,EAAE,MAAM;QAChB,QAAQ,EAAE,OAAO;QACjB,KAAK,EAAE,GAAG;QACV,QAAQ,EAAE,KAAK;QACf,SAAS,EAAE,YAAY;QACvB,OAAO,EAAE,YAAY;QACrB,MAAM,EAAE,SAAS;QACjB,QAAQ,EAAE;YACN;gBACI,MAAM,EAAE,MAAM;gBACd,WAAW,EAAE,wFAAwF;gBACrG,OAAO,EAAE,0BAA0B;gBACnC,SAAS,EAAE,IAAI,IAAI,CAAC,YAAY,CAAC;gBACjC,IAAI,EAAE,QAAQ;aACjB;SACJ;QACD,WAAW,EAAE,qFAAqF;KACrG;IACD;QACI,EAAE,EAAE,GAAG;QACP,OAAO,EAAE,wBAAwB;QACjC,QAAQ,EAAE,MAAM;QAChB,QAAQ,EAAE,QAAQ;QAClB,KAAK,EAAE,GAAG;QACV,QAAQ,EAAE,QAAQ;QAClB,SAAS,EAAE,YAAY;QACvB,OAAO,EAAE,YAAY;QACrB,MAAM,EAAE,QAAQ;QAChB,QAAQ,EAAE;YACN;gBACI,MAAM,EAAE,MAAM;gBACd,WAAW,EAAE,wFAAwF;gBACrG,OAAO,EAAE,iBAAiB;gBAC1B,SAAS,EAAE,IAAI,IAAI,CAAC,YAAY,CAAC;gBACjC,IAAI,EAAE,QAAQ;gBACd,UAAU,EACR;oBACI,IAAI,EAAE,aAAa;oBACnB,GAAG,EAAE,iBAAiB;iBACzB;aACN;YACD;gBACI,MAAM,EAAE,QAAQ;gBAChB,WAAW,EAAE,wFAAwF;gBACrG,OAAO,EAAE,6BAA6B;gBACtC,SAAS,EAAE,IAAI,IAAI,CAAC,YAAY,CAAC;gBACjC,IAAI,EAAE,QAAQ;gBACd,UAAU,EACR;oBACI,IAAI,EAAE,aAAa;oBACnB,GAAG,EAAE,iBAAiB;iBACzB;aACN;SACJ;QACD,WAAW,EAAE,4EAA4E;KAC5F;CACF,CAAC","sourcesContent":["import { ticket } from \"./models/ticket.model\";\n\n\nexport const sample_tickets: ticket[] = [\n  {\n      id: \"1\",\n      summary: 'Update UI and bug fixes',\n      assignee: 'Jesse',\n      assigned: 'Jaimen',\n      group: '1',\n      priority: 'High',\n      startDate: '19/05/2023',\n      endDate: '23/05/2023',\n      status: 'Done',\n      comments: [\n\n      ],\n      description: \"You need to update the UI to support the new angular material UI library and also fix the typescript bug with the header.\"\n  },\n  {\n      id: \"2\",\n      summary: 'testing tickets',\n      assignee: 'John',\n      assigned: 'Ashir',\n      group: '2',\n      priority: 'Low',\n      startDate: '09/11/2023',\n      endDate: '10/11/2023',\n      status: 'Pending',\n      comments: [\n          {\n              author: 'John',\n              authorPhoto: 'https://res.cloudinary.com/ds2qotysb/image/upload/v1687775046/n2cjwxkijhdgdrgw7zkj.png',\n              content: 'Will begin testing soon.',\n              createdAt: new Date('2023-11-09'),\n              type: 'status',\n          },\n      ],\n      description: \"You need to test the tickets before the client has a chance to access their portal.\"\n  },\n  {\n      id: \"3\",\n      summary: 'Epiuse frontend ticket',\n      assignee: 'Mark',\n      assigned: 'Priyul',\n      group: '3',\n      priority: 'Medium',\n      startDate: '24/08/2023',\n      endDate: '29/08/2023',\n      status: 'Active',\n      comments: [\n          {\n              author: 'Mark',\n              authorPhoto: 'https://res.cloudinary.com/ds2qotysb/image/upload/v1687775046/n2cjwxkijhdgdrgw7zkj.png',\n              content: 'Initial commit.',\n              createdAt: new Date('2023-08-24'),\n              type: 'status',\n              attachment: \n                {\n                    name: 'attachment2',\n                    url: 'attachment2.pdf'\n                }\n          },\n          {\n              author: 'Priyul',\n              authorPhoto: 'https://res.cloudinary.com/ds2qotysb/image/upload/v1687775046/n2cjwxkijhdgdrgw7zkj.png',\n              content: 'Code review comments added.',\n              createdAt: new Date('2023-08-26'),\n              type: 'review',\n              attachment: \n                {\n                    name: 'attachment2',\n                    url: 'attachment2.pdf'\n                }\n          },\n      ],\n      description: 'Update the front end ticket schema so that it conforms to new legislation.'\n  },\n];\n"]},"_coverageSchema":"1a1c01bbd47fc00a2c39e90264f33305004495a9","hash":"4240feaef3eb717044e80e41e7362c8cb2b0a64b","contentHash":"c23d3d923d2fc33efd1a54455347d1f8660cbb7ab6bdc78f3c1a668c5e29ccb7"},"/Users/priyul/Desktop/Luna/ABC-Service-Request-System/backend/src/models/user.model.ts":{"path":"/Users/priyul/Desktop/Luna/ABC-Service-Request-System/backend/src/models/user.model.ts","statementMap":{"0":{"start":{"line":2,"column":0},"end":{"line":2,"column":62}},"1":{"start":{"line":3,"column":0},"end":{"line":3,"column":48}},"2":{"start":{"line":4,"column":17},"end":{"line":4,"column":36}},"3":{"start":{"line":5,"column":12},"end":{"line":5,"column":59}},"4":{"start":{"line":6,"column":0},"end":{"line":25,"column":3}},"5":{"start":{"line":39,"column":13},"end":{"line":39,"column":50}},"6":{"start":{"line":40,"column":0},"end":{"line":40,"column":61}}},"fnMap":{},"branchMap":{},"s":{"0":1,"1":1,"2":1,"3":1,"4":1,"5":1,"6":1},"f":{},"b":{},"inputSourceMap":{"version":3,"file":"/Users/priyul/Desktop/Luna/ABC-Service-Request-System/backend/src/models/user.model.ts","sources":["/Users/priyul/Desktop/Luna/ABC-Service-Request-System/backend/src/models/user.model.ts"],"names":[],"mappings":";;;AAAA,qCAAoD;AAGpD,IAAI,KAAK,GAAW,CAAC,SAAS,EAAE,YAAY,EAAE,WAAW,EAAE,OAAO,CAAC,CAAC;AAevD,QAAA,UAAU,GAAG,IAAI,iBAAM,CAChC;IACI,EAAE,EAAE,EAAC,IAAI,EAAE,MAAM,EAAE,QAAQ,EAAE,IAAI,EAAC;IAClC,IAAI,EAAE,EAAC,IAAI,EAAE,MAAM,EAAE,QAAQ,EAAE,IAAI,EAAC;IACpC,OAAO,EAAC,EAAC,IAAI,EAAE,MAAM,EAAE,QAAQ,EAAE,IAAI,EAAC;IACtC,YAAY,EAAC,EAAC,IAAI,EAAE,MAAM,EAAE,QAAQ,EAAE,KAAK,EAAC;IAC5C,YAAY,EAAE,EAAC,IAAI,EAAE,MAAM,EAAE,MAAM,EAAE,IAAI,EAAE,QAAQ,EAAE,IAAI,EAAC;IAC1D,aAAa,EAAE,EAAC,IAAI,EAAE,OAAO,EAAE,QAAQ,EAAE,IAAI,EAAE,OAAO,EAAE,KAAK,EAAC;IAC9D,QAAQ,EAAE,EAAC,IAAI,EAAE,MAAM,EAAE,QAAQ,EAAE,IAAI,EAAE,MAAM,EAAE,IAAI,EAAC;IACtD,KAAK,EAAE,EAAC,IAAI,EAAE,CAAC,MAAM,CAAC,EAAE,QAAQ,EAAE,IAAI,EAAE,IAAI,EAAE,KAAK,EAAC;IACpD,MAAM,EAAE,EAAC,IAAI,EAAE,CAAC,MAAM,CAAC,EAAE,QAAQ,EAAE,KAAK,EAAE,OAAO,EAAC,EAAE,EAAC;IACrD,WAAW,EAAE,EAAE,IAAI,EAAE,MAAM,EAAE,EAAE,wBAAwB;CAC1D,EAAC;IACE,MAAM,EAAE;QACJ,QAAQ,EAAE,IAAI;KACjB;IACD,QAAQ,EAAE;QACN,QAAQ,EAAE,IAAI;KACjB;IACD,UAAU,EAAE,IAAI;CACnB,CACJ,CAAC;AAEF,iDAAiD;AACjD,uBAAuB;AAEvB,yEAAyE;AAEzE,0CAA0C;AAC1C,uBAAuB;AACvB,QAAQ;AAER,6CAA6C;AAC7C,2DAA2D;AAE3D,wDAAwD;AACxD,+CAA+C;AAE/C,4BAA4B;AAC5B,cAAc;AACd,MAAM;AAGN,IAAM,MAAM,GAAG,qBAAU,CAAC,KAAK,CAAC,QAAQ,CAAC,CAAC;AAC7B,QAAA,SAAS,GAAG,MAAM,CAAC,KAAK,CAAC,MAAM,EAAE,kBAAU,CAAC,CAAC;AAE1D,6DAA6D","sourcesContent":["import { Schema, connection, model } from \"mongoose\"\n//import bcrypt from 'bcryptjs';\ntype Role = \"Manager\" | \"Functional\" | \"Technical\" | \"Admin\";\nlet roles: Role[] = [\"Manager\", \"Functional\", \"Technical\", \"Admin\"];\n\nexport interface user{\n    id: string\n    name: string\n    surname: string\n    profilePhoto: string\n    emailAddress: string\n    emailVerified: boolean\n    password: string\n    roles: Role []\n    groups: string []\n    inviteToken?: string\n}\n\nexport const userSchema = new Schema<user>(\n    {\n        id: {type: String, required: true},\n        name: {type: String, required: true},\n        surname:{type: String, required: true},\n        profilePhoto:{type: String, required: false},\n        emailAddress: {type: String, unique: true, required: true},\n        emailVerified: {type: Boolean, required: true, default: false},\n        password: {type: String, required: true, select: true},\n        roles: {type: [String], required: true, enum: roles},\n        groups: {type: [String], required: false, default:[]},\n        inviteToken: { type: String }, // Add inviteToken field\n    },{\n        toJSON: {\n            virtuals: true\n        },\n        toObject: {\n            virtuals: true\n        },\n        timestamps: true\n    }\n);\n\n// userSchema.pre('save', async function (next) {\n//     let user = this;\n    \n//     console.log('Is password modified?', user.isModified('password'));\n  \n//     if (!user.isModified('password')) {\n//       return next();\n//     }\n  \n//     const salt = await bcrypt.genSalt(10);\n//     const hash = await bcrypt.hash(user.password, salt);\n\n//     console.log('Original password:', user.password);\n//     console.log('Hasheded password:', hash);\n\n//     user.password = hash;\n//     next();\n// });\n\n\nconst userDb = connection.useDb(\"UserDB\");\nexport const UserModel = userDb.model(\"user\", userSchema);\n\n// export const UserModel2 = model<user>('User', userSchema);\n"]},"_coverageSchema":"1a1c01bbd47fc00a2c39e90264f33305004495a9","hash":"5194b2dab61097f198a229071fc94146783ba0e6","contentHash":"ca9693f9e46f42d26d9277a2ef2b591952eeb0fa5025dbf9bda1bbfa1dc41b2d"},"/Users/priyul/Desktop/Luna/ABC-Service-Request-System/backend/src/models/group.model.ts":{"path":"/Users/priyul/Desktop/Luna/ABC-Service-Request-System/backend/src/models/group.model.ts","statementMap":{"0":{"start":{"line":2,"column":0},"end":{"line":2,"column":62}},"1":{"start":{"line":3,"column":0},"end":{"line":3,"column":50}},"2":{"start":{"line":4,"column":17},"end":{"line":4,"column":36}},"3":{"start":{"line":5,"column":0},"end":{"line":10,"column":3}},"4":{"start":{"line":11,"column":14},"end":{"line":11,"column":52}},"5":{"start":{"line":12,"column":0},"end":{"line":12,"column":65}}},"fnMap":{},"branchMap":{},"s":{"0":1,"1":1,"2":1,"3":1,"4":1,"5":1},"f":{},"b":{},"inputSourceMap":{"version":3,"file":"/Users/priyul/Desktop/Luna/ABC-Service-Request-System/backend/src/models/group.model.ts","sources":["/Users/priyul/Desktop/Luna/ABC-Service-Request-System/backend/src/models/group.model.ts"],"names":[],"mappings":";;;AAAA,qCAA6C;AAWhC,QAAA,WAAW,GAAG,IAAI,iBAAM,CACjC;IACI,EAAE,EAAE,EAAC,IAAI,EAAE,MAAM,EAAE,QAAQ,EAAE,IAAI,EAAC;IAClC,SAAS,EAAE,EAAC,IAAI,EAAE,MAAM,EAAE,QAAQ,EAAE,IAAI,EAAC;IACzC,eAAe,EAAE,EAAC,IAAI,EAAE,MAAM,EAAE,QAAQ,EAAE,KAAK,EAAC;IAChD,MAAM,EAAE,CAAC,EAAC,IAAI,EAAE,iBAAM,CAAC,KAAK,CAAC,QAAQ,EAAE,GAAG,EAAE,MAAM,EAAC,CAAC;CACvD,CACJ,CAAA;AAED,IAAM,OAAO,GAAG,qBAAU,CAAC,KAAK,CAAC,SAAS,CAAC,CAAC;AAC/B,QAAA,UAAU,GAAG,OAAO,CAAC,KAAK,CAAC,OAAO,EAAE,mBAAW,CAAC,CAAC","sourcesContent":["import { Schema, connection } from \"mongoose\"\nimport { UserModel, user } from \"./user.model\"\n\nexport interface group {\n    id: string\n    groupName: string\n    backgroundPhoto: string\n    people?: string[]\n\n}\n\nexport const groupSchema = new Schema<group>(\n    {\n        id: {type: String, required: true},\n        groupName: {type: String, required: true},\n        backgroundPhoto: {type: String, required: false},\n        people: [{type: Schema.Types.ObjectId, ref: 'user'}],\n    }\n)\n\nconst groupDB = connection.useDb(\"GroupDB\");\nexport const groupModel = groupDB.model(\"group\", groupSchema);"]},"_coverageSchema":"1a1c01bbd47fc00a2c39e90264f33305004495a9","hash":"6cbf80d64757cb33a773ed71057657aa608d4ffa","contentHash":"eca02d4553ac8cf4070774e037dbb94167e5428eed340dfded129dc8ad67b09a"},"/Users/priyul/Desktop/Luna/ABC-Service-Request-System/backend/src/models/notifications.model.ts":{"path":"/Users/priyul/Desktop/Luna/ABC-Service-Request-System/backend/src/models/notifications.model.ts","statementMap":{"0":{"start":{"line":2,"column":0},"end":{"line":2,"column":62}},"1":{"start":{"line":3,"column":0},"end":{"line":3,"column":66}},"2":{"start":{"line":4,"column":17},"end":{"line":4,"column":36}},"3":{"start":{"line":5,"column":0},"end":{"line":24,"column":3}},"4":{"start":{"line":25,"column":22},"end":{"line":25,"column":68}},"5":{"start":{"line":26,"column":0},"end":{"line":26,"column":97}}},"fnMap":{},"branchMap":{},"s":{"0":1,"1":1,"2":1,"3":1,"4":1,"5":1},"f":{},"b":{},"inputSourceMap":{"version":3,"file":"/Users/priyul/Desktop/Luna/ABC-Service-Request-System/backend/src/models/notifications.model.ts","sources":["/Users/priyul/Desktop/Luna/ABC-Service-Request-System/backend/src/models/notifications.model.ts"],"names":[],"mappings":";;;AAAA,qCAAoD;AAevC,QAAA,mBAAmB,GAAG,IAAI,iBAAM,CACzC;IACI,EAAE,EAAE,EAAC,IAAI,EAAE,MAAM,EAAE,QAAQ,EAAE,IAAI,EAAC;IAClC,gBAAgB,EAAE,EAAC,IAAI,EAAE,MAAM,EAAE,QAAQ,EAAE,IAAI,EAAC;IAChD,mBAAmB,EAAE,EAAC,IAAI,EAAE,MAAM,EAAE,QAAQ,EAAE,IAAI,EAAC;IACnD,YAAY,EAAE,EAAC,IAAI,EAAE,MAAM,EAAE,QAAQ,EAAE,IAAI,EAAC;IAC5C,aAAa,EAAE,EAAC,IAAI,EAAE,MAAM,EAAE,QAAQ,EAAE,IAAI,EAAC;IAC7C,aAAa,EAAE,EAAC,IAAI,EAAE,MAAM,EAAE,QAAQ,EAAE,IAAI,EAAC;IAC7C,YAAY,EAAE,EAAC,IAAI,EAAE,MAAM,EAAE,QAAQ,EAAE,IAAI,EAAC;IAC5C,gBAAgB,EAAE,EAAC,IAAI,EAAE,IAAI,EAAE,QAAQ,EAAE,IAAI,EAAC;IAC9C,IAAI,EAAE,EAAC,IAAI,EAAE,MAAM,EAAE,QAAQ,EAAE,IAAI,EAAC;IACpC,UAAU,EAAE,EAAC,IAAI,EAAE,MAAM,EAAE,QAAQ,EAAE,IAAI,EAAC;CAC7C,EACD;IACI,MAAM,EAAE;QACJ,QAAQ,EAAE,IAAI;KACjB;IACD,QAAQ,EAAE;QACN,QAAQ,EAAE,IAAI;KACjB;IACD,UAAU,EAAE,IAAI;CACnB,CACJ,CAAC;AAEF,IAAM,eAAe,GAAG,qBAAU,CAAC,KAAK,CAAC,iBAAiB,CAAC,CAAC;AAC/C,QAAA,kBAAkB,GAAG,eAAe,CAAC,KAAK,CAAC,eAAe,EAAE,2BAAmB,CAAC,CAAA","sourcesContent":["import { Schema, connection, model } from \"mongoose\"\n\nexport interface notifications {\n    id: string;\n    profilePhotoLink: string;\n    notificationMessage: string;\n    creatorEmail: string;\n    assignedEmail: string;\n    ticketSummary: string;\n    ticketStatus: string;\n    notificationTime: Date;\n    link: string;\n    readStatus: string;\n}\n\nexport const notificationsSchema = new Schema<notifications> (\n    {\n        id: {type: String, required: true},\n        profilePhotoLink: {type: String, required: true},\n        notificationMessage: {type: String, required: true},\n        creatorEmail: {type: String, required: true},\n        assignedEmail: {type: String, required: true},\n        ticketSummary: {type: String, required: true},\n        ticketStatus: {type: String, required: true},\n        notificationTime: {type: Date, required: true},\n        link: {type: String, required: true},\n        readStatus: {type: String, required: true}\n    },\n    {\n        toJSON: {\n            virtuals: true\n        },\n        toObject: {\n            virtuals: true\n        },\n        timestamps: true\n    }\n);\n\nconst notificationsDB = connection.useDb(\"NotificationsDB\");\nexport const NotificationsModel = notificationsDB.model(\"notifications\", notificationsSchema)"]},"_coverageSchema":"1a1c01bbd47fc00a2c39e90264f33305004495a9","hash":"3e7471e907a2eed478dbac00ccb036a5e7bd4057","contentHash":"8826e7c1f287c9988f008ecd4ef3b4bb18a88ea283d262b42287a47736b5133e"},"/Users/priyul/Desktop/Luna/ABC-Service-Request-System/backend/src/sampleNotifications.ts":{"path":"/Users/priyul/Desktop/Luna/ABC-Service-Request-System/backend/src/sampleNotifications.ts","statementMap":{"0":{"start":{"line":2,"column":0},"end":{"line":2,"column":62}},"1":{"start":{"line":3,"column":0},"end":{"line":3,"column":38}},"2":{"start":{"line":4,"column":20},"end":{"line":4,"column":30}},"3":{"start":{"line":5,"column":19},"end":{"line":5,"column":42}},"4":{"start":{"line":6,"column":0},"end":{"line":6,"column":50}},"5":{"start":{"line":7,"column":20},"end":{"line":7,"column":30}},"6":{"start":{"line":8,"column":20},"end":{"line":8,"column":43}},"7":{"start":{"line":9,"column":0},"end":{"line":9,"column":51}},"8":{"start":{"line":10,"column":21},"end":{"line":10,"column":31}},"9":{"start":{"line":11,"column":21},"end":{"line":11,"column":45}},"10":{"start":{"line":12,"column":0},"end":{"line":12,"column":55}},"11":{"start":{"line":13,"column":0},"end":{"line":50,"column":2}}},"fnMap":{},"branchMap":{},"s":{"0":1,"1":1,"2":1,"3":1,"4":1,"5":1,"6":1,"7":1,"8":1,"9":1,"10":1,"11":1},"f":{},"b":{},"inputSourceMap":{"version":3,"file":"/Users/priyul/Desktop/Luna/ABC-Service-Request-System/backend/src/sampleNotifications.ts","sources":["/Users/priyul/Desktop/Luna/ABC-Service-Request-System/backend/src/sampleNotifications.ts"],"names":[],"mappings":";;;AAEA,IAAM,aAAa,GAAG,IAAI,IAAI,EAAE,CAAC;AACjC,IAAM,YAAY,GAAG,IAAI,IAAI,CAAC,aAAa,CAAC,CAAC;AAC7C,YAAY,CAAC,OAAO,CAAC,aAAa,CAAC,OAAO,EAAE,GAAG,CAAC,CAAC,CAAC;AAElD,IAAM,aAAa,GAAG,IAAI,IAAI,EAAE,CAAC;AACjC,IAAM,aAAa,GAAG,IAAI,IAAI,CAAC,aAAa,CAAC,CAAC;AAC9C,aAAa,CAAC,OAAO,CAAC,aAAa,CAAC,OAAO,EAAE,GAAG,CAAC,CAAC,CAAC;AAEnD,IAAM,cAAc,GAAG,IAAI,IAAI,EAAE,CAAC;AAClC,IAAM,cAAc,GAAG,IAAI,IAAI,CAAC,cAAc,CAAC,CAAC;AAChD,cAAc,CAAC,QAAQ,CAAC,cAAc,CAAC,QAAQ,EAAE,GAAG,CAAC,CAAC,CAAC;AAE1C,QAAA,oBAAoB,GAAoB;IACjD;QACI,EAAE,EAAE,GAAG;QACP,gBAAgB,EAAE,iCAAiC;QACnD,mBAAmB,EAAE,sBAAsB;QAC3C,YAAY,EAAE,mBAAmB;QACjC,aAAa,EAAE,oBAAoB;QACnC,aAAa,EAAE,yBAAyB;QACxC,YAAY,EAAE,MAAM;QACpB,gBAAgB,EAAE,YAAY;QAC9B,IAAI,EAAE,GAAG;QACT,UAAU,EAAE,QAAQ;KACvB;IACD;QACI,EAAE,EAAE,GAAG;QACP,gBAAgB,EAAE,iCAAiC;QACnD,mBAAmB,EAAE,2BAA2B;QAChD,YAAY,EAAE,kBAAkB;QAChC,aAAa,EAAE,mBAAmB;QAClC,aAAa,EAAE,iBAAiB;QAChC,YAAY,EAAE,SAAS;QACvB,gBAAgB,EAAE,aAAa;QAC/B,IAAI,EAAE,GAAG;QACT,UAAU,EAAE,QAAQ;KACvB;IACD;QACI,EAAE,EAAE,GAAG;QACP,gBAAgB,EAAE,iCAAiC;QACnD,mBAAmB,EAAE,sBAAsB;QAC3C,YAAY,EAAE,kBAAkB;QAChC,aAAa,EAAE,oBAAoB;QACnC,aAAa,EAAE,wBAAwB;QACvC,YAAY,EAAE,MAAM;QACpB,gBAAgB,EAAE,cAAc;QAChC,IAAI,EAAE,GAAG;QACT,UAAU,EAAE,MAAM;KACrB;CACJ,CAAC","sourcesContent":["import { notifications } from \"./models/notifications.model\"\n\nconst yesterdayDate = new Date();\nconst oneDayBefore = new Date(yesterdayDate);\noneDayBefore.setDate(yesterdayDate.getDate() - 1);\n\nconst lastweeksDate = new Date();\nconst oneWeekBefore = new Date(lastweeksDate);\noneWeekBefore.setDate(lastweeksDate.getDate() - 7);\n\nconst lastmonthsDate = new Date();\nconst oneMonthBefore = new Date(lastmonthsDate);\noneMonthBefore.setMonth(lastmonthsDate.getMonth() - 1);\n\nexport const sample_notifications: notifications[] = [\n    {   \n        id: \"1\",\n        profilePhotoLink: \"https://i.imgur.com/zYxDCQT.jpg\",\n        notificationMessage: \" has closed an issue\",\n        creatorEmail: \"jesse@example.com\",\n        assignedEmail: \"jaimen@example.com\",\n        ticketSummary: \"Update UI and bug fixes\",\n        ticketStatus: \"Done\",\n        notificationTime: oneDayBefore,\n        link: \"1\",\n        readStatus: \"Unread\"\n    },\n    {\n        id: \"2\",\n        profilePhotoLink: \"https://i.imgur.com/zYxDCQT.jpg\",\n        notificationMessage: \" assigned an issue to you\",\n        creatorEmail: \"john@example.com\",\n        assignedEmail: \"ashir@example.com\",\n        ticketSummary: \"testing tickets\",\n        ticketStatus: \"Pending\",\n        notificationTime: oneWeekBefore,\n        link: \"2\",\n        readStatus: \"Unread\"\n    },\n    {\n        id: \"3\",\n        profilePhotoLink: \"https://i.imgur.com/zYxDCQT.jpg\",\n        notificationMessage: \" has closed an issue\",\n        creatorEmail: \"mark@example.com\",\n        assignedEmail: \"priyul@example.com\",\n        ticketSummary: \"Epiuse frontend ticket\",\n        ticketStatus: \"Done\",\n        notificationTime: oneMonthBefore,\n        link: \"3\",\n        readStatus: \"Read\"\n    }\n];"]},"_coverageSchema":"1a1c01bbd47fc00a2c39e90264f33305004495a9","hash":"11eaf7e003767fa831d1879667c1d6152279f80b","contentHash":"d9f4fde1c42968a8213db10e607bdb8589f5c3fc573a017a98df88ffaf7b32de"},"/Users/priyul/Desktop/Luna/ABC-Service-Request-System/backend/src/sampleGroups.ts":{"path":"/Users/priyul/Desktop/Luna/ABC-Service-Request-System/backend/src/sampleGroups.ts","statementMap":{"0":{"start":{"line":2,"column":0},"end":{"line":2,"column":62}},"1":{"start":{"line":3,"column":0},"end":{"line":3,"column":31}},"2":{"start":{"line":4,"column":19},"end":{"line":4,"column":49}},"3":{"start":{"line":5,"column":12},"end":{"line":15,"column":2}},"4":{"start":{"line":16,"column":12},"end":{"line":26,"column":2}},"5":{"start":{"line":27,"column":12},"end":{"line":37,"column":2}},"6":{"start":{"line":38,"column":0},"end":{"line":57,"column":2}}},"fnMap":{},"branchMap":{},"s":{"0":1,"1":1,"2":1,"3":1,"4":1,"5":1,"6":1},"f":{},"b":{},"inputSourceMap":{"version":3,"file":"/Users/priyul/Desktop/Luna/ABC-Service-Request-System/backend/src/sampleGroups.ts","sources":["/Users/priyul/Desktop/Luna/ABC-Service-Request-System/backend/src/sampleGroups.ts"],"names":[],"mappings":";;;AAAA,kDAAgD;AAGhD,IAAM,KAAK,GAAG,IAAI,sBAAS,CAAC;IACxB,EAAE,EAAE,GAAG;IACP,IAAI,EAAE,MAAM;IACZ,OAAO,EAAE,KAAK;IACd,YAAY,EAAE,WAAW;IACzB,YAAY,EAAE,sBAAsB;IACpC,aAAa,EAAE,IAAI;IACnB,QAAQ,EAAE,UAAU;IACpB,KAAK,EAAE,CAAC,SAAS,CAAC;IAClB,MAAM,EAAE,CAAC,QAAQ,EAAE,QAAQ,CAAC;CAC7B,CAAC,CAAC;AAEH,IAAM,KAAK,GAAG,IAAI,sBAAS,CAAC;IAC1B,EAAE,EAAE,GAAG;IACP,IAAI,EAAE,MAAM;IACZ,OAAO,EAAE,OAAO;IAChB,YAAY,EAAE,WAAW;IACzB,YAAY,EAAE,wBAAwB;IACtC,aAAa,EAAE,IAAI;IACnB,QAAQ,EAAE,UAAU;IACpB,KAAK,EAAE,CAAC,YAAY,CAAC;IACrB,MAAM,EAAE,CAAC,QAAQ,CAAC;CACnB,CAAC,CAAC;AAEH,IAAM,KAAK,GAAG,IAAI,sBAAS,CAAC;IAC1B,EAAE,EAAE,GAAG;IACP,IAAI,EAAE,OAAO;IACb,OAAO,EAAE,SAAS;IAClB,YAAY,EAAE,WAAW;IACzB,YAAY,EAAE,2BAA2B;IACzC,aAAa,EAAE,IAAI;IACnB,QAAQ,EAAE,UAAU;IACpB,KAAK,EAAE,CAAC,WAAW,CAAC;IACpB,MAAM,EAAE,CAAC,QAAQ,CAAC;CACnB,CAAC,CAAC;AAEQ,QAAA,aAAa,GAAU;IAChC;QACI,EAAE,EAAE,GAAG;QACP,SAAS,EAAE,UAAU;QACrB,eAAe,EAAE,EAAE;QACnB,MAAM,EAAE,CAAC,KAAK,EAAE,KAAK,CAAC;KACzB;IACD;QACI,EAAE,EAAE,GAAG;QACP,SAAS,EAAE,SAAS;QACpB,eAAe,EAAE,EAAE;QACnB,MAAM,EAAE,CAAC,KAAK,EAAE,KAAK,CAAC;KACzB;IACD;QACI,EAAE,EAAE,GAAG;QACP,SAAS,EAAE,aAAa;QACxB,eAAe,EAAE,EAAE;QACnB,MAAM,EAAE,CAAC,KAAK,EAAE,KAAK,CAAC;KACzB;CACJ,CAAA","sourcesContent":["import { UserModel } from \"./models/user.model\";\nimport { sample_users } from \"./sampleUsers\";\n\nconst user1 = new UserModel({ \n    id: \"1\",\n    name: \"John\",\n    surname: \"Doe\",\n    profilePhoto: \"user1.jpg\",\n    emailAddress: \"john.doe@example.com\",\n    emailVerified: true,\n    password: \"password\",\n    roles: [\"Manager\"],\n    groups: [\"group1\", \"group2\"],\n  });\n  \n  const user2 = new UserModel({\n    id: \"2\",\n    name: \"Jane\",\n    surname: \"Smith\",\n    profilePhoto: \"user2.jpg\",\n    emailAddress: \"jane.smith@example.com\",\n    emailVerified: true,\n    password: \"password\",\n    roles: [\"Functional\"],\n    groups: [\"group1\"],\n  });\n  \n  const user3 = new UserModel({\n    id: \"3\",\n    name: \"Alice\",\n    surname: \"Johnson\",\n    profilePhoto: \"user3.jpg\",\n    emailAddress: \"alice.johnson@example.com\",\n    emailVerified: true,\n    password: \"password\",\n    roles: [\"Technical\"],\n    groups: [\"group2\"],\n  });\n\nexport const sample_groups: any[] = [\n    {\n        id: '1',\n        groupName: 'Frontend',\n        backgroundPhoto: '',\n        people: [user1, user2],\n    },\n    {\n        id: '2',\n        groupName: 'Backend',\n        backgroundPhoto: '',\n        people: [user2, user3],\n    },\n    {\n        id: '3',\n        groupName: 'Integration',\n        backgroundPhoto: '',\n        people: [user1, user3],\n    }\n]"]},"_coverageSchema":"1a1c01bbd47fc00a2c39e90264f33305004495a9","hash":"981f4e718b1fc62a035adadee70a6bed01b86225","contentHash":"9b6b950587510e828ad7f6b2bd65e013c729b5a4b2af1792a292ffd0fedf3c9c"},"/Users/priyul/Desktop/Luna/ABC-Service-Request-System/backend/src/test_routers/testTicket.router.ts":{"path":"/Users/priyul/Desktop/Luna/ABC-Service-Request-System/backend/src/test_routers/testTicket.router.ts","statementMap":{"0":{"start":{"line":2,"column":16},"end":{"line":10,"column":1}},"1":{"start":{"line":3,"column":28},"end":{"line":3,"column":110}},"2":{"start":{"line":3,"column":91},"end":{"line":3,"column":106}},"3":{"start":{"line":4,"column":4},"end":{"line":9,"column":7}},"4":{"start":{"line":5,"column":36},"end":{"line":5,"column":97}},"5":{"start":{"line":5,"column":42},"end":{"line":5,"column":70}},"6":{"start":{"line":5,"column":85},"end":{"line":5,"column":95}},"7":{"start":{"line":6,"column":35},"end":{"line":6,"column":100}},"8":{"start":{"line":6,"column":41},"end":{"line":6,"column":73}},"9":{"start":{"line":6,"column":88},"end":{"line":6,"column":98}},"10":{"start":{"line":7,"column":32},"end":{"line":7,"column":116}},"11":{"start":{"line":8,"column":8},"end":{"line":8,"column":78}},"12":{"start":{"line":11,"column":18},"end":{"line":37,"column":1}},"13":{"start":{"line":12,"column":12},"end":{"line":12,"column":104}},"14":{"start":{"line":12,"column":43},"end":{"line":12,"column":68}},"15":{"start":{"line":12,"column":57},"end":{"line":12,"column":68}},"16":{"start":{"line":12,"column":69},"end":{"line":12,"column":81}},"17":{"start":{"line":13,"column":4},"end":{"line":13,"column":157}},"18":{"start":{"line":13,"column":138},"end":{"line":13,"column":150}},"19":{"start":{"line":14,"column":23},"end":{"line":14,"column":68}},"20":{"start":{"line":14,"column":45},"end":{"line":14,"column":65}},"21":{"start":{"line":16,"column":8},"end":{"line":16,"column":70}},"22":{"start":{"line":16,"column":15},"end":{"line":16,"column":70}},"23":{"start":{"line":17,"column":8},"end":{"line":34,"column":66}},"24":{"start":{"line":17,"column":50},"end":{"line":34,"column":66}},"25":{"start":{"line":18,"column":12},"end":{"line":18,"column":169}},"26":{"start":{"line":18,"column":160},"end":{"line":18,"column":169}},"27":{"start":{"line":19,"column":12},"end":{"line":19,"column":52}},"28":{"start":{"line":19,"column":26},"end":{"line":19,"column":52}},"29":{"start":{"line":20,"column":12},"end":{"line":32,"column":13}},"30":{"start":{"line":21,"column":32},"end":{"line":21,"column":39}},"31":{"start":{"line":21,"column":40},"end":{"line":21,"column":46}},"32":{"start":{"line":22,"column":24},"end":{"line":22,"column":34}},"33":{"start":{"line":22,"column":35},"end":{"line":22,"column":72}},"34":{"start":{"line":23,"column":24},"end":{"line":23,"column":34}},"35":{"start":{"line":23,"column":35},"end":{"line":23,"column":45}},"36":{"start":{"line":23,"column":46},"end":{"line":23,"column":55}},"37":{"start":{"line":23,"column":56},"end":{"line":23,"column":65}},"38":{"start":{"line":24,"column":24},"end":{"line":24,"column":41}},"39":{"start":{"line":24,"column":42},"end":{"line":24,"column":55}},"40":{"start":{"line":24,"column":56},"end":{"line":24,"column":65}},"41":{"start":{"line":26,"column":20},"end":{"line":26,"column":128}},"42":{"start":{"line":26,"column":110},"end":{"line":26,"column":116}},"43":{"start":{"line":26,"column":117},"end":{"line":26,"column":126}},"44":{"start":{"line":27,"column":20},"end":{"line":27,"column":106}},"45":{"start":{"line":27,"column":81},"end":{"line":27,"column":97}},"46":{"start":{"line":27,"column":98},"end":{"line":27,"column":104}},"47":{"start":{"line":28,"column":20},"end":{"line":28,"column":89}},"48":{"start":{"line":28,"column":57},"end":{"line":28,"column":72}},"49":{"start":{"line":28,"column":73},"end":{"line":28,"column":80}},"50":{"start":{"line":28,"column":81},"end":{"line":28,"column":87}},"51":{"start":{"line":29,"column":20},"end":{"line":29,"column":87}},"52":{"start":{"line":29,"column":47},"end":{"line":29,"column":62}},"53":{"start":{"line":29,"column":63},"end":{"line":29,"column":78}},"54":{"start":{"line":29,"column":79},"end":{"line":29,"column":85}},"55":{"start":{"line":30,"column":20},"end":{"line":30,"column":42}},"56":{"start":{"line":30,"column":30},"end":{"line":30,"column":42}},"57":{"start":{"line":31,"column":20},"end":{"line":31,"column":33}},"58":{"start":{"line":31,"column":34},"end":{"line":31,"column":43}},"59":{"start":{"line":33,"column":12},"end":{"line":33,"column":39}},"60":{"start":{"line":34,"column":22},"end":{"line":34,"column":34}},"61":{"start":{"line":34,"column":35},"end":{"line":34,"column":41}},"62":{"start":{"line":34,"column":54},"end":{"line":34,"column":64}},"63":{"start":{"line":35,"column":8},"end":{"line":35,"column":35}},"64":{"start":{"line":35,"column":23},"end":{"line":35,"column":35}},"65":{"start":{"line":35,"column":36},"end":{"line":35,"column":89}},"66":{"start":{"line":38,"column":22},"end":{"line":40,"column":1}},"67":{"start":{"line":39,"column":4},"end":{"line":39,"column":62}},"68":{"start":{"line":41,"column":0},"end":{"line":41,"column":62}},"69":{"start":{"line":42,"column":16},"end":{"line":42,"column":34}},"70":{"start":{"line":43,"column":30},"end":{"line":43,"column":79}},"71":{"start":{"line":44,"column":25},"end":{"line":44,"column":62}},"72":{"start":{"line":45,"column":13},"end":{"line":45,"column":31}},"73":{"start":{"line":46,"column":15},"end":{"line":46,"column":49}},"74":{"start":{"line":47,"column":19},"end":{"line":47,"column":51}},"75":{"start":{"line":48,"column":13},"end":{"line":48,"column":36}},"76":{"start":{"line":49,"column":14},"end":{"line":49,"column":46}},"77":{"start":{"line":50,"column":13},"end":{"line":50,"column":56}},"78":{"start":{"line":51,"column":0},"end":{"line":73,"column":7}},"79":{"start":{"line":51,"column":68},"end":{"line":73,"column":3}},"80":{"start":{"line":53,"column":4},"end":{"line":72,"column":7}},"81":{"start":{"line":54,"column":8},"end":{"line":71,"column":9}},"82":{"start":{"line":56,"column":16},"end":{"line":56,"column":42}},"83":{"start":{"line":57,"column":16},"end":{"line":60,"column":17}},"84":{"start":{"line":58,"column":20},"end":{"line":58,"column":74}},"85":{"start":{"line":59,"column":20},"end":{"line":59,"column":42}},"86":{"start":{"line":61,"column":16},"end":{"line":61,"column":93}},"87":{"start":{"line":63,"column":16},"end":{"line":63,"column":35}},"88":{"start":{"line":64,"column":16},"end":{"line":64,"column":65}},"89":{"start":{"line":65,"column":16},"end":{"line":65,"column":40}},"90":{"start":{"line":67,"column":16},"end":{"line":67,"column":36}},"91":{"start":{"line":68,"column":16},"end":{"line":68,"column":71}},"92":{"start":{"line":69,"column":16},"end":{"line":69,"column":40}},"93":{"start":{"line":70,"column":20},"end":{"line":70,"column":42}},"94":{"start":{"line":74,"column":0},"end":{"line":91,"column":8}},"95":{"start":{"line":74,"column":80},"end":{"line":91,"column":3}},"96":{"start":{"line":76,"column":4},"end":{"line":90,"column":7}},"97":{"start":{"line":77,"column":8},"end":{"line":89,"column":9}},"98":{"start":{"line":78,"column":20},"end":{"line":78,"column":94}},"99":{"start":{"line":80,"column":16},"end":{"line":80,"column":41}},"100":{"start":{"line":81,"column":16},"end":{"line":84,"column":17}},"101":{"start":{"line":82,"column":20},"end":{"line":82,"column":65}},"102":{"start":{"line":83,"column":20},"end":{"line":83,"column":42}},"103":{"start":{"line":85,"column":16},"end":{"line":87,"column":95}},"104":{"start":{"line":86,"column":44},"end":{"line":86,"column":71}},"105":{"start":{"line":87,"column":44},"end":{"line":87,"column":91}},"106":{"start":{"line":88,"column":16},"end":{"line":88,"column":38}},"107":{"start":{"line":92,"column":0},"end":{"line":102,"column":8}},"108":{"start":{"line":92,"column":81},"end":{"line":102,"column":3}},"109":{"start":{"line":93,"column":4},"end":{"line":101,"column":7}},"110":{"start":{"line":94,"column":8},"end":{"line":100,"column":9}},"111":{"start":{"line":95,"column":20},"end":{"line":95,"column":92}},"112":{"start":{"line":97,"column":16},"end":{"line":97,"column":26}},"113":{"start":{"line":98,"column":16},"end":{"line":98,"column":44}},"114":{"start":{"line":99,"column":16},"end":{"line":99,"column":38}},"115":{"start":{"line":103,"column":0},"end":{"line":114,"column":8}},"116":{"start":{"line":103,"column":75},"end":{"line":114,"column":3}},"117":{"start":{"line":105,"column":4},"end":{"line":113,"column":7}},"118":{"start":{"line":106,"column":8},"end":{"line":112,"column":9}},"119":{"start":{"line":107,"column":20},"end":{"line":107,"column":84}},"120":{"start":{"line":109,"column":16},"end":{"line":109,"column":36}},"121":{"start":{"line":110,"column":16},"end":{"line":110,"column":46}},"122":{"start":{"line":111,"column":16},"end":{"line":111,"column":38}},"123":{"start":{"line":115,"column":0},"end":{"line":131,"column":8}},"124":{"start":{"line":115,"column":77},"end":{"line":131,"column":3}},"125":{"start":{"line":117,"column":4},"end":{"line":130,"column":7}},"126":{"start":{"line":118,"column":8},"end":{"line":129,"column":9}},"127":{"start":{"line":119,"column":20},"end":{"line":119,"column":107}},"128":{"start":{"line":121,"column":16},"end":{"line":121,"column":35}},"129":{"start":{"line":122,"column":16},"end":{"line":127,"column":17}},"130":{"start":{"line":123,"column":20},"end":{"line":123,"column":49}},"131":{"start":{"line":126,"column":20},"end":{"line":126,"column":70}},"132":{"start":{"line":128,"column":16},"end":{"line":128,"column":38}},"133":{"start":{"line":132,"column":0},"end":{"line":170,"column":8}},"134":{"start":{"line":132,"column":82},"end":{"line":170,"column":3}},"135":{"start":{"line":134,"column":4},"end":{"line":169,"column":7}},"136":{"start":{"line":135,"column":8},"end":{"line":168,"column":9}},"137":{"start":{"line":137,"column":16},"end":{"line":137,"column":45}},"138":{"start":{"line":138,"column":16},"end":{"line":138,"column":43}},"139":{"start":{"line":139,"column":16},"end":{"line":139,"column":41}},"140":{"start":{"line":140,"column":16},"end":{"line":140,"column":37}},"141":{"start":{"line":141,"column":16},"end":{"line":141,"column":49}},"142":{"start":{"line":142,"column":16},"end":{"line":149,"column":18}},"143":{"start":{"line":150,"column":16},"end":{"line":150,"column":29}},"144":{"start":{"line":152,"column":16},"end":{"line":152,"column":42}},"145":{"start":{"line":153,"column":16},"end":{"line":153,"column":160}},"146":{"start":{"line":155,"column":16},"end":{"line":155,"column":35}},"147":{"start":{"line":156,"column":16},"end":{"line":161,"column":17}},"148":{"start":{"line":157,"column":20},"end":{"line":157,"column":84}},"149":{"start":{"line":160,"column":20},"end":{"line":160,"column":74}},"150":{"start":{"line":162,"column":16},"end":{"line":162,"column":40}},"151":{"start":{"line":164,"column":16},"end":{"line":164,"column":36}},"152":{"start":{"line":165,"column":16},"end":{"line":165,"column":75}},"153":{"start":{"line":166,"column":16},"end":{"line":166,"column":40}},"154":{"start":{"line":167,"column":20},"end":{"line":167,"column":42}},"155":{"start":{"line":171,"column":0},"end":{"line":196,"column":8}},"156":{"start":{"line":171,"column":87},"end":{"line":196,"column":3}},"157":{"start":{"line":173,"column":4},"end":{"line":195,"column":7}},"158":{"start":{"line":174,"column":8},"end":{"line":194,"column":9}},"159":{"start":{"line":176,"column":16},"end":{"line":176,"column":42}},"160":{"start":{"line":177,"column":16},"end":{"line":177,"column":45}},"161":{"start":{"line":178,"column":16},"end":{"line":178,"column":43}},"162":{"start":{"line":179,"column":16},"end":{"line":179,"column":145}},"163":{"start":{"line":181,"column":16},"end":{"line":181,"column":35}},"164":{"start":{"line":182,"column":16},"end":{"line":187,"column":17}},"165":{"start":{"line":183,"column":20},"end":{"line":183,"column":92}},"166":{"start":{"line":186,"column":20},"end":{"line":186,"column":74}},"167":{"start":{"line":188,"column":16},"end":{"line":188,"column":40}},"168":{"start":{"line":190,"column":16},"end":{"line":190,"column":36}},"169":{"start":{"line":191,"column":16},"end":{"line":191,"column":75}},"170":{"start":{"line":192,"column":16},"end":{"line":192,"column":40}},"171":{"start":{"line":193,"column":20},"end":{"line":193,"column":42}},"172":{"start":{"line":197,"column":0},"end":{"line":197,"column":25}}},"fnMap":{"0":{"name":"(anonymous_0)","decl":{"start":{"line":2,"column":44},"end":{"line":2,"column":45}},"loc":{"start":{"line":2,"column":89},"end":{"line":10,"column":1}},"line":2},"1":{"name":"adopt","decl":{"start":{"line":3,"column":13},"end":{"line":3,"column":18}},"loc":{"start":{"line":3,"column":26},"end":{"line":3,"column":112}},"line":3},"2":{"name":"(anonymous_2)","decl":{"start":{"line":3,"column":70},"end":{"line":3,"column":71}},"loc":{"start":{"line":3,"column":89},"end":{"line":3,"column":108}},"line":3},"3":{"name":"(anonymous_3)","decl":{"start":{"line":4,"column":36},"end":{"line":4,"column":37}},"loc":{"start":{"line":4,"column":63},"end":{"line":9,"column":5}},"line":4},"4":{"name":"fulfilled","decl":{"start":{"line":5,"column":17},"end":{"line":5,"column":26}},"loc":{"start":{"line":5,"column":34},"end":{"line":5,"column":99}},"line":5},"5":{"name":"rejected","decl":{"start":{"line":6,"column":17},"end":{"line":6,"column":25}},"loc":{"start":{"line":6,"column":33},"end":{"line":6,"column":102}},"line":6},"6":{"name":"step","decl":{"start":{"line":7,"column":17},"end":{"line":7,"column":21}},"loc":{"start":{"line":7,"column":30},"end":{"line":7,"column":118}},"line":7},"7":{"name":"(anonymous_7)","decl":{"start":{"line":11,"column":48},"end":{"line":11,"column":49}},"loc":{"start":{"line":11,"column":73},"end":{"line":37,"column":1}},"line":11},"8":{"name":"(anonymous_8)","decl":{"start":{"line":12,"column":30},"end":{"line":12,"column":31}},"loc":{"start":{"line":12,"column":41},"end":{"line":12,"column":83}},"line":12},"9":{"name":"(anonymous_9)","decl":{"start":{"line":13,"column":125},"end":{"line":13,"column":126}},"loc":{"start":{"line":13,"column":136},"end":{"line":13,"column":152}},"line":13},"10":{"name":"verb","decl":{"start":{"line":14,"column":13},"end":{"line":14,"column":17}},"loc":{"start":{"line":14,"column":21},"end":{"line":14,"column":70}},"line":14},"11":{"name":"(anonymous_11)","decl":{"start":{"line":14,"column":30},"end":{"line":14,"column":31}},"loc":{"start":{"line":14,"column":43},"end":{"line":14,"column":67}},"line":14},"12":{"name":"step","decl":{"start":{"line":15,"column":13},"end":{"line":15,"column":17}},"loc":{"start":{"line":15,"column":22},"end":{"line":36,"column":5}},"line":15},"13":{"name":"(anonymous_13)","decl":{"start":{"line":38,"column":56},"end":{"line":38,"column":57}},"loc":{"start":{"line":38,"column":71},"end":{"line":40,"column":1}},"line":38},"14":{"name":"(anonymous_14)","decl":{"start":{"line":51,"column":46},"end":{"line":51,"column":47}},"loc":{"start":{"line":51,"column":66},"end":{"line":73,"column":5}},"line":51},"15":{"name":"(anonymous_15)","decl":{"start":{"line":51,"column":109},"end":{"line":51,"column":110}},"loc":{"start":{"line":51,"column":121},"end":{"line":73,"column":1}},"line":51},"16":{"name":"(anonymous_16)","decl":{"start":{"line":53,"column":29},"end":{"line":53,"column":30}},"loc":{"start":{"line":53,"column":43},"end":{"line":72,"column":5}},"line":53},"17":{"name":"(anonymous_17)","decl":{"start":{"line":74,"column":58},"end":{"line":74,"column":59}},"loc":{"start":{"line":74,"column":78},"end":{"line":91,"column":5}},"line":74},"18":{"name":"(anonymous_18)","decl":{"start":{"line":74,"column":121},"end":{"line":74,"column":122}},"loc":{"start":{"line":74,"column":133},"end":{"line":91,"column":1}},"line":74},"19":{"name":"(anonymous_19)","decl":{"start":{"line":76,"column":29},"end":{"line":76,"column":30}},"loc":{"start":{"line":76,"column":43},"end":{"line":90,"column":5}},"line":76},"20":{"name":"(anonymous_20)","decl":{"start":{"line":86,"column":26},"end":{"line":86,"column":27}},"loc":{"start":{"line":86,"column":42},"end":{"line":86,"column":73}},"line":86},"21":{"name":"(anonymous_21)","decl":{"start":{"line":87,"column":27},"end":{"line":87,"column":28}},"loc":{"start":{"line":87,"column":42},"end":{"line":87,"column":93}},"line":87},"22":{"name":"(anonymous_22)","decl":{"start":{"line":92,"column":59},"end":{"line":92,"column":60}},"loc":{"start":{"line":92,"column":79},"end":{"line":102,"column":5}},"line":92},"23":{"name":"(anonymous_23)","decl":{"start":{"line":92,"column":122},"end":{"line":92,"column":123}},"loc":{"start":{"line":92,"column":134},"end":{"line":102,"column":1}},"line":92},"24":{"name":"(anonymous_24)","decl":{"start":{"line":93,"column":29},"end":{"line":93,"column":30}},"loc":{"start":{"line":93,"column":43},"end":{"line":101,"column":5}},"line":93},"25":{"name":"(anonymous_25)","decl":{"start":{"line":103,"column":53},"end":{"line":103,"column":54}},"loc":{"start":{"line":103,"column":73},"end":{"line":114,"column":5}},"line":103},"26":{"name":"(anonymous_26)","decl":{"start":{"line":103,"column":116},"end":{"line":103,"column":117}},"loc":{"start":{"line":103,"column":128},"end":{"line":114,"column":1}},"line":103},"27":{"name":"(anonymous_27)","decl":{"start":{"line":105,"column":29},"end":{"line":105,"column":30}},"loc":{"start":{"line":105,"column":43},"end":{"line":113,"column":5}},"line":105},"28":{"name":"(anonymous_28)","decl":{"start":{"line":115,"column":55},"end":{"line":115,"column":56}},"loc":{"start":{"line":115,"column":75},"end":{"line":131,"column":5}},"line":115},"29":{"name":"(anonymous_29)","decl":{"start":{"line":115,"column":118},"end":{"line":115,"column":119}},"loc":{"start":{"line":115,"column":130},"end":{"line":131,"column":1}},"line":115},"30":{"name":"(anonymous_30)","decl":{"start":{"line":117,"column":29},"end":{"line":117,"column":30}},"loc":{"start":{"line":117,"column":43},"end":{"line":130,"column":5}},"line":117},"31":{"name":"(anonymous_31)","decl":{"start":{"line":132,"column":60},"end":{"line":132,"column":61}},"loc":{"start":{"line":132,"column":80},"end":{"line":170,"column":5}},"line":132},"32":{"name":"(anonymous_32)","decl":{"start":{"line":132,"column":123},"end":{"line":132,"column":124}},"loc":{"start":{"line":132,"column":135},"end":{"line":170,"column":1}},"line":132},"33":{"name":"(anonymous_33)","decl":{"start":{"line":134,"column":29},"end":{"line":134,"column":30}},"loc":{"start":{"line":134,"column":43},"end":{"line":169,"column":5}},"line":134},"34":{"name":"(anonymous_34)","decl":{"start":{"line":171,"column":65},"end":{"line":171,"column":66}},"loc":{"start":{"line":171,"column":85},"end":{"line":196,"column":5}},"line":171},"35":{"name":"(anonymous_35)","decl":{"start":{"line":171,"column":128},"end":{"line":171,"column":129}},"loc":{"start":{"line":171,"column":140},"end":{"line":196,"column":1}},"line":171},"36":{"name":"(anonymous_36)","decl":{"start":{"line":173,"column":29},"end":{"line":173,"column":30}},"loc":{"start":{"line":173,"column":43},"end":{"line":195,"column":5}},"line":173}},"branchMap":{"0":{"loc":{"start":{"line":2,"column":16},"end":{"line":10,"column":1}},"type":"binary-expr","locations":[{"start":{"line":2,"column":17},"end":{"line":2,"column":21}},{"start":{"line":2,"column":25},"end":{"line":2,"column":39}},{"start":{"line":2,"column":44},"end":{"line":10,"column":1}}],"line":2},"1":{"loc":{"start":{"line":3,"column":35},"end":{"line":3,"column":109}},"type":"cond-expr","locations":[{"start":{"line":3,"column":56},"end":{"line":3,"column":61}},{"start":{"line":3,"column":64},"end":{"line":3,"column":109}}],"line":3},"2":{"loc":{"start":{"line":4,"column":16},"end":{"line":4,"column":34}},"type":"binary-expr","locations":[{"start":{"line":4,"column":16},"end":{"line":4,"column":17}},{"start":{"line":4,"column":22},"end":{"line":4,"column":33}}],"line":4},"3":{"loc":{"start":{"line":7,"column":32},"end":{"line":7,"column":115}},"type":"cond-expr","locations":[{"start":{"line":7,"column":46},"end":{"line":7,"column":67}},{"start":{"line":7,"column":70},"end":{"line":7,"column":115}}],"line":7},"4":{"loc":{"start":{"line":8,"column":51},"end":{"line":8,"column":67}},"type":"binary-expr","locations":[{"start":{"line":8,"column":51},"end":{"line":8,"column":61}},{"start":{"line":8,"column":65},"end":{"line":8,"column":67}}],"line":8},"5":{"loc":{"start":{"line":11,"column":18},"end":{"line":37,"column":1}},"type":"binary-expr","locations":[{"start":{"line":11,"column":19},"end":{"line":11,"column":23}},{"start":{"line":11,"column":27},"end":{"line":11,"column":43}},{"start":{"line":11,"column":48},"end":{"line":37,"column":1}}],"line":11},"6":{"loc":{"start":{"line":12,"column":43},"end":{"line":12,"column":68}},"type":"if","locations":[{"start":{"line":12,"column":43},"end":{"line":12,"column":68}},{"start":{"line":12,"column":43},"end":{"line":12,"column":68}}],"line":12},"7":{"loc":{"start":{"line":13,"column":71},"end":{"line":13,"column":153}},"type":"binary-expr","locations":[{"start":{"line":13,"column":71},"end":{"line":13,"column":99}},{"start":{"line":13,"column":104},"end":{"line":13,"column":152}}],"line":13},"8":{"loc":{"start":{"line":16,"column":8},"end":{"line":16,"column":70}},"type":"if","locations":[{"start":{"line":16,"column":8},"end":{"line":16,"column":70}},{"start":{"line":16,"column":8},"end":{"line":16,"column":70}}],"line":16},"9":{"loc":{"start":{"line":17,"column":15},"end":{"line":17,"column":45}},"type":"binary-expr","locations":[{"start":{"line":17,"column":15},"end":{"line":17,"column":16}},{"start":{"line":17,"column":21},"end":{"line":17,"column":44}}],"line":17},"10":{"loc":{"start":{"line":17,"column":28},"end":{"line":17,"column":44}},"type":"binary-expr","locations":[{"start":{"line":17,"column":28},"end":{"line":17,"column":33}},{"start":{"line":17,"column":38},"end":{"line":17,"column":43}}],"line":17},"11":{"loc":{"start":{"line":18,"column":12},"end":{"line":18,"column":169}},"type":"if","locations":[{"start":{"line":18,"column":12},"end":{"line":18,"column":169}},{"start":{"line":18,"column":12},"end":{"line":18,"column":169}}],"line":18},"12":{"loc":{"start":{"line":18,"column":23},"end":{"line":18,"column":158}},"type":"binary-expr","locations":[{"start":{"line":18,"column":23},"end":{"line":18,"column":24}},{"start":{"line":18,"column":29},"end":{"line":18,"column":125}},{"start":{"line":18,"column":130},"end":{"line":18,"column":158}}],"line":18},"13":{"loc":{"start":{"line":18,"column":33},"end":{"line":18,"column":125}},"type":"cond-expr","locations":[{"start":{"line":18,"column":45},"end":{"line":18,"column":56}},{"start":{"line":18,"column":59},"end":{"line":18,"column":125}}],"line":18},"14":{"loc":{"start":{"line":18,"column":59},"end":{"line":18,"column":125}},"type":"cond-expr","locations":[{"start":{"line":18,"column":67},"end":{"line":18,"column":116}},{"start":{"line":18,"column":119},"end":{"line":18,"column":125}}],"line":18},"15":{"loc":{"start":{"line":18,"column":67},"end":{"line":18,"column":116}},"type":"binary-expr","locations":[{"start":{"line":18,"column":67},"end":{"line":18,"column":77}},{"start":{"line":18,"column":82},"end":{"line":18,"column":115}}],"line":18},"16":{"loc":{"start":{"line":18,"column":82},"end":{"line":18,"column":112}},"type":"binary-expr","locations":[{"start":{"line":18,"column":83},"end":{"line":18,"column":98}},{"start":{"line":18,"column":103},"end":{"line":18,"column":112}}],"line":18},"17":{"loc":{"start":{"line":19,"column":12},"end":{"line":19,"column":52}},"type":"if","locations":[{"start":{"line":19,"column":12},"end":{"line":19,"column":52}},{"start":{"line":19,"column":12},"end":{"line":19,"column":52}}],"line":19},"18":{"loc":{"start":{"line":20,"column":12},"end":{"line":32,"column":13}},"type":"switch","locations":[{"start":{"line":21,"column":16},"end":{"line":21,"column":23}},{"start":{"line":21,"column":24},"end":{"line":21,"column":46}},{"start":{"line":22,"column":16},"end":{"line":22,"column":72}},{"start":{"line":23,"column":16},"end":{"line":23,"column":65}},{"start":{"line":24,"column":16},"end":{"line":24,"column":65}},{"start":{"line":25,"column":16},"end":{"line":31,"column":43}}],"line":20},"19":{"loc":{"start":{"line":26,"column":20},"end":{"line":26,"column":128}},"type":"if","locations":[{"start":{"line":26,"column":20},"end":{"line":26,"column":128}},{"start":{"line":26,"column":20},"end":{"line":26,"column":128}}],"line":26},"20":{"loc":{"start":{"line":26,"column":24},"end":{"line":26,"column":106}},"type":"binary-expr","locations":[{"start":{"line":26,"column":24},"end":{"line":26,"column":74}},{"start":{"line":26,"column":79},"end":{"line":26,"column":90}},{"start":{"line":26,"column":94},"end":{"line":26,"column":105}}],"line":26},"21":{"loc":{"start":{"line":26,"column":42},"end":{"line":26,"column":73}},"type":"binary-expr","locations":[{"start":{"line":26,"column":42},"end":{"line":26,"column":54}},{"start":{"line":26,"column":58},"end":{"line":26,"column":73}}],"line":26},"22":{"loc":{"start":{"line":27,"column":20},"end":{"line":27,"column":106}},"type":"if","locations":[{"start":{"line":27,"column":20},"end":{"line":27,"column":106}},{"start":{"line":27,"column":20},"end":{"line":27,"column":106}}],"line":27},"23":{"loc":{"start":{"line":27,"column":24},"end":{"line":27,"column":77}},"type":"binary-expr","locations":[{"start":{"line":27,"column":24},"end":{"line":27,"column":35}},{"start":{"line":27,"column":40},"end":{"line":27,"column":42}},{"start":{"line":27,"column":47},"end":{"line":27,"column":59}},{"start":{"line":27,"column":63},"end":{"line":27,"column":75}}],"line":27},"24":{"loc":{"start":{"line":28,"column":20},"end":{"line":28,"column":89}},"type":"if","locations":[{"start":{"line":28,"column":20},"end":{"line":28,"column":89}},{"start":{"line":28,"column":20},"end":{"line":28,"column":89}}],"line":28},"25":{"loc":{"start":{"line":28,"column":24},"end":{"line":28,"column":53}},"type":"binary-expr","locations":[{"start":{"line":28,"column":24},"end":{"line":28,"column":35}},{"start":{"line":28,"column":39},"end":{"line":28,"column":53}}],"line":28},"26":{"loc":{"start":{"line":29,"column":20},"end":{"line":29,"column":87}},"type":"if","locations":[{"start":{"line":29,"column":20},"end":{"line":29,"column":87}},{"start":{"line":29,"column":20},"end":{"line":29,"column":87}}],"line":29},"27":{"loc":{"start":{"line":29,"column":24},"end":{"line":29,"column":43}},"type":"binary-expr","locations":[{"start":{"line":29,"column":24},"end":{"line":29,"column":25}},{"start":{"line":29,"column":29},"end":{"line":29,"column":43}}],"line":29},"28":{"loc":{"start":{"line":30,"column":20},"end":{"line":30,"column":42}},"type":"if","locations":[{"start":{"line":30,"column":20},"end":{"line":30,"column":42}},{"start":{"line":30,"column":20},"end":{"line":30,"column":42}}],"line":30},"29":{"loc":{"start":{"line":35,"column":8},"end":{"line":35,"column":35}},"type":"if","locations":[{"start":{"line":35,"column":8},"end":{"line":35,"column":35}},{"start":{"line":35,"column":8},"end":{"line":35,"column":35}}],"line":35},"30":{"loc":{"start":{"line":35,"column":52},"end":{"line":35,"column":74}},"type":"cond-expr","locations":[{"start":{"line":35,"column":60},"end":{"line":35,"column":65}},{"start":{"line":35,"column":68},"end":{"line":35,"column":74}}],"line":35},"31":{"loc":{"start":{"line":38,"column":22},"end":{"line":40,"column":1}},"type":"binary-expr","locations":[{"start":{"line":38,"column":23},"end":{"line":38,"column":27}},{"start":{"line":38,"column":31},"end":{"line":38,"column":51}},{"start":{"line":38,"column":56},"end":{"line":40,"column":1}}],"line":38},"32":{"loc":{"start":{"line":39,"column":11},"end":{"line":39,"column":61}},"type":"cond-expr","locations":[{"start":{"line":39,"column":37},"end":{"line":39,"column":40}},{"start":{"line":39,"column":43},"end":{"line":39,"column":61}}],"line":39},"33":{"loc":{"start":{"line":39,"column":12},"end":{"line":39,"column":33}},"type":"binary-expr","locations":[{"start":{"line":39,"column":12},"end":{"line":39,"column":15}},{"start":{"line":39,"column":19},"end":{"line":39,"column":33}}],"line":39},"34":{"loc":{"start":{"line":54,"column":8},"end":{"line":71,"column":9}},"type":"switch","locations":[{"start":{"line":55,"column":12},"end":{"line":61,"column":93}},{"start":{"line":62,"column":12},"end":{"line":65,"column":40}},{"start":{"line":66,"column":12},"end":{"line":69,"column":40}},{"start":{"line":70,"column":12},"end":{"line":70,"column":42}}],"line":54},"35":{"loc":{"start":{"line":57,"column":16},"end":{"line":60,"column":17}},"type":"if","locations":[{"start":{"line":57,"column":16},"end":{"line":60,"column":17}},{"start":{"line":57,"column":16},"end":{"line":60,"column":17}}],"line":57},"36":{"loc":{"start":{"line":77,"column":8},"end":{"line":89,"column":9}},"type":"switch","locations":[{"start":{"line":78,"column":12},"end":{"line":78,"column":94}},{"start":{"line":79,"column":12},"end":{"line":88,"column":38}}],"line":77},"37":{"loc":{"start":{"line":81,"column":16},"end":{"line":84,"column":17}},"type":"if","locations":[{"start":{"line":81,"column":16},"end":{"line":84,"column":17}},{"start":{"line":81,"column":16},"end":{"line":84,"column":17}}],"line":81},"38":{"loc":{"start":{"line":94,"column":8},"end":{"line":100,"column":9}},"type":"switch","locations":[{"start":{"line":95,"column":12},"end":{"line":95,"column":92}},{"start":{"line":96,"column":12},"end":{"line":99,"column":38}}],"line":94},"39":{"loc":{"start":{"line":106,"column":8},"end":{"line":112,"column":9}},"type":"switch","locations":[{"start":{"line":107,"column":12},"end":{"line":107,"column":84}},{"start":{"line":108,"column":12},"end":{"line":111,"column":38}}],"line":106},"40":{"loc":{"start":{"line":118,"column":8},"end":{"line":129,"column":9}},"type":"switch","locations":[{"start":{"line":119,"column":12},"end":{"line":119,"column":107}},{"start":{"line":120,"column":12},"end":{"line":128,"column":38}}],"line":118},"41":{"loc":{"start":{"line":122,"column":16},"end":{"line":127,"column":17}},"type":"if","locations":[{"start":{"line":122,"column":16},"end":{"line":127,"column":17}},{"start":{"line":122,"column":16},"end":{"line":127,"column":17}}],"line":122},"42":{"loc":{"start":{"line":135,"column":8},"end":{"line":168,"column":9}},"type":"switch","locations":[{"start":{"line":136,"column":12},"end":{"line":150,"column":29}},{"start":{"line":151,"column":12},"end":{"line":153,"column":160}},{"start":{"line":154,"column":12},"end":{"line":162,"column":40}},{"start":{"line":163,"column":12},"end":{"line":166,"column":40}},{"start":{"line":167,"column":12},"end":{"line":167,"column":42}}],"line":135},"43":{"loc":{"start":{"line":156,"column":16},"end":{"line":161,"column":17}},"type":"if","locations":[{"start":{"line":156,"column":16},"end":{"line":161,"column":17}},{"start":{"line":156,"column":16},"end":{"line":161,"column":17}}],"line":156},"44":{"loc":{"start":{"line":174,"column":8},"end":{"line":194,"column":9}},"type":"switch","locations":[{"start":{"line":175,"column":12},"end":{"line":179,"column":145}},{"start":{"line":180,"column":12},"end":{"line":188,"column":40}},{"start":{"line":189,"column":12},"end":{"line":192,"column":40}},{"start":{"line":193,"column":12},"end":{"line":193,"column":42}}],"line":174},"45":{"loc":{"start":{"line":182,"column":16},"end":{"line":187,"column":17}},"type":"if","locations":[{"start":{"line":182,"column":16},"end":{"line":187,"column":17}},{"start":{"line":182,"column":16},"end":{"line":187,"column":17}}],"line":182}},"s":{"0":1,"1":10,"2":10,"3":11,"4":10,"5":10,"6":0,"7":0,"8":0,"9":0,"10":21,"11":11,"12":1,"13":11,"14":10,"15":0,"16":10,"17":11,"18":0,"19":33,"20":21,"21":21,"22":0,"23":21,"24":53,"25":53,"26":0,"27":53,"28":0,"29":53,"30":21,"31":21,"32":10,"33":10,"34":0,"35":0,"36":0,"37":0,"38":0,"39":0,"40":0,"41":22,"42":11,"43":11,"44":11,"45":5,"46":5,"47":6,"48":0,"49":0,"50":0,"51":6,"52":0,"53":0,"54":0,"55":6,"56":0,"57":6,"58":6,"59":26,"60":0,"61":0,"62":53,"63":11,"64":0,"65":11,"66":1,"67":2,"68":1,"69":1,"70":1,"71":1,"72":1,"73":1,"74":1,"75":1,"76":1,"77":1,"78":1,"79":1,"80":1,"81":1,"82":1,"83":1,"84":1,"85":1,"86":0,"87":0,"88":0,"89":0,"90":0,"91":0,"92":0,"93":0,"94":1,"95":1,"96":1,"97":2,"98":1,"99":1,"100":1,"101":0,"102":0,"103":1,"104":1,"105":0,"106":1,"107":1,"108":0,"109":0,"110":0,"111":0,"112":0,"113":0,"114":0,"115":1,"116":1,"117":1,"118":2,"119":1,"120":1,"121":1,"122":1,"123":1,"124":3,"125":3,"126":6,"127":3,"128":3,"129":3,"130":2,"131":1,"132":3,"133":1,"134":3,"135":3,"136":9,"137":3,"138":3,"139":3,"140":3,"141":3,"142":3,"143":3,"144":3,"145":3,"146":3,"147":3,"148":2,"149":1,"150":3,"151":0,"152":0,"153":0,"154":3,"155":1,"156":2,"157":2,"158":6,"159":2,"160":2,"161":2,"162":2,"163":2,"164":2,"165":1,"166":1,"167":2,"168":0,"169":0,"170":0,"171":2,"172":1},"f":{"0":11,"1":10,"2":10,"3":11,"4":10,"5":0,"6":21,"7":11,"8":10,"9":0,"10":33,"11":21,"12":21,"13":2,"14":1,"15":1,"16":1,"17":1,"18":1,"19":2,"20":1,"21":0,"22":0,"23":0,"24":0,"25":1,"26":1,"27":2,"28":3,"29":3,"30":6,"31":3,"32":3,"33":9,"34":2,"35":2,"36":6},"b":{"0":[1,1,1],"1":[0,10],"2":[11,11],"3":[11,10],"4":[11,11],"5":[1,1,1],"6":[0,10],"7":[11,11],"8":[0,21],"9":[64,11],"10":[11,0],"11":[0,53],"12":[53,0,0],"13":[0,0],"14":[0,0],"15":[0,0],"16":[0,0],"17":[0,53],"18":[21,21,10,0,0,22],"19":[11,11],"20":[22,16,16],"21":[22,6],"22":[5,6],"23":[11,10,5,5],"24":[0,6],"25":[6,0],"26":[0,6],"27":[6,6],"28":[0,6],"29":[0,11],"30":[11,0],"31":[1,1,1],"32":[0,2],"33":[2,2],"34":[1,0,0,0],"35":[1,0],"36":[1,1],"37":[0,1],"38":[0,0],"39":[1,1],"40":[3,3],"41":[2,1],"42":[3,3,3,0,3],"43":[2,1],"44":[2,2,0,2],"45":[1,1]},"inputSourceMap":{"version":3,"file":"/Users/priyul/Desktop/Luna/ABC-Service-Request-System/backend/src/test_routers/testTicket.router.ts","sources":["/Users/priyul/Desktop/Luna/ABC-Service-Request-System/backend/src/test_routers/testTicket.router.ts"],"names":[],"mappings":";;;;;;;;;;;;;;;;;;;;;;;;;;;;;;;;;;;;;;;;;AAAA,mCAAiC;AACjC,gFAAwD;AACxD,+DAA6D;AAC7D,gCAAyC;AAGzC,kDAA4B;AAC5B,oDAAmD;AAEnD,IAAM,MAAM,GAAG,IAAA,gBAAM,GAAE,CAAC;AAExB,IAAM,OAAO,GAAG,gBAAM,CAAC,WAAW,CAAC,EAAE,CAAC,CAAC;AACvC,IAAM,MAAM,GAAG,IAAA,gBAAM,EAAC,EAAE,OAAO,SAAA,EAAE,CAAC,CAAC;AAEnC,MAAM,CAAC,IAAI,CAAC,SAAS,EAAE,MAAM,CAAC,MAAM,CAAC,MAAM,CAAC,EAAE,UAAO,GAAG,EAAE,GAAG;;;;;;gBAEvD,IAAI,CAAC,GAAG,CAAC,IAAI,EAAE;oBACb,GAAG,CAAC,MAAM,CAAC,GAAG,CAAC,CAAC,IAAI,CAAC,EAAE,OAAO,EAAE,kBAAkB,EAAE,CAAC,CAAC;oBACtD,sBAAO;iBACR;gBAEc,qBAAM,uBAAU,CAAC,QAAQ,CAAC,MAAM,CAAC,GAAG,CAAC,IAAI,CAAC,IAAI,CAAC,EAAA;;gBAAxD,MAAM,GAAG,SAA+C;gBAC9D,GAAG,CAAC,MAAM,CAAC,GAAG,CAAC,CAAC,IAAI,CAAC,EAAE,GAAG,EAAE,MAAM,CAAC,UAAU,EAAE,CAAC,CAAC;;;;gBAEjD,GAAG,CAAC,MAAM,CAAC,GAAG,CAAC,CAAC,IAAI,CAAC,EAAE,OAAO,EAAE,mBAAmB,EAAE,CAAC,CAAC;;;;;KAE5D,CAAC,CAAC;AAEH,MAAM,CAAC,IAAI,CAAC,OAAO,EAAE,IAAA,+BAAmB,EACpC,UAAO,GAAG,EAAE,GAAG;;;;oBACU,qBAAM,kCAAe,CAAC,cAAc,EAAE,EAAA;;gBAArD,YAAY,GAAG,SAAsC;gBAC3D,IAAG,YAAY,GAAG,CAAC,EAAC;oBAChB,GAAG,CAAC,MAAM,CAAC,GAAG,CAAC,CAAC,IAAI,CAAC,sBAAsB,CAAC,CAAC;oBAC7C,sBAAO;iBACV;gBAED,kCAAe,CAAC,MAAM,CAAC,qBAAc,CAAC;qBACjC,IAAI,CAAC,UAAA,IAAI,IAAK,GAAG,CAAC,MAAM,CAAC,GAAG,CAAC,CAAC,IAAI,CAAC,IAAI,CAAC,CAAA,CAAA,CAAC,CAAC;qBAC1C,KAAK,CAAC,UAAA,GAAG,IAAK,GAAG,CAAC,MAAM,CAAC,GAAG,CAAC,CAAC,IAAI,CAAC,EAAC,OAAO,EAAE,GAAG,CAAC,OAAO,EAAC,CAAC,CAAC,CAAC,CAAC,CAAC,CAAC;;;;KAEvE,CACJ,CAAC,CAAC;AAEH,MAAM,CAAC,GAAG,CAAC,SAAS,EAAE,IAAA,+BAAmB,EACrC,UAAO,GAAG,EAAE,GAAG;;;oBACX,qBAAM,kCAAe,CAAC,UAAU,CAAC,EAAE,CAAC,EAAA;;gBAApC,SAAoC,CAAC;gBACrC,GAAG,CAAC,IAAI,CAAC,iBAAiB,CAAC,CAAC;;;;KAC/B,CACJ,CAAC,CAAC;AAEH,MAAM,CAAC,GAAG,CAAC,GAAG,EAAE,IAAA,+BAAmB,EAC/B,UAAO,GAAG,EAAE,GAAG;;;;oBACK,qBAAM,kCAAe,CAAC,IAAI,EAAE,EAAA;;gBAAtC,OAAO,GAAG,SAA4B;gBAC5C,GAAG,CAAC,MAAM,CAAC,GAAG,CAAC,CAAC,IAAI,CAAC,OAAO,CAAC,CAAC;;;;KACjC,CACJ,CAAC,CAAC;AAEH,MAAM,CAAC,GAAG,CAAC,KAAK,EAAE,IAAA,+BAAmB,EACjC,UAAO,GAAG,EAAE,GAAG;;;;oBACI,qBAAM,kCAAe,CAAC,OAAO,CAAC,EAAE,EAAE,EAAE,GAAG,CAAC,KAAK,CAAC,EAAE,EAAE,CAAC,EAAA;;gBAA5D,MAAM,GAAG,SAAmD;gBAClE,IAAG,MAAM,EAAC;oBACN,GAAG,CAAC,MAAM,CAAC,GAAG,CAAC,CAAC,IAAI,CAAC,MAAM,CAAC,CAAC;iBAChC;qBAAI;oBACD,GAAG,CAAC,MAAM,CAAC,GAAG,CAAC,CAAC,IAAI,CAAC,EAAE,OAAO,EAAE,cAAc,EAAE,CAAC,CAAC;iBACrD;;;;KACJ,CACJ,CAAC,CAAC;AAEH,MAAM,CAAC,GAAG,CAAC,UAAU,EAAE,IAAA,+BAAmB,EACtC,UAAO,GAAG,EAAE,GAAG;;;;;gBACP,QAAQ,GAAG,GAAG,CAAC,IAAI,CAAC,QAAQ,CAAC;gBAC7B,OAAO,GAAG,GAAG,CAAC,IAAI,CAAC,OAAO,CAAC;gBAC3B,MAAM,GAAG,GAAG,CAAC,IAAI,CAAC,MAAM,CAAC;gBACzB,IAAI,GAAG,GAAG,CAAC,IAAI,CAAC,IAAI,CAAC;gBACrB,UAAU,GAAG,GAAG,CAAC,IAAI,CAAC,UAAU,CAAC;gBAEjC,UAAU,GAAY;oBAC1B,MAAM,EAAE,MAAM;oBACd,WAAW,EAAE,wFAAwF;oBACrG,OAAO,EAAE,OAAO;oBAChB,SAAS,EAAE,IAAI,IAAI,EAAE;oBACrB,IAAI,EAAE,IAAI;oBACV,UAAU,EAAE,UAAU;iBACvB,CAAC;;;;gBAGe,qBAAM,kCAAe,CAAC,gBAAgB,CACnD,EAAE,EAAE,EAAE,QAAQ,EAAE,EAChB,EAAE,KAAK,EAAE,EAAE,QAAQ,EAAE,UAAU,EAAE,EAAE,EACnC,EAAE,GAAG,EAAE,IAAI,EAAE,CACd,EAAA;;gBAJK,MAAM,GAAG,SAId;gBAED,IAAI,MAAM,EAAE;oBACV,GAAG,CAAC,MAAM,CAAC,GAAG,CAAC,CAAC,IAAI,CAAC,EAAE,OAAO,EAAE,4BAA4B,EAAE,CAAC,CAAC;iBACjE;qBAAM;oBACL,GAAG,CAAC,MAAM,CAAC,GAAG,CAAC,CAAC,IAAI,CAAC,EAAE,OAAO,EAAE,kBAAkB,EAAE,CAAC,CAAC;iBACvD;;;;gBAED,GAAG,CAAC,MAAM,CAAC,GAAG,CAAC,CAAC,IAAI,CAAC,EAAE,OAAO,EAAE,uBAAuB,EAAE,CAAC,CAAC;;;;;KAE9D,CACF,CAAC,CAAC;AAED,MAAM,CAAC,GAAG,CAAC,eAAe,EAAE,IAAA,+BAAmB,EAC3C,UAAO,GAAG,EAAE,GAAG;;;;;;gBAEL,QAAQ,GAAG,GAAG,CAAC,IAAI,CAAC,QAAQ,CAAC;gBAC7B,WAAS,GAAG,CAAC,IAAI,CAAC,MAAM,CAAC;gBAIhB,qBAAM,kCAAe,CAAC,gBAAgB,CACrD,EAAE,EAAE,EAAE,QAAQ,EAAE,EAChB,EAAE,MAAM,EAAE,QAAM,EAAE,EAClB,EAAE,GAAG,EAAE,IAAI,EAAE,CACZ,EAAA;;gBAJK,MAAM,GAAG,SAId;gBAED,IAAI,MAAM,EAAE;oBACZ,GAAG,CAAC,MAAM,CAAC,GAAG,CAAC,CAAC,IAAI,CAAC,EAAE,OAAO,EAAE,oCAAoC,EAAE,CAAC,CAAC;iBACvE;qBAAM;oBACP,GAAG,CAAC,MAAM,CAAC,GAAG,CAAC,CAAC,IAAI,CAAC,EAAE,OAAO,EAAE,kBAAkB,EAAE,CAAC,CAAC;iBACrD;;;;gBAED,GAAG,CAAC,MAAM,CAAC,GAAG,CAAC,CAAC,IAAI,CAAC,EAAE,OAAO,EAAE,uBAAuB,EAAE,CAAC,CAAC;;;;;KAE9D,CACJ,CAAC,CAAC;AAEP,kBAAe,MAAM,CAAC","sourcesContent":["import { Router } from \"express\";\nimport expressAsyncHandler from \"express-async-handler\";\nimport { TestTicketModel } from \"../models/testTicket.model\";\nimport { sample_tickets } from \"../data\";\nimport mongoose from \"mongoose\";\nimport { comment } from \"../models/ticket.model\";\nimport multer from 'multer';\nimport { cloudinary } from '../configs/cloudinary';\n\nconst router = Router();\n\nconst storage = multer.diskStorage({});\nconst upload = multer({ storage });\n\nrouter.post('/upload', upload.single('file'), async (req, res) => {\n    try {\n      if (!req.file) {\n        res.status(400).json({ message: 'No file uploaded' });\n        return;\n      }\n      //check if pdf\n      const result = await cloudinary.uploader.upload(req.file.path);\n      res.status(200).json({ url: result.secure_url });\n    } catch (error) {\n      res.status(500).json({ message: 'File upload error' });\n    }\n});\n\nrouter.post('/seed', expressAsyncHandler(\n    async (req, res) => {\n        const ticketsCount = await TestTicketModel.countDocuments();\n        if(ticketsCount > 0){\n            res.status(400).send(\"Seed is already done\");\n            return;\n        }\n\n        TestTicketModel.create(sample_tickets)\n            .then(data => {res.status(201).send(data)})\n            .catch(err => {res.status(500).send({message: err.message}); });\n        // res.status(200).send(\"Seed is done!\");\n    }\n));\n\nrouter.get('/delete', expressAsyncHandler(\n    async (req, res) => {\n        await TestTicketModel.deleteMany({});\n        res.send(\"Delete is done!\");\n    }\n));\n\nrouter.get('/', expressAsyncHandler(\n    async (req, res) => {\n        const tickets = await TestTicketModel.find();\n        res.status(200).send(tickets);\n    }\n));\n\nrouter.get('/id', expressAsyncHandler(\n    async (req, res) => {\n        const ticket = await TestTicketModel.findOne({ id: req.query.id });\n        if(ticket){\n            res.status(200).send(ticket);\n        }else{\n            res.status(404).send({ message: 'Id not found' });\n        }\n    }\n));\n\nrouter.put('/comment', expressAsyncHandler(\n    async (req, res) => {\n      const ticketId = req.body.ticketId;\n      const comment = req.body.comment;\n      const author = req.body.author;\n      const type = req.body.type;\n      const attachment = req.body.attachment; \n\n      const newComment: comment = {\n        author: author,\n        authorPhoto: 'https://res.cloudinary.com/ds2qotysb/image/upload/v1687775046/n2cjwxkijhdgdrgw7zkj.png',\n        content: comment,\n        createdAt: new Date(),\n        type: type,\n        attachment: attachment, \n      };\n  \n      try {\n        const ticket = await TestTicketModel.findOneAndUpdate(\n          { id: ticketId },\n          { $push: { comments: newComment } },\n          { new: true }\n        );\n  \n        if (ticket) {\n          res.status(200).json({ message: 'Comment added successfully' });\n        } else {\n          res.status(404).json({ message: 'Ticket not found' });\n        }\n      } catch (error) {\n        res.status(500).json({ message: 'Internal server error' });\n      }\n    }\n  ));\n\n    router.put('/updateStatus', expressAsyncHandler(\n        async (req, res) => {\n        try {\n            const ticketId = req.body.ticketId;\n            const status = req.body.status;\n            // console.log('status is ' +  status);\n            // console.log('ticket id is ' + ticketId);\n    \n            const ticket = await TestTicketModel.findOneAndUpdate(\n            { id: ticketId },\n            { status: status },\n            { new: true }\n            );\n    \n            if (ticket) {\n            res.status(200).json({ message: 'Ticket status updated successfully' });\n            } else {\n            res.status(404).json({ message: 'Ticket not found' });\n            }\n        } catch (error) {\n            res.status(500).json({ message: 'Internal server error' });\n        }\n        }\n    ));\n\nexport default router;\n"]},"_coverageSchema":"1a1c01bbd47fc00a2c39e90264f33305004495a9","hash":"0c00f925ed1e6d1665d8a1c8ec2cff008fdfce8d","contentHash":"b7d995750d7d6a027dade9963b5eddcfff25a7c9db145c11dc8f93f1d2676c54"},"/Users/priyul/Desktop/Luna/ABC-Service-Request-System/backend/src/models/testTicket.model.ts":{"path":"/Users/priyul/Desktop/Luna/ABC-Service-Request-System/backend/src/models/testTicket.model.ts","statementMap":{"0":{"start":{"line":2,"column":0},"end":{"line":2,"column":62}},"1":{"start":{"line":3,"column":0},"end":{"line":3,"column":56}},"2":{"start":{"line":4,"column":17},"end":{"line":4,"column":36}},"3":{"start":{"line":5,"column":20},"end":{"line":13,"column":2}},"4":{"start":{"line":14,"column":0},"end":{"line":33,"column":3}},"5":{"start":{"line":34,"column":15},"end":{"line":34,"column":50}},"6":{"start":{"line":35,"column":0},"end":{"line":35,"column":73}}},"fnMap":{},"branchMap":{},"s":{"0":1,"1":1,"2":1,"3":1,"4":1,"5":1,"6":1},"f":{},"b":{},"inputSourceMap":{"version":3,"file":"/Users/priyul/Desktop/Luna/ABC-Service-Request-System/backend/src/models/testTicket.model.ts","sources":["/Users/priyul/Desktop/Luna/ABC-Service-Request-System/backend/src/models/testTicket.model.ts"],"names":[],"mappings":";;;AAAA,qCAA6C;AA6B7C,IAAM,aAAa,GAAG,IAAI,iBAAM,CAC5B;IACE,MAAM,EAAE,EAAE,IAAI,EAAE,MAAM,EAAE,QAAQ,EAAE,IAAI,EAAE;IACxC,OAAO,EAAE,EAAE,IAAI,EAAE,MAAM,EAAE,QAAQ,EAAE,IAAI,EAAE;IACzC,SAAS,EAAE,EAAE,IAAI,EAAE,IAAI,EAAE,QAAQ,EAAE,IAAI,EAAE;IACzC,IAAI,EAAE,EAAE,IAAI,EAAE,MAAM,EAAE,QAAQ,EAAE,IAAI,EAAE;IACtC,aAAa,EAAE,EAAE,IAAI,EAAE,MAAM,EAAE;CAChC,EACD;IACE,GAAG,EAAE,KAAK;CACX,CACJ,CAAC;AAEW,QAAA,YAAY,GAAG,IAAI,iBAAM,CAClC;IACI,EAAE,EAAE,EA
[...]
8":0,"259":0,"260":0,"261":0,"262":0,"263":0,"264":1,"265":2,"266":2,"267":5,"268":2,"269":2,"270":2,"271":2,"272":2,"273":1,"274":1,"275":1,"276":1,"277":0,"278":0,"279":0,"280":1,"281":1},"f":{"0":16,"1":19,"2":19,"3":16,"4":19,"5":0,"6":35,"7":16,"8":19,"9":0,"10":48,"11":35,"12":35,"13":2,"14":1,"15":1,"16":1,"17":2,"18":2,"19":4,"20":1,"21":1,"22":2,"23":1,"24":0,"25":0,"26":0,"27":0,"28":2,"29":2,"30":5,"31":0,"32":2,"33":2,"34":5,"35":0,"36":2,"37":2,"38":5,"39":2,"40":2,"41":4,"42":2,"43":2,"44":5,"45":0,"46":0,"47":0,"48":2,"49":2,"50":5},"b":{"0":[1,1,1],"1":[0,19],"2":[16,16],"3":[16,19],"4":[16,16],"5":[1,1,1],"6":[0,19],"7":[16,16],"8":[0,35],"9":[90,16],"10":[16,0],"11":[0,74],"12":[74,0,0],"13":[0,0],"14":[0,0],"15":[0,0],"16":[0,0],"17":[0,74],"18":[35,35,19,0,0,20],"19":[16,4],"20":[20,17,17],"21":[20,3],"22":[1,3],"23":[4,2,1,1],"24":[0,3],"25":[3,0],"26":[0,3],"27":[3,3],"28":[0,3],"29":[0,16],"30":[16,0],"31":[1,1,1],"32":[0,2],"33":[2,2],"34":[1,0,0,0],"35":[1,0],"36":[2,2],"37":[1,1],"38":[0,1],"39":[0,0,0,0,0,0,0,0,0,0,0],"40":[0,0],"41":[0,0],"42":[0,0],"43":[2,2,1],"44":[1,1],"45":[2,2,1],"46":[1,1],"47":[2,2,1,0,0,0],"48":[1,1],"49":[1,0],"50":[0,0],"51":[2,2],"52":[1,1],"53":[1,0],"54":[2,2,1],"55":[1,1],"56":[0,0,0,0],"57":[0,0],"58":[2,2,0,1],"59":[1,1]},"inputSourceMap":{"version":3,"file":"/Users/priyul/Desktop/Luna/ABC-Service-Request-System/backend/src/test_routers/testGroup.router.ts","sources":["/Users/priyul/Desktop/Luna/ABC-Service-Request-System/backend/src/test_routers/testGroup.router.ts"],"names":[],"mappings":";;;;;;;;;;;;;;;;;;;;;;;;;;;;;;;;;;;;;;;;;AAAA,mCAAiC;AACjC,gFAAwD;AACxD,gDAAgD;AAGhD,kDAA4B;AAC5B,oDAAmD;AACnD,6DAA2D;AAC3D,mDAAuD;AACvD,2DAAyD;AAEzD,IAAM,MAAM,GAAG,IAAA,gBAAM,GAAE,CAAC;AAExB,IAAM,OAAO,GAAG,gBAAM,CAAC,WAAW,CAAC,EAAE,CAAC,CAAC;AACvC,IAAM,MAAM,GAAG,IAAA,gBAAM,EAAC,EAAE,OAAO,SAAA,EAAE,CAAC,CAAC;AAEnC,MAAM,CAAC,IAAI,CAAC,SAAS,EAAE,MAAM,CAAC,MAAM,CAAC,MAAM,CAAC,EAAE,UAAO,GAAG,EAAE,GAAG;;;;;;gBAEvD,IAAI,CAAC,GAAG,CAAC,IAAI,EAAE;oBACb,GAAG,CAAC,MAAM,CAAC,GAAG,CAAC,CAAC,IAAI,CAAC,EAAE,OAAO,EAAE,kBAAkB,EAAE,CAAC,CAAC;oBACtD,sBAAO;iBACR;gBACD,OAAO,CAAC,GAAG,CAAC,kBAAkB,CAAC,CAAC;gBACjB,qBAAM,uBAAU,CAAC,QAAQ,CAAC,MAAM,CAAC,GAAG,CAAC,IAAI,CAAC,IAAI,CAAC,EAAA;;gBAAxD,MAAM,GAAG,SAA+C;gBAC9D,GAAG,CAAC,MAAM,CAAC,GAAG,CAAC,CAAC,IAAI,CAAC,EAAE,GAAG,EAAE,MAAM,CAAC,UAAU,EAAE,CAAC,CAAC;;;;gBAEjD,GAAG,CAAC,MAAM,CAAC,GAAG,CAAC,CAAC,IAAI,CAAC,EAAE,OAAO,EAAE,mBAAmB,EAAE,CAAC,CAAC;;;;;KAE5D,CAAC,CAAC;AAGH,MAAM,CAAC,GAAG,CAAC,GAAG,EAAE,IAAA,+BAAmB,EAC/B,UAAO,GAAG,EAAE,GAAG;;;;oBACI,qBAAM,gCAAc,CAAC,IAAI,EAAE,EAAA;;gBAApC,MAAM,GAAG,SAA2B;gBAC1C,GAAG,CAAC,MAAM,CAAC,GAAG,CAAC,CAAC,IAAI,CAAC,MAAM,CAAC,CAAC;;;;KAChC,CACJ,CAAC,CAAC;AAEH,MAAM,CAAC,GAAG,CAAC,OAAO,EAAE,IAAA,+BAAmB,EACnC,UAAO,GAAG,EAAE,GAAG;;;;oBACS,qBAAM,gCAAc,CAAC,cAAc,EAAE,EAAA;;gBAAnD,WAAW,GAAG,SAAqC;gBACzD,IAAG,WAAW,GAAG,CAAC,EAAC;oBACf,GAAG,CAAC,MAAM,CAAC,GAAG,CAAC,CAAC,IAAI,CAAC,sBAAsB,CAAC,CAAC;oBAC7C,sBAAO;iBACV;gBAED,gCAAc,CAAC,MAAM,CAAC,4BAAa,CAAC;qBAC/B,IAAI,CAAC,UAAA,IAAI,IAAK,GAAG,CAAC,MAAM,CAAC,GAAG,CAAC,CAAC,IAAI,CAAC,IAAI,CAAC,CAAA,CAAA,CAAC,CAAC;qBAC1C,KAAK,CAAC,UAAA,GAAG,IAAK,GAAG,CAAC,MAAM,CAAC,GAAG,CAAC,CAAC,IAAI,CAAC,EAAC,OAAO,EAAE,GAAG,CAAC,OAAO,EAAC,CAAC,CAAC,CAAC,CAAC,CAAC,CAAC;;;;KAEvE,CACJ,CAAC,CAAC;AAEH,MAAM,CAAC,IAAI,CAAC,MAAM,EAAE,IAAA,+BAAmB,EACnC,UAAO,GAAG,EAAE,GAAG;;;;oBAGM,qBAAM,gCAAc,CAAC,cAAc,EAAE,EAAA;;gBAAlD,UAAU,GAAG,SAAqC;gBACxD,OAAO,CAAC,GAAG,CAAC,GAAG,CAAC,IAAI,CAAC,MAAM,CAAC,CAAC;gBACvB,KAAK,GAAG,IAAI,gCAAc,CAAC;oBAC/B,EAAE,EAAE,MAAM,CAAC,UAAU,GAAC,CAAC,CAAC;oBACxB,eAAe,EAAE,GAAG,CAAC,IAAI,CAAC,eAAe;oBACzC,SAAS,EAAE,GAAG,CAAC,IAAI,CAAC,SAAS;oBAC7B,MAAM,EAAE,GAAG,CAAC,IAAI,CAAC,MAAM;iBAExB,CAAC,CAAC;;;;gBAKoB,qBAAM,gCAAc,CAAC,MAAM,CAAC,KAAK,CAAC,EAAA;;gBAAjD,YAAY,GAAG,SAAkC;gBACjD,KAAK,GAAG,YAAY,CAAC,MAAM,CAAC;qBAE9B,KAAK,EAAL,wBAAK;sBACe,EAAL,eAAK;;;qBAAL,CAAA,mBAAK,CAAA;gBAAb,IAAI;gBACQ,qBAAM,sBAAS,CAAC,QAAQ,CAAC,IAAI,CAAC,EAAA;;gBAA3C,UAAU,GAAG,SAA8B;qBAE7C,UAAU,EAAV,wBAAU;gBACZ,UAAU,CAAC,MAAM,CAAC,IAAI,CAAC,YAAY,CAAC,EAAE,CAAC,CAAC;gBACxC,qBAAM,UAAU,CAAC,IAAI,EAAE,EAAA;;gBAAvB,SAAuB,CAAC;;;gBALX,IAAK,CAAA;;;gBAUxB,GAAG,CAAC,MAAM,CAAC,GAAG,CAAC,CAAC,IAAI,CAAC,YAAY,CAAC,CAAC;;;;gBAGnC,OAAO,CAAC,GAAG,CAAC,OAAK,CAAC,CAAC;gBACnB,GAAG,CAAC,MAAM,CAAC,GAAG,CAAC,CAAC,IAAI,CAAC,yCAAyC,CAAC,CAAC;;;;;KAErE,CAEF,CAAC,CAAC;AAED,MAAM,CAAC,GAAG,CAAC,iBAAiB,EAAE,IAAA,+BAAmB,EAAC,UAAO,GAAG,EAAE,GAAG;;;;;gBACzD,OAAO,GAAG,GAAG,CAAC,MAAM,CAAC,OAAO,CAAC;gBACrB,qBAAM,gCAAc,CAAC,OAAO,CAAC,EAAE,EAAE,EAAE,OAAO,EAAE,CAAC,EAAA;;gBAArD,KAAK,GAAG,SAA6C;gBAC3D,6BAA6B;gBAC7B,IAAI,CAAC,KAAK,EAAE;oBACV,GAAG,CAAC,MAAM,CAAC,GAAG,CAAC,CAAC,IAAI,CAAC,EAAE,OAAO,EAAE,iBAAiB,EAAE,CAAC,CAAC;oBACrD,sBAAO;iBACR;gBAEK,OAAO,GAAG,KAAK,CAAC,MAAM,CAAC;gBACf,qBAAM,sBAAS,CAAC,IAAI,CAAC,EAAE,GAAG,EAAE,EAAE,GAAG,EAAE,OAAO,EAAE,EAAE,CAAC,EAAA;;gBAAvD,KAAK,GAAG,SAA+C;gBACvD,SAAS,GAAG,KAAK,CAAC,GAAG,CAAC,UAAA,IAAI,IAAI,OAAA,CAAC,EAAE,IAAI,EAAE,IAAI,CAAC,IAAI,EAAE,OAAO,EAAE,IAAI,CAAC,OAAO,EAAE,YAAY,EAAE,IAAI,CAAC,YAAY,EAAE,KAAK,EAAC,IAAI,CAAC,KAAK,CAAC,CAAC,CAAC,EAAE,CAAC,EAAlG,CAAkG,CAAC,CAAC;gBACxI,0BAA0B;gBAC1B,GAAG,CAAC,MAAM,CAAC,GAAG,CAAC,CAAC,IAAI,CAAC,SAAS,CAAC,CAAC;;;;KAEjC,CAAC,CAAC,CAAC;AAEJ,MAAM,CAAC,GAAG,CAAC,wBAAwB,EAAE,IAAA,+BAAmB,EAAC,UAAO,GAAG,EAAE,GAAG;;;;;gBAChE,OAAO,GAAG,GAAG,CAAC,MAAM,CAAC,OAAO,CAAC;gBAC7B,MAAM,GAAG,GAAG,CAAC,MAAM,CAAC,MAAM,CAAC;gBAEnB,qBAAM,gCAAc,CAAC,OAAO,CAAC,EAAE,EAAE,EAAE,OAAO,EAAE,CAAC,EAAA;;gBAArD,KAAK,GAAG,SAA6C;gBAE3D,8BAA8B;gBAC9B,IAAI,CAAC,KAAK,EAAE;oBACV,GAAG,CAAC,MAAM,CAAC,GAAG,CAAC,CAAC,IAAI,CAAC,EAAE,OAAO,EAAE,iBAAiB,EAAE,CAAC,CAAC;oBACrD,sBAAO;iBACR;gBAEa,qBAAM,sBAAS,CAAC,IAAI,CAAC,EAAE,GAAG,EAAE,EAAE,GAAG,EAAE,MAAM,EAAE,EAAE,CAAC,EAAA;;gBAAtD,KAAK,GAAG,SAA8C;gBAKtD,SAAS,GAAG,KAAK,CAAC,GAAG,CAAC,UAAA,IAAI,IAAI,OAAA,CAAC,EAAE,IAAI,EAAE,IAAI,CAAC,IAAI,EAAE,OAAO,EAAE,IAAI,CAAC,OAAO,EAAE,YAAY,EAAE,IAAI,CAAC,YAAY,EAAE,KAAK,EAAC,IAAI,CAAC,KAAK,EAAE,CAAC,EAA/F,CAA+F,CAAC,CAAC;gBACrI,0BAA0B;gBAC1B,GAAG,CAAC,MAAM,CAAC,GAAG,CAAC,CAAC,IAAI,CAAC,SAAS,CAAC,CAAC;;;;KAEjC,CAAC,CAAC,CAAC;AAGN,MAAM,CAAC,MAAM,CAAC,2BAA2B,EAAE,IAAA,+BAAmB,EAAC,UAAO,GAAG,EAAE,GAAG;;;;;gBACpE,OAAO,GAAG,GAAG,CAAC,MAAM,CAAC,OAAO,CAAC;gBAC7B,SAAS,GAAG,kBAAkB,CAAC,GAAG,CAAC,MAAM,CAAC,SAAS,CAAC,CAAC;gBAC3D,OAAO,CAAC,GAAG,CAAC,sBAAsB,GAAG,SAAS,CAAC,CAAC;gBAElC,qBAAM,gCAAc,CAAC,OAAO,CAAC,EAAE,EAAE,EAAE,OAAO,EAAE,CAAC,EAAA;;gBAArD,KAAK,GAAG,SAA6C;gBAC3D,IAAI,CAAC,KAAK,EAAE;oBACV,GAAG,CAAC,MAAM,CAAC,GAAG,CAAC,CAAC,IAAI,CAAC,EAAE,OAAO,EAAE,iBAAiB,EAAE,CAAC,CAAC;oBACrD,sBAAO;iBACR;gBAEoB,qBAAM,8BAAa,CAAC,OAAO,CAAC,EAAE,YAAY,EAAE,SAAS,EAAE,CAAC,EAAA;;gBAAvE,YAAY,GAAG,SAAwD;gBAC7E,IAAI,CAAC,YAAY,EAAE;oBACjB,GAAG,CAAC,MAAM,CAAC,GAAG,CAAC,CAAC,IAAI,CAAC,EAAE,OAAO,EAAE,gBAAgB,EAAE,CAAC,CAAC;oBACpD,sBAAO;iBACR;gBAEK,SAAS,GAAG,KAAK,CAAC,MAAO,CAAC,OAAO,CAAC,YAAY,CAAC,GAAG,CAAC,QAAQ,EAAE,CAAC,CAAC;qBAGjE,CAAA,SAAS,KAAK,CAAC,CAAC,CAAA,EAAhB,wBAAgB;gBAClB,KAAK,CAAC,MAAO,CAAC,MAAM,CAAC,SAAS,EAAE,CAAC,CAAC,CAAC;gBACnC,qBAAM,KAAK,CAAC,IAAI,EAAE,EAAA;;gBAAlB,SAAkB,CAAC;gBACnB,GAAG,CAAC,MAAM,CAAC,GAAG,CAAC,CAAC,IAAI,CAAC,EAAE,OAAO,EAAE,2BAA2B,EAAE,CAAC,CAAC;;;gBAE/D,GAAG,CAAC,MAAM,CAAC,GAAG,CAAC,CAAC,IAAI,CAAC,EAAE,OAAO,EAAE,6BAA6B,EAAE,CAAC,CAAC;;;;;KAEpE,CAAC,CAAC,CAAC;AAEJ,MAAM,CAAC,GAAG,CAAC,gBAAgB,EAAE,IAAA,+BAAmB,EAAC,UAAM,GAAG,EAAC,GAAG;;;;;gBACtD,OAAO,GAAG,GAAG,CAAC,MAAM,CAAC,OAAO,CAAC;gBAErB,qBAAM,gCAAc,CAAC,OAAO,CAAC,EAAC,EAAE,EAAE,OAAO,EAAC,CAAC,EAAA;;gBAAnD,KAAK,GAAG,SAA2C;gBACzD,IAAI,CAAC,KAAK,EAAE;oBACV,GAAG,CAAC,MAAM,CAAC,GAAG,CAAC,CAAC,IAAI,CAAC,EAAC,OAAO,EAAC,iBAAiB,EAAC,CAAC,CAAC;oBAClD,sBAAO;iBACR;gBAEK,SAAS,GAAG,KAAK,CAAC,SAAS,CAAC;gBAClC,IAAI,SAAS,EAAE;oBACb,OAAO,CAAC,GAAG,CAAC,SAAS,CAAC,CAAC;oBACvB,GAAG,CAAC,MAAM,CAAC,GAAG,CAAC,CAAC,IAAI,CAAC,EAAC,SAAS,EAAE,SAAS,EAAC,CAAC,CAAC;iBAC9C;qBAAM;oBACL,GAAG,CAAC,MAAM,CAAC,GAAG,CAAC,CAAC,IAAI,CAAC,EAAE,OAAO,EAAE,sBAAsB,EAAE,CAAC,CAAC;iBAC3D,CAAC,yBAAyB;;;;KAC5B,CAAC,CAAC,CAAC;AAGJ,MAAM,CAAC,MAAM,CAAC,kBAAkB,EAAE,IAAA,+BAAmB,EAAC,UAAO,GAAG,EAAE,GAAG;;;;;gBAC7D,OAAO,GAAG,GAAG,CAAC,MAAM,CAAC,OAAO,CAAC;gBAErB,qBAAM,gCAAc,CAAC,OAAO,CAAC,EAAE,EAAE,EAAE,OAAO,EAAE,CAAC,EAAA;;gBAArD,KAAK,GAAG,SAA6C;gBAC3D,IAAI,CAAC,KAAK,EAAE;oBACV,GAAG,CAAC,MAAM,CAAC,GAAG,CAAC,CAAC,IAAI,CAAC,EAAE,OAAO,EAAE,iBAAiB,EAAE,CAAC,CAAC;oBACrD,sBAAO;iBACR;gBAED,qBAAM,gCAAc,CAAC,SAAS,CAAC,EAAE,EAAE,EAAE,OAAO,EAAE,CAAC,EAAA;;gBAA/C,SAA+C,CAAC;gBAChD,gCAAgC;gBAChC,GAAG,CAAC,MAAM,CAAC,GAAG,CAAC,CAAC,IAAI,CAAC,EAAE,OAAO,EAAE,4BAA4B,EAAE,CAAC,CAAC;;;;KACjE,CAAC,CAAC,CAAC;AAEJ,MAAM,CAAC,GAAG,CAAC,aAAa,EAAE,IAAA,+BAAmB,EAAC,UAAM,GAAG,EAAC,GAAG;;;;;;gBAEjD,KAAoB,GAAG,CAAC,IAAI,EAA1B,KAAK,WAAA,EAAE,MAAM,YAAA,CAAc;gBAKlB,qBAAM,gCAAc,CAAC,gBAAgB,CACpD,EAAC,GAAG,EAAE,KAAK,EAAC,EACZ;wBACE,SAAS,EAAE;4BACT,MAAM,EAAE,MAAM;yBACf;qBACF,EACD,EAAC,GAAG,EAAE,IAAI,EAAC,CACZ,EAAA;;gBARK,QAAQ,GAAG,SAQhB;gBAED,OAAO,CAAC,GAAG,CAAC,QAAQ,CAAC,CAAC;gBAEtB,IAAI,QAAQ,EAAE;oBACZ,GAAG,CAAC,MAAM,CAAC,GAAG,CAAC,CAAC,IAAI,CAAC,EAAC,OAAO,EAAE,sBAAsB,EAAC,CAAC,CAAC;iBACzD;qBAAM,EAAE,kBAAkB;oBACzB,GAAG,CAAC,MAAM,CAAC,GAAG,CAAC,CAAC,IAAI,CAAC,EAAC,OAAO,EAAE,iBAAiB,EAAC,CAAC,CAAC;iBACpD;;;;gBAGD,GAAG,CAAC,MAAM,CAAC,GAAG,CAAC,CAAC,IAAI,CAAC,EAAE,KAAK,EAAE,uBAAuB,EAAE,CAAC,CAAC;;;;;KAE5D,CAAC,CAAC,CAAA;AAEH,MAAM,CAAC,GAAG,CAAC,WAAW,EAAE,IAAA,+BAAmB,EAAC,UAAM,GAAG,EAAC,GAAG;;;;;;gBAE/C,OAAO,GAAG,GAAG,CAAC,MAAM,CAAC,OAAO,CAAC;gBACrB,qBAAM,gCAAc,CAAC,OAAO,CAAC,EAAC,EAAE,EAAE,OAAO,EAAC,CAAC,EAAA;;gBAAnD,KAAK,GAAG,SAA2C;gBACzD,IAAI,CAAC,KAAK,EAAE;oBACV,GAAG,CAAC,MAAM,CAAC,GAAG,CAAC,CAAC,IAAI,CAAC,EAAC,OAAO,EAAC,iBAAiB,EAAC,CAAC,CAAC;oBAClD,sBAAO;iBACR;qBAAM;oBACL,uBAAuB;oBACvB,GAAG,CAAC,MAAM,CAAC,GAAG,CAAC,CAAC,IAAI,CAAC,KAAK,CAAC,CAAC;iBAC7B;;;;gBAGD,GAAG,CAAC,MAAM,CAAC,GAAG,CAAC,CAAC,IAAI,CAAC,EAAE,KAAK,EAAE,uBAAuB,EAAE,CAAC,CAAC;;;;;KAE5D,CAAC,CAAC,CAAC;AAEN,kBAAe,MAAM,CAAC","sourcesContent":["import { Router } from \"express\";\nimport expressAsyncHandler from \"express-async-handler\";\nimport { sample_groups } from \"../sampleGroups\";\nimport mongoose, { Types } from \"mongoose\";\nimport { comment } from \"../models/ticket.model\";\nimport multer from 'multer';\nimport { cloudinary } from '../configs/cloudinary';\nimport { testGroupModel } from \"../models/testGroup.model\";\nimport { UserModel, user } from \"../models/user.model\";\nimport { TestUserModel } from \"../models/testUser.model\";\n\nconst router = Router();\n\nconst storage = multer.diskStorage({});\nconst upload = multer({ storage });\n\nrouter.post('/upload', upload.single('file'), async (req, res) => {\n    try {\n      if (!req.file) {\n        res.status(400).json({ message: 'No file uploaded' });\n        return;\n      }\n      console.log('in upload router');\n      const result = await cloudinary.uploader.upload(req.file.path);\n      res.status(200).json({ url: result.secure_url });\n    } catch (error) {\n      res.status(500).json({ message: 'File upload error' });\n    }\n});\n\n\nrouter.get('/', expressAsyncHandler(\n    async (req, res) => {\n        const groups = await testGroupModel.find();\n        res.status(200).send(groups);\n    }\n));\n\nrouter.get('/seed', expressAsyncHandler(\n    async (req, res) => {\n        const groupsCount = await testGroupModel.countDocuments();\n        if(groupsCount > 0){\n            res.status(400).send(\"Seed is already done\");\n            return;\n        }\n\n        testGroupModel.create(sample_groups)\n            .then(data => {res.status(201).send(data)})\n            .catch(err => {res.status(500).send({message: err.message}); });\n        // res.status(200).send(\"Seed is done!\");\n    }\n));\n\nrouter.post('/add', expressAsyncHandler(\n    async (req, res) => {\n    //   console.log('in add  router');\n\n      const groupCount = await testGroupModel.countDocuments();\n      console.log(req.body.people);\n      const group = new testGroupModel({\n        id: String(groupCount+1),\n        backgroundPhoto: req.body.backgroundPhoto,\n        groupName: req.body.groupName,\n        people: req.body.people\n\n      });\n\n    //   console.log(group);\n\n      try {\n        const createdGroup = await testGroupModel.create(group); \n        const users = createdGroup.people;\n        // console.log(users);\n        if (users) {\n          for (let user of users) { \n            const userFromDb = await UserModel.findById(user);\n            // console.log('userfromdb: ' + userFromDb);\n            if (userFromDb) {\n              userFromDb.groups.push(createdGroup.id); \n              await userFromDb.save(); \n            }\n          }\n        }\n\n        res.status(201).send(createdGroup); \n    }\n    catch (error) {\n        console.log(error);\n        res.status(500).send(\"An error occurred during group creation\");\n    }\n  }  \n\n));\n\n  router.get(\"/:groupId/users\", expressAsyncHandler(async (req, res) => {\n    const groupId = req.params.groupId;\n    const group = await testGroupModel.findOne({ id: groupId });\n    // console.log(group?.people)\n    if (!group) {\n      res.status(404).send({ message: \"Group not found\" });\n      return;\n    }\n  \n    const userIds = group.people; \n    const users = await UserModel.find({ _id: { $in: userIds } });\n    const userArray = users.map(user => ({ name: user.name, surname: user.surname, emailAddress: user.emailAddress, roles:user.roles[0] })); \n    // console.log(userArray);\n    res.status(200).send(userArray);\n    // res.send(group.people);\n  }));\n\n  router.get(\"/:groupId/user/:userId\", expressAsyncHandler(async (req, res) => {\n    const groupId = req.params.groupId;\n    const userId = req.params.userId;\n\n    const group = await testGroupModel.findOne({ id: groupId });\n\n    // console.log(group?.people);\n    if (!group) {\n      res.status(404).send({ message: \"Group not found\" });\n      return;\n    }\n\n    const users = await UserModel.find({ _id: { $in: userId } });\n    // if (!users) {\n    //     res.status(500).send({message: \"User not found\"});\n    //     return;\n    // }\n    const userArray = users.map(user => ({ name: user.name, surname: user.surname, emailAddress: user.emailAddress, roles:user.roles })); \n    // console.log(userArray);\n    res.status(200).send(userArray);\n    // res.send(group.people);\n  }));\n\n\nrouter.delete(\"/:groupId/user/:userEmail\", expressAsyncHandler(async (req, res) => {\n    const groupId = req.params.groupId;\n    const userEmail = decodeURIComponent(req.params.userEmail); \n    console.log('user email decoded: ' + userEmail);\n    \n    const group = await testGroupModel.findOne({ id: groupId });\n    if (!group) {\n      res.status(404).send({ message: \"Group not found\" });\n      return;\n    }\n    \n    const userToRemove = await TestUserModel.findOne({ emailAddress: userEmail });\n    if (!userToRemove) {\n      res.status(404).send({ message: 'User not found' });\n      return;\n    }\n  \n    const userIndex = group.people!.indexOf(userToRemove._id.toString());\n    // console.log('user index ' + userIndex)\n  \n    if (userIndex !== -1) {\n      group.people!.splice(userIndex, 1);\n      await group.save();\n      res.status(200).send({ message: 'User removed successfully' });\n    } else {\n      res.status(404).send({ message: 'User not found in the group' });\n    } //still to test...\n  }));\n  \n  router.get(\"/:groupId/name\", expressAsyncHandler(async(req,res) => {\n    const groupId = req.params.groupId;\n  \n    const group = await testGroupModel.findOne({id: groupId});\n    if (!group) {\n      res.status(404).send({message:\"Group not found\"});\n      return;\n    }\n  \n    const groupName = group.groupName;\n    if (groupName) {\n      console.log(groupName);\n      res.status(200).json({groupName: groupName});\n    } else {\n      res.status(404).send({ message: 'Group name not found' });\n    } //still have to test this\n  }));\n  \n\n  router.delete(\"/:groupId/delete\", expressAsyncHandler(async (req, res) => {\n    const groupId = req.params.groupId;\n  \n    const group = await testGroupModel.findOne({ id: groupId });\n    if (!group) {\n      res.status(404).send({ message: \"Group not found\" });\n      return;\n    }\n  \n    await testGroupModel.deleteOne({ id: groupId });\n    // console.log('group deleted');\n    res.status(200).send({ message: \"Group deleted successfully\" });\n  }));\n\n  router.put('/add-people', expressAsyncHandler(async(req,res)=>{\n    try {\n      const { group, people } = req.body;\n    //   console.log('hello from backend');\n    //   console.log(group);\n    //   console.log(people);\n\n      const newGroup = await testGroupModel.findOneAndUpdate(\n        {_id: group},\n        {\n          $addToSet: {\n            people: people,\n          }\n        },\n        {new: true}\n      );\n\n      console.log(newGroup);\n\n      if (newGroup) {\n        res.status(200).json({message: 'users added to group'});\n      } else { //still to test...\n        res.status(404).json({message: 'Group not found'});\n      }\n    }\n    catch (error) {\n      res.status(500).send({ error: 'Internal server error' });\n    }\n  }))\n\n  router.get('/:groupId', expressAsyncHandler(async(req,res) => {\n    try {\n      const groupId = req.params.groupId;\n      const group = await testGroupModel.findOne({id: groupId});\n      if (!group) {\n        res.status(404).send({message:\"Group not found\"});\n        return;\n      } else {\n        // console.log('hiii');\n        res.status(200).send(group);\n      }\n\n    } catch (error) {\n      res.status(500).send({ error: 'Internal server error' });\n    }\n  }));\n\nexport default router;"]},"_coverageSchema":"1a1c01bbd47fc00a2c39e90264f33305004495a9","hash":"3b6d4e3db1684b6da93e384161eb4f9bfb5e2151","contentHash":"a8c628e481454e2765bdc0631949bb82fdd6ed4c0bea58ab4faae5b20b8528ba"},"/Users/priyul/Desktop/Luna/ABC-Service-Request-System/backend/src/models/testGroup.model.ts":{"path":"/Users/priyul/Desktop/Luna/ABC-Service-Request-System/backend/src/models/testGroup.model.ts","statementMap":{"0":{"start":{"line":2,"column":0},"end":{"line":2,"column":62}},"1":{"start":{"line":3,"column":0},"end":{"line":3,"column":54}},"2":{"start":{"line":4,"column":17},"end":{"line":4,"column":36}},"3":{"start":{"line":5,"column":0},"end":{"line":10,"column":3}},"4":{"start":{"line":11,"column":14},"end":{"line":11,"column":49}},"5":{"start":{"line":12,"column":0},"end":{"line":12,"column":69}}},"fnMap":{},"branchMap":{},"s":{"0":1,"1":1,"2":1,"3":1,"4":1,"5":1},"f":{},"b":{},"inputSourceMap":{"version":3,"file":"/Users/priyul/Desktop/Luna/ABC-Service-Request-System/backend/src/models/testGroup.model.ts","sources":["/Users/priyul/Desktop/Luna/ABC-Service-Request-System/backend/src/models/testGroup.model.ts"],"names":[],"mappings":";;;AAAA,qCAA6C;AAWhC,QAAA,WAAW,GAAG,IAAI,iBAAM,CACjC;IACI,EAAE,EAAE,EAAC,IAAI,EAAE,MAAM,EAAE,QAAQ,EAAE,IAAI,EAAC;IAClC,SAAS,EAAE,EAAC,IAAI,EAAE,MAAM,EAAE,QAAQ,EAAE,IAAI,EAAC;IACzC,eAAe,EAAE,EAAC,IAAI,EAAE,MAAM,EAAE,QAAQ,EAAE,KAAK,EAAC;IAChD,MAAM,EAAE,CAAC,EAAC,IAAI,EAAE,iBAAM,CAAC,KAAK,CAAC,QAAQ,EAAE,GAAG,EAAE,MAAM,EAAC,CAAC;CACvD,CACJ,CAAA;AAED,IAAM,OAAO,GAAG,qBAAU,CAAC,KAAK,CAAC,MAAM,CAAC,CAAC;AAC5B,QAAA,cAAc,GAAG,OAAO,CAAC,KAAK,CAAC,OAAO,EAAE,mBAAW,CAAC,CAAC","sourcesContent":["import { Schema, connection } from \"mongoose\"\nimport { UserModel, user } from \"./user.model\"\n\nexport interface group {\n    id: string\n    groupName: string\n    backgroundPhoto: string\n    people?: string[]\n\n}\n\nexport const groupSchema = new Schema<group>(\n    {\n        id: {type: String, required: true},\n        groupName: {type: String, required: true},\n        backgroundPhoto: {type: String, required: false},\n        people: [{type: Schema.Types.ObjectId, ref: 'user'}],\n    }\n)\n\nconst groupDB = connection.useDb(\"test\");\nexport const testGroupModel = groupDB.model(\"group\", groupSchema);"]},"_coverageSchema":"1a1c01bbd47fc00a2c39e90264f33305004495a9","hash":"f9c6d742726f5c5e98b929b8c4133ba7f0355a49","contentHash":"c0a8b984ceb908078b688aca1236c380b5868fb905a1e689b6c13be6aaca0363"}}