{"C:\\Users\\DELL\\Desktop\\Capstone\\ABC-Service-Request-System\\backend\\src\\server.ts":{"path":"C:\\Users\\DELL\\Desktop\\Capstone\\ABC-Service-Request-System\\backend\\src\\server.ts","statementMap":{"0":{"start":{"line":2,"column":22},"end":{"line":4,"column":1}},"1":{"start":{"line":3,"column":4},"end":{"line":3,"column":62}},"2":{"start":{"line":5,"column":0},"end":{"line":5,"column":62}},"3":{"start":{"line":6,"column":0},"end":{"line":6,"column":42}},"4":{"start":{"line":7,"column":16},"end":{"line":7,"column":51}},"5":{"start":{"line":8,"column":13},"end":{"line":8,"column":45}},"6":{"start":{"line":9,"column":15},"end":{"line":9,"column":49}},"7":{"start":{"line":11,"column":12},"end":{"line":11,"column":41}},"8":{"start":{"line":12,"column":0},"end":{"line":12,"column":26}},"9":{"start":{"line":15,"column":26},"end":{"line":15,"column":86}},"10":{"start":{"line":16,"column":24},"end":{"line":16,"column":82}},"11":{"start":{"line":17,"column":33},"end":{"line":17,"column":100}},"12":{"start":{"line":18,"column":25},"end":{"line":18,"column":84}},"13":{"start":{"line":19,"column":26},"end":{"line":19,"column":86}},"14":{"start":{"line":20,"column":28},"end":{"line":20,"column":68}},"15":{"start":{"line":21,"column":0},"end":{"line":21,"column":42}},"16":{"start":{"line":22,"column":10},"end":{"line":22,"column":34}},"17":{"start":{"line":23,"column":0},"end":{"line":23,"column":22}},"18":{"start":{"line":24,"column":0},"end":{"line":27,"column":4}},"19":{"start":{"line":28,"column":0},"end":{"line":28,"column":34}},"20":{"start":{"line":65,"column":0},"end":{"line":69,"column":4}},"21":{"start":{"line":67,"column":8},"end":{"line":67,"column":45}},"22":{"start":{"line":70,"column":0},"end":{"line":74,"column":4}},"23":{"start":{"line":72,"column":8},"end":{"line":72,"column":43}},"24":{"start":{"line":75,"column":0},"end":{"line":79,"column":4}},"25":{"start":{"line":77,"column":8},"end":{"line":77,"column":44}},"26":{"start":{"line":80,"column":0},"end":{"line":84,"column":4}},"27":{"start":{"line":82,"column":8},"end":{"line":82,"column":52}},"28":{"start":{"line":85,"column":0},"end":{"line":89,"column":4}},"29":{"start":{"line":87,"column":8},"end":{"line":87,"column":45}},"30":{"start":{"line":91,"column":0},"end":{"line":91,"column":57}},"31":{"start":{"line":92,"column":0},"end":{"line":92,"column":53}},"32":{"start":{"line":93,"column":0},"end":{"line":93,"column":71}},"33":{"start":{"line":94,"column":0},"end":{"line":94,"column":55}},"34":{"start":{"line":95,"column":0},"end":{"line":95,"column":57}},"35":{"start":{"line":96,"column":0},"end":{"line":98,"column":3}},"36":{"start":{"line":97,"column":4},"end":{"line":97,"column":64}},"37":{"start":{"line":99,"column":11},"end":{"line":99,"column":15}},"38":{"start":{"line":100,"column":13},"end":{"line":102,"column":2}},"39":{"start":{"line":101,"column":4},"end":{"line":101,"column":68}},"40":{"start":{"line":103,"column":0},"end":{"line":103,"column":24}}},"fnMap":{"0":{"name":"(anonymous_0)","decl":{"start":{"line":2,"column":56},"end":{"line":2,"column":57}},"loc":{"start":{"line":2,"column":71},"end":{"line":4,"column":1}},"line":2},"1":{"name":"(anonymous_1)","decl":{"start":{"line":66,"column":26},"end":{"line":66,"column":27}},"loc":{"start":{"line":66,"column":41},"end":{"line":68,"column":5}},"line":66},"2":{"name":"(anonymous_2)","decl":{"start":{"line":71,"column":26},"end":{"line":71,"column":27}},"loc":{"start":{"line":71,"column":41},"end":{"line":73,"column":5}},"line":71},"3":{"name":"(anonymous_3)","decl":{"start":{"line":76,"column":26},"end":{"line":76,"column":27}},"loc":{"start":{"line":76,"column":41},"end":{"line":78,"column":5}},"line":76},"4":{"name":"(anonymous_4)","decl":{"start":{"line":81,"column":26},"end":{"line":81,"column":27}},"loc":{"start":{"line":81,"column":41},"end":{"line":83,"column":5}},"line":81},"5":{"name":"(anonymous_5)","decl":{"start":{"line":86,"column":26},"end":{"line":86,"column":27}},"loc":{"start":{"line":86,"column":41},"end":{"line":88,"column":5}},"line":86},"6":{"name":"(anonymous_6)","decl":{"start":{"line":96,"column":24},"end":{"line":96,"column":25}},"loc":{"start":{"line":96,"column":44},"end":{"line":98,"column":1}},"line":96},"7":{"name":"(anonymous_7)","decl":{"start":{"line":100,"column":30},"end":{"line":100,"column":31}},"loc":{"start":{"line":100,"column":42},"end":{"line":102,"column":1}},"line":100}},"branchMap":{"0":{"loc":{"start":{"line":2,"column":22},"end":{"line":4,"column":1}},"type":"binary-expr","locations":[{"start":{"line":2,"column":23},"end":{"line":2,"column":27}},{"start":{"line":2,"column":31},"end":{"line":2,"column":51}},{"start":{"line":2,"column":56},"end":{"line":4,"column":1}}],"line":2},"1":{"loc":{"start":{"line":3,"column":11},"end":{"line":3,"column":61}},"type":"cond-expr","locations":[{"start":{"line":3,"column":37},"end":{"line":3,"column":40}},{"start":{"line":3,"column":43},"end":{"line":3,"column":61}}],"line":3},"2":{"loc":{"start":{"line":3,"column":12},"end":{"line":3,"column":33}},"type":"binary-expr","locations":[{"start":{"line":3,"column":12},"end":{"line":3,"column":15}},{"start":{"line":3,"column":19},"end":{"line":3,"column":33}}],"line":3}},"s":{"0":0,"1":0,"2":0,"3":0,"4":0,"5":0,"6":0,"7":0,"8":0,"9":0,"10":0,"11":0,"12":0,"13":0,"14":0,"15":0,"16":0,"17":0,"18":0,"19":0,"20":0,"21":0,"22":0,"23":0,"24":0,"25":0,"26":0,"27":0,"28":0,"29":0,"30":0,"31":0,"32":0,"33":0,"34":0,"35":0,"36":0,"37":0,"38":0,"39":0,"40":0},"f":{"0":0,"1":0,"2":0,"3":0,"4":0,"5":0,"6":0,"7":0},"b":{"0":[0,0,0],"1":[0,0],"2":[0,0]},"inputSourceMap":{"version":3,"file":"C:/Users/DELL/Desktop/Capstone/ABC-Service-Request-System/backend/src/server.ts","sources":["C:/Users/DELL/Desktop/Capstone/ABC-Service-Request-System/backend/src/server.ts"],"names":[],"mappings":";;;;;;AAAA,oDAA8B;AAC9B,8CAAwB;AACxB,kDAA4B;AAC5B,iEAAiE;AACjE,0CAA6C;AAG7C,gBAAM,CAAC,MAAM,EAAE,CAAC;AAChB,MAAM;AAEN,cAAc;AACd,uFAAgE;AAChE,mFAA4D;AAC5D,qGAA8E;AAC9E,qFAA8D;AAC9D,uFAAgE;AAEhE,qEAA6D;AAE7D,IAAA,kCAAY,GAAE,CAAC;AAEf,IAAM,GAAG,GAAG,IAAA,iBAAO,GAAE,CAAC;AAqGP,sBAAO;AAnGtB,GAAG,CAAC,GAAG,CAAC,IAAA,cAAI,EAAC;AACT,qBAAqB;AACrB,oCAAoC;CACvC,CAAC,CAAC,CAAC;AAEJ,GAAG,CAAC,GAAG,CAAC,iBAAO,CAAC,IAAI,EAAE,CAAC,CAAC;AAGxB,kDAAkD;AAClD,sCAAsC;AACtC,+CAA+C;AAC/C,2EAA2E;AAC3E,OAAO;AACP,wBAAwB;AACxB,OAAO;AAEP,gDAAgD;AAChD,sCAAsC;AACtC,mBAAmB;AACnB,mCAAmC;AACnC,OAAO;AACP,wBAAwB;AACxB,OAAO;AAEP,iDAAiD;AACjD,sCAAsC;AACtC,mBAAmB;AACnB,qCAAqC;AACrC,OAAO;AACP,wBAAwB;AACxB,OAAO;AAEP,yDAAyD;AACzD,sCAAsC;AACtC,mBAAmB;AACnB,qDAAqD;AACrD,OAAO;AACP,wBAAwB;AACxB,OAAO;AAEP,kDAAkD;AAClD,sCAAsC;AACtC,+CAA+C;AAC/C,4EAA4E;AAC5E,8EAA8E;AAC9E,OAAO;AACP,wBAAwB;AACxB,OAAO;AAIP,GAAG,CAAC,GAAG,CAAC,aAAa,EAAE,KAAK,CAAC,uBAAuB,EAAE;IACpD,oBAAoB,EAAE,UAAC,GAAG;QACxB,OAAO,qBAAc,GAAG,CAAC,GAAG,CAAE,CAAC;IACjC,CAAC;CACF,CAAC,CAAC,CAAC;AAEJ,GAAG,CAAC,GAAG,CAAC,WAAW,EAAE,KAAK,CAAC,uBAAuB,EAAE;IAClD,oBAAoB,EAAE,UAAC,GAAG;QACxB,OAAO,mBAAY,GAAG,CAAC,GAAG,CAAE,CAAC;IAC/B,CAAC;CACF,CAAC,CAAC,CAAC;AAEJ,GAAG,CAAC,GAAG,CAAC,YAAY,EAAE,KAAK,CAAC,uBAAuB,EAAE;IACnD,oBAAoB,EAAE,UAAC,GAAG;QACxB,OAAO,oBAAa,GAAG,CAAC,GAAG,CAAE,CAAC;IAChC,CAAC;CACF,CAAC,CAAC,CAAC;AAEJ,GAAG,CAAC,GAAG,CAAC,oBAAoB,EAAE,KAAK,CAAC,uBAAuB,EAAE;IAC3D,oBAAoB,EAAE,UAAC,GAAG;QACxB,OAAO,4BAAqB,GAAG,CAAC,GAAG,CAAE,CAAC;IACxC,CAAC;CACF,CAAC,CAAC,CAAC;AAEJ,GAAG,CAAC,GAAG,CAAC,aAAa,EAAE,KAAK,CAAC,uBAAuB,EAAE;IACpD,oBAAoB,EAAE,UAAC,GAAG;QACxB,OAAO,qBAAc,GAAG,CAAC,GAAG,CAAE,CAAC,CAAC,yCAAyC;IAC3E,CAAC;CACF,CAAC,CAAC,CAAC;AAEJ,cAAc;AACd,GAAG,CAAC,GAAG,CAAC,kBAAkB,EAAE,2BAAgB,CAAC,CAAC;AAC9C,GAAG,CAAC,GAAG,CAAC,gBAAgB,EAAE,yBAAc,CAAC,CAAC;AAC1C,GAAG,CAAC,GAAG,CAAC,yBAAyB,EAAE,kCAAuB,CAAC,CAAC;AAC5D,GAAG,CAAC,GAAG,CAAC,iBAAiB,EAAE,0BAAe,CAAC,CAAC;AAC5C,GAAG,CAAC,GAAG,CAAC,kBAAkB,EAAE,2BAAgB,CAAC,CAAC;AAE9C,GAAG,CAAC,GAAG,CAAC,cAAc,EAAE,UAAC,GAAQ,EAAE,GAAQ;IACvC,GAAG,CAAC,MAAM,CAAC,GAAG,CAAC,CAAC,IAAI,CAAC,EAAE,OAAO,EAAE,wBAAwB,EAAE,CAAC,CAAC;AAChE,CAAC,CAAC,CAAC;AAGH,IAAM,IAAI,GAAG,IAAI,CAAC;AAElB,IAAI,MAAM,GAAG,GAAG,CAAC,MAAM,CAAC,IAAI,EAAE;IAC5B,OAAO,CAAC,GAAG,CAAC,6CAAsC,IAAI,CAAE,CAAC,CAAC;AAC5D,CAAC,CAAC,CAAC;AAEqB,wBAAM","sourcesContent":["import express from \"express\";\r\nimport cors from \"cors\";\r\nimport dotenv from \"dotenv\";\r\n// import { createProxyMiddleware } from 'http-proxy-middleware';\r\nimport proxy = require(\"express-http-proxy\");\r\nimport { jwtVerify } from \"../../backend/jwtVerify/jwtVerify\";\r\n\r\ndotenv.config();\r\n//test\r\n\r\n//test routers\r\nimport testTicketRouter from './test_routers/testTicket.router';\r\nimport testUserRouter from './test_routers/testUser.router';\r\nimport testNotificationsRouter from './test_routers/testNotifications.router';\r\nimport testGroupRouter from './test_routers/testGroup.router';\r\nimport testClientRouter from './test_routers/testClient.router';\r\n\r\nimport { dbConnection } from \"./configs/testTicketDB.config\";\r\n\r\ndbConnection();\r\n\r\nconst app = express();\r\n\r\napp.use(cors({\r\n    // credentials: true,\r\n    // origin: [\"http://localhost:4200\"]\r\n}));\r\n\r\napp.use(express.json());\r\n\r\n\r\n// app.use('/api/ticket', createProxyMiddleware({ \r\n//   target: 'http://localhost:3001', \r\n//   onError: function onError(err, req, res) {\r\n//     console.error('Something went wrong with the proxy middleware', err)\r\n//   },\r\n//   changeOrigin: true,\r\n// }));\r\n\r\n// app.use('/api/user', createProxyMiddleware({ \r\n//   target: 'http://localhost:3002', \r\n//   pathRewrite: {\r\n//       '^/api/user': '/api/user',\r\n//   },\r\n//   changeOrigin: true,\r\n// }));\r\n\r\n// app.use('/api/group', createProxyMiddleware({ \r\n//   target: 'http://localhost:3003', \r\n//   pathRewrite: {\r\n//       '^/api/group': '/api/group',\r\n//   },\r\n//   changeOrigin: true,\r\n// }));\r\n\r\n// app.use('/api/notifications', createProxyMiddleware({ \r\n//   target: 'http://localhost:3004', \r\n//   pathRewrite: {\r\n//       '^/api/notifications': '/api/notifications',\r\n//   },\r\n//   changeOrigin: true,\r\n// }));\r\n\r\n// app.use('/api/client', createProxyMiddleware({ \r\n//   target: 'http://localhost:3005', \r\n//   onError: function onError(err, req, res) {\r\n//     console.error('Something went wrong with the proxy middleware', err);\r\n//     res.status(500).send('Something went wrong with the proxy middleware');\r\n//   },\r\n//   changeOrigin: true,\r\n// }));\r\n\r\n\r\n\r\napp.use(\"/api/ticket\", proxy(\"http://localhost:3001\", {\r\n  proxyReqPathResolver: (req) => {\r\n    return `/api/ticket${req.url}`;\r\n  },\r\n}));\r\n\r\napp.use(\"/api/user\", proxy(\"http://localhost:3002\", {\r\n  proxyReqPathResolver: (req) => {\r\n    return `/api/user${req.url}`;\r\n  },\r\n}));\r\n\r\napp.use(\"/api/group\", proxy(\"http://localhost:3003\", {\r\n  proxyReqPathResolver: (req) => {\r\n    return `/api/group${req.url}`;\r\n  },\r\n}));\r\n\r\napp.use(\"/api/notifications\", proxy(\"http://localhost:3004\", {\r\n  proxyReqPathResolver: (req) => {\r\n    return `/api/notifications${req.url}`;\r\n  },\r\n}));\r\n\r\napp.use(\"/api/client\", proxy(\"http://localhost:3005\", {\r\n  proxyReqPathResolver: (req) => {\r\n    return `/api/client${req.url}`; // Prefix the request path with /api/user\r\n  },\r\n}));\r\n\r\n//test routers\r\napp.use('/api/test_ticket', testTicketRouter);\r\napp.use('/api/test_user', testUserRouter);\r\napp.use('/api/test_notifications', testNotificationsRouter);\r\napp.use('/api/test_group', testGroupRouter);\r\napp.use('/api/test_client', testClientRouter);\r\n\r\napp.get('/api/welcome', (req: any, res :any) => {\r\n    res.status(200).send({ message: 'Welcome to the server!' });\r\n});\r\n\r\n\r\nconst port = 3000;\r\n\r\nlet server = app.listen(port, () => {\r\n  console.log(`Server running on http://localhost:${port}`);\r\n});\r\n\r\nexport {app as default, server};\r\n"]},"all":true},"C:\\Users\\DELL\\Desktop\\Capstone\\ABC-Service-Request-System\\backend\\src\\test_routers\\testClient.model.ts":{"path":"C:\\Users\\DELL\\Desktop\\Capstone\\ABC-Service-Request-System\\backend\\src\\test_routers\\testClient.model.ts","statementMap":{"0":{"start":{"line":2,"column":0},"end":{"line":2,"column":62}},"1":{"start":{"line":3,"column":0},"end":{"line":3,"column":57}},"2":{"start":{"line":4,"column":17},"end":{"line":4,"column":36}},"3":{"start":{"line":5,"column":24},"end":{"line":5,"column":52}},"4":{"start":{"line":6,"column":0},"end":{"line":13,"column":3}},"5":{"start":{"line":14,"column":19},"end":{"line":33,"column":2}},"6":{"start":{"line":34,"column":15},"end":{"line":34,"column":50}},"7":{"start":{"line":35,"column":0},"end":{"line":35,"column":66}}},"fnMap":{},"branchMap":{},"s":{"0":0,"1":0,"2":0,"3":0,"4":0,"5":0,"6":0,"7":0},"f":{},"b":{},"inputSourceMap":{"version":3,"file":"C:/Users/DELL/Desktop/Capstone/ABC-Service-Request-System/backend/src/test_routers/testClient.model.ts","sources":["C:/Users/DELL/Desktop/Capstone/ABC-Service-Request-System/backend/src/test_routers/testClient.model.ts"],"names":[],"mappings":";;;AAAA,qCAA6C;AAE7C,qDAAsD;AAyBzC,QAAA,aAAa,GAAG,IAAI,iBAAM,CACnC;IACI,EAAE,EAAE,EAAE,IAAI,EAAE,MAAM,EAAE,QAAQ,EAAE,IAAI,EAAC;IACnC,IAAI,EAAE,EAAE,IAAI,EAAE,MAAM,EAAE,QAAQ,EAAE,IAAI,EAAC;IACrC,IAAI,EAAE,EAAE,IAAI,EAAE,MAAM,EAAE,QAAQ,EAAE,IAAI,EAAC;IACrC,KAAK,EAAE,EAAE,IAAI,EAAE,MAAM,EAAE,QAAQ,EAAE,IAAI,EAAC;IACtC,qDAAqD;IACrD,cAAc,EAAE,EAAE,IAAI,EAAE,CAAC,6BAAW,CAAC,EAAE,QAAQ,EAAE,KAAK,EAAC;CAC1D,CACJ,CAAA;AAED,IAAM,YAAY,GAAG,IAAI,iBAAM,CAC3B;IACI,EAAE,EAAE,EAAE,IAAI,EAAE,MAAM,EAAE,QAAQ,EAAE,IAAI,EAAC;IACnC,IAAI,EAAE,EAAE,IAAI,EAAE,MAAM,EAAE,QAAQ,EAAE,IAAI,EAAC;IACrC,OAAO,EAAE,EAAE,IAAI,EAAE,MAAM,EAAE,QAAQ,EAAE,IAAI,EAAC;IACxC,YAAY,EAAE,EAAE,IAAI,EAAE,MAAM,EAAE,QAAQ,EAAE,IAAI,EAAC;IAC7C,KAAK,EAAE,EAAE,IAAI,EAAE,MAAM,EAAE,QAAQ,EAAE,IAAI,EAAC;IACtC,aAAa,EAAE,EAAC,IAAI,EAAE,OAAO,EAAE,QAAQ,EAAE,IAAI,EAAE,OAAO,EAAE,KAAK,EAAC;IAC9D,QAAQ,EAAE,EAAC,IAAI,EAAE,MAAM,EAAE,QAAQ,EAAE,IAAI,EAAE,MAAM,EAAE,IAAI,EAAC;IACtD,QAAQ,EAAE,EAAE,IAAI,EAAE,MAAM,EAAE,QAAQ,EAAE,IAAI,EAAC;IACzC,WAAW,EAAE,EAAE,IAAI,EAAE,MAAM,EAAE;IAC7B,QAAQ,EAAE,EAAE,IAAI,EAAE,CAAC,qBAAa,CAAC,EAAE,QAAQ,EAAE,IAAI,EAAC;CACrD,EAAC;IACE,MAAM,EAAE;QACJ,QAAQ,EAAE,IAAI;KACjB;IACD,QAAQ,EAAE;QACN,QAAQ,EAAE,IAAI;KACjB;IACD,UAAU,EAAE,IAAI;CACnB,CACJ,CAAA;AAED,IAAM,QAAQ,GAAG,qBAAU,CAAC,KAAK,CAAC,MAAM,CAAC,CAAC;AAC7B,QAAA,eAAe,GAAG,QAAQ,CAAC,KAAK,CAAC,SAAS,EAAE,YAAY,CAAC,CAAC","sourcesContent":["import { Schema, connection } from \"mongoose\"\r\nimport { ticket, ticketSchema } from \"./testTicket.model\"\r\nimport { group, groupSchema } from \"./testGroup.model\"\r\n\r\nexport interface project {\r\n    id: string,\r\n    _id?: string,\r\n    name: string,\r\n    logo: string,\r\n    color: string,\r\n    // tickets?: ticket [],\r\n    assignedGroups?: group [],\r\n}\r\n\r\nexport interface client {\r\n    id: string,\r\n    name: string,\r\n    surname: string,\r\n    organisation: string,\r\n    email: string,\r\n    emailVerified: boolean,\r\n    password: string,\r\n    industry: string,\r\n    inviteToken?: string,\r\n    projects: project []\r\n}\r\n\r\nexport const projectSchema = new Schema<project>(\r\n    {\r\n        id: { type: String, required: true},\r\n        name: { type: String, required: true},\r\n        logo: { type: String, required: true},\r\n        color: { type: String, required: true},\r\n        // tickets: { type: [ticketSchema], required: false},\r\n        assignedGroups: { type: [groupSchema], required: false},\r\n    }\r\n)\r\n\r\nconst clientSchema = new Schema<client>(\r\n    {\r\n        id: { type: String, required: true},\r\n        name: { type: String, required: true},\r\n        surname: { type: String, required: true},\r\n        organisation: { type: String, required: true},\r\n        email: { type: String, required: true},\r\n        emailVerified: {type: Boolean, required: true, default: false},\r\n        password: {type: String, required: true, select: true},\r\n        industry: { type: String, required: true},\r\n        inviteToken: { type: String }, // Add inviteToken field\r\n        projects: { type: [projectSchema], required: true},\r\n    },{\r\n        toJSON: {\r\n            virtuals: true\r\n        },\r\n        toObject: {\r\n            virtuals: true\r\n        },\r\n        timestamps: true\r\n    }\r\n)\r\n\r\nconst clientDb = connection.useDb(\"test\");\r\nexport const TestClientModel = clientDb.model(\"clients\", clientSchema);"]},"all":true},"C:\\Users\\DELL\\Desktop\\Capstone\\ABC-Service-Request-System\\backend\\src\\test_routers\\testClient.router.ts":{"path":"C:\\Users\\DELL\\Desktop\\Capstone\\ABC-Service-Request-System\\backend\\src\\test_routers\\testClient.router.ts","statementMap":{"0":{"start":{"line":2,"column":16},"end":{"line":10,"column":1}},"1":{"start":{"line":3,"column":28},"end":{"line":3,"column":110}},"2":{"start":{"line":3,"column":91},"end":{"line":3,"column":106}},"3":{"start":{"line":4,"column":4},"end":{"line":9,"column":7}},"4":{"start":{"line":5,"column":36},"end":{"line":5,"column":97}},"5":{"start":{"line":5,"column":42},"end":{"line":5,"column":70}},"6":{"start":{"line":5,"column":85},"end":{"line":5,"column":95}},"7":{"start":{"line":6,"column":35},"end":{"line":6,"column":100}},"8":{"start":{"line":6,"column":41},"end":{"line":6,"column":73}},"9":{"start":{"line":6,"column":88},"end":{"line":6,"column":98}},"10":{"start":{"line":7,"column":32},"end":{"line":7,"column":116}},"11":{"start":{"line":8,"column":8},"end":{"line":8,"column":78}},"12":{"start":{"line":11,"column":18},"end":{"line":37,"column":1}},"13":{"start":{"line":12,"column":12},"end":{"line":12,"column":104}},"14":{"start":{"line":12,"column":43},"end":{"line":12,"column":68}},"15":{"start":{"line":12,"column":57},"end":{"line":12,"column":68}},"16":{"start":{"line":12,"column":69},"end":{"line":12,"column":81}},"17":{"start":{"line":13,"column":4},"end":{"line":13,"column":157}},"18":{"start":{"line":13,"column":138},"end":{"line":13,"column":150}},"19":{"start":{"line":14,"column":23},"end":{"line":14,"column":68}},"20":{"start":{"line":14,"column":45},"end":{"line":14,"column":65}},"21":{"start":{"line":16,"column":8},"end":{"line":16,"column":70}},"22":{"start":{"line":16,"column":15},"end":{"line":16,"column":70}},"23":{"start":{"line":17,"column":8},"end":{"line":34,"column":66}},"24":{"start":{"line":17,"column":50},"end":{"line":34,"column":66}},"25":{"start":{"line":18,"column":12},"end":{"line":18,"column":169}},"26":{"start":{"line":18,"column":160},"end":{"line":18,"column":169}},"27":{"start":{"line":19,"column":12},"end":{"line":19,"column":52}},"28":{"start":{"line":19,"column":26},"end":{"line":19,"column":52}},"29":{"start":{"line":20,"column":12},"end":{"line":32,"column":13}},"30":{"start":{"line":21,"column":32},"end":{"line":21,"column":39}},"31":{"start":{"line":21,"column":40},"end":{"line":21,"column":46}},"32":{"start":{"line":22,"column":24},"end":{"line":22,"column":34}},"33":{"start":{"line":22,"column":35},"end":{"line":22,"column":72}},"34":{"start":{"line":23,"column":24},"end":{"line":23,"column":34}},"35":{"start":{"line":23,"column":35},"end":{"line":23,"column":45}},"36":{"start":{"line":23,"column":46},"end":{"line":23,"column":55}},"37":{"start":{"line":23,"column":56},"end":{"line":23,"column":65}},"38":{"start":{"line":24,"column":24},"end":{"line":24,"column":41}},"39":{"start":{"line":24,"column":42},"end":{"line":24,"column":55}},"40":{"start":{"line":24,"column":56},"end":{"line":24,"column":65}},"41":{"start":{"line":26,"column":20},"end":{"line":26,"column":128}},"42":{"start":{"line":26,"column":110},"end":{"line":26,"column":116}},"43":{"start":{"line":26,"column":117},"end":{"line":26,"column":126}},"44":{"start":{"line":27,"column":20},"end":{"line":27,"column":106}},"45":{"start":{"line":27,"column":81},"end":{"line":27,"column":97}},"46":{"start":{"line":27,"column":98},"end":{"line":27,"column":104}},"47":{"start":{"line":28,"column":20},"end":{"line":28,"column":89}},"48":{"start":{"line":28,"column":57},"end":{"line":28,"column":72}},"49":{"start":{"line":28,"column":73},"end":{"line":28,"column":80}},"50":{"start":{"line":28,"column":81},"end":{"line":28,"column":87}},"51":{"start":{"line":29,"column":20},"end":{"line":29,"column":87}},"52":{"start":{"line":29,"column":47},"end":{"line":29,"column":62}},"53":{"start":{"line":29,"column":63},"end":{"line":29,"column":78}},"54":{"start":{"line":29,"column":79},"end":{"line":29,"column":85}},"55":{"start":{"line":30,"column":20},"end":{"line":30,"column":42}},"56":{"start":{"line":30,"column":30},"end":{"line":30,"column":42}},"57":{"start":{"line":31,"column":20},"end":{"line":31,"column":33}},"58":{"start":{"line":31,"column":34},"end":{"line":31,"column":43}},"59":{"start":{"line":33,"column":12},"end":{"line":33,"column":39}},"60":{"start":{"line":34,"column":22},"end":{"line":34,"column":34}},"61":{"start":{"line":34,"column":35},"end":{"line":34,"column":41}},"62":{"start":{"line":34,"column":54},"end":{"line":34,"column":64}},"63":{"start":{"line":35,"column":8},"end":{"line":35,"column":35}},"64":{"start":{"line":35,"column":23},"end":{"line":35,"column":35}},"65":{"start":{"line":35,"column":36},"end":{"line":35,"column":89}},"66":{"start":{"line":38,"column":22},"end":{"line":40,"column":1}},"67":{"start":{"line":39,"column":4},"end":{"line":39,"column":62}},"68":{"start":{"line":41,"column":0},"end":{"line":41,"column":62}},"69":{"start":{"line":42,"column":16},"end":{"line":42,"column":34}},"70":{"start":{"line":43,"column":30},"end":{"line":43,"column":79}},"71":{"start":{"line":44,"column":25},"end":{"line":44,"column":54}},"72":{"start":{"line":45,"column":13},"end":{"line":45,"column":52}},"73":{"start":{"line":46,"column":15},"end":{"line":46,"column":49}},"74":{"start":{"line":47,"column":19},"end":{"line":47,"column":57}},"75":{"start":{"line":48,"column":17},"end":{"line":48,"column":53}},"76":{"start":{"line":49,"column":13},"end":{"line":49,"column":36}},"77":{"start":{"line":50,"column":0},"end":{"line":61,"column":8}},"78":{"start":{"line":50,"column":75},"end":{"line":61,"column":3}},"79":{"start":{"line":52,"column":4},"end":{"line":60,"column":7}},"80":{"start":{"line":53,"column":8},"end":{"line":59,"column":9}},"81":{"start":{"line":54,"column":20},"end":{"line":54,"column":84}},"82":{"start":{"line":56,"column":16},"end":{"line":56,"column":36}},"83":{"start":{"line":57,"column":16},"end":{"line":57,"column":46}},"84":{"start":{"line":58,"column":16},"end":{"line":58,"column":38}},"85":{"start":{"line":62,"column":0},"end":{"line":79,"column":8}},"86":{"start":{"line":62,"column":80},"end":{"line":79,"column":3}},"87":{"start":{"line":64,"column":4},"end":{"line":78,"column":7}},"88":{"start":{"line":65,"column":8},"end":{"line":77,"column":9}},"89":{"start":{"line":66,"column":20},"end":{"line":66,"column":94}},"90":{"start":{"line":68,"column":16},"end":{"line":68,"column":41}},"91":{"start":{"line":69,"column":16},"end":{"line":72,"column":17}},"92":{"start":{"line":70,"column":20},"end":{"line":70,"column":78}},"93":{"start":{"line":71,"column":20},"end":{"line":71,"column":42}},"94":{"start":{"line":73,"column":16},"end":{"line":75,"column":95}},"95":{"start":{"line":74,"column":44},"end":{"line":74,"column":71}},"96":{"start":{"line":75,"column":44},"end":{"line":75,"column":91}},"97":{"start":{"line":76,"column":16},"end":{"line":76,"column":38}},"98":{"start":{"line":81,"column":0},"end":{"line":98,"column":8}},"99":{"start":{"line":81,"column":87},"end":{"line":98,"column":3}},"100":{"start":{"line":83,"column":4},"end":{"line":97,"column":7}},"101":{"start":{"line":84,"column":8},"end":{"line":96,"column":9}},"102":{"start":{"line":86,"column":16},"end":{"line":86,"column":54}},"103":{"start":{"line":87,"column":16},"end":{"line":87,"column":110}},"104":{"start":{"line":89,"column":16},"end":{"line":89,"column":36}},"105":{"start":{"line":90,"column":16},"end":{"line":92,"column":17}},"106":{"start":{"line":91,"column":20},"end":{"line":91,"column":50}},"107":{"start":{"line":93,"column":16},"end":{"line":94,"column":100}},"108":{"start":{"line":94,"column":20},"end":{"line":94,"column":100}},"109":{"start":{"line":95,"column":16},"end":{"line":95,"column":38}},"110":{"start":{"line":100,"column":0},"end":{"line":121,"column":8}},"111":{"start":{"line":100,"column":80},"end":{"line":121,"column":3}},"112":{"start":{"line":102,"column":4},"end":{"line":120,"column":7}},"113":{"start":{"line":103,"column":8},"end":{"line":119,"column":9}},"114":{"start":{"line":105,"column":16},"end":{"line":105,"column":44}},"115":{"start":{"line":106,"column":16},"end":{"line":106,"column":29}},"116":{"start":{"line":108,"column":16},"end":{"line":108,"column":42}},"117":{"start":{"line":109,"column":16},"end":{"line":109,"column":130}},"118":{"start":{"line":111,"column":16},"end":{"line":111,"column":36}},"119":{"start":{"line":112,"column":16},"end":{"line":112,"column":46}},"120":{"start":{"line":113,"column":16},"end":{"line":113,"column":40}},"121":{"start":{"line":115,"column":16},"end":{"line":115,"column":36}},"122":{"start":{"line":116,"column":16},"end":{"line":116,"column":93}},"123":{"start":{"line":117,"column":16},"end":{"line":117,"column":40}},"124":{"start":{"line":118,"column":20},"end":{"line":118,"column":42}},"125":{"start":{"line":123,"column":0},"end":{"line":144,"column":8}},"126":{"start":{"line":123,"column":82},"end":{"line":144,"column":3}},"127":{"start":{"line":125,"column":4},"end":{"line":143,"column":7}},"128":{"start":{"line":126,"column":8},"end":{"line":142,"column":9}},"129":{"start":{"line":128,"column":16},"end":{"line":128,"column":52}},"130":{"start":{"line":129,"column":16},"end":{"line":129,"column":82}},"131":{"start":{"line":131,"column":16},"end":{"line":131,"column":36}},"132":{"start":{"line":132,"column":16},"end":{"line":134,"column":19}},"133":{"start":{"line":133,"column":20},"end":{"line":133,"column":109}},"134":{"start":{"line":133,"column":69},"end":{"line":133,"column":105}},"135":{"start":{"line":135,"column":16},"end":{"line":140,"column":17}},"136":{"start":{"line":136,"column":20},"end":{"line":136,"column":61}},"137":{"start":{"line":139,"column":20},"end":{"line":139,"column":97}},"138":{"start":{"line":141,"column":16},"end":{"line":141,"column":38}},"139":{"start":{"line":146,"column":0},"end":{"line":179,"column":8}},"140":{"start":{"line":146,"column":85},"end":{"line":179,"column":3}},"141":{"start":{"line":148,"column":4},"end":{"line":178,"column":7}},"142":{"start":{"line":149,"column":8},"end":{"line":177,"column":9}},"143":{"start":{"line":151,"column":16},"end":{"line":151,"column":48}},"144":{"start":{"line":152,"column":16},"end":{"line":152,"column":103}},"145":{"start":{"line":153,"column":16},"end":{"line":167,"column":24}},"146":{"start":{"line":169,"column":16},"end":{"line":169,"column":36}},"147":{"start":{"line":170,"column":16},"end":{"line":175,"column":17}},"148":{"start":{"line":171,"column":20},"end":{"line":171,"column":63}},"149":{"start":{"line":174,"column":20},"end":{"line":174,"column":94}},"150":{"start":{"line":176,"column":16},"end":{"line":176,"column":38}},"151":{"start":{"line":181,"column":0},"end":{"line":208,"column":8}},"152":{"start":{"line":181,"column":89},"end":{"line":208,"column":3}},"153":{"start":{"line":183,"column":4},"end":{"line":207,"column":7}},"154":{"start":{"line":184,"column":8},"end":{"line":206,"column":9}},"155":{"start":{"line":186,"column":16},"end":{"line":186,"column":48}},"156":{"start":{"line":187,"column":16},"end":{"line":187,"column":46}},"157":{"start":{"line":188,"column":16},"end":{"line":188,"column":80}},"158":{"start":{"line":190,"column":16},"end":{"line":190,"column":36}},"159":{"start":{"line":191,"column":16},"end":{"line":191,"column":30}},"160":{"start":{"line":192,"column":16},"end":{"line":202,"column":19}},"161":{"start":{"line":193,"column":20},"end":{"line":201,"column":21}},"162":{"start":{"line":194,"column":24},"end":{"line":200,"column":27}},"163":{"start":{"line":195,"column":28},"end":{"line":199,"column":29}},"164":{"start":{"line":196,"column":32},"end":{"line":196,"column":45}},"165":{"start":{"line":197,"column":32},"end":{"line":197,"column":62}},"166":{"start":{"line":198,"column":32},"end":{"line":198,"column":39}},"167":{"start":{"line":203,"column":16},"end":{"line":204,"column":110}},"168":{"start":{"line":204,"column":20},"end":{"line":204,"column":110}},"169":{"start":{"line":205,"column":16},"end":{"line":205,"column":38}},"170":{"start":{"line":210,"column":0},"end":{"line":245,"column":8}},"171":{"start":{"line":210,"column":87},"end":{"line":245,"column":3}},"172":{"start":{"line":213,"column":4},"end":{"line":244,"column":7}},"173":{"start":{"line":214,"column":8},"end":{"line":243,"column":9}},"174":{"start":{"line":216,"column":16},"end":{"line":216,"column":47}},"175":{"start":{"line":217,"column":16},"end":{"line":217,"column":57}},"176":{"start":{"line":218,"column":16},"end":{"line":218,"column":45}},"177":{"start":{"line":219,"column":16},"end":{"line":219,"column":99}},"178":{"start":{"line":221,"column":16},"end":{"line":221,"column":35}},"179":{"start":{"line":222,"column":16},"end":{"line":222,"column":53}},"180":{"start":{"line":222,"column":29},"end":{"line":222,"column":53}},"181":{"start":{"line":223,"column":16},"end":{"line":225,"column":19}},"182":{"start":{"line":224,"column":20},"end":{"line":224,"column":51}},"183":{"start":{"line":226,"column":16},"end":{"line":226,"column":54}},"184":{"start":{"line":226,"column":30},"end":{"line":226,"column":54}},"185":{"start":{"line":227,"column":16},"end":{"line":229,"column":19}},"186":{"start":{"line":228,"column":20},"end":{"line":228,"column":69}},"187":{"start":{"line":230,"column":16},"end":{"line":230,"column":52}},"188":{"start":{"line":232,"column":16},"end":{"line":232,"column":26}},"189":{"start":{"line":233,"column":16},"end":{"line":233,"column":46}},"190":{"start":{"line":234,"column":16},"end":{"line":234,"column":40}},"191":{"start":{"line":236,"column":16},"end":{"line":236,"column":71}},"192":{"start":{"line":237,"column":16},"end":{"line":237,"column":29}},"193":{"start":{"line":238,"column":20},"end":{"line":238,"column":44}},"194":{"start":{"line":240,"column":16},"end":{"line":240,"column":70}},"195":{"start":{"line":241,"column":16},"end":{"line":241,"column":29}},"196":{"start":{"line":242,"column":20},"end":{"line":242,"column":42}},"197":{"start":{"line":247,"column":0},"end":{"line":280,"column":8}},"198":{"start":{"line":247,"column":85},"end":{"line":280,"column":3}},"199":{"start":{"line":250,"column":4},"end":{"line":279,"column":7}},"200":{"start":{"line":251,"column":8},"end":{"line":278,"column":9}},"201":{"start":{"line":253,"column":16},"end":{"line":253,"column":45}},"202":{"start":{"line":254,"column":16},"end":{"line":254,"column":47}},"203":{"start":{"line":255,"column":16},"end":{"line":255,"column":47}},"204":{"start":{"line":256,"column":16},"end":{"line":256,"column":99}},"205":{"start":{"line":258,"column":16},"end":{"line":258,"column":35}},"206":{"start":{"line":259,"column":16},"end":{"line":259,"column":53}},"207":{"start":{"line":259,"column":29},"end":{"line":259,"column":53}},"208":{"start":{"line":260,"column":16},"end":{"line":262,"column":19}},"209":{"start":{"line":261,"column":20},"end":{"line":261,"column":51}},"210":{"start":{"line":263,"column":16},"end":{"line":263,"column":54}},"211":{"start":{"line":263,"column":30},"end":{"line":263,"column":54}},"212":{"start":{"line":264,"column":16},"end":{"line":264,"column":112}},"213":{"start":{"line":265,"column":16},"end":{"line":265,"column":52}},"214":{"start":{"line":267,"column":16},"end":{"line":267,"column":26}},"215":{"start":{"line":268,"column":16},"end":{"line":268,"column":46}},"216":{"start":{"line":269,"column":16},"end":{"line":269,"column":40}},"217":{"start":{"line":271,"column":16},"end":{"line":271,"column":71}},"218":{"start":{"line":272,"column":16},"end":{"line":272,"column":29}},"219":{"start":{"line":273,"column":20},"end":{"line":273,"column":44}},"220":{"start":{"line":275,"column":16},"end":{"line":275,"column":70}},"221":{"start":{"line":276,"column":16},"end":{"line":276,"column":29}},"222":{"start":{"line":277,"column":20},"end":{"line":277,"column":42}},"223":{"start":{"line":282,"column":0},"end":{"line":314,"column":8}},"224":{"start":{"line":282,"column":87},"end":{"line":314,"column":3}},"225":{"start":{"line":284,"column":4},"end":{"line":313,"column":7}},"226":{"start":{"line":285,"column":8},"end":{"line":312,"column":9}},"227":{"start":{"line":287,"column":16},"end":{"line":287,"column":45}},"228":{"start":{"line":288,"column":16},"end":{"line":294,"column":18}},"229":{"start":{"line":295,"column":16},"end":{"line":295,"column":99}},"230":{"start":{"line":297,"column":16},"end":{"line":297,"column":35}},"231":{"start":{"line":298,"column":16},"end":{"line":298,"column":53}},"232":{"start":{"line":298,"column":29},"end":{"line":298,"column":53}},"233":{"start":{"line":299,"column":16},"end":{"line":299,"column":118}},"234":{"start":{"line":299,"column":74},"end":{"line":299,"column":114}},"235":{"start":{"line":300,"column":16},"end":{"line":303,"column":17}},"236":{"start":{"line":301,"column":20},"end":{"line":301,"column":85}},"237":{"start":{"line":302,"column":20},"end":{"line":302,"column":42}},"238":{"start":{"line":304,"column":16},"end":{"line":304,"column":72}},"239":{"start":{"line":305,"column":16},"end":{"line":305,"column":49}},"240":{"start":{"line":306,"column":16},"end":{"line":306,"column":52}},"241":{"start":{"line":308,"column":16},"end":{"line":308,"column":26}},"242":{"start":{"line":309,"column":16},"end":{"line":309,"column":45}},"243":{"start":{"line":310,"column":16},"end":{"line":310,"column":29}},"244":{"start":{"line":311,"column":20},"end":{"line":311,"column":42}},"245":{"start":{"line":316,"column":0},"end":{"line":334,"column":8}},"246":{"start":{"line":316,"column":91},"end":{"line":334,"column":3}},"247":{"start":{"line":318,"column":4},"end":{"line":333,"column":7}},"248":{"start":{"line":319,"column":8},"end":{"line":332,"column":9}},"249":{"start":{"line":321,"column":16},"end":{"line":321,"column":46}},"250":{"start":{"line":322,"column":16},"end":{"line":322,"column":108}},"251":{"start":{"line":324,"column":16},"end":{"line":324,"column":42}},"252":{"start":{"line":325,"column":16},"end":{"line":330,"column":17}},"253":{"start":{"line":326,"column":20},"end":{"line":326,"column":56}},"254":{"start":{"line":329,"column":20},"end":{"line":329,"column":74}},"255":{"start":{"line":331,"column":16},"end":{"line":331,"column":38}},"256":{"start":{"line":335,"column":0},"end":{"line":397,"column":8}},"257":{"start":{"line":335,"column":89},"end":{"line":397,"column":3}},"258":{"start":{"line":337,"column":4},"end":{"line":396,"column":7}},"259":{"start":{"line":338,"column":8},"end":{"line":395,"column":9}},"260":{"start":{"line":339,"column":20},"end":{"line":339,"column":112}},"261":{"start":{"line":341,"column":16},"end":{"line":341,"column":41}},"262":{"start":{"line":342,"column":16},"end":{"line":342,"column":59}},"263":{"start":{"line":342,"column":35},"end":{"line":342,"column":59}},"264":{"start":{"line":343,"column":16},"end":{"line":343,"column":90}},"265":{"start":{"line":344,"column":16},"end":{"line":344,"column":40}},"266":{"start":{"line":346,"column":16},"end":{"line":346,"column":79}},"267":{"start":{"line":347,"column":16},"end":{"line":347,"column":90}},"268":{"start":{"line":349,"column":16},"end":{"line":349,"column":40}},"269":{"start":{"line":350,"column":16},"end":{"line":356,"column":18}},"270":{"start":{"line":357,"column":16},"end":{"line":367,"column":19}},"271":{"start":{"line":368,"column":16},"end":{"line":368,"column":55}},"272":{"start":{"line":370,"column":16},"end":{"line":370,"column":26}},"273":{"start":{"line":371,"column":16},"end":{"line":377,"column":19}},"274":{"start":{"line":378,"column":16},"end":{"line":390,"column":18}},"275":{"start":{"line":391,"column":16},"end":{"line":391,"column":50}},"276":{"start":{"line":392,"column":16},"end":{"line":392,"column":126}},"277":{"start":{"line":393,"column":16},"end":{"line":393,"column":29}},"278":{"start":{"line":394,"column":20},"end":{"line":394,"column":42}},"279":{"start":{"line":398,"column":0},"end":{"line":398,"column":25}}},"fnMap":{"0":{"name":"(anonymous_0)","decl":{"start":{"line":2,"column":44},"end":{"line":2,"column":45}},"loc":{"start":{"line":2,"column":89},"end":{"line":10,"column":1}},"line":2},"1":{"name":"adopt","decl":{"start":{"line":3,"column":13},"end":{"line":3,"column":18}},"loc":{"start":{"line":3,"column":26},"end":{"line":3,"column":112}},"line":3},"2":{"name":"(anonymous_2)","decl":{"start":{"line":3,"column":70},"end":{"line":3,"column":71}},"loc":{"start":{"line":3,"column":89},"end":{"line":3,"column":108}},"line":3},"3":{"name":"(anonymous_3)","decl":{"start":{"line":4,"column":36},"end":{"line":4,"column":37}},"loc":{"start":{"line":4,"column":63},"end":{"line":9,"column":5}},"line":4},"4":{"name":"fulfilled","decl":{"start":{"line":5,"column":17},"end":{"line":5,"column":26}},"loc":{"start":{"line":5,"column":34},"end":{"line":5,"column":99}},"line":5},"5":{"name":"rejected","decl":{"start":{"line":6,"column":17},"end":{"line":6,"column":25}},"loc":{"start":{"line":6,"column":33},"end":{"line":6,"column":102}},"line":6},"6":{"name":"step","decl":{"start":{"line":7,"column":17},"end":{"line":7,"column":21}},"loc":{"start":{"line":7,"column":30},"end":{"line":7,"column":118}},"line":7},"7":{"name":"(anonymous_7)","decl":{"start":{"line":11,"column":48},"end":{"line":11,"column":49}},"loc":{"start":{"line":11,"column":73},"end":{"line":37,"column":1}},"line":11},"8":{"name":"(anonymous_8)","decl":{"start":{"line":12,"column":30},"end":{"line":12,"column":31}},"loc":{"start":{"line":12,"column":41},"end":{"line":12,"column":83}},"line":12},"9":{"name":"(anonymous_9)","decl":{"start":{"line":13,"column":125},"end":{"line":13,"column":126}},"loc":{"start":{"line":13,"column":136},"end":{"line":13,"column":152}},"line":13},"10":{"name":"verb","decl":{"start":{"line":14,"column":13},"end":{"line":14,"column":17}},"loc":{"start":{"line":14,"column":21},"end":{"line":14,"column":70}},"line":14},"11":{"name":"(anonymous_11)","decl":{"start":{"line":14,"column":30},"end":{"line":14,"column":31}},"loc":{"start":{"line":14,"column":43},"end":{"line":14,"column":67}},"line":14},"12":{"name":"step","decl":{"start":{"line":15,"column":13},"end":{"line":15,"column":17}},"loc":{"start":{"line":15,"column":22},"end":{"line":36,"column":5}},"line":15},"13":{"name":"(anonymous_13)","decl":{"start":{"line":38,"column":56},"end":{"line":38,"column":57}},"loc":{"start":{"line":38,"column":71},"end":{"line":40,"column":1}},"line":38},"14":{"name":"(anonymous_14)","decl":{"start":{"line":50,"column":53},"end":{"line":50,"column":54}},"loc":{"start":{"line":50,"column":73},"end":{"line":61,"column":5}},"line":50},"15":{"name":"(anonymous_15)","decl":{"start":{"line":50,"column":116},"end":{"line":50,"column":117}},"loc":{"start":{"line":50,"column":128},"end":{"line":61,"column":1}},"line":50},"16":{"name":"(anonymous_16)","decl":{"start":{"line":52,"column":29},"end":{"line":52,"column":30}},"loc":{"start":{"line":52,"column":43},"end":{"line":60,"column":5}},"line":52},"17":{"name":"(anonymous_17)","decl":{"start":{"line":62,"column":58},"end":{"line":62,"column":59}},"loc":{"start":{"line":62,"column":78},"end":{"line":79,"column":5}},"line":62},"18":{"name":"(anonymous_18)","decl":{"start":{"line":62,"column":121},"end":{"line":62,"column":122}},"loc":{"start":{"line":62,"column":133},"end":{"line":79,"column":1}},"line":62},"19":{"name":"(anonymous_19)","decl":{"start":{"line":64,"column":29},"end":{"line":64,"column":30}},"loc":{"start":{"line":64,"column":43},"end":{"line":78,"column":5}},"line":64},"20":{"name":"(anonymous_20)","decl":{"start":{"line":74,"column":26},"end":{"line":74,"column":27}},"loc":{"start":{"line":74,"column":42},"end":{"line":74,"column":73}},"line":74},"21":{"name":"(anonymous_21)","decl":{"start":{"line":75,"column":27},"end":{"line":75,"column":28}},"loc":{"start":{"line":75,"column":42},"end":{"line":75,"column":93}},"line":75},"22":{"name":"(anonymous_22)","decl":{"start":{"line":81,"column":65},"end":{"line":81,"column":66}},"loc":{"start":{"line":81,"column":85},"end":{"line":98,"column":5}},"line":81},"23":{"name":"(anonymous_23)","decl":{"start":{"line":81,"column":128},"end":{"line":81,"column":129}},"loc":{"start":{"line":81,"column":140},"end":{"line":98,"column":1}},"line":81},"24":{"name":"(anonymous_24)","decl":{"start":{"line":83,"column":29},"end":{"line":83,"column":30}},"loc":{"start":{"line":83,"column":43},"end":{"line":97,"column":5}},"line":83},"25":{"name":"(anonymous_25)","decl":{"start":{"line":100,"column":58},"end":{"line":100,"column":59}},"loc":{"start":{"line":100,"column":78},"end":{"line":121,"column":5}},"line":100},"26":{"name":"(anonymous_26)","decl":{"start":{"line":100,"column":121},"end":{"line":100,"column":122}},"loc":{"start":{"line":100,"column":133},"end":{"line":121,"column":1}},"line":100},"27":{"name":"(anonymous_27)","decl":{"start":{"line":102,"column":29},"end":{"line":102,"column":30}},"loc":{"start":{"line":102,"column":43},"end":{"line":120,"column":5}},"line":102},"28":{"name":"(anonymous_28)","decl":{"start":{"line":123,"column":60},"end":{"line":123,"column":61}},"loc":{"start":{"line":123,"column":80},"end":{"line":144,"column":5}},"line":123},"29":{"name":"(anonymous_29)","decl":{"start":{"line":123,"column":123},"end":{"line":123,"column":124}},"loc":{"start":{"line":123,"column":135},"end":{"line":144,"column":1}},"line":123},"30":{"name":"(anonymous_30)","decl":{"start":{"line":125,"column":29},"end":{"line":125,"column":30}},"loc":{"start":{"line":125,"column":43},"end":{"line":143,"column":5}},"line":125},"31":{"name":"(anonymous_31)","decl":{"start":{"line":132,"column":49},"end":{"line":132,"column":50}},"loc":{"start":{"line":132,"column":67},"end":{"line":134,"column":17}},"line":132},"32":{"name":"(anonymous_32)","decl":{"start":{"line":133,"column":48},"end":{"line":133,"column":49}},"loc":{"start":{"line":133,"column":67},"end":{"line":133,"column":107}},"line":133},"33":{"name":"(anonymous_33)","decl":{"start":{"line":146,"column":63},"end":{"line":146,"column":64}},"loc":{"start":{"line":146,"column":83},"end":{"line":179,"column":5}},"line":146},"34":{"name":"(anonymous_34)","decl":{"start":{"line":146,"column":126},"end":{"line":146,"column":127}},"loc":{"start":{"line":146,"column":138},"end":{"line":179,"column":1}},"line":146},"35":{"name":"(anonymous_35)","decl":{"start":{"line":148,"column":29},"end":{"line":148,"column":30}},"loc":{"start":{"line":148,"column":43},"end":{"line":178,"column":5}},"line":148},"36":{"name":"(anonymous_36)","decl":{"start":{"line":181,"column":67},"end":{"line":181,"column":68}},"loc":{"start":{"line":181,"column":87},"end":{"line":208,"column":5}},"line":181},"37":{"name":"(anonymous_37)","decl":{"start":{"line":181,"column":130},"end":{"line":181,"column":131}},"loc":{"start":{"line":181,"column":142},"end":{"line":208,"column":1}},"line":181},"38":{"name":"(anonymous_38)","decl":{"start":{"line":183,"column":29},"end":{"line":183,"column":30}},"loc":{"start":{"line":183,"column":43},"end":{"line":207,"column":5}},"line":183},"39":{"name":"(anonymous_39)","decl":{"start":{"line":192,"column":32},"end":{"line":192,"column":33}},"loc":{"start":{"line":192,"column":50},"end":{"line":202,"column":17}},"line":192},"40":{"name":"(anonymous_40)","decl":{"start":{"line":194,"column":48},"end":{"line":194,"column":49}},"loc":{"start":{"line":194,"column":67},"end":{"line":200,"column":25}},"line":194},"41":{"name":"(anonymous_41)","decl":{"start":{"line":210,"column":65},"end":{"line":210,"column":66}},"loc":{"start":{"line":210,"column":85},"end":{"line":245,"column":5}},"line":210},"42":{"name":"(anonymous_42)","decl":{"start":{"line":210,"column":128},"end":{"line":210,"column":129}},"loc":{"start":{"line":210,"column":140},"end":{"line":245,"column":1}},"line":210},"43":{"name":"(anonymous_43)","decl":{"start":{"line":213,"column":29},"end":{"line":213,"column":30}},"loc":{"start":{"line":213,"column":43},"end":{"line":244,"column":5}},"line":213},"44":{"name":"(anonymous_44)","decl":{"start":{"line":223,"column":47},"end":{"line":223,"column":48}},"loc":{"start":{"line":223,"column":66},"end":{"line":225,"column":17}},"line":223},"45":{"name":"(anonymous_45)","decl":{"start":{"line":227,"column":118},"end":{"line":227,"column":119}},"loc":{"start":{"line":227,"column":135},"end":{"line":229,"column":17}},"line":227},"46":{"name":"(anonymous_46)","decl":{"start":{"line":247,"column":63},"end":{"line":247,"column":64}},"loc":{"start":{"line":247,"column":83},"end":{"line":280,"column":5}},"line":247},"47":{"name":"(anonymous_47)","decl":{"start":{"line":247,"column":126},"end":{"line":247,"column":127}},"loc":{"start":{"line":247,"column":138},"end":{"line":280,"column":1}},"line":247},"48":{"name":"(anonymous_48)","decl":{"start":{"line":250,"column":29},"end":{"line":250,"column":30}},"loc":{"start":{"line":250,"column":43},"end":{"line":279,"column":5}},"line":250},"49":{"name":"(anonymous_49)","decl":{"start":{"line":260,"column":47},"end":{"line":260,"column":48}},"loc":{"start":{"line":260,"column":66},"end":{"line":262,"column":17}},"line":260},"50":{"name":"(anonymous_50)","decl":{"start":{"line":282,"column":65},"end":{"line":282,"column":66}},"loc":{"start":{"line":282,"column":85},"end":{"line":314,"column":5}},"line":282},"51":{"name":"(anonymous_51)","decl":{"start":{"line":282,"column":128},"end":{"line":282,"column":129}},"loc":{"start":{"line":282,"column":140},"end":{"line":314,"column":1}},"line":282},"52":{"name":"(anonymous_52)","decl":{"start":{"line":284,"column":29},"end":{"line":284,"column":30}},"loc":{"start":{"line":284,"column":43},"end":{"line":313,"column":5}},"line":284},"53":{"name":"(anonymous_53)","decl":{"start":{"line":299,"column":53},"end":{"line":299,"column":54}},"loc":{"start":{"line":299,"column":72},"end":{"line":299,"column":116}},"line":299},"54":{"name":"(anonymous_54)","decl":{"start":{"line":316,"column":69},"end":{"line":316,"column":70}},"loc":{"start":{"line":316,"column":89},"end":{"line":334,"column":5}},"line":316},"55":{"name":"(anonymous_55)","decl":{"start":{"line":316,"column":132},"end":{"line":316,"column":133}},"loc":{"start":{"line":316,"column":144},"end":{"line":334,"column":1}},"line":316},"56":{"name":"(anonymous_56)","decl":{"start":{"line":318,"column":29},"end":{"line":318,"column":30}},"loc":{"start":{"line":318,"column":43},"end":{"line":333,"column":5}},"line":318},"57":{"name":"(anonymous_57)","decl":{"start":{"line":335,"column":67},"end":{"line":335,"column":68}},"loc":{"start":{"line":335,"column":87},"end":{"line":397,"column":5}},"line":335},"58":{"name":"(anonymous_58)","decl":{"start":{"line":335,"column":130},"end":{"line":335,"column":131}},"loc":{"start":{"line":335,"column":142},"end":{"line":397,"column":1}},"line":335},"59":{"name":"(anonymous_59)","decl":{"start":{"line":337,"column":29},"end":{"line":337,"column":30}},"loc":{"start":{"line":337,"column":43},"end":{"line":396,"column":5}},"line":337}},"branchMap":{"0":{"loc":{"start":{"line":2,"column":16},"end":{"line":10,"column":1}},"type":"binary-expr","locations":[{"start":{"line":2,"column":17},"end":{"line":2,"column":21}},{"start":{"line":2,"column":25},"end":{"line":2,"column":39}},{"start":{"line":2,"column":44},"end":{"line":10,"column":1}}],"line":2},"1":{"loc":{"start":{"line":3,"column":35},"end":{"line":3,"column":109}},"type":"cond-expr","locations":[{"start":{"line":3,"column":56},"end":{"line":3,"column":61}},{"start":{"line":3,"column":64},"end":{"line":3,"column":109}}],"line":3},"2":{"loc":{"start":{"line":4,"column":16},"end":{"line":4,"column":34}},"type":"binary-expr","locations":[{"start":{"line":4,"column":16},"end":{"line":4,"column":17}},{"start":{"line":4,"column":22},"end":{"line":4,"column":33}}],"line":4},"3":{"loc":{"start":{"line":7,"column":32},"end":{"line":7,"column":115}},"type":"cond-expr","locations":[{"start":{"line":7,"column":46},"end":{"line":7,"column":67}},{"start":{"line":7,"column":70},"end":{"line":7,"column":115}}],"line":7},"4":{"loc":{"start":{"line":8,"column":51},"end":{"line":8,"column":67}},"type":"binary-expr","locations":[{"start":{"line":8,"column":51},"end":{"line":8,"column":61}},{"start":{"line":8,"column":65},"end":{"line":8,"column":67}}],"line":8},"5":{"loc":{"start":{"line":11,"column":18},"end":{"line":37,"column":1}},"type":"binary-expr","locations":[{"start":{"line":11,"column":19},"end":{"line":11,"column":23}},{"start":{"line":11,"column":27},"end":{"line":11,"column":43}},{"start":{"line":11,"column":48},"end":{"line":37,"column":1}}],"line":11},"6":{"loc":{"start":{"line":12,"column":43},"end":{"line":12,"column":68}},"type":"if","locations":[{"start":{"line":12,"column":43},"end":{"line":12,"column":68}},{"start":{"line":12,"column":43},"end":{"line":12,"column":68}}],"line":12},"7":{"loc":{"start":{"line":13,"column":71},"end":{"line":13,"column":153}},"type":"binary-expr","locations":[{"start":{"line":13,"column":71},"end":{"line":13,"column":99}},{"start":{"line":13,"column":104},"end":{"line":13,"column":152}}],"line":13},"8":{"loc":{"start":{"line":16,"column":8},"end":{"line":16,"column":70}},"type":"if","locations":[{"start":{"line":16,"column":8},"end":{"line":16,"column":70}},{"start":{"line":16,"column":8},"end":{"line":16,"column":70}}],"line":16},"9":{"loc":{"start":{"line":17,"column":15},"end":{"line":17,"column":45}},"type":"binary-expr","locations":[{"start":{"line":17,"column":15},"end":{"line":17,"column":16}},{"start":{"line":17,"column":21},"end":{"line":17,"column":44}}],"line":17},"10":{"loc":{"start":{"line":17,"column":28},"end":{"line":17,"column":44}},"type":"binary-expr","locations":[{"start":{"line":17,"column":28},"end":{"line":17,"column":33}},{"start":{"line":17,"column":38},"end":{"line":17,"column":43}}],"line":17},"11":{"loc":{"start":{"line":18,"column":12},"end":{"line":18,"column":169}},"type":"if","locations":[{"start":{"line":18,"column":12},"end":{"line":18,"column":169}},{"start":{"line":18,"column":12},"end":{"line":18,"column":169}}],"line":18},"12":{"loc":{"start":{"line":18,"column":23},"end":{"line":18,"column":158}},"type":"binary-expr","locations":[{"start":{"line":18,"column":23},"end":{"line":18,"column":24}},{"start":{"line":18,"column":29},"end":{"line":18,"column":125}},{"start":{"line":18,"column":130},"end":{"line":18,"column":158}}],"line":18},"13":{"loc":{"start":{"line":18,"column":33},"end":{"line":18,"column":125}},"type":"cond-expr","locations":[{"start":{"line":18,"column":45},"end":{"line":18,"column":56}},{"start":{"line":18,"column":59},"end":{"line":18,"column":125}}],"line":18},"14":{"loc":{"start":{"line":18,"column":59},"end":{"line":18,"column":125}},"type":"cond-expr","locations":[{"start":{"line":18,"column":67},"end":{"line":18,"column":116}},{"start":{"line":18,"column":119},"end":{"line":18,"column":125}}],"line":18},"15":{"loc":{"start":{"line":18,"column":67},"end":{"line":18,"column":116}},"type":"binary-expr","locations":[{"start":{"line":18,"column":67},"end":{"line":18,"column":77}},{"start":{"line":18,"column":82},"end":{"line":18,"column":115}}],"line":18},"16":{"loc":{"start":{"line":18,"column":82},"end":{"line":18,"column":112}},"type":"binary-expr","locations":[{"start":{"line":18,"column":83},"end":{"line":18,"column":98}},{"start":{"line":18,"column":103},"end":{"line":18,"column":112}}],"line":18},"17":{"loc":{"start":{"line":19,"column":12},"end":{"line":19,"column":52}},"type":"if","locations":[{"start":{"line":19,"column":12},"end":{"line":19,"column":52}},{"start":{"line":19,"column":12},"end":{"line":19,"column":52}}],"line":19},"18":{"loc":{"start":{"line":20,"column":12},"end":{"line":32,"column":13}},"type":"switch","locations":[{"start":{"line":21,"column":16},"end":{"line":21,"column":23}},{"start":{"line":21,"column":24},"end":{"line":21,"column":46}},{"start":{"line":22,"column":16},"end":{"line":22,"column":72}},{"start":{"line":23,"column":16},"end":{"line":23,"column":65}},{"start":{"line":24,"column":16},"end":{"line":24,"column":65}},{"start":{"line":25,"column":16},"end":{"line":31,"column":43}}],"line":20},"19":{"loc":{"start":{"line":26,"column":20},"end":{"line":26,"column":128}},"type":"if","locations":[{"start":{"line":26,"column":20},"end":{"line":26,"column":128}},{"start":{"line":26,"column":20},"end":{"line":26,"column":128}}],"line":26},"20":{"loc":{"start":{"line":26,"column":24},"end":{"line":26,"column":106}},"type":"binary-expr","locations":[{"start":{"line":26,"column":24},"end":{"line":26,"column":74}},{"start":{"line":26,"column":79},"end":{"line":26,"column":90}},{"start":{"line":26,"column":94},"end":{"line":26,"column":105}}],"line":26},"21":{"loc":{"start":{"line":26,"column":42},"end":{"line":26,"column":73}},"type":"binary-expr","locations":[{"start":{"line":26,"column":42},"end":{"line":26,"column":54}},{"start":{"line":26,"column":58},"end":{"line":26,"column":73}}],"line":26},"22":{"loc":{"start":{"line":27,"column":20},"end":{"line":27,"column":106}},"type":"if","locations":[{"start":{"line":27,"column":20},"end":{"line":27,"column":106}},{"start":{"line":27,"column":20},"end":{"line":27,"column":106}}],"line":27},"23":{"loc":{"start":{"line":27,"column":24},"end":{"line":27,"column":77}},"type":"binary-expr","locations":[{"start":{"line":27,"column":24},"end":{"line":27,"column":35}},{"start":{"line":27,"column":40},"end":{"line":27,"column":42}},{"start":{"line":27,"column":47},"end":{"line":27,"column":59}},{"start":{"line":27,"column":63},"end":{"line":27,"column":75}}],"line":27},"24":{"loc":{"start":{"line":28,"column":20},"end":{"line":28,"column":89}},"type":"if","locations":[{"start":{"line":28,"column":20},"end":{"line":28,"column":89}},{"start":{"line":28,"column":20},"end":{"line":28,"column":89}}],"line":28},"25":{"loc":{"start":{"line":28,"column":24},"end":{"line":28,"column":53}},"type":"binary-expr","locations":[{"start":{"line":28,"column":24},"end":{"line":28,"column":35}},{"start":{"line":28,"column":39},"end":{"line":28,"column":53}}],"line":28},"26":{"loc":{"start":{"line":29,"column":20},"end":{"line":29,"column":87}},"type":"if","locations":[{"start":{"line":29,"column":20},"end":{"line":29,"column":87}},{"start":{"line":29,"column":20},"end":{"line":29,"column":87}}],"line":29},"27":{"loc":{"start":{"line":29,"column":24},"end":{"line":29,"column":43}},"type":"binary-expr","locations":[{"start":{"line":29,"column":24},"end":{"line":29,"column":25}},{"start":{"line":29,"column":29},"end":{"line":29,"column":43}}],"line":29},"28":{"loc":{"start":{"line":30,"column":20},"end":{"line":30,"column":42}},"type":"if","locations":[{"start":{"line":30,"column":20},"end":{"line":30,"column":42}},{"start":{"line":30,"column":20},"end":{"line":30,"column":42}}],"line":30},"29":{"loc":{"start":{"line":35,"column":8},"end":{"line":35,"column":35}},"type":"if","locations":[{"start":{"line":35,"column":8},"end":{"line":35,"column":35}},{"start":{"line":35,"column":8},"end":{"line":35,"column":35}}],"line":35},"30":{"loc":{"start":{"line":35,"column":52},"end":{"line":35,"column":74}},"type":"cond-expr","locations":[{"start":{"line":35,"column":60},"end":{"line":35,"column":65}},{"start":{"line":35,"column":68},"end":{"line":35,"column":74}}],"line":35},"31":{"loc":{"start":{"line":38,"column":22},"end":{"line":40,"column":1}},"type":"binary-expr","locations":[{"start":{"line":38,"column":23},"end":{"line":38,"column":27}},{"start":{"line":38,"column":31},"end":{"line":38,"column":51}},{"start":{"line":38,"column":56},"end":{"line":40,"column":1}}],"line":38},"32":{"loc":{"start":{"line":39,"column":11},"end":{"line":39,"column":61}},"type":"cond-expr","locations":[{"start":{"line":39,"column":37},"end":{"line":39,"column":40}},{"start":{"line":39,"column":43},"end":{"line":39,"column":61}}],"line":39},"33":{"loc":{"start":{"line":39,"column":12},"end":{"line":39,"column":33}},"type":"binary-expr","locations":[{"start":{"line":39,"column":12},"end":{"line":39,"column":15}},{"start":{"line":39,"column":19},"end":{"line":39,"column":33}}],"line":39},"34":{"loc":{"start":{"line":53,"column":8},"end":{"line":59,"column":9}},"type":"switch","locations":[{"start":{"line":54,"column":12},"end":{"line":54,"column":84}},{"start":{"line":55,"column":12},"end":{"line":58,"column":38}}],"line":53},"35":{"loc":{"start":{"line":65,"column":8},"end":{"line":77,"column":9}},"type":"switch","locations":[{"start":{"line":66,"column":12},"end":{"line":66,"column":94}},{"start":{"line":67,"column":12},"end":{"line":76,"column":38}}],"line":65},"36":{"loc":{"start":{"line":69,"column":16},"end":{"line":72,"column":17}},"type":"if","locations":[{"start":{"line":69,"column":16},"end":{"line":72,"column":17}},{"start":{"line":69,"column":16},"end":{"line":72,"column":17}}],"line":69},"37":{"loc":{"start":{"line":84,"column":8},"end":{"line":96,"column":9}},"type":"switch","locations":[{"start":{"line":85,"column":12},"end":{"line":87,"column":110}},{"start":{"line":88,"column":12},"end":{"line":95,"column":38}}],"line":84},"38":{"loc":{"start":{"line":90,"column":16},"end":{"line":92,"column":17}},"type":"if","locations":[{"start":{"line":90,"column":16},"end":{"line":92,"column":17}},{"start":{"line":90,"column":16},"end":{"line":92,"column":17}}],"line":90},"39":{"loc":{"start":{"line":93,"column":16},"end":{"line":94,"column":100}},"type":"if","locations":[{"start":{"line":93,"column":16},"end":{"line":94,"column":100}},{"start":{"line":93,"column":16},"end":{"line":94,"column":100}}],"line":93},"40":{"loc":{"start":{"line":103,"column":8},"end":{"line":119,"column":9}},"type":"switch","locations":[{"start":{"line":104,"column":12},"end":{"line":106,"column":29}},{"start":{"line":107,"column":12},"end":{"line":109,"column":130}},{"start":{"line":110,"column":12},"end":{"line":113,"column":40}},{"start":{"line":114,"column":12},"end":{"line":117,"column":40}},{"start":{"line":118,"column":12},"end":{"line":118,"column":42}}],"line":103},"41":{"loc":{"start":{"line":126,"column":8},"end":{"line":142,"column":9}},"type":"switch","locations":[{"start":{"line":127,"column":12},"end":{"line":129,"column":82}},{"start":{"line":130,"column":12},"end":{"line":141,"column":38}}],"line":126},"42":{"loc":{"start":{"line":135,"column":16},"end":{"line":140,"column":17}},"type":"if","locations":[{"start":{"line":135,"column":16},"end":{"line":140,"column":17}},{"start":{"line":135,"column":16},"end":{"line":140,"column":17}}],"line":135},"43":{"loc":{"start":{"line":149,"column":8},"end":{"line":177,"column":9}},"type":"switch","locations":[{"start":{"line":150,"column":12},"end":{"line":167,"column":24}},{"start":{"line":168,"column":12},"end":{"line":176,"column":38}}],"line":149},"44":{"loc":{"start":{"line":152,"column":28},"end":{"line":152,"column":102}},"type":"cond-expr","locations":[{"start":{"line":152,"column":73},"end":{"line":152,"column":79}},{"start":{"line":152,"column":82},"end":{"line":152,"column":102}}],"line":152},"45":{"loc":{"start":{"line":152,"column":28},"end":{"line":152,"column":70}},"type":"binary-expr","locations":[{"start":{"line":152,"column":28},"end":{"line":152,"column":46}},{"start":{"line":152,"column":50},"end":{"line":152,"column":70}}],"line":152},"46":{"loc":{"start":{"line":170,"column":16},"end":{"line":175,"column":17}},"type":"if","locations":[{"start":{"line":170,"column":16},"end":{"line":175,"column":17}},{"start":{"line":170,"column":16},"end":{"line":175,"column":17}}],"line":170},"47":{"loc":{"start":{"line":184,"column":8},"end":{"line":206,"column":9}},"type":"switch","locations":[{"start":{"line":185,"column":12},"end":{"line":188,"column":80}},{"start":{"line":189,"column":12},"end":{"line":205,"column":38}}],"line":184},"48":{"loc":{"start":{"line":193,"column":20},"end":{"line":201,"column":21}},"type":"if","locations":[{"start":{"line":193,"column":20},"end":{"line":201,"column":21}},{"start":{"line":193,"column":20},"end":{"line":201,"column":21}}],"line":193},"49":{"loc":{"start":{"line":195,"column":28},"end":{"line":199,"column":29}},"type":"if","locations":[{"start":{"line":195,"column":28},"end":{"line":199,"column":29}},{"start":{"line":195,"column":28},"end":{"line":199,"column":29}}],"line":195},"50":{"loc":{"start":{"line":203,"column":16},"end":{"line":204,"column":110}},"type":"if","locations":[{"start":{"line":203,"column":16},"end":{"line":204,"column":110}},{"start":{"line":203,"column":16},"end":{"line":204,"column":110}}],"line":203},"51":{"loc":{"start":{"line":214,"column":8},"end":{"line":243,"column":9}},"type":"switch","locations":[{"start":{"line":215,"column":12},"end":{"line":219,"column":99}},{"start":{"line":220,"column":12},"end":{"line":230,"column":52}},{"start":{"line":231,"column":12},"end":{"line":234,"column":40}},{"start":{"line":235,"column":12},"end":{"line":237,"column":29}},{"start":{"line":238,"column":12},"end":{"line":238,"column":44}},{"start":{"line":239,"column":12},"end":{"line":241,"column":29}},{"start":{"line":242,"column":12},"end":{"line":242,"column":42}}],"line":214},"52":{"loc":{"start":{"line":222,"column":16},"end":{"line":222,"column":53}},"type":"if","locations":[{"start":{"line":222,"column":16},"end":{"line":222,"column":53}},{"start":{"line":222,"column":16},"end":{"line":222,"column":53}}],"line":222},"53":{"loc":{"start":{"line":226,"column":16},"end":{"line":226,"column":54}},"type":"if","locations":[{"start":{"line":226,"column":16},"end":{"line":226,"column":54}},{"start":{"line":226,"column":16},"end":{"line":226,"column":54}}],"line":226},"54":{"loc":{"start":{"line":227,"column":41},"end":{"line":229,"column":18}},"type":"cond-expr","locations":[{"start":{"line":227,"column":99},"end":{"line":227,"column":105}},{"start":{"line":227,"column":108},"end":{"line":229,"column":18}}],"line":227},"55":{"loc":{"start":{"line":227,"column":41},"end":{"line":227,"column":96}},"type":"binary-expr","locations":[{"start":{"line":227,"column":41},"end":{"line":227,"column":79}},{"start":{"line":227,"column":83},"end":{"line":227,"column":96}}],"line":227},"56":{"loc":{"start":{"line":251,"column":8},"end":{"line":278,"column":9}},"type":"switch","locations":[{"start":{"line":252,"column":12},"end":{"line":256,"column":99}},{"start":{"line":257,"column":12},"end":{"line":265,"column":52}},{"start":{"line":266,"column":12},"end":{"line":269,"column":40}},{"start":{"line":270,"column":12},"end":{"line":272,"column":29}},{"start":{"line":273,"column":12},"end":{"line":273,"column":44}},{"start":{"line":274,"column":12},"end":{"line":276,"column":29}},{"start":{"line":277,"column":12},"end":{"line":277,"column":42}}],"line":251},"57":{"loc":{"start":{"line":259,"column":16},"end":{"line":259,"column":53}},"type":"if","locations":[{"start":{"line":259,"column":16},"end":{"line":259,"column":53}},{"start":{"line":259,"column":16},"end":{"line":259,"column":53}}],"line":259},"58":{"loc":{"start":{"line":263,"column":16},"end":{"line":263,"column":54}},"type":"if","locations":[{"start":{"line":263,"column":16},"end":{"line":263,"column":54}},{"start":{"line":263,"column":16},"end":{"line":263,"column":54}}],"line":263},"59":{"loc":{"start":{"line":264,"column":16},"end":{"line":264,"column":111}},"type":"cond-expr","locations":[{"start":{"line":264,"column":74},"end":{"line":264,"column":80}},{"start":{"line":264,"column":83},"end":{"line":264,"column":111}}],"line":264},"60":{"loc":{"start":{"line":264,"column":16},"end":{"line":264,"column":71}},"type":"binary-expr","locations":[{"start":{"line":264,"column":16},"end":{"line":264,"column":54}},{"start":{"line":264,"column":58},"end":{"line":264,"column":71}}],"line":264},"61":{"loc":{"start":{"line":285,"column":8},"end":{"line":312,"column":9}},"type":"switch","locations":[{"start":{"line":286,"column":12},"end":{"line":295,"column":99}},{"start":{"line":296,"column":12},"end":{"line":306,"column":52}},{"start":{"line":307,"column":12},"end":{"line":310,"column":29}},{"start":{"line":311,"column":12},"end":{"line":311,"column":42}}],"line":285},"62":{"loc":{"start":{"line":298,"column":16},"end":{"line":298,"column":53}},"type":"if","locations":[{"start":{"line":298,"column":16},"end":{"line":298,"column":53}},{"start":{"line":298,"column":16},"end":{"line":298,"column":53}}],"line":298},"63":{"loc":{"start":{"line":300,"column":16},"end":{"line":303,"column":17}},"type":"if","locations":[{"start":{"line":300,"column":16},"end":{"line":303,"column":17}},{"start":{"line":300,"column":16},"end":{"line":303,"column":17}}],"line":300},"64":{"loc":{"start":{"line":319,"column":8},"end":{"line":332,"column":9}},"type":"switch","locations":[{"start":{"line":320,"column":12},"end":{"line":322,"column":108}},{"start":{"line":323,"column":12},"end":{"line":331,"column":38}}],"line":319},"65":{"loc":{"start":{"line":325,"column":16},"end":{"line":330,"column":17}},"type":"if","locations":[{"start":{"line":325,"column":16},"end":{"line":330,"column":17}},{"start":{"line":325,"column":16},"end":{"line":330,"column":17}}],"line":325},"66":{"loc":{"start":{"line":338,"column":8},"end":{"line":395,"column":9}},"type":"switch","locations":[{"start":{"line":339,"column":12},"end":{"line":339,"column":112}},{"start":{"line":340,"column":12},"end":{"line":344,"column":40}},{"start":{"line":345,"column":12},"end":{"line":347,"column":90}},{"start":{"line":348,"column":12},"end":{"line":368,"column":55}},{"start":{"line":369,"column":12},"end":{"line":393,"column":29}},{"start":{"line":394,"column":12},"end":{"line":394,"column":42}}],"line":338},"67":{"loc":{"start":{"line":342,"column":16},"end":{"line":342,"column":59}},"type":"if","locations":[{"start":{"line":342,"column":16},"end":{"line":342,"column":59}},{"start":{"line":342,"column":16},"end":{"line":342,"column":59}}],"line":342}},"s":{"0":0,"1":0,"2":0,"3":0,"4":0,"5":0,"6":0,"7":0,"8":0,"9":0,"10":0,"11":0,"12":0,"13":0,"14":0,"15":0,"16":0,"17":0,"18":0,"19":0,"20":0,"21":0,"22":0,"23":0,"24":0,"25":0,"26":0,"27":0,"28":0,"29":0,"30":0,"31":0,"32":0,"33":0,"34":0,"35":0,"36":0,"37":0,"38":0,"39":0,"40":0,"41":0,"42":0,"43":0,"44":0,"45":0,"46":0,"47":0,"48":0,"49":0,"50":0,"51":0,"52":0,"53":0,"54":0,"55":0,"56":0,"57":0,"58":0,"59":0,"60":0,"61":0,"62":0,"63":0,"64":0,"65":0,"66":0,"67":0,"68":0,"69":0,"70":0,"71":0,"72":0,"73":0,"74":0,"75":0,"76":0,"77":0,"78":0,"79":0,"80":0,"81":0,"82":0,"83":0,"84":0,"85":0,"86":0,"87":0,"88":0,"89":0,"90":0,"91":0,"92":0,"93":0,"94":0,"95":0,"96":0,"97":0,"98":0,"99":0,"100":0,"101":0,"102":0,"103":0,"104":0,"105":0,"106":0,"107":0,"108":0,"109":0,"110":0,"111":0,"112":0,"113":0,"114":0,"115":0,"116":0,"117":0,"118":0,"119":0,"120":0,"121":0,"122":0,"123":0,"124":0,"125":0,"126":0,"127":0,"128":0,"129":0,"130":0,"131":0,"132":0,"133":0,"134":0,"135":0,"136":0,"137":0,"138":0,"139":0,"140":0,"141":0,"142":0,"143":0,"144":0,"145":0,"146":0,"147":0,"148":0,"149":0,"150":0,"151":0,"152":0,"153":0,"154":0,"155":0,"156":0,"157":0,"158":0,"159":0,"160":0,"161":0,"162":0,"163":0,"164":0,"165":0,"166":0,"167":0,"168":0,"169":0,"170":0,"171":0,"172":0,"173":0,"174":0,"175":0,"176":0,"177":0,"178":0,"179":0,"180":0,"181":0,"182":0,"183":0,"184":0,"185":0,"186":0,"187":0,"188":0,"189":0,"190":0,"191":0,"192":0,"193":0,"194":0,"195":0,"196":0,"197":0,"198":0,"199":0,"200":0,"201":0,"202":0,"203":0,"204":0,"205":0,"206":0,"207":0,"208":0,"209":0,"210":0,"211":0,"212":0,"213":0,"214":0,"215":0,"216":0,"217":0,"218":0,"219":0,"220":0,"221":0,"222":0,"223":0,"224":0,"225":0,"226":0,"227":0,"228":0,"229":0,"230":0,"231":0,"232":0,"233":0,"234":0,"235":0,"236":0,"237":0,"238":0,"239":0,"240":0,"241":0,"242":0,"243":0,"244":0,"245":0,"246":0,"247":0,"248":0,"249":0,"250":0,"251":0,"252":0,"253":0,"254":0,"255":0,"256":0,"257":0,"258":0,"259":0,"260":0,"261":0,"262":0,"263":0,"264":0,"265":0,"266":0,"267":0,"268":0,"269":0,"270":0,"271":0,"272":0,"273":0,"274":0,"275":0,"276":0,"277":0,"278":0,"279":0},"f":{"0":0,"1":0,"2":0,"3":0,"4":0,"5":0,"6":0,"7":0,"8":0,"9":0,"10":0,"11":0,"12":0,"13":0,"14":0,"15":0,"16":0,"17":0,"18":0,"19":0,"20":0,"21":0,"22":0,"23":0,"24":0,"25":0,"26":0,"27":0,"28":0,"29":0,"30":0,"31":0,"32":0,"33":0,"34":0,"35":0,"36":0,"37":0,"38":0,"39":0,"40":0,"41":0,"42":0,"43":0,"44":0,"45":0,"46":0,"47":0,"48":0,"49":0,"50":0,"51":0,"52":0,"53":0,"54":0,"55":0,"56":0,"57":0,"58":0,"59":0},"b":{"0":[0,0,0],"1":[0,0],"2":[0,0],"3":[0,0],"4":[0,0],"5":[0,0,0],"6":[0,0],"7":[0,0],"8":[0,0],"9":[0,0],"10":[0,0],"11":[0,0],"12":[0,0,0],"13":[0,0],"14":[0,0],"15":[0,0],"16":[0,0],"17":[0,0],"18":[0,0,0,0,0,0],"19":[0,0],"20":[0,0,0],"21":[0,0],"22":[0,0],"23":[0,0,0,0],"24":[0,0],"25":[0,0],"26":[0,0],"27":[0,0],"28":[0,0],"29":[0,0],"30":[0,0],"31":[0,0,0],"32":[0,0],"33":[0,0],"34":[0,0],"35":[0,0],"36":[0,0],"37":[0,0],"38":[0,0],"39":[0,0],"40":[0,0,0,0,0],"41":[0,0],"42":[0,0],"43":[0,0],"44":[0,0],"45":[0,0],"46":[0,0],"47":[0,0],"48":[0,0],"49":[0,0],"50":[0,0],"51":[0,0,0,0,0,0,0],"52":[0,0],"53":[0,0],"54":[0,0],"55":[0,0],"56":[0,0,0,0,0,0,0],"57":[0,0],"58":[0,0],"59":[0,0],"60":[0,0],"61":[0,0,0,0],"62":[0,0],"63":[0,0],"64":[0,0],"65":[0,0],"66":[0,0,0,0,0,0],"67":[0,0]},"inputSourceMap":{"version":3,"file":"C:/Users/DELL/Desktop/Capstone/ABC-Service-Request-System/backend/src/test_routers/testClient.router.ts","sources":["C:/Users/DELL/Desktop/Capstone/ABC-Service-Request-System/backend/src/test_routers/testClient.router.ts"],"names":[],"mappings":";;;;;;;;;;;;;;;;;;;;;;;;;;;;;;;;;;;;;;;;;AAAA,mCAAiC;AACjC,gFAAwD;AACxD,uDAAqD;AAErD,qDAA8D;AAC9D,kDAA4B;AAC5B,0DAAoC;AACpC,sDAAgC;AAEhC,IAAM,MAAM,GAAG,IAAA,gBAAM,GAAE,CAAC;AAExB,MAAM,CAAC,GAAG,CAAC,GAAG,EAAE,IAAA,+BAAmB,EAC/B,UAAO,GAAG,EAAE,GAAG;;;;oBACK,qBAAM,kCAAe,CAAC,IAAI,EAAE,EAAA;;gBAAtC,OAAO,GAAG,SAA4B;gBAC5C,GAAG,CAAC,MAAM,CAAC,GAAG,CAAC,CAAC,IAAI,CAAC,OAAO,CAAC,CAAC;;;;KACjC,CACJ,CAAC,CAAC;AAEH,MAAM,CAAC,IAAI,CAAC,OAAO,EAAE,IAAA,+BAAmB,EACpC,UAAO,GAAG,EAAE,GAAG;;;;oBACU,qBAAM,kCAAe,CAAC,cAAc,EAAE,EAAA;;gBAArD,YAAY,GAAG,SAAsC;gBAC3D,IAAG,YAAY,GAAG,CAAC,EAAC;oBAChB,GAAG,CAAC,MAAM,CAAC,GAAG,CAAC,CAAC,IAAI,CAAC,EAAC,OAAO,EAAE,sBAAsB,EAAC,CAAC,CAAC;oBACxD,sBAAO;iBACV;gBAED,kCAAe,CAAC,MAAM,CAAC,qBAAc,CAAC;qBACjC,IAAI,CAAC,UAAA,IAAI,IAAK,GAAG,CAAC,MAAM,CAAC,GAAG,CAAC,CAAC,IAAI,CAAC,IAAI,CAAC,CAAA,CAAA,CAAC,CAAC;qBAC1C,KAAK,CAAC,UAAA,GAAG,IAAK,GAAG,CAAC,MAAM,CAAC,GAAG,CAAC,CAAC,IAAI,CAAC,EAAC,OAAO,EAAE,GAAG,CAAC,OAAO,EAAC,CAAC,CAAC,CAAC,CAAC,CAAC,CAAC;;;;KAEvE,CACJ,CAAC,CAAC;AAEH,wDAAwD;AACxD,MAAM,CAAC,GAAG,CAAC,eAAe,EAAE,IAAA,+BAAmB,EAC3C,UAAO,GAAG,EAAE,GAAG;;;;;gBACL,YAAY,GAAG,GAAG,CAAC,KAAK,CAAC,YAAY,CAAA;gBAE3B,qBAAM,kCAAe,CAAC,IAAI,CAAC,EAAC,YAAY,EAAE,YAAY,EAAC,CAAC,EAAA;;gBAAlE,OAAO,GAAG,SAAwD;gBAExE,IAAG,OAAO,CAAC,MAAM,IAAI,CAAC,EAAE;oBACpB,GAAG,CAAC,MAAM,CAAC,GAAG,CAAC,CAAC,IAAI,CAAC,OAAO,CAAC,CAAC;iBACjC;gBAED,IAAG,OAAO,CAAC,MAAM,KAAK,CAAC;oBACnB,GAAG,CAAC,MAAM,CAAC,GAAG,CAAC,CAAC,IAAI,CAAC,EAAC,OAAO,EAAE,4CAA4C,EAAC,CAAC,CAAC;;;;KACrF,CACJ,CAAC,CAAC;AAEH,8CAA8C;AAC9C,MAAM,CAAC,GAAG,CAAC,QAAQ,EAAE,IAAA,+BAAmB,EACpC,UAAO,GAAG,EAAE,GAAG;;;;;gBACL,SAAS,GAAG,GAAG,CAAC,KAAK,CAAC,KAAK,CAAA;;;;gBAGb,qBAAM,kCAAe,CAAC,IAAI,CAAC,EAAC,mCAAmC,EAAE,SAAS,EAAC,CAAC,EAAA;;gBAAtF,OAAO,GAAG,SAA4E;gBAE5F,GAAG,CAAC,MAAM,CAAC,GAAG,CAAC,CAAC,IAAI,CAAC,OAAO,CAAC,CAAC;;;;gBAE9B,GAAG,CAAC,MAAM,CAAC,GAAG,CAAC,CAAC,IAAI,CAAC,sDAAsD,CAAC,CAAC;;;;;KAEpF,CACJ,CAAC,CAAC;AAEH,yCAAyC;AACzC,MAAM,CAAC,GAAG,CAAC,UAAU,EAAE,IAAA,+BAAmB,EACtC,UAAO,GAAG,EAAE,GAAG;;;;;gBACL,WAAW,GAAG,GAAG,CAAC,KAAK,CAAC,WAAW,CAAC;gBAC1B,qBAAM,kCAAe,CAAC,IAAI,CAAC,EAAE,CAAC,EAAA;;gBAAxC,OAAO,GAAG,SAA8B;gBAExC,eAAe,GAAG,OAAO,CAAC,MAAM,CAAC,UAAA,MAAM;oBACzC,OAAO,MAAM,CAAC,QAAQ,CAAC,IAAI,CAAC,UAAA,OAAO,IAAI,OAAA,OAAO,CAAC,IAAI,KAAK,WAAW,EAA5B,CAA4B,CAAC,CAAC;gBACzE,CAAC,CAAC,CAAC;gBAEH,IAAG,eAAe,CAAC,MAAM,GAAG,CAAC,EAAE;oBAC3B,GAAG,CAAC,MAAM,CAAC,GAAG,CAAC,CAAC,IAAI,CAAC,eAAe,CAAC,CAAC,CAAC,CAAC,CAAC;iBAC5C;qBAAM;oBACH,GAAG,CAAC,MAAM,CAAC,GAAG,CAAC,CAAC,IAAI,CAAC,EAAC,OAAO,EAAE,yCAAyC,EAAC,CAAC,CAAC;iBAC9E;;;;KACJ,CACJ,CAAC,CAAC;AAEH,8CAA8C;AAC9C,MAAM,CAAC,GAAG,CAAC,aAAa,EAAE,IAAA,+BAAmB,EACzC,UAAO,GAAG,EAAE,GAAG;;;;;gBACP,SAAS,GAAG,GAAG,CAAC,KAAK,CAAC,SAAS,CAAC;gBAEpC,SAAS,GAAG,SAAS,aAAT,SAAS,uBAAT,SAAS,CAAE,QAAQ,EAAE,CAAC;gBAElB,qBAAM,kCAAe,CAAC,SAAS,CAAC;wBAC5C;4BACI,OAAO,EAAE,WAAW,CAAC,4BAA4B;yBACpD;wBACD;4BACI,MAAM,EAAE;gCACJ,cAAc,EAAE,IAAI,kBAAQ,CAAC,KAAK,CAAC,QAAQ,CAAC,SAAS,CAAC;6BACzD;yBACJ;wBACD;4BACI,YAAY,EAAE;gCACV,OAAO,EAAE,WAAW;6BACvB;yBACJ;qBACJ,CAAC,EAAA;;gBAdI,OAAO,GAAG,SAcd;gBAEF,IAAI,OAAO,CAAC,MAAM,IAAI,CAAC,EAAE;oBACrB,GAAG,CAAC,MAAM,CAAC,GAAG,CAAC,CAAC,IAAI,CAAC,EAAE,OAAO,SAAA,EAAE,CAAC,CAAC;iBACrC;qBAAM;oBACH,GAAG,CAAC,MAAM,CAAC,GAAG,CAAC,CAAC,IAAI,CAAC,EAAE,OAAO,EAAE,sCAAsC,EAAE,CAAC,CAAC;iBAC7E;;;;KACJ,CACJ,CAAC,CAAC;AAEH,0DAA0D;AAC1D,MAAM,CAAC,GAAG,CAAC,iBAAiB,EAAE,IAAA,+BAAmB,EAC7C,UAAO,GAAG,EAAE,GAAG;;;;;gBACL,SAAS,GAAG,GAAG,CAAC,KAAK,CAAC,SAAS,CAAC;gBAChC,QAAQ,GAAG,GAAG,CAAC,KAAK,CAAC,QAAQ,CAAC;gBAEpB,qBAAM,kCAAe,CAAC,IAAI,EAAE,EAAA;;gBAAtC,OAAO,GAAG,SAA4B;gBAExC,KAAK,GAAG,KAAK,CAAC;gBAElB,OAAO,CAAC,OAAO,CAAC,UAAA,MAAM;oBAClB,IAAG,MAAM,CAAC,EAAE,IAAI,QAAQ,EAAE;wBACtB,MAAM,CAAC,QAAQ,CAAC,OAAO,CAAC,UAAA,OAAO;4BAC3B,IAAG,OAAO,CAAC,EAAE,IAAI,SAAS,EAAE;gCACxB,KAAK,GAAG,IAAI,CAAC;gCACb,GAAG,CAAC,MAAM,CAAC,GAAG,CAAC,CAAC,IAAI,CAAC,OAAO,CAAC,CAAC;gCAC9B,OAAO;6BACV;wBACL,CAAC,CAAC,CAAA;qBACL;gBACL,CAAC,CAAC,CAAC;gBAEH,IAAG,CAAC,KAAK;oBACL,GAAG,CAAC,MAAM,CAAC,GAAG,CAAC,CAAC,IAAI,CAAC,EAAE,OAAO,EAAE,sDAAsD,EAAE,CAAC,CAAC;;;;KACjG,CACJ,CAAC,CAAC;AAEH,0EAA0E;AAC1E,MAAM,CAAC,GAAG,CAAC,eAAe,EAAE,IAAA,+BAAmB,EAC3C,UAAO,GAAG,EAAE,GAAG;;;;;;gBACL,SAAS,GAAG,GAAG,CAAC,IAAI,CAAC,SAAS,CAAC;gBAC/B,cAAc,GAAG,GAAG,CAAC,IAAI,CAAC,cAAc,CAAC;gBACzC,QAAQ,GAAG,GAAG,CAAC,IAAI,CAAC,QAAQ,CAAC;gBAEpB,qBAAM,kCAAe,CAAC,OAAO,CAAC,EAAC,EAAE,EAAE,QAAQ,EAAC,CAAC,EAAA;;gBAAtD,MAAM,GAAG,SAA6C;qBAEzD,MAAM,EAAN,wBAAM;gBACC,OAAO,GAAG,MAAM,CAAC,QAAQ,CAAC,IAAI,CAAC,UAAC,OAAO;oBACzC,OAAO,OAAO,CAAC,EAAE,IAAI,SAAS,CAAC;gBACnC,CAAC,CAAC,CAAC;qBAEA,OAAO,EAAP,wBAAO;gBACN,OAAO,CAAC,cAAc,GAAG,MAAA,OAAO,CAAC,cAAc,0CAAE,MAAM,CAAC,UAAC,KAAK;oBAC1D,OAAO,CAAC,cAAc,CAAC,QAAQ,CAAC,KAAK,CAAC,SAAS,CAAC,CAAC;gBACrD,CAAC,CAAC,CAAC;gBAEH,qBAAM,MAAM,CAAC,IAAI,EAAE,EAAA;;gBAAnB,SAAmB,CAAC;gBAEpB,GAAG,CAAC,MAAM,CAAC,GAAG,CAAC,CAAC,IAAI,CAAC,OAAO,CAAC,CAAC;;;gBAE9B,GAAG,CAAC,MAAM,CAAC,GAAG,CAAC,CAAC,IAAI,CAAC,EAAE,OAAO,EAAE,mBAAmB,EAAE,CAAC,CAAC;;;;gBAG3D,GAAG,CAAC,MAAM,CAAC,GAAG,CAAC,CAAC,IAAI,CAAC,EAAE,OAAO,EAAE,kBAAkB,EAAE,CAAC,CAAC;;;;;KAE7D,CACJ,CAAC,CAAC;AAEH,6DAA6D;AAC7D,MAAM,CAAC,IAAI,CAAC,YAAY,EAAE,IAAA,+BAAmB,EACzC,UAAO,GAAG,EAAE,GAAG;;;;;;gBACL,QAAQ,GAAG,GAAG,CAAC,IAAI,CAAC,QAAQ,CAAC;gBAC7B,SAAS,GAAG,GAAG,CAAC,IAAI,CAAC,SAAS,CAAC;gBAC/B,SAAS,GAAQ,GAAG,CAAC,IAAI,CAAC,SAAS,CAAC;gBAE3B,qBAAM,kCAAe,CAAC,OAAO,CAAC,EAAE,EAAE,EAAE,QAAQ,EAAE,CAAC,EAAA;;gBAAxD,MAAM,GAAG,SAA+C;qBAE3D,MAAM,EAAN,wBAAM;gBACC,OAAO,GAAG,MAAM,CAAC,QAAQ,CAAC,IAAI,CAAC,UAAC,OAAO;oBACzC,OAAO,OAAO,CAAC,EAAE,IAAI,SAAS,CAAC;gBACnC,CAAC,CAAC,CAAC;qBAEA,OAAO,EAAP,wBAAO;gBACN,MAAA,OAAO,CAAC,cAAc,0CAAE,IAAI,WAAI,SAAS,CAAC,CAAC;gBAC3C,qBAAM,MAAM,CAAC,IAAI,EAAE,EAAA;;gBAAnB,SAAmB,CAAC;gBAEpB,GAAG,CAAC,MAAM,CAAC,GAAG,CAAC,CAAC,IAAI,CAAC,OAAO,CAAC,CAAC;;;gBAE9B,GAAG,CAAC,MAAM,CAAC,GAAG,CAAC,CAAC,IAAI,CAAC,EAAE,OAAO,EAAE,mBAAmB,EAAE,CAAC,CAAC;;;;gBAI3D,GAAG,CAAC,MAAM,CAAC,GAAG,CAAC,CAAC,IAAI,CAAC,EAAE,OAAO,EAAE,kBAAkB,EAAE,CAAC,CAAA;;;;;KAE5D,CACJ,CAAC,CAAC;AAEH,gCAAgC;AAChC,MAAM,CAAC,IAAI,CAAC,cAAc,EAAE,IAAA,+BAAmB,EAC3C,UAAO,GAAG,EAAE,GAAG;;;;;gBACL,QAAQ,GAAG,GAAG,CAAC,IAAI,CAAC,QAAQ,CAAC;gBAE7B,UAAU,GAAY;oBACxB,EAAE,EAAE,EAAE;oBACN,IAAI,EAAE,GAAG,CAAC,IAAI,CAAC,WAAW;oBAC1B,IAAI,EAAE,GAAG,CAAC,IAAI,CAAC,IAAI;oBACnB,KAAK,EAAE,GAAG,CAAC,IAAI,CAAC,KAAK;oBACrB,cAAc,EAAE,GAAG,CAAC,IAAI,CAAC,MAAM;iBAClC,CAAA;gBAEc,qBAAM,kCAAe,CAAC,OAAO,CAAC,EAAC,EAAE,EAAE,QAAQ,EAAC,CAAC,EAAA;;gBAAtD,MAAM,GAAG,SAA6C;qBAEzD,MAAM,EAAN,wBAAM;gBACC,aAAa,GAAG,MAAM,CAAC,QAAQ,CAAC,IAAI,CAAC,UAAA,OAAO,IAAI,OAAA,OAAO,CAAC,IAAI,KAAK,UAAU,CAAC,IAAI,EAAhC,CAAgC,CAAC,CAAC;gBACxF,IAAI,aAAa,EAAE;oBACf,GAAG,CAAC,MAAM,CAAC,GAAG,CAAC,CAAC,IAAI,CAAC,EAAE,OAAO,EAAE,6BAA6B,EAAE,CAAC,CAAC;oBACjE,sBAAO;iBACV;gBAED,UAAU,CAAC,EAAE,GAAG,CAAC,MAAM,CAAC,QAAQ,CAAC,MAAM,GAAG,CAAC,CAAC,CAAC,QAAQ,EAAE,CAAC;gBAExD,MAAM,CAAC,QAAQ,CAAC,IAAI,CAAC,UAAU,CAAC,CAAC;gBACjC,qBAAM,MAAM,CAAC,IAAI,EAAE,EAAA;;gBAAnB,SAAmB,CAAC;gBAEpB,GAAG,CAAC,MAAM,CAAC,GAAG,CAAC,CAAC,IAAI,CAAC,MAAM,CAAC,CAAC;;;;;KAEpC,CACJ,CAAC,CAAC;AAEH,qCAAqC;AACrC,MAAM,CAAC,MAAM,CAAC,gBAAgB,EAAE,IAAA,+BAAmB,EAC/C,UAAO,GAAG,EAAE,GAAG;;;;;gBACL,QAAQ,GAAG,GAAG,CAAC,KAAK,CAAC,QAAQ,CAAC;gBAEd,qBAAM,kCAAe,CAAC,gBAAgB,CAAC,EAAE,EAAE,EAAE,QAAQ,EAAE,CAAC,EAAA;;gBAAxE,aAAa,GAAG,SAAwD;gBAE9E,IAAG,aAAa,EAAC;oBACb,GAAG,CAAC,MAAM,CAAC,GAAG,CAAC,CAAC,IAAI,CAAC,aAAa,CAAC,CAAC;iBACvC;qBAAM;oBACH,GAAG,CAAC,MAAM,CAAC,GAAG,CAAC,CAAC,IAAI,CAAC,EAAE,OAAO,EAAE,kBAAkB,EAAE,CAAC,CAAC;iBACzD;;;;KACJ,CACJ,CAAC,CAAC;AAEH,MAAM,CAAC,IAAI,CAAC,gBAAgB,EAAE,IAAA,+BAAmB,EAC7C,UAAO,GAAG,EAAE,GAAG;;;;oBAEU,qBAAM,kCAAe,CAAC,OAAO,CAAC,EAAE,KAAK,EAAE,GAAG,CAAC,IAAI,CAAC,KAAK,EAAE,CAAC,EAAA;;gBAAvE,YAAY,GAAG,SAAwD;qBACzE,YAAY,EAAZ,wBAAY;gBACZ,GAAG,CAAC,MAAM,CAAC,GAAG,CAAC,CAAC,IAAI,CAAC,EAAE,OAAO,EAAE,sCAAsC,EAAE,CAAC,CAAC;;;gBAIpE,WAAW,GAAG,gBAAM,CAAC,WAAW,CAAC,EAAE,CAAC,CAAC,QAAQ,CAAC,KAAK,CAAC,CAAC;gBACvC,qBAAM,kCAAe,CAAC,cAAc,EAAE,EAAA;;gBAApD,WAAW,GAAG,SAAsC;gBAEpD,UAAU,GAAY;oBACxB,EAAE,EAAE,GAAG;oBACP,IAAI,EAAE,GAAG,CAAC,IAAI,CAAC,WAAW;oBAC1B,IAAI,EAAE,GAAG,CAAC,IAAI,CAAC,IAAI;oBACnB,KAAK,EAAE,GAAG,CAAC,IAAI,CAAC,KAAK;oBACrB,cAAc,EAAE,GAAG,CAAC,IAAI,CAAC,MAAM;iBAClC,CAAA;gBAGK,SAAS,GAAG,IAAI,kCAAe,CAAC;oBAClC,EAAE,EAAE,MAAM,CAAC,WAAW,GAAG,CAAC,CAAC;oBAC3B,IAAI,EAAE,GAAG,CAAC,IAAI,CAAC,IAAI;oBACnB,OAAO,EAAE,GAAG,CAAC,IAAI,CAAC,OAAO;oBACzB,KAAK,EAAE,GAAG,CAAC,IAAI,CAAC,KAAK;oBACrB,WAAW,aAAA;oBACX,YAAY,EAAE,GAAG,CAAC,IAAI,CAAC,YAAY;oBACnC,QAAQ,EAAE,GAAG,CAAC,IAAI,CAAC,QAAQ;oBAC3B,QAAQ,EAAE,UAAU;oBACpB,QAAQ,EAAE,OAAO;iBACpB,CAAC,CAAC;gBAEH,qBAAM,SAAS,CAAC,IAAI,EAAE,EAAA;;gBAAtB,SAAsB,CAAC;gBAGjB,WAAW,GAAG,oBAAU,CAAC,eAAe,CAAC;oBAC3C,OAAO,EAAE,OAAO;oBAChB,IAAI,EAAE;wBACF,IAAI,EAAE,iCAAiC;wBACvC,IAAI,EAAE,kBAAkB;qBAC3B;iBACJ,CAAC,CAAC;gBAEG,WAAW,GAAG;oBAChB,IAAI,EAAE,OAAO,CAAC,GAAG,CAAC,KAAK;oBACvB,EAAE,EAAE,SAAS,CAAC,KAAK;oBACnB,OAAO,EAAE,yBAAyB;oBAClC,IAAI,EAAE,svFA+DkC,SAAS,CAAC,IAAI,sOAEuB,WAAW,kKAIvF;oBACD,iBAAiB;oBACjB,QAAQ;oBACR,qCAAqC;oBACrC,wCAAwC;oBACxC,sBAAsB;oBACtB,QAAQ;oBACR,IAAI;iBACP,CAAC;gBAEF,WAAW,CAAC,QAAQ,CAAC,WAAW,CAAC,CAAC;gBAElC,GAAG,CAAC,MAAM,CAAC,GAAG,CAAC,CAAC,IAAI,CAAC,EAAE,OAAO,EAAE,6BAA6B,EAAE,WAAW,aAAA,EAAE,MAAM,EAAE,SAAS,EAAC,CAAC,CAAC;;;;;KAGvG,CACJ,CAAC,CAAC;AAEH,kBAAe,MAAM,CAAC","sourcesContent":["import { Router } from \"express\";\r\nimport expressAsyncHandler from \"express-async-handler\";\r\nimport { TestClientModel } from \"./testClient.model\";\r\nimport { project } from \"./testClient.model\";\r\nimport { sample_clients } from \"../../clients/src/utils/data\";\r\nimport crypto from \"crypto\";\r\nimport nodemailer from \"nodemailer\";\r\nimport mongoose from \"mongoose\";\r\n\r\nconst router = Router();\r\n\r\nrouter.get('/', expressAsyncHandler(\r\n    async (req, res) => {\r\n        const clients = await TestClientModel.find();\r\n        res.status(200).send(clients);\r\n    }\r\n));\r\n\r\nrouter.post('/seed', expressAsyncHandler(\r\n    async (req, res) => {\r\n        const clientsCount = await TestClientModel.countDocuments();\r\n        if(clientsCount > 0){\r\n            res.status(400).send({message: \"Seed is already done\"});\r\n            return;\r\n        }\r\n\r\n        TestClientModel.create(sample_clients)\r\n            .then(data => {res.status(201).send(data)})\r\n            .catch(err => {res.stat
[...]
     </html>\r\n                `,\r\n                attachments: [\r\n                    {\r\n                        filename: 'luna-logo.png',\r\n                        path: 'assets/luna-logo.png',\r\n                        cid: 'logo'\r\n                    }\r\n                ]\r\n            };\r\n            \r\n\r\n            transporter.sendMail(mailOptions, function(error, info) {\r\n                if (error) {\r\n                    // console.log(error);\r\n                } else {\r\n                    // console.log(\"Email sent: \" + info.response);\r\n                }\r\n            });\r\n\r\n            // console.log(\"User created successfully\");\r\n            res.status(201).send({ message: 'User created successfully', inviteToken, user: newUser});\r\n        } catch (error) {\r\n            // console.error(\"User creation error:\", error);\r\n            res.status(500).send(\"An error occurred during user creation.\");\r\n        }\r\n    })\r\n);\r\n\r\n///create a router.get to display the component that is suppose to get the new password from the user\r\nrouter.get('/activate_account', expressAsyncHandler(\r\n    async (req, res) => {\r\n        try{\r\n            // console.log('Account activation request received:', req.query.token);\r\n  \r\n            const inviteToken = req.query.token;\r\n    \r\n            const user = await TestUserModel.findOne({ inviteToken });\r\n            \r\n            // console.log(\"When in here\");\r\n\r\n            if (!user) {\r\n                // console.log('Invalid token');\r\n                res.status(409).send('Invalid token.');\r\n                return;\r\n            }else{\r\n                res.redirect(`http://localhost:4200/activate_account/${inviteToken}`);\r\n                // res.status(200).send({ message: 'Token Authenticated', inviteToken: inviteToken });\r\n            }\r\n            \r\n\r\n            \r\n        }catch(error){\r\n            // console.log(error);\r\n        }\r\n\r\n    }\r\n));\r\n\r\n\r\n//ACTIVATE THE ACCOUNT WITH THE NEW PASSWORD//\r\nrouter.post('/activate_account' , expressAsyncHandler(\r\n    async (req, res) => {\r\n      try {\r\n        // console.log('Account activation request received:', req.body);\r\n  \r\n        const { inviteToken, password } = req.body;\r\n  \r\n        // console.log('before find one');\r\n        const user = await TestUserModel.findOne({ inviteToken });\r\n        // console.log('after find one');\r\n  \r\n        if (!user) {\r\n        //   console.log('Invalid token');\r\n          res.status(409).send('Invalid token.');\r\n          return;\r\n        }\r\n  \r\n        const salt = await bcrypt.genSalt(10);\r\n        const hashedPassword = await bcrypt.hash(password, salt);\r\n  \r\n        user.password = hashedPassword;\r\n        user.emailVerified = true; // Assuming the activation also verifies the email\r\n        user.inviteToken = undefined;\r\n  \r\n        // console.log('before save');\r\n        await user.save();\r\n        const secretKey = \"Jetpad2023\";\r\n        const token = jwt.sign(\r\n            { _id: user._id, role: user.roles },\r\n            secretKey,\r\n            { expiresIn: '1d' }\r\n        );\r\n  \r\n        // console.log('Account activated successfully');\r\n        res.status(201).send({ message: 'Account activated successfully' });\r\n      } catch (error) {\r\n        // console.error('Account activation error:', error);\r\n        res.status(500).send('An error occurred during account activation.');\r\n      }\r\n    //   console.log(req.body);\r\n    })\r\n  );\r\n\r\n//DASH\"S ROUTES//\r\n//UPDATE USER NAME - WORKING\r\n\r\nrouter.post('/get_user_by_token', async (req, res) => {\r\ntry {\r\n    const { token } = req.body;\r\n\r\n    const user = await TestUserModel.findOne({ inviteToken: token });\r\n    if (!user) {\r\n    return res.status(404).json({ error: 'User not found' });\r\n    }\r\n\r\n    res.status(200).json({ email: user.emailAddress });\r\n} catch (error) {\r\n    // console.error('Error retrieving user by token:', error);\r\n    res.status(500).json({ error: 'An error occurred while retrieving user by token' });\r\n}\r\n});\r\n\r\nrouter.put('/update_user_name' ,expressAsyncHandler(\r\n    async (req, res) => {\r\n        try{\r\n            const { name, email } = req.body;\r\n            // console.log(\"email: \" + email);\r\n            // console.log(\"name: \" + name);\r\n\r\n            const user = await TestUserModel.findOneAndUpdate(\r\n                { emailAddress: email },\r\n                {\r\n                  $set: {\r\n                    name: name\r\n                  }\r\n                },\r\n                { new: true }\r\n            );\r\n\r\n            // console.log(\"user: \", user);\r\n        \r\n            if (user) {\r\n                res.status(200).json({ message: 'User name updated successfuly' });\r\n            } else {\r\n                res.status(404).json({ message: 'User not found' });\r\n            }\r\n\r\n        }catch(error){\r\n            // console.log(error);\r\n            res.status(500).send({ error: 'Internal server error' });\r\n        }\r\n    }\r\n))\r\n//UPDATE USER PASSWORD - WORKING\r\nrouter.put('/update_user_password', expressAsyncHandler(\r\n    async (req, res) => {\r\n        try{\r\n            const { password, email } = req.body;\r\n            // console.log(\"email: \" + email);\r\n\r\n            const user = await TestUserModel.findOneAndUpdate(\r\n                { emailAddress: email },\r\n                {\r\n                  $set: {\r\n                    password: password,\r\n                  }\r\n                },\r\n                { new: true }\r\n            );\r\n        \r\n            if (user) {\r\n                res.status(200).json({ message: 'User password updated successfuly' });\r\n            } else {\r\n                res.status(404).json({ message: 'User not found' });\r\n            }\r\n\r\n        }catch(error){\r\n            // console.log(error);\r\n            res.status(500).send({ error: 'Internal server error' });\r\n        }\r\n    }\r\n))\r\n//UPDATE USER Location - WORKING\r\nrouter.put('/update_user_location', expressAsyncHandler(\r\n    async (req, res,next) => {\r\n        try{\r\n            const { location, email } = req.body;\r\n            // console.log(\"email: \" + email);\r\n\r\n            const user = await TestUserModel.findOneAndUpdate(\r\n                { emailAddress: email },\r\n                {\r\n                  $set: {\r\n                    location: location\r\n                  }\r\n                },\r\n                { new: true }\r\n            );\r\n        \r\n            if (user) {\r\n                res.status(200).json({ message: 'User location updated successfully' });\r\n            } else {\r\n                res.status(404).json({ message: 'User not found' });\r\n            }\r\n\r\n        }catch(error){\r\n            // console.log(error);\r\n            res.status(500).send({ error: 'Internal server error' });\r\n        }\r\n    }\r\n))\r\n\r\n//UPDATE USER GITHUB - \r\nrouter.put('/update_user_github',expressAsyncHandler(\r\n    async (req, res,next) => {\r\n        try{\r\n            const { github, email } = req.body;\r\n            // console.log(\"email: \" + email);\r\n\r\n            const user = await TestUserModel.findOneAndUpdate(\r\n                { emailAddress: email },\r\n                {\r\n                  $set: {\r\n                    github: github\r\n                  }\r\n                },\r\n                { new: true }\r\n            );\r\n        \r\n            if (user) {\r\n                res.status(200).json({ message: 'User Github updated successfully' });\r\n            } else {\r\n                res.status(404).json({ message: 'User not found' });\r\n            }\r\n\r\n        }catch(error){\r\n            // console.log(error);\r\n            res.status(500).send({ error: 'Internal server error' });\r\n        }\r\n    }\r\n))\r\n\r\n//UPDATE USER GITHUB - \r\nrouter.put('/update_user_linkedin', expressAsyncHandler(\r\n    async (req, res,next) => {\r\n        try{\r\n            const { linkedin, email } = req.body;\r\n            // console.log(\"email: \" + email);\r\n\r\n            const user = await TestUserModel.findOneAndUpdate(\r\n                { emailAddress: email },\r\n                {\r\n                  $set: {\r\n                    linkedin: linkedin\r\n                  }\r\n                },\r\n                { new: true }\r\n            );\r\n        \r\n            if (user) {\r\n                res.status(200).json({ message: 'User Linkedin updated successfully' });\r\n            } else {\r\n                res.status(404).json({ message: 'User not found' });\r\n            }\r\n\r\n        }catch(error){\r\n            // console.log(error);\r\n            res.status(500).send({ error: 'Internal server error' });\r\n        }\r\n    }\r\n))\r\n\r\n//GET USER\r\nrouter.get('/id', expressAsyncHandler(\r\n    async (req, res) => {\r\n        // const id = String(req.query.id);\r\n        // if (!mongoose.Types.ObjectId.isValid(id)) {\r\n        //     res.status(400).send('Invalid ObjectId');\r\n        //     return;\r\n        // }\r\n\r\n        // const objectId = new mongoose.Types.ObjectId(id);\r\n\r\n        const user = await TestUserModel.findOne({ id: req.query.id });\r\n        if(user){\r\n            res.status(200).send(user);\r\n        }else{\r\n            res.status(404).send(\"Id not found\");\r\n        }\r\n    }\r\n));\r\n\r\n\r\n\r\nrouter.get('/email', expressAsyncHandler(\r\n    async (req, res) => {\r\n        const user = await TestUserModel.findOne({ emailAddress: req.query.email });\r\n        if(user){\r\n            res.status(200).send(user);\r\n        }else{\r\n            res.status(404).send(\"Id not found\");\r\n        }\r\n    }\r\n));\r\n\r\nrouter.post('/:id/add-group', expressAsyncHandler(\r\n    async (req, res) => {\r\n        const groupId = req.body.groupId;\r\n        const user = await TestUserModel.findById(req.params.id);\r\n        if (user) {\r\n            user.groups.push(groupId);\r\n            const updatedUser = await user.save();\r\n            res.send(updatedUser);\r\n        } else {\r\n            res.status(404).send({ message: 'User Not Found' });\r\n        }\r\n    }\r\n));\r\n/* THESE ARE DIFFERENT FUNCTIONS, DO NOT DELETE EITHER */\r\nrouter.post('/add-group-to-users', expressAsyncHandler(\r\n  async (req, res) => {\r\n    const groupId = req.body.groupId;\r\n    const userIds = req.body.userIds;\r\n    console.log('in add-group-to-users, group id: ' + groupId);\r\n\r\n    try {\r\n      const users = await TestUserModel.updateMany(\r\n        { _id: { $in: userIds } },\r\n        { $addToSet: { groups: groupId } }\r\n      );\r\n\r\n      res.status(201).send(users);\r\n    }\r\n    catch (error) {\r\n      console.log(error);\r\n      res.status(500).send(\"An error occurred while adding the group to the users\");\r\n    }\r\n  }  \r\n));\r\n\r\n\r\nrouter.get('/:id', expressAsyncHandler(\r\n    async (req, res) => {\r\n        const user = await TestUserModel.findById(req.params.id);\r\n        if (user) {\r\n            res.send(user);\r\n        } else {\r\n            res.status(404).send(\"User not found\");\r\n        }\r\n    }\r\n));\r\nrouter.delete('/:userId/group/:groupId', expressAsyncHandler(\r\n    async(req,res) => {\r\n        const user = await TestUserModel.findById(req.params.userId);\r\n        if (user) {\r\n            const groupIndex = user.groups.indexOf(req.params.groupId);\r\n            if (groupIndex !== -1) {\r\n                user.groups.splice(groupIndex,1);\r\n                const updatedUser = await user.save();\r\n                res.status(200).send({message: \"Group removed from user's groups\", user:updatedUser});\r\n            } else {\r\n                res.status(404).send({ message: \"Group not found in user's groups\" });\r\n            }\r\n        } else {\r\n            res.status(404).send(\"User not found\");\r\n        }\r\n    }\r\n))\r\n\r\nconst storage = multer.diskStorage({});\r\nconst upload = multer({ storage });\r\n\r\nrouter.post('/upload', upload.single('file'), async (req, res) => {\r\n    try {\r\n      if (!req.file) {\r\n        res.status(400).json({ message: 'No file uploaded' });\r\n        return;\r\n      }\r\n      console.log('in upload router');\r\n      const result = await cloudinary.uploader.upload(req.file.path);\r\n      console.log(\"result is: \", result);\r\n      res.status(200).json({ url: result.secure_url });\r\n    } catch (error) {\r\n      res.status(500).json({ message: 'File upload error' });\r\n    }\r\n});\r\n\r\nrouter.put('/updateProfilePicture', async (req, res) => {\r\n    try {\r\n      const { userId, url } = req.body;\r\n      const result = await TestUserModel.updateOne({ id: userId }, { profilePhoto: url });\r\n  \r\n      if (!result) {\r\n        res.status(400).json({ message: 'No user found with the provided ID or no update was needed.' });\r\n      } else {\r\n        res.status(200).json({ message: 'Profile picture updated successfully.' });\r\n      }\r\n    } catch (error: any) {\r\n      res.status(500).json({ message: 'Error updating profile picture', error: error.message });\r\n    }\r\n  });\r\n  \r\n  router.put('/updateProfileHeader', async (req, res) => {\r\n    try {\r\n      const { userId, url } = req.body;\r\n      const result = await TestUserModel.updateOne({ id: userId }, { headerPhoto: url });\r\n  \r\n      if (!result) {\r\n        res.status(400).json({ message: 'No user found with the provided ID or no update was needed.' });\r\n      } else {\r\n        res.status(200).json({ message: 'Profile header updated successfully.' });\r\n      }\r\n    } catch (error: any) {\r\n      res.status(500).json({ message: 'Error updating profile header', error: error.message });\r\n    }\r\n  });\r\n\r\n  router.put('/updateBio' , async (req, res) => {\r\n    try {\r\n      const { userId, bio } = req.body;\r\n      const result = await TestUserModel.updateOne({ id: userId }, { bio: bio });\r\n  \r\n      if (!result) {\r\n        res.status(400).json({ message: 'No user found with the provided ID or no update was needed.' });\r\n      } else {\r\n        res.status(200).json({ message: 'Bio updated successfully.' });\r\n      }\r\n    } catch (error: any) {\r\n      res.status(500).json({ message: 'Error updating bio', error: error.message });\r\n    }\r\n  });\r\n\r\n  router.put('/updateGithub', async (req, res) => {\r\n    try {\r\n      const { userId, githubLink } = req.body;\r\n      const result = await TestUserModel.updateOne({ id: userId }, { github: githubLink });\r\n  \r\n      if (!result) {\r\n        res.status(400).json({ message: 'No user found with the provided ID or no update was needed.' });\r\n      } else {\r\n        res.status(200).json({ message: 'Github link updated successfully.' });\r\n      }\r\n    } catch (error: any) {\r\n      res.status(500).json({ message: 'Error updating Github link', error: error.message });\r\n    }\r\n  });\r\n  \r\n  router.put('/updateLinkedin', async (req, res) => {\r\n    try {\r\n      const { userId, linkedinLink } = req.body;\r\n      const result = await TestUserModel.updateOne({ id: userId }, { linkedin: linkedinLink });\r\n  \r\n      if (!result) {\r\n        res.status(400).json({ message: 'No user found with the provided ID or no update was needed.' });\r\n      } else {\r\n        res.status(200).json({ message: 'LinkedIn link updated successfully.' });\r\n      }\r\n    } catch (error: any) {\r\n      res.status(500).json({ message: 'Error updating LinkedIn link', error: error.message });\r\n    }\r\n  });\r\n  \r\nrouter.post('/addGroup' , expressAsyncHandler(\r\n    async (req, res) => {\r\n        try {\r\n            const user = await TestUserModel.findById(req.body.userId);\r\n            if(user) {\r\n                user.groups.push(req.body.groupId);\r\n                await user.save();\r\n                res.status(201).send(user);\r\n            } else {\r\n                res.status(404).send(\"User not found\");\r\n            }\r\n        } catch (error) {\r\n            console.log(error);\r\n            res.status(500).send(\"An error occurred during user update\");\r\n        }\r\n    }\r\n));\r\n\r\nrouter.get(\"/byGroup/:groupId\", expressAsyncHandler(async (req, res) => {\r\n    const groupId = req.params.groupId;\r\n    const users = await TestUserModel.find({ groups: { $in: [groupId] } });\r\n    const userArray = users.map(user => ({ \r\n        id: user.id, \r\n        name: user.name, \r\n        surname: user.surname, \r\n        emailAddress: user.emailAddress, \r\n        roles: user.roles[0],\r\n        profilePhoto: user.profilePhoto\r\n    }));\r\n    console.log(userArray);\r\n    res.send(userArray);\r\n}));\r\n\r\nrouter.get(\"/email/:userEmail\", expressAsyncHandler(async (req, res) => {\r\n    const userEmail = decodeURIComponent(req.params.userEmail);\r\n    const user = await TestUserModel.findOne({ emailAddress: userEmail });\r\n  \r\n    if (!user) {\r\n      res.status(404).send({ message: 'User not found' });\r\n      return;\r\n    }\r\n  \r\n    res.send(user);\r\n  }));\r\n\r\n  \r\n\r\nrouter.get('/:id', expressAsyncHandler(\r\n    async (req, res) => {\r\n        const user = await TestUserModel.findById(req.params.id);\r\n        if (user) {\r\n            res.send(user);\r\n        } else {\r\n            res.status(404).send(\"User not found\");\r\n        }\r\n    }\r\n));\r\n\r\n//UPDATE USER BACKGROUND PICTURE -\r\nrouter.put('/update_background_picture',upload.single('file'),expressAsyncHandler(\r\n    async (req,res)=> {\r\n        try{\r\n            if (!req.file) {\r\n                res.status(400).json({ message: 'No file uploaded' });\r\n                return;\r\n            }\r\n            const result = await cloudinary.uploader.upload(req.file.path);\r\n            const { email } = req.body;\r\n            const user = await TestUserModel.findOneAndUpdate(\r\n                { emailAddress: email },\r\n                {\r\n                  $set: {\r\n                    backgroundPhoto: result.secure_url,\r\n                  }\r\n                },\r\n                { new: true }\r\n            );\r\n            if (user) {\r\n                res.status(200).json({ message: 'User background photo updated successfuly', url: result.secure_url });\r\n            } else {\r\n                res.status(404).json({ message: 'User not found' });\r\n            }\r\n        }catch(error){\r\n            // console.log(error);\r\n            res.status(500).send({ error: 'Internal server error' });\r\n        }\r\n    }\r\n));\r\n\r\n//UPDATE USER BIO - WORKING\r\nrouter.put('/update_user_bio',expressAsyncHandler(\r\n    async (req, res,next) => {\r\n        try{\r\n            const { bio, email } = req.body;\r\n            // console.log(\"email: \" + email);\r\n            console.log(\"bio:\"+bio);\r\n            const user = await TestUserModel.findOneAndUpdate(\r\n                { emailAddress: email },\r\n                {\r\n                  $set: {\r\n                    bio: bio\r\n                  }\r\n                },\r\n                { new: true }\r\n            );\r\n        \r\n            if (user) {\r\n                res.status(200).json({ message: 'User bio updated successfuly' });\r\n            } else {\r\n                res.status(404).json({ message: 'User not found' });\r\n            }\r\n\r\n        }catch(error){\r\n            // console.log(error);\r\n            res.status(500).send({ error: 'Internal server error' });\r\n        }\r\n    }\r\n));\r\n\r\n\r\nexport default router;\r\n"]},"all":true}}